<?xml version="1.0" encoding="UTF-8"?>
<testsuite xmlns:xsi="http://www.w3.org/2001/XMLSchema-instance" xsi:noNamespaceSchemaLocation="https://maven.apache.org/surefire/maven-surefire-plugin/xsd/surefire-test-report-3.0.xsd" version="3.0" name="com.zephyr.storage.integrity.MessageIntegrityCheckerTest" time="0.019" tests="11" errors="0" skipped="0" failures="0">
  <properties>
    <property name="java.specification.version" value="17"/>
    <property name="sun.jnu.encoding" value="UTF-8"/>
    <property name="java.class.path" value="/Users/wuqisen/Desktop/learning/ZephyrMQ/zephyr-storage/target/test-classes:/Users/wuqisen/Desktop/learning/ZephyrMQ/zephyr-storage/target/classes:/Users/wuqisen/Desktop/learning/ZephyrMQ/zephyr-common/target/classes:/Users/wuqisen/.m2/repository/org/slf4j/slf4j-api/1.7.36/slf4j-api-1.7.36.jar:/Users/wuqisen/.m2/repository/ch/qos/logback/logback-classic/1.2.12/logback-classic-1.2.12.jar:/Users/wuqisen/.m2/repository/ch/qos/logback/logback-core/1.2.12/logback-core-1.2.12.jar:/Users/wuqisen/.m2/repository/com/google/guava/guava/32.1.3-jre/guava-32.1.3-jre.jar:/Users/wuqisen/.m2/repository/com/google/guava/failureaccess/1.0.1/failureaccess-1.0.1.jar:/Users/wuqisen/.m2/repository/com/google/guava/listenablefuture/9999.0-empty-to-avoid-conflict-with-guava/listenablefuture-9999.0-empty-to-avoid-conflict-with-guava.jar:/Users/wuqisen/.m2/repository/com/google/code/findbugs/jsr305/3.0.2/jsr305-3.0.2.jar:/Users/wuqisen/.m2/repository/org/checkerframework/checker-qual/3.37.0/checker-qual-3.37.0.jar:/Users/wuqisen/.m2/repository/com/google/errorprone/error_prone_annotations/2.21.1/error_prone_annotations-2.21.1.jar:/Users/wuqisen/.m2/repository/com/google/j2objc/j2objc-annotations/2.8/j2objc-annotations-2.8.jar:/Users/wuqisen/.m2/repository/org/apache/commons/commons-lang3/3.13.0/commons-lang3-3.13.0.jar:/Users/wuqisen/Desktop/learning/ZephyrMQ/zephyr-protocol/target/classes:/Users/wuqisen/.m2/repository/com/google/protobuf/protobuf-java/3.25.1/protobuf-java-3.25.1.jar:/Users/wuqisen/.m2/repository/com/fasterxml/jackson/core/jackson-databind/2.16.0/jackson-databind-2.16.0.jar:/Users/wuqisen/.m2/repository/com/fasterxml/jackson/core/jackson-core/2.16.0/jackson-core-2.16.0.jar:/Users/wuqisen/.m2/repository/com/fasterxml/jackson/core/jackson-annotations/2.16.0/jackson-annotations-2.16.0.jar:/Users/wuqisen/.m2/repository/io/netty/netty-all/4.1.104.Final/netty-all-4.1.104.Final.jar:/Users/wuqisen/.m2/repository/io/netty/netty-buffer/4.1.104.Final/netty-buffer-4.1.104.Final.jar:/Users/wuqisen/.m2/repository/io/netty/netty-codec/4.1.104.Final/netty-codec-4.1.104.Final.jar:/Users/wuqisen/.m2/repository/io/netty/netty-codec-dns/4.1.104.Final/netty-codec-dns-4.1.104.Final.jar:/Users/wuqisen/.m2/repository/io/netty/netty-codec-haproxy/4.1.104.Final/netty-codec-haproxy-4.1.104.Final.jar:/Users/wuqisen/.m2/repository/io/netty/netty-codec-http/4.1.104.Final/netty-codec-http-4.1.104.Final.jar:/Users/wuqisen/.m2/repository/io/netty/netty-codec-http2/4.1.104.Final/netty-codec-http2-4.1.104.Final.jar:/Users/wuqisen/.m2/repository/io/netty/netty-codec-memcache/4.1.104.Final/netty-codec-memcache-4.1.104.Final.jar:/Users/wuqisen/.m2/repository/io/netty/netty-codec-mqtt/4.1.104.Final/netty-codec-mqtt-4.1.104.Final.jar:/Users/wuqisen/.m2/repository/io/netty/netty-codec-redis/4.1.104.Final/netty-codec-redis-4.1.104.Final.jar:/Users/wuqisen/.m2/repository/io/netty/netty-codec-smtp/4.1.104.Final/netty-codec-smtp-4.1.104.Final.jar:/Users/wuqisen/.m2/repository/io/netty/netty-codec-socks/4.1.104.Final/netty-codec-socks-4.1.104.Final.jar:/Users/wuqisen/.m2/repository/io/netty/netty-codec-stomp/4.1.104.Final/netty-codec-stomp-4.1.104.Final.jar:/Users/wuqisen/.m2/repository/io/netty/netty-codec-xml/4.1.104.Final/netty-codec-xml-4.1.104.Final.jar:/Users/wuqisen/.m2/repository/io/netty/netty-common/4.1.104.Final/netty-common-4.1.104.Final.jar:/Users/wuqisen/.m2/repository/io/netty/netty-handler/4.1.104.Final/netty-handler-4.1.104.Final.jar:/Users/wuqisen/.m2/repository/io/netty/netty-transport-native-unix-common/4.1.104.Final/netty-transport-native-unix-common-4.1.104.Final.jar:/Users/wuqisen/.m2/repository/io/netty/netty-handler-proxy/4.1.104.Final/netty-handler-proxy-4.1.104.Final.jar:/Users/wuqisen/.m2/repository/io/netty/netty-handler-ssl-ocsp/4.1.104.Final/netty-handler-ssl-ocsp-4.1.104.Final.jar:/Users/wuqisen/.m2/repository/io/netty/netty-resolver/4.1.104.Final/netty-resolver-4.1.104.Final.jar:/Users/wuqisen/.m2/repository/io/netty/netty-resolver-dns/4.1.104.Final/netty-resolver-dns-4.1.104.Final.jar:/Users/wuqisen/.m2/repository/io/netty/netty-transport/4.1.104.Final/netty-transport-4.1.104.Final.jar:/Users/wuqisen/.m2/repository/io/netty/netty-transport-rxtx/4.1.104.Final/netty-transport-rxtx-4.1.104.Final.jar:/Users/wuqisen/.m2/repository/io/netty/netty-transport-sctp/4.1.104.Final/netty-transport-sctp-4.1.104.Final.jar:/Users/wuqisen/.m2/repository/io/netty/netty-transport-udt/4.1.104.Final/netty-transport-udt-4.1.104.Final.jar:/Users/wuqisen/.m2/repository/io/netty/netty-transport-classes-epoll/4.1.104.Final/netty-transport-classes-epoll-4.1.104.Final.jar:/Users/wuqisen/.m2/repository/io/netty/netty-transport-classes-kqueue/4.1.104.Final/netty-transport-classes-kqueue-4.1.104.Final.jar:/Users/wuqisen/.m2/repository/io/netty/netty-resolver-dns-classes-macos/4.1.104.Final/netty-resolver-dns-classes-macos-4.1.104.Final.jar:/Users/wuqisen/.m2/repository/io/netty/netty-transport-native-epoll/4.1.104.Final/netty-transport-native-epoll-4.1.104.Final-linux-x86_64.jar:/Users/wuqisen/.m2/repository/io/netty/netty-transport-native-epoll/4.1.104.Final/netty-transport-native-epoll-4.1.104.Final-linux-aarch_64.jar:/Users/wuqisen/.m2/repository/io/netty/netty-transport-native-epoll/4.1.104.Final/netty-transport-native-epoll-4.1.104.Final-linux-riscv64.jar:/Users/wuqisen/.m2/repository/io/netty/netty-transport-native-kqueue/4.1.104.Final/netty-transport-native-kqueue-4.1.104.Final-osx-x86_64.jar:/Users/wuqisen/.m2/repository/io/netty/netty-transport-native-kqueue/4.1.104.Final/netty-transport-native-kqueue-4.1.104.Final-osx-aarch_64.jar:/Users/wuqisen/.m2/repository/io/netty/netty-resolver-dns-native-macos/4.1.104.Final/netty-resolver-dns-native-macos-4.1.104.Final-osx-x86_64.jar:/Users/wuqisen/.m2/repository/io/netty/netty-resolver-dns-native-macos/4.1.104.Final/netty-resolver-dns-native-macos-4.1.104.Final-osx-aarch_64.jar:/Users/wuqisen/.m2/repository/org/lz4/lz4-java/1.8.0/lz4-java-1.8.0.jar:/Users/wuqisen/.m2/repository/org/xerial/snappy/snappy-java/1.1.10.4/snappy-java-1.1.10.4.jar:/Users/wuqisen/.m2/repository/org/junit/jupiter/junit-jupiter/5.10.1/junit-jupiter-5.10.1.jar:/Users/wuqisen/.m2/repository/org/junit/jupiter/junit-jupiter-api/5.10.1/junit-jupiter-api-5.10.1.jar:/Users/wuqisen/.m2/repository/org/opentest4j/opentest4j/1.3.0/opentest4j-1.3.0.jar:/Users/wuqisen/.m2/repository/org/junit/platform/junit-platform-commons/1.10.1/junit-platform-commons-1.10.1.jar:/Users/wuqisen/.m2/repository/org/apiguardian/apiguardian-api/1.1.2/apiguardian-api-1.1.2.jar:/Users/wuqisen/.m2/repository/org/junit/jupiter/junit-jupiter-params/5.10.1/junit-jupiter-params-5.10.1.jar:/Users/wuqisen/.m2/repository/org/junit/jupiter/junit-jupiter-engine/5.10.1/junit-jupiter-engine-5.10.1.jar:/Users/wuqisen/.m2/repository/org/junit/platform/junit-platform-engine/1.10.1/junit-platform-engine-1.10.1.jar:/Users/wuqisen/.m2/repository/org/assertj/assertj-core/3.24.2/assertj-core-3.24.2.jar:/Users/wuqisen/.m2/repository/net/bytebuddy/byte-buddy/1.12.21/byte-buddy-1.12.21.jar:"/>
    <property name="java.vm.vendor" value="Eclipse Adoptium"/>
    <property name="sun.arch.data.model" value="64"/>
    <property name="java.vendor.url" value="https://adoptium.net/"/>
    <property name="user.timezone" value="Asia/Shanghai"/>
    <property name="os.name" value="Mac OS X"/>
    <property name="java.vm.specification.version" value="17"/>
    <property name="user.country" value="CN"/>
    <property name="sun.java.launcher" value="SUN_STANDARD"/>
    <property name="sun.boot.library.path" value="/Users/wuqisen/.sdkman/candidates/java/17.0.11-tem/lib"/>
    <property name="sun.java.command" value="/Users/wuqisen/Desktop/learning/ZephyrMQ/zephyr-storage/target/surefire/surefirebooter-20250926180642058_3.jar /Users/wuqisen/Desktop/learning/ZephyrMQ/zephyr-storage/target/surefire 2025-09-26T18-06-40_665-jvmRun1 surefire-20250926180642058_1tmp surefire_0-20250926180642058_2tmp"/>
    <property name="jdk.debug" value="release"/>
    <property name="surefire.test.class.path" value="/Users/wuqisen/Desktop/learning/ZephyrMQ/zephyr-storage/target/test-classes:/Users/wuqisen/Desktop/learning/ZephyrMQ/zephyr-storage/target/classes:/Users/wuqisen/Desktop/learning/ZephyrMQ/zephyr-common/target/classes:/Users/wuqisen/.m2/repository/org/slf4j/slf4j-api/1.7.36/slf4j-api-1.7.36.jar:/Users/wuqisen/.m2/repository/ch/qos/logback/logback-classic/1.2.12/logback-classic-1.2.12.jar:/Users/wuqisen/.m2/repository/ch/qos/logback/logback-core/1.2.12/logback-core-1.2.12.jar:/Users/wuqisen/.m2/repository/com/google/guava/guava/32.1.3-jre/guava-32.1.3-jre.jar:/Users/wuqisen/.m2/repository/com/google/guava/failureaccess/1.0.1/failureaccess-1.0.1.jar:/Users/wuqisen/.m2/repository/com/google/guava/listenablefuture/9999.0-empty-to-avoid-conflict-with-guava/listenablefuture-9999.0-empty-to-avoid-conflict-with-guava.jar:/Users/wuqisen/.m2/repository/com/google/code/findbugs/jsr305/3.0.2/jsr305-3.0.2.jar:/Users/wuqisen/.m2/repository/org/checkerframework/checker-qual/3.37.0/checker-qual-3.37.0.jar:/Users/wuqisen/.m2/repository/com/google/errorprone/error_prone_annotations/2.21.1/error_prone_annotations-2.21.1.jar:/Users/wuqisen/.m2/repository/com/google/j2objc/j2objc-annotations/2.8/j2objc-annotations-2.8.jar:/Users/wuqisen/.m2/repository/org/apache/commons/commons-lang3/3.13.0/commons-lang3-3.13.0.jar:/Users/wuqisen/Desktop/learning/ZephyrMQ/zephyr-protocol/target/classes:/Users/wuqisen/.m2/repository/com/google/protobuf/protobuf-java/3.25.1/protobuf-java-3.25.1.jar:/Users/wuqisen/.m2/repository/com/fasterxml/jackson/core/jackson-databind/2.16.0/jackson-databind-2.16.0.jar:/Users/wuqisen/.m2/repository/com/fasterxml/jackson/core/jackson-core/2.16.0/jackson-core-2.16.0.jar:/Users/wuqisen/.m2/repository/com/fasterxml/jackson/core/jackson-annotations/2.16.0/jackson-annotations-2.16.0.jar:/Users/wuqisen/.m2/repository/io/netty/netty-all/4.1.104.Final/netty-all-4.1.104.Final.jar:/Users/wuqisen/.m2/repository/io/netty/netty-buffer/4.1.104.Final/netty-buffer-4.1.104.Final.jar:/Users/wuqisen/.m2/repository/io/netty/netty-codec/4.1.104.Final/netty-codec-4.1.104.Final.jar:/Users/wuqisen/.m2/repository/io/netty/netty-codec-dns/4.1.104.Final/netty-codec-dns-4.1.104.Final.jar:/Users/wuqisen/.m2/repository/io/netty/netty-codec-haproxy/4.1.104.Final/netty-codec-haproxy-4.1.104.Final.jar:/Users/wuqisen/.m2/repository/io/netty/netty-codec-http/4.1.104.Final/netty-codec-http-4.1.104.Final.jar:/Users/wuqisen/.m2/repository/io/netty/netty-codec-http2/4.1.104.Final/netty-codec-http2-4.1.104.Final.jar:/Users/wuqisen/.m2/repository/io/netty/netty-codec-memcache/4.1.104.Final/netty-codec-memcache-4.1.104.Final.jar:/Users/wuqisen/.m2/repository/io/netty/netty-codec-mqtt/4.1.104.Final/netty-codec-mqtt-4.1.104.Final.jar:/Users/wuqisen/.m2/repository/io/netty/netty-codec-redis/4.1.104.Final/netty-codec-redis-4.1.104.Final.jar:/Users/wuqisen/.m2/repository/io/netty/netty-codec-smtp/4.1.104.Final/netty-codec-smtp-4.1.104.Final.jar:/Users/wuqisen/.m2/repository/io/netty/netty-codec-socks/4.1.104.Final/netty-codec-socks-4.1.104.Final.jar:/Users/wuqisen/.m2/repository/io/netty/netty-codec-stomp/4.1.104.Final/netty-codec-stomp-4.1.104.Final.jar:/Users/wuqisen/.m2/repository/io/netty/netty-codec-xml/4.1.104.Final/netty-codec-xml-4.1.104.Final.jar:/Users/wuqisen/.m2/repository/io/netty/netty-common/4.1.104.Final/netty-common-4.1.104.Final.jar:/Users/wuqisen/.m2/repository/io/netty/netty-handler/4.1.104.Final/netty-handler-4.1.104.Final.jar:/Users/wuqisen/.m2/repository/io/netty/netty-transport-native-unix-common/4.1.104.Final/netty-transport-native-unix-common-4.1.104.Final.jar:/Users/wuqisen/.m2/repository/io/netty/netty-handler-proxy/4.1.104.Final/netty-handler-proxy-4.1.104.Final.jar:/Users/wuqisen/.m2/repository/io/netty/netty-handler-ssl-ocsp/4.1.104.Final/netty-handler-ssl-ocsp-4.1.104.Final.jar:/Users/wuqisen/.m2/repository/io/netty/netty-resolver/4.1.104.Final/netty-resolver-4.1.104.Final.jar:/Users/wuqisen/.m2/repository/io/netty/netty-resolver-dns/4.1.104.Final/netty-resolver-dns-4.1.104.Final.jar:/Users/wuqisen/.m2/repository/io/netty/netty-transport/4.1.104.Final/netty-transport-4.1.104.Final.jar:/Users/wuqisen/.m2/repository/io/netty/netty-transport-rxtx/4.1.104.Final/netty-transport-rxtx-4.1.104.Final.jar:/Users/wuqisen/.m2/repository/io/netty/netty-transport-sctp/4.1.104.Final/netty-transport-sctp-4.1.104.Final.jar:/Users/wuqisen/.m2/repository/io/netty/netty-transport-udt/4.1.104.Final/netty-transport-udt-4.1.104.Final.jar:/Users/wuqisen/.m2/repository/io/netty/netty-transport-classes-epoll/4.1.104.Final/netty-transport-classes-epoll-4.1.104.Final.jar:/Users/wuqisen/.m2/repository/io/netty/netty-transport-classes-kqueue/4.1.104.Final/netty-transport-classes-kqueue-4.1.104.Final.jar:/Users/wuqisen/.m2/repository/io/netty/netty-resolver-dns-classes-macos/4.1.104.Final/netty-resolver-dns-classes-macos-4.1.104.Final.jar:/Users/wuqisen/.m2/repository/io/netty/netty-transport-native-epoll/4.1.104.Final/netty-transport-native-epoll-4.1.104.Final-linux-x86_64.jar:/Users/wuqisen/.m2/repository/io/netty/netty-transport-native-epoll/4.1.104.Final/netty-transport-native-epoll-4.1.104.Final-linux-aarch_64.jar:/Users/wuqisen/.m2/repository/io/netty/netty-transport-native-epoll/4.1.104.Final/netty-transport-native-epoll-4.1.104.Final-linux-riscv64.jar:/Users/wuqisen/.m2/repository/io/netty/netty-transport-native-kqueue/4.1.104.Final/netty-transport-native-kqueue-4.1.104.Final-osx-x86_64.jar:/Users/wuqisen/.m2/repository/io/netty/netty-transport-native-kqueue/4.1.104.Final/netty-transport-native-kqueue-4.1.104.Final-osx-aarch_64.jar:/Users/wuqisen/.m2/repository/io/netty/netty-resolver-dns-native-macos/4.1.104.Final/netty-resolver-dns-native-macos-4.1.104.Final-osx-x86_64.jar:/Users/wuqisen/.m2/repository/io/netty/netty-resolver-dns-native-macos/4.1.104.Final/netty-resolver-dns-native-macos-4.1.104.Final-osx-aarch_64.jar:/Users/wuqisen/.m2/repository/org/lz4/lz4-java/1.8.0/lz4-java-1.8.0.jar:/Users/wuqisen/.m2/repository/org/xerial/snappy/snappy-java/1.1.10.4/snappy-java-1.1.10.4.jar:/Users/wuqisen/.m2/repository/org/junit/jupiter/junit-jupiter/5.10.1/junit-jupiter-5.10.1.jar:/Users/wuqisen/.m2/repository/org/junit/jupiter/junit-jupiter-api/5.10.1/junit-jupiter-api-5.10.1.jar:/Users/wuqisen/.m2/repository/org/opentest4j/opentest4j/1.3.0/opentest4j-1.3.0.jar:/Users/wuqisen/.m2/repository/org/junit/platform/junit-platform-commons/1.10.1/junit-platform-commons-1.10.1.jar:/Users/wuqisen/.m2/repository/org/apiguardian/apiguardian-api/1.1.2/apiguardian-api-1.1.2.jar:/Users/wuqisen/.m2/repository/org/junit/jupiter/junit-jupiter-params/5.10.1/junit-jupiter-params-5.10.1.jar:/Users/wuqisen/.m2/repository/org/junit/jupiter/junit-jupiter-engine/5.10.1/junit-jupiter-engine-5.10.1.jar:/Users/wuqisen/.m2/repository/org/junit/platform/junit-platform-engine/1.10.1/junit-platform-engine-1.10.1.jar:/Users/wuqisen/.m2/repository/org/assertj/assertj-core/3.24.2/assertj-core-3.24.2.jar:/Users/wuqisen/.m2/repository/net/bytebuddy/byte-buddy/1.12.21/byte-buddy-1.12.21.jar:"/>
    <property name="sun.cpu.endian" value="little"/>
    <property name="user.home" value="/Users/wuqisen"/>
    <property name="user.language" value="zh"/>
    <property name="java.specification.vendor" value="Oracle Corporation"/>
    <property name="java.version.date" value="2024-04-16"/>
    <property name="java.home" value="/Users/wuqisen/.sdkman/candidates/java/17.0.11-tem"/>
    <property name="file.separator" value="/"/>
    <property name="style.color" value="always"/>
    <property name="basedir" value="/Users/wuqisen/Desktop/learning/ZephyrMQ/zephyr-storage"/>
    <property name="java.vm.compressedOopsMode" value="Zero based"/>
    <property name="line.separator" value="&#10;"/>
    <property name="java.vm.specification.vendor" value="Oracle Corporation"/>
    <property name="java.specification.name" value="Java Platform API Specification"/>
    <property name="surefire.real.class.path" value="/Users/wuqisen/Desktop/learning/ZephyrMQ/zephyr-storage/target/surefire/surefirebooter-20250926180642058_3.jar"/>
    <property name="user.script" value="Hans"/>
    <property name="sun.management.compiler" value="HotSpot 64-Bit Tiered Compilers"/>
    <property name="java.runtime.version" value="17.0.11+9"/>
    <property name="user.name" value="wuqisen"/>
    <property name="path.separator" value=":"/>
    <property name="os.version" value="15.5"/>
    <property name="java.runtime.name" value="OpenJDK Runtime Environment"/>
    <property name="file.encoding" value="UTF-8"/>
    <property name="java.vm.name" value="OpenJDK 64-Bit Server VM"/>
    <property name="java.vendor.version" value="Temurin-17.0.11+9"/>
    <property name="maven.ext.class.path" value="/Applications/IntelliJ IDEA.app/Contents/plugins/maven/lib/maven-event-listener.jar"/>
    <property name="localRepository" value="/Users/wuqisen/.m2/repository"/>
    <property name="java.vendor.url.bug" value="https://github.com/adoptium/adoptium-support/issues"/>
    <property name="java.io.tmpdir" value="/var/folders/d2/cks3ws395mbfrs2rm3yjvw8h0000gn/T/"/>
    <property name="idea.version" value="2025.2.1"/>
    <property name="java.version" value="17.0.11"/>
    <property name="user.dir" value="/Users/wuqisen/Desktop/learning/ZephyrMQ/zephyr-storage"/>
    <property name="os.arch" value="aarch64"/>
    <property name="jansi.passthrough" value="true"/>
    <property name="java.vm.specification.name" value="Java Virtual Machine Specification"/>
    <property name="native.encoding" value="UTF-8"/>
    <property name="java.library.path" value="/Users/wuqisen/Library/Java/Extensions:/Library/Java/Extensions:/Network/Library/Java/Extensions:/System/Library/Java/Extensions:/usr/lib/java:."/>
    <property name="java.vm.info" value="mixed mode"/>
    <property name="java.vendor" value="Eclipse Adoptium"/>
    <property name="java.vm.version" value="17.0.11+9"/>
    <property name="sun.io.unicode.encoding" value="UnicodeBig"/>
    <property name="maven.repo.local" value="/Users/wuqisen/.m2/repository"/>
    <property name="java.class.version" value="61.0"/>
  </properties>
  <testcase name="testValidBasicMessage" classname="com.zephyr.storage.integrity.MessageIntegrityCheckerTest" time="0.007"/>
  <testcase name="testMessageSizeCheck" classname="com.zephyr.storage.integrity.MessageIntegrityCheckerTest" time="0.002"/>
  <testcase name="testSeverityFiltering" classname="com.zephyr.storage.integrity.MessageIntegrityCheckerTest" time="0.002">
    <system-out><![CDATA[18:06:43.151 [main] WARN com.zephyr.storage.integrity.MessageIntegrityChecker - Error during checksum verification
java.nio.BufferUnderflowException: null
	at java.base/java.nio.Buffer.nextGetIndex(Buffer.java:707)
	at java.base/java.nio.HeapByteBuffer.getInt(HeapByteBuffer.java:435)
	at com.zephyr.storage.integrity.MessageIntegrityChecker.performChecksumChecks(MessageIntegrityChecker.java:198)
	at com.zephyr.storage.integrity.MessageIntegrityChecker.checkMessageIntegrity(MessageIntegrityChecker.java:133)
	at com.zephyr.storage.integrity.MessageIntegrityCheckerTest.testSeverityFiltering(MessageIntegrityCheckerTest.java:139)
	at java.base/jdk.internal.reflect.NativeMethodAccessorImpl.invoke0(Native Method)
	at java.base/jdk.internal.reflect.NativeMethodAccessorImpl.invoke(NativeMethodAccessorImpl.java:77)
	at java.base/jdk.internal.reflect.DelegatingMethodAccessorImpl.invoke(DelegatingMethodAccessorImpl.java:43)
	at java.base/java.lang.reflect.Method.invoke(Method.java:568)
	at org.junit.platform.commons.util.ReflectionUtils.invokeMethod(ReflectionUtils.java:728)
	at org.junit.jupiter.engine.execution.MethodInvocation.proceed(MethodInvocation.java:60)
	at org.junit.jupiter.engine.execution.InvocationInterceptorChain$ValidatingInvocation.proceed(InvocationInterceptorChain.java:131)
	at org.junit.jupiter.engine.extension.TimeoutExtension.intercept(TimeoutExtension.java:156)
	at org.junit.jupiter.engine.extension.TimeoutExtension.interceptTestableMethod(TimeoutExtension.java:147)
	at org.junit.jupiter.engine.extension.TimeoutExtension.interceptTestMethod(TimeoutExtension.java:86)
	at org.junit.jupiter.engine.execution.InterceptingExecutableInvoker$ReflectiveInterceptorCall.lambda$ofVoidMethod$0(InterceptingExecutableInvoker.java:103)
	at org.junit.jupiter.engine.execution.InterceptingExecutableInvoker.lambda$invoke$0(InterceptingExecutableInvoker.java:93)
	at org.junit.jupiter.engine.execution.InvocationInterceptorChain$InterceptedInvocation.proceed(InvocationInterceptorChain.java:106)
	at org.junit.jupiter.engine.execution.InvocationInterceptorChain.proceed(InvocationInterceptorChain.java:64)
	at org.junit.jupiter.engine.execution.InvocationInterceptorChain.chainAndInvoke(InvocationInterceptorChain.java:45)
	at org.junit.jupiter.engine.execution.InvocationInterceptorChain.invoke(InvocationInterceptorChain.java:37)
	at org.junit.jupiter.engine.execution.InterceptingExecutableInvoker.invoke(InterceptingExecutableInvoker.java:92)
	at org.junit.jupiter.engine.execution.InterceptingExecutableInvoker.invoke(InterceptingExecutableInvoker.java:86)
	at org.junit.jupiter.engine.descriptor.TestMethodTestDescriptor.lambda$invokeTestMethod$7(TestMethodTestDescriptor.java:218)
	at org.junit.platform.engine.support.hierarchical.ThrowableCollector.execute(ThrowableCollector.java:73)
	at org.junit.jupiter.engine.descriptor.TestMethodTestDescriptor.invokeTestMethod(TestMethodTestDescriptor.java:214)
	at org.junit.jupiter.engine.descriptor.TestMethodTestDescriptor.execute(TestMethodTestDescriptor.java:139)
	at org.junit.jupiter.engine.descriptor.TestMethodTestDescriptor.execute(TestMethodTestDescriptor.java:69)
	at org.junit.platform.engine.support.hierarchical.NodeTestTask.lambda$executeRecursively$6(NodeTestTask.java:151)
	at org.junit.platform.engine.support.hierarchical.ThrowableCollector.execute(ThrowableCollector.java:73)
	at org.junit.platform.engine.support.hierarchical.NodeTestTask.lambda$executeRecursively$8(NodeTestTask.java:141)
	at org.junit.platform.engine.support.hierarchical.Node.around(Node.java:137)
	at org.junit.platform.engine.support.hierarchical.NodeTestTask.lambda$executeRecursively$9(NodeTestTask.java:139)
	at org.junit.platform.engine.support.hierarchical.ThrowableCollector.execute(ThrowableCollector.java:73)
	at org.junit.platform.engine.support.hierarchical.NodeTestTask.executeRecursively(NodeTestTask.java:138)
	at org.junit.platform.engine.support.hierarchical.NodeTestTask.execute(NodeTestTask.java:95)
	at java.base/java.util.ArrayList.forEach(ArrayList.java:1511)
	at org.junit.platform.engine.support.hierarchical.SameThreadHierarchicalTestExecutorService.invokeAll(SameThreadHierarchicalTestExecutorService.java:41)
	at org.junit.platform.engine.support.hierarchical.NodeTestTask.lambda$executeRecursively$6(NodeTestTask.java:155)
	at org.junit.platform.engine.support.hierarchical.ThrowableCollector.execute(ThrowableCollector.java:73)
	at org.junit.platform.engine.support.hierarchical.NodeTestTask.lambda$executeRecursively$8(NodeTestTask.java:141)
	at org.junit.platform.engine.support.hierarchical.Node.around(Node.java:137)
	at org.junit.platform.engine.support.hierarchical.NodeTestTask.lambda$executeRecursively$9(NodeTestTask.java:139)
	at org.junit.platform.engine.support.hierarchical.ThrowableCollector.execute(ThrowableCollector.java:73)
	at org.junit.platform.engine.support.hierarchical.NodeTestTask.executeRecursively(NodeTestTask.java:138)
	at org.junit.platform.engine.support.hierarchical.NodeTestTask.execute(NodeTestTask.java:95)
	at java.base/java.util.ArrayList.forEach(ArrayList.java:1511)
	at org.junit.platform.engine.support.hierarchical.SameThreadHierarchicalTestExecutorService.invokeAll(SameThreadHierarchicalTestExecutorService.java:41)
	at org.junit.platform.engine.support.hierarchical.NodeTestTask.lambda$executeRecursively$6(NodeTestTask.java:155)
	at org.junit.platform.engine.support.hierarchical.ThrowableCollector.execute(ThrowableCollector.java:73)
	at org.junit.platform.engine.support.hierarchical.NodeTestTask.lambda$executeRecursively$8(NodeTestTask.java:141)
	at org.junit.platform.engine.support.hierarchical.Node.around(Node.java:137)
	at org.junit.platform.engine.support.hierarchical.NodeTestTask.lambda$executeRecursively$9(NodeTestTask.java:139)
	at org.junit.platform.engine.support.hierarchical.ThrowableCollector.execute(ThrowableCollector.java:73)
	at org.junit.platform.engine.support.hierarchical.NodeTestTask.executeRecursively(NodeTestTask.java:138)
	at org.junit.platform.engine.support.hierarchical.NodeTestTask.execute(NodeTestTask.java:95)
	at org.junit.platform.engine.support.hierarchical.SameThreadHierarchicalTestExecutorService.submit(SameThreadHierarchicalTestExecutorService.java:35)
	at org.junit.platform.engine.support.hierarchical.HierarchicalTestExecutor.execute(HierarchicalTestExecutor.java:57)
	at org.junit.platform.engine.support.hierarchical.HierarchicalTestEngine.execute(HierarchicalTestEngine.java:54)
	at org.junit.platform.launcher.core.EngineExecutionOrchestrator.execute(EngineExecutionOrchestrator.java:198)
	at org.junit.platform.launcher.core.EngineExecutionOrchestrator.execute(EngineExecutionOrchestrator.java:169)
	at org.junit.platform.launcher.core.EngineExecutionOrchestrator.execute(EngineExecutionOrchestrator.java:93)
	at org.junit.platform.launcher.core.EngineExecutionOrchestrator.lambda$execute$0(EngineExecutionOrchestrator.java:58)
	at org.junit.platform.launcher.core.EngineExecutionOrchestrator.withInterceptedStreams(EngineExecutionOrchestrator.java:141)
	at org.junit.platform.launcher.core.EngineExecutionOrchestrator.execute(EngineExecutionOrchestrator.java:57)
	at org.junit.platform.launcher.core.DefaultLauncher.execute(DefaultLauncher.java:103)
	at org.junit.platform.launcher.core.DefaultLauncher.execute(DefaultLauncher.java:85)
	at org.junit.platform.launcher.core.DelegatingLauncher.execute(DelegatingLauncher.java:47)
	at org.apache.maven.surefire.junitplatform.LazyLauncher.execute(LazyLauncher.java:56)
	at org.apache.maven.surefire.junitplatform.JUnitPlatformProvider.execute(JUnitPlatformProvider.java:184)
	at org.apache.maven.surefire.junitplatform.JUnitPlatformProvider.invokeAllTests(JUnitPlatformProvider.java:148)
	at org.apache.maven.surefire.junitplatform.JUnitPlatformProvider.invoke(JUnitPlatformProvider.java:122)
	at org.apache.maven.surefire.booter.ForkedBooter.runSuitesInProcess(ForkedBooter.java:385)
	at org.apache.maven.surefire.booter.ForkedBooter.execute(ForkedBooter.java:162)
	at org.apache.maven.surefire.booter.ForkedBooter.run(ForkedBooter.java:507)
	at org.apache.maven.surefire.booter.ForkedBooter.main(ForkedBooter.java:495)
18:06:43.152 [main] WARN com.zephyr.storage.integrity.MessageIntegrityChecker - Error during extended checks
java.nio.BufferUnderflowException: null
	at java.base/java.nio.Buffer.nextGetIndex(Buffer.java:707)
	at java.base/java.nio.HeapByteBuffer.getInt(HeapByteBuffer.java:435)
	at com.zephyr.storage.integrity.MessageIntegrityChecker.performExtendedChecks(MessageIntegrityChecker.java:286)
	at com.zephyr.storage.integrity.MessageIntegrityChecker.checkMessageIntegrity(MessageIntegrityChecker.java:138)
	at com.zephyr.storage.integrity.MessageIntegrityCheckerTest.testSeverityFiltering(MessageIntegrityCheckerTest.java:139)
	at java.base/jdk.internal.reflect.NativeMethodAccessorImpl.invoke0(Native Method)
	at java.base/jdk.internal.reflect.NativeMethodAccessorImpl.invoke(NativeMethodAccessorImpl.java:77)
	at java.base/jdk.internal.reflect.DelegatingMethodAccessorImpl.invoke(DelegatingMethodAccessorImpl.java:43)
	at java.base/java.lang.reflect.Method.invoke(Method.java:568)
	at org.junit.platform.commons.util.ReflectionUtils.invokeMethod(ReflectionUtils.java:728)
	at org.junit.jupiter.engine.execution.MethodInvocation.proceed(MethodInvocation.java:60)
	at org.junit.jupiter.engine.execution.InvocationInterceptorChain$ValidatingInvocation.proceed(InvocationInterceptorChain.java:131)
	at org.junit.jupiter.engine.extension.TimeoutExtension.intercept(TimeoutExtension.java:156)
	at org.junit.jupiter.engine.extension.TimeoutExtension.interceptTestableMethod(TimeoutExtension.java:147)
	at org.junit.jupiter.engine.extension.TimeoutExtension.interceptTestMethod(TimeoutExtension.java:86)
	at org.junit.jupiter.engine.execution.InterceptingExecutableInvoker$ReflectiveInterceptorCall.lambda$ofVoidMethod$0(InterceptingExecutableInvoker.java:103)
	at org.junit.jupiter.engine.execution.InterceptingExecutableInvoker.lambda$invoke$0(InterceptingExecutableInvoker.java:93)
	at org.junit.jupiter.engine.execution.InvocationInterceptorChain$InterceptedInvocation.proceed(InvocationInterceptorChain.java:106)
	at org.junit.jupiter.engine.execution.InvocationInterceptorChain.proceed(InvocationInterceptorChain.java:64)
	at org.junit.jupiter.engine.execution.InvocationInterceptorChain.chainAndInvoke(InvocationInterceptorChain.java:45)
	at org.junit.jupiter.engine.execution.InvocationInterceptorChain.invoke(InvocationInterceptorChain.java:37)
	at org.junit.jupiter.engine.execution.InterceptingExecutableInvoker.invoke(InterceptingExecutableInvoker.java:92)
	at org.junit.jupiter.engine.execution.InterceptingExecutableInvoker.invoke(InterceptingExecutableInvoker.java:86)
	at org.junit.jupiter.engine.descriptor.TestMethodTestDescriptor.lambda$invokeTestMethod$7(TestMethodTestDescriptor.java:218)
	at org.junit.platform.engine.support.hierarchical.ThrowableCollector.execute(ThrowableCollector.java:73)
	at org.junit.jupiter.engine.descriptor.TestMethodTestDescriptor.invokeTestMethod(TestMethodTestDescriptor.java:214)
	at org.junit.jupiter.engine.descriptor.TestMethodTestDescriptor.execute(TestMethodTestDescriptor.java:139)
	at org.junit.jupiter.engine.descriptor.TestMethodTestDescriptor.execute(TestMethodTestDescriptor.java:69)
	at org.junit.platform.engine.support.hierarchical.NodeTestTask.lambda$executeRecursively$6(NodeTestTask.java:151)
	at org.junit.platform.engine.support.hierarchical.ThrowableCollector.execute(ThrowableCollector.java:73)
	at org.junit.platform.engine.support.hierarchical.NodeTestTask.lambda$executeRecursively$8(NodeTestTask.java:141)
	at org.junit.platform.engine.support.hierarchical.Node.around(Node.java:137)
	at org.junit.platform.engine.support.hierarchical.NodeTestTask.lambda$executeRecursively$9(NodeTestTask.java:139)
	at org.junit.platform.engine.support.hierarchical.ThrowableCollector.execute(ThrowableCollector.java:73)
	at org.junit.platform.engine.support.hierarchical.NodeTestTask.executeRecursively(NodeTestTask.java:138)
	at org.junit.platform.engine.support.hierarchical.NodeTestTask.execute(NodeTestTask.java:95)
	at java.base/java.util.ArrayList.forEach(ArrayList.java:1511)
	at org.junit.platform.engine.support.hierarchical.SameThreadHierarchicalTestExecutorService.invokeAll(SameThreadHierarchicalTestExecutorService.java:41)
	at org.junit.platform.engine.support.hierarchical.NodeTestTask.lambda$executeRecursively$6(NodeTestTask.java:155)
	at org.junit.platform.engine.support.hierarchical.ThrowableCollector.execute(ThrowableCollector.java:73)
	at org.junit.platform.engine.support.hierarchical.NodeTestTask.lambda$executeRecursively$8(NodeTestTask.java:141)
	at org.junit.platform.engine.support.hierarchical.Node.around(Node.java:137)
	at org.junit.platform.engine.support.hierarchical.NodeTestTask.lambda$executeRecursively$9(NodeTestTask.java:139)
	at org.junit.platform.engine.support.hierarchical.ThrowableCollector.execute(ThrowableCollector.java:73)
	at org.junit.platform.engine.support.hierarchical.NodeTestTask.executeRecursively(NodeTestTask.java:138)
	at org.junit.platform.engine.support.hierarchical.NodeTestTask.execute(NodeTestTask.java:95)
	at java.base/java.util.ArrayList.forEach(ArrayList.java:1511)
	at org.junit.platform.engine.support.hierarchical.SameThreadHierarchicalTestExecutorService.invokeAll(SameThreadHierarchicalTestExecutorService.java:41)
	at org.junit.platform.engine.support.hierarchical.NodeTestTask.lambda$executeRecursively$6(NodeTestTask.java:155)
	at org.junit.platform.engine.support.hierarchical.ThrowableCollector.execute(ThrowableCollector.java:73)
	at org.junit.platform.engine.support.hierarchical.NodeTestTask.lambda$executeRecursively$8(NodeTestTask.java:141)
	at org.junit.platform.engine.support.hierarchical.Node.around(Node.java:137)
	at org.junit.platform.engine.support.hierarchical.NodeTestTask.lambda$executeRecursively$9(NodeTestTask.java:139)
	at org.junit.platform.engine.support.hierarchical.ThrowableCollector.execute(ThrowableCollector.java:73)
	at org.junit.platform.engine.support.hierarchical.NodeTestTask.executeRecursively(NodeTestTask.java:138)
	at org.junit.platform.engine.support.hierarchical.NodeTestTask.execute(NodeTestTask.java:95)
	at org.junit.platform.engine.support.hierarchical.SameThreadHierarchicalTestExecutorService.submit(SameThreadHierarchicalTestExecutorService.java:35)
	at org.junit.platform.engine.support.hierarchical.HierarchicalTestExecutor.execute(HierarchicalTestExecutor.java:57)
	at org.junit.platform.engine.support.hierarchical.HierarchicalTestEngine.execute(HierarchicalTestEngine.java:54)
	at org.junit.platform.launcher.core.EngineExecutionOrchestrator.execute(EngineExecutionOrchestrator.java:198)
	at org.junit.platform.launcher.core.EngineExecutionOrchestrator.execute(EngineExecutionOrchestrator.java:169)
	at org.junit.platform.launcher.core.EngineExecutionOrchestrator.execute(EngineExecutionOrchestrator.java:93)
	at org.junit.platform.launcher.core.EngineExecutionOrchestrator.lambda$execute$0(EngineExecutionOrchestrator.java:58)
	at org.junit.platform.launcher.core.EngineExecutionOrchestrator.withInterceptedStreams(EngineExecutionOrchestrator.java:141)
	at org.junit.platform.launcher.core.EngineExecutionOrchestrator.execute(EngineExecutionOrchestrator.java:57)
	at org.junit.platform.launcher.core.DefaultLauncher.execute(DefaultLauncher.java:103)
	at org.junit.platform.launcher.core.DefaultLauncher.execute(DefaultLauncher.java:85)
	at org.junit.platform.launcher.core.DelegatingLauncher.execute(DelegatingLauncher.java:47)
	at org.apache.maven.surefire.junitplatform.LazyLauncher.execute(LazyLauncher.java:56)
	at org.apache.maven.surefire.junitplatform.JUnitPlatformProvider.execute(JUnitPlatformProvider.java:184)
	at org.apache.maven.surefire.junitplatform.JUnitPlatformProvider.invokeAllTests(JUnitPlatformProvider.java:148)
	at org.apache.maven.surefire.junitplatform.JUnitPlatformProvider.invoke(JUnitPlatformProvider.java:122)
	at org.apache.maven.surefire.booter.ForkedBooter.runSuitesInProcess(ForkedBooter.java:385)
	at org.apache.maven.surefire.booter.ForkedBooter.execute(ForkedBooter.java:162)
	at org.apache.maven.surefire.booter.ForkedBooter.run(ForkedBooter.java:507)
	at org.apache.maven.surefire.booter.ForkedBooter.main(ForkedBooter.java:495)
]]></system-out>
  </testcase>
  <testcase name="testDifferentCheckTypes" classname="com.zephyr.storage.integrity.MessageIntegrityCheckerTest" time="0.0"/>
  <testcase name="testSizeConsistencyCheck" classname="com.zephyr.storage.integrity.MessageIntegrityCheckerTest" time="0.0"/>
  <testcase name="testBatchIntegrityCheck" classname="com.zephyr.storage.integrity.MessageIntegrityCheckerTest" time="0.002">
    <system-out><![CDATA[18:06:43.153 [main] WARN com.zephyr.storage.integrity.MessageIntegrityChecker - Message 1 failed integrity check: IntegrityCheckResult{passed=false, violations=1, duration=0ms}
18:06:43.154 [main] WARN com.zephyr.storage.integrity.MessageIntegrityChecker - Message 2 failed integrity check: IntegrityCheckResult{passed=false, violations=1, duration=0ms}
]]></system-out>
  </testcase>
  <testcase name="testMagicCodeCheck" classname="com.zephyr.storage.integrity.MessageIntegrityCheckerTest" time="0.001"/>
  <testcase name="testNullAndEmptyMessageCheck" classname="com.zephyr.storage.integrity.MessageIntegrityCheckerTest" time="0.0"/>
  <testcase name="testCheckPerformance" classname="com.zephyr.storage.integrity.MessageIntegrityCheckerTest" time="0.002">
    <system-out><![CDATA[1000 integrity checks took: 2ms
]]></system-out>
  </testcase>
  <testcase name="testCheckViolationInfo" classname="com.zephyr.storage.integrity.MessageIntegrityCheckerTest" time="0.0"/>
  <testcase name="testMessageLengthCheck" classname="com.zephyr.storage.integrity.MessageIntegrityCheckerTest" time="0.001"/>
</testsuite>