<?xml version="1.0" encoding="UTF-8"?>
<testsuite xmlns:xsi="http://www.w3.org/2001/XMLSchema-instance" xsi:noNamespaceSchemaLocation="https://maven.apache.org/surefire/maven-surefire-plugin/xsd/surefire-test-report-3.0.xsd" version="3.0" name="com.zephyr.storage.index.SparseIndexTest" time="0.05" tests="15" errors="0" skipped="0" failures="0">
  <properties>
    <property name="java.specification.version" value="17"/>
    <property name="sun.jnu.encoding" value="UTF-8"/>
    <property name="java.class.path" value="/Users/wuqisen/Desktop/learning/ZephyrMQ/zephyr-storage/target/test-classes:/Users/wuqisen/Desktop/learning/ZephyrMQ/zephyr-storage/target/classes:/Users/wuqisen/Desktop/learning/ZephyrMQ/zephyr-common/target/classes:/Users/wuqisen/.m2/repository/org/slf4j/slf4j-api/1.7.36/slf4j-api-1.7.36.jar:/Users/wuqisen/.m2/repository/ch/qos/logback/logback-classic/1.2.12/logback-classic-1.2.12.jar:/Users/wuqisen/.m2/repository/ch/qos/logback/logback-core/1.2.12/logback-core-1.2.12.jar:/Users/wuqisen/.m2/repository/com/google/guava/guava/32.1.3-jre/guava-32.1.3-jre.jar:/Users/wuqisen/.m2/repository/com/google/guava/failureaccess/1.0.1/failureaccess-1.0.1.jar:/Users/wuqisen/.m2/repository/com/google/guava/listenablefuture/9999.0-empty-to-avoid-conflict-with-guava/listenablefuture-9999.0-empty-to-avoid-conflict-with-guava.jar:/Users/wuqisen/.m2/repository/com/google/code/findbugs/jsr305/3.0.2/jsr305-3.0.2.jar:/Users/wuqisen/.m2/repository/org/checkerframework/checker-qual/3.37.0/checker-qual-3.37.0.jar:/Users/wuqisen/.m2/repository/com/google/errorprone/error_prone_annotations/2.21.1/error_prone_annotations-2.21.1.jar:/Users/wuqisen/.m2/repository/com/google/j2objc/j2objc-annotations/2.8/j2objc-annotations-2.8.jar:/Users/wuqisen/.m2/repository/org/apache/commons/commons-lang3/3.13.0/commons-lang3-3.13.0.jar:/Users/wuqisen/Desktop/learning/ZephyrMQ/zephyr-protocol/target/classes:/Users/wuqisen/.m2/repository/com/google/protobuf/protobuf-java/3.25.1/protobuf-java-3.25.1.jar:/Users/wuqisen/.m2/repository/com/fasterxml/jackson/core/jackson-databind/2.16.0/jackson-databind-2.16.0.jar:/Users/wuqisen/.m2/repository/com/fasterxml/jackson/core/jackson-core/2.16.0/jackson-core-2.16.0.jar:/Users/wuqisen/.m2/repository/com/fasterxml/jackson/core/jackson-annotations/2.16.0/jackson-annotations-2.16.0.jar:/Users/wuqisen/.m2/repository/io/netty/netty-all/4.1.104.Final/netty-all-4.1.104.Final.jar:/Users/wuqisen/.m2/repository/io/netty/netty-buffer/4.1.104.Final/netty-buffer-4.1.104.Final.jar:/Users/wuqisen/.m2/repository/io/netty/netty-codec/4.1.104.Final/netty-codec-4.1.104.Final.jar:/Users/wuqisen/.m2/repository/io/netty/netty-codec-dns/4.1.104.Final/netty-codec-dns-4.1.104.Final.jar:/Users/wuqisen/.m2/repository/io/netty/netty-codec-haproxy/4.1.104.Final/netty-codec-haproxy-4.1.104.Final.jar:/Users/wuqisen/.m2/repository/io/netty/netty-codec-http/4.1.104.Final/netty-codec-http-4.1.104.Final.jar:/Users/wuqisen/.m2/repository/io/netty/netty-codec-http2/4.1.104.Final/netty-codec-http2-4.1.104.Final.jar:/Users/wuqisen/.m2/repository/io/netty/netty-codec-memcache/4.1.104.Final/netty-codec-memcache-4.1.104.Final.jar:/Users/wuqisen/.m2/repository/io/netty/netty-codec-mqtt/4.1.104.Final/netty-codec-mqtt-4.1.104.Final.jar:/Users/wuqisen/.m2/repository/io/netty/netty-codec-redis/4.1.104.Final/netty-codec-redis-4.1.104.Final.jar:/Users/wuqisen/.m2/repository/io/netty/netty-codec-smtp/4.1.104.Final/netty-codec-smtp-4.1.104.Final.jar:/Users/wuqisen/.m2/repository/io/netty/netty-codec-socks/4.1.104.Final/netty-codec-socks-4.1.104.Final.jar:/Users/wuqisen/.m2/repository/io/netty/netty-codec-stomp/4.1.104.Final/netty-codec-stomp-4.1.104.Final.jar:/Users/wuqisen/.m2/repository/io/netty/netty-codec-xml/4.1.104.Final/netty-codec-xml-4.1.104.Final.jar:/Users/wuqisen/.m2/repository/io/netty/netty-common/4.1.104.Final/netty-common-4.1.104.Final.jar:/Users/wuqisen/.m2/repository/io/netty/netty-handler/4.1.104.Final/netty-handler-4.1.104.Final.jar:/Users/wuqisen/.m2/repository/io/netty/netty-transport-native-unix-common/4.1.104.Final/netty-transport-native-unix-common-4.1.104.Final.jar:/Users/wuqisen/.m2/repository/io/netty/netty-handler-proxy/4.1.104.Final/netty-handler-proxy-4.1.104.Final.jar:/Users/wuqisen/.m2/repository/io/netty/netty-handler-ssl-ocsp/4.1.104.Final/netty-handler-ssl-ocsp-4.1.104.Final.jar:/Users/wuqisen/.m2/repository/io/netty/netty-resolver/4.1.104.Final/netty-resolver-4.1.104.Final.jar:/Users/wuqisen/.m2/repository/io/netty/netty-resolver-dns/4.1.104.Final/netty-resolver-dns-4.1.104.Final.jar:/Users/wuqisen/.m2/repository/io/netty/netty-transport/4.1.104.Final/netty-transport-4.1.104.Final.jar:/Users/wuqisen/.m2/repository/io/netty/netty-transport-rxtx/4.1.104.Final/netty-transport-rxtx-4.1.104.Final.jar:/Users/wuqisen/.m2/repository/io/netty/netty-transport-sctp/4.1.104.Final/netty-transport-sctp-4.1.104.Final.jar:/Users/wuqisen/.m2/repository/io/netty/netty-transport-udt/4.1.104.Final/netty-transport-udt-4.1.104.Final.jar:/Users/wuqisen/.m2/repository/io/netty/netty-transport-classes-epoll/4.1.104.Final/netty-transport-classes-epoll-4.1.104.Final.jar:/Users/wuqisen/.m2/repository/io/netty/netty-transport-classes-kqueue/4.1.104.Final/netty-transport-classes-kqueue-4.1.104.Final.jar:/Users/wuqisen/.m2/repository/io/netty/netty-resolver-dns-classes-macos/4.1.104.Final/netty-resolver-dns-classes-macos-4.1.104.Final.jar:/Users/wuqisen/.m2/repository/io/netty/netty-transport-native-epoll/4.1.104.Final/netty-transport-native-epoll-4.1.104.Final-linux-x86_64.jar:/Users/wuqisen/.m2/repository/io/netty/netty-transport-native-epoll/4.1.104.Final/netty-transport-native-epoll-4.1.104.Final-linux-aarch_64.jar:/Users/wuqisen/.m2/repository/io/netty/netty-transport-native-epoll/4.1.104.Final/netty-transport-native-epoll-4.1.104.Final-linux-riscv64.jar:/Users/wuqisen/.m2/repository/io/netty/netty-transport-native-kqueue/4.1.104.Final/netty-transport-native-kqueue-4.1.104.Final-osx-x86_64.jar:/Users/wuqisen/.m2/repository/io/netty/netty-transport-native-kqueue/4.1.104.Final/netty-transport-native-kqueue-4.1.104.Final-osx-aarch_64.jar:/Users/wuqisen/.m2/repository/io/netty/netty-resolver-dns-native-macos/4.1.104.Final/netty-resolver-dns-native-macos-4.1.104.Final-osx-x86_64.jar:/Users/wuqisen/.m2/repository/io/netty/netty-resolver-dns-native-macos/4.1.104.Final/netty-resolver-dns-native-macos-4.1.104.Final-osx-aarch_64.jar:/Users/wuqisen/.m2/repository/org/lz4/lz4-java/1.8.0/lz4-java-1.8.0.jar:/Users/wuqisen/.m2/repository/org/xerial/snappy/snappy-java/1.1.10.4/snappy-java-1.1.10.4.jar:/Users/wuqisen/.m2/repository/org/junit/jupiter/junit-jupiter/5.10.1/junit-jupiter-5.10.1.jar:/Users/wuqisen/.m2/repository/org/junit/jupiter/junit-jupiter-api/5.10.1/junit-jupiter-api-5.10.1.jar:/Users/wuqisen/.m2/repository/org/opentest4j/opentest4j/1.3.0/opentest4j-1.3.0.jar:/Users/wuqisen/.m2/repository/org/junit/platform/junit-platform-commons/1.10.1/junit-platform-commons-1.10.1.jar:/Users/wuqisen/.m2/repository/org/apiguardian/apiguardian-api/1.1.2/apiguardian-api-1.1.2.jar:/Users/wuqisen/.m2/repository/org/junit/jupiter/junit-jupiter-params/5.10.1/junit-jupiter-params-5.10.1.jar:/Users/wuqisen/.m2/repository/org/junit/jupiter/junit-jupiter-engine/5.10.1/junit-jupiter-engine-5.10.1.jar:/Users/wuqisen/.m2/repository/org/junit/platform/junit-platform-engine/1.10.1/junit-platform-engine-1.10.1.jar:/Users/wuqisen/.m2/repository/org/assertj/assertj-core/3.24.2/assertj-core-3.24.2.jar:/Users/wuqisen/.m2/repository/net/bytebuddy/byte-buddy/1.12.21/byte-buddy-1.12.21.jar:"/>
    <property name="java.vm.vendor" value="Eclipse Adoptium"/>
    <property name="sun.arch.data.model" value="64"/>
    <property name="java.vendor.url" value="https://adoptium.net/"/>
    <property name="user.timezone" value="Asia/Shanghai"/>
    <property name="os.name" value="Mac OS X"/>
    <property name="java.vm.specification.version" value="17"/>
    <property name="user.country" value="CN"/>
    <property name="sun.java.launcher" value="SUN_STANDARD"/>
    <property name="sun.boot.library.path" value="/Users/wuqisen/.sdkman/candidates/java/17.0.11-tem/lib"/>
    <property name="sun.java.command" value="/Users/wuqisen/Desktop/learning/ZephyrMQ/zephyr-storage/target/surefire/surefirebooter-20250926180642058_3.jar /Users/wuqisen/Desktop/learning/ZephyrMQ/zephyr-storage/target/surefire 2025-09-26T18-06-40_665-jvmRun1 surefire-20250926180642058_1tmp surefire_0-20250926180642058_2tmp"/>
    <property name="jdk.debug" value="release"/>
    <property name="surefire.test.class.path" value="/Users/wuqisen/Desktop/learning/ZephyrMQ/zephyr-storage/target/test-classes:/Users/wuqisen/Desktop/learning/ZephyrMQ/zephyr-storage/target/classes:/Users/wuqisen/Desktop/learning/ZephyrMQ/zephyr-common/target/classes:/Users/wuqisen/.m2/repository/org/slf4j/slf4j-api/1.7.36/slf4j-api-1.7.36.jar:/Users/wuqisen/.m2/repository/ch/qos/logback/logback-classic/1.2.12/logback-classic-1.2.12.jar:/Users/wuqisen/.m2/repository/ch/qos/logback/logback-core/1.2.12/logback-core-1.2.12.jar:/Users/wuqisen/.m2/repository/com/google/guava/guava/32.1.3-jre/guava-32.1.3-jre.jar:/Users/wuqisen/.m2/repository/com/google/guava/failureaccess/1.0.1/failureaccess-1.0.1.jar:/Users/wuqisen/.m2/repository/com/google/guava/listenablefuture/9999.0-empty-to-avoid-conflict-with-guava/listenablefuture-9999.0-empty-to-avoid-conflict-with-guava.jar:/Users/wuqisen/.m2/repository/com/google/code/findbugs/jsr305/3.0.2/jsr305-3.0.2.jar:/Users/wuqisen/.m2/repository/org/checkerframework/checker-qual/3.37.0/checker-qual-3.37.0.jar:/Users/wuqisen/.m2/repository/com/google/errorprone/error_prone_annotations/2.21.1/error_prone_annotations-2.21.1.jar:/Users/wuqisen/.m2/repository/com/google/j2objc/j2objc-annotations/2.8/j2objc-annotations-2.8.jar:/Users/wuqisen/.m2/repository/org/apache/commons/commons-lang3/3.13.0/commons-lang3-3.13.0.jar:/Users/wuqisen/Desktop/learning/ZephyrMQ/zephyr-protocol/target/classes:/Users/wuqisen/.m2/repository/com/google/protobuf/protobuf-java/3.25.1/protobuf-java-3.25.1.jar:/Users/wuqisen/.m2/repository/com/fasterxml/jackson/core/jackson-databind/2.16.0/jackson-databind-2.16.0.jar:/Users/wuqisen/.m2/repository/com/fasterxml/jackson/core/jackson-core/2.16.0/jackson-core-2.16.0.jar:/Users/wuqisen/.m2/repository/com/fasterxml/jackson/core/jackson-annotations/2.16.0/jackson-annotations-2.16.0.jar:/Users/wuqisen/.m2/repository/io/netty/netty-all/4.1.104.Final/netty-all-4.1.104.Final.jar:/Users/wuqisen/.m2/repository/io/netty/netty-buffer/4.1.104.Final/netty-buffer-4.1.104.Final.jar:/Users/wuqisen/.m2/repository/io/netty/netty-codec/4.1.104.Final/netty-codec-4.1.104.Final.jar:/Users/wuqisen/.m2/repository/io/netty/netty-codec-dns/4.1.104.Final/netty-codec-dns-4.1.104.Final.jar:/Users/wuqisen/.m2/repository/io/netty/netty-codec-haproxy/4.1.104.Final/netty-codec-haproxy-4.1.104.Final.jar:/Users/wuqisen/.m2/repository/io/netty/netty-codec-http/4.1.104.Final/netty-codec-http-4.1.104.Final.jar:/Users/wuqisen/.m2/repository/io/netty/netty-codec-http2/4.1.104.Final/netty-codec-http2-4.1.104.Final.jar:/Users/wuqisen/.m2/repository/io/netty/netty-codec-memcache/4.1.104.Final/netty-codec-memcache-4.1.104.Final.jar:/Users/wuqisen/.m2/repository/io/netty/netty-codec-mqtt/4.1.104.Final/netty-codec-mqtt-4.1.104.Final.jar:/Users/wuqisen/.m2/repository/io/netty/netty-codec-redis/4.1.104.Final/netty-codec-redis-4.1.104.Final.jar:/Users/wuqisen/.m2/repository/io/netty/netty-codec-smtp/4.1.104.Final/netty-codec-smtp-4.1.104.Final.jar:/Users/wuqisen/.m2/repository/io/netty/netty-codec-socks/4.1.104.Final/netty-codec-socks-4.1.104.Final.jar:/Users/wuqisen/.m2/repository/io/netty/netty-codec-stomp/4.1.104.Final/netty-codec-stomp-4.1.104.Final.jar:/Users/wuqisen/.m2/repository/io/netty/netty-codec-xml/4.1.104.Final/netty-codec-xml-4.1.104.Final.jar:/Users/wuqisen/.m2/repository/io/netty/netty-common/4.1.104.Final/netty-common-4.1.104.Final.jar:/Users/wuqisen/.m2/repository/io/netty/netty-handler/4.1.104.Final/netty-handler-4.1.104.Final.jar:/Users/wuqisen/.m2/repository/io/netty/netty-transport-native-unix-common/4.1.104.Final/netty-transport-native-unix-common-4.1.104.Final.jar:/Users/wuqisen/.m2/repository/io/netty/netty-handler-proxy/4.1.104.Final/netty-handler-proxy-4.1.104.Final.jar:/Users/wuqisen/.m2/repository/io/netty/netty-handler-ssl-ocsp/4.1.104.Final/netty-handler-ssl-ocsp-4.1.104.Final.jar:/Users/wuqisen/.m2/repository/io/netty/netty-resolver/4.1.104.Final/netty-resolver-4.1.104.Final.jar:/Users/wuqisen/.m2/repository/io/netty/netty-resolver-dns/4.1.104.Final/netty-resolver-dns-4.1.104.Final.jar:/Users/wuqisen/.m2/repository/io/netty/netty-transport/4.1.104.Final/netty-transport-4.1.104.Final.jar:/Users/wuqisen/.m2/repository/io/netty/netty-transport-rxtx/4.1.104.Final/netty-transport-rxtx-4.1.104.Final.jar:/Users/wuqisen/.m2/repository/io/netty/netty-transport-sctp/4.1.104.Final/netty-transport-sctp-4.1.104.Final.jar:/Users/wuqisen/.m2/repository/io/netty/netty-transport-udt/4.1.104.Final/netty-transport-udt-4.1.104.Final.jar:/Users/wuqisen/.m2/repository/io/netty/netty-transport-classes-epoll/4.1.104.Final/netty-transport-classes-epoll-4.1.104.Final.jar:/Users/wuqisen/.m2/repository/io/netty/netty-transport-classes-kqueue/4.1.104.Final/netty-transport-classes-kqueue-4.1.104.Final.jar:/Users/wuqisen/.m2/repository/io/netty/netty-resolver-dns-classes-macos/4.1.104.Final/netty-resolver-dns-classes-macos-4.1.104.Final.jar:/Users/wuqisen/.m2/repository/io/netty/netty-transport-native-epoll/4.1.104.Final/netty-transport-native-epoll-4.1.104.Final-linux-x86_64.jar:/Users/wuqisen/.m2/repository/io/netty/netty-transport-native-epoll/4.1.104.Final/netty-transport-native-epoll-4.1.104.Final-linux-aarch_64.jar:/Users/wuqisen/.m2/repository/io/netty/netty-transport-native-epoll/4.1.104.Final/netty-transport-native-epoll-4.1.104.Final-linux-riscv64.jar:/Users/wuqisen/.m2/repository/io/netty/netty-transport-native-kqueue/4.1.104.Final/netty-transport-native-kqueue-4.1.104.Final-osx-x86_64.jar:/Users/wuqisen/.m2/repository/io/netty/netty-transport-native-kqueue/4.1.104.Final/netty-transport-native-kqueue-4.1.104.Final-osx-aarch_64.jar:/Users/wuqisen/.m2/repository/io/netty/netty-resolver-dns-native-macos/4.1.104.Final/netty-resolver-dns-native-macos-4.1.104.Final-osx-x86_64.jar:/Users/wuqisen/.m2/repository/io/netty/netty-resolver-dns-native-macos/4.1.104.Final/netty-resolver-dns-native-macos-4.1.104.Final-osx-aarch_64.jar:/Users/wuqisen/.m2/repository/org/lz4/lz4-java/1.8.0/lz4-java-1.8.0.jar:/Users/wuqisen/.m2/repository/org/xerial/snappy/snappy-java/1.1.10.4/snappy-java-1.1.10.4.jar:/Users/wuqisen/.m2/repository/org/junit/jupiter/junit-jupiter/5.10.1/junit-jupiter-5.10.1.jar:/Users/wuqisen/.m2/repository/org/junit/jupiter/junit-jupiter-api/5.10.1/junit-jupiter-api-5.10.1.jar:/Users/wuqisen/.m2/repository/org/opentest4j/opentest4j/1.3.0/opentest4j-1.3.0.jar:/Users/wuqisen/.m2/repository/org/junit/platform/junit-platform-commons/1.10.1/junit-platform-commons-1.10.1.jar:/Users/wuqisen/.m2/repository/org/apiguardian/apiguardian-api/1.1.2/apiguardian-api-1.1.2.jar:/Users/wuqisen/.m2/repository/org/junit/jupiter/junit-jupiter-params/5.10.1/junit-jupiter-params-5.10.1.jar:/Users/wuqisen/.m2/repository/org/junit/jupiter/junit-jupiter-engine/5.10.1/junit-jupiter-engine-5.10.1.jar:/Users/wuqisen/.m2/repository/org/junit/platform/junit-platform-engine/1.10.1/junit-platform-engine-1.10.1.jar:/Users/wuqisen/.m2/repository/org/assertj/assertj-core/3.24.2/assertj-core-3.24.2.jar:/Users/wuqisen/.m2/repository/net/bytebuddy/byte-buddy/1.12.21/byte-buddy-1.12.21.jar:"/>
    <property name="sun.cpu.endian" value="little"/>
    <property name="user.home" value="/Users/wuqisen"/>
    <property name="user.language" value="zh"/>
    <property name="java.specification.vendor" value="Oracle Corporation"/>
    <property name="java.version.date" value="2024-04-16"/>
    <property name="java.home" value="/Users/wuqisen/.sdkman/candidates/java/17.0.11-tem"/>
    <property name="file.separator" value="/"/>
    <property name="style.color" value="always"/>
    <property name="basedir" value="/Users/wuqisen/Desktop/learning/ZephyrMQ/zephyr-storage"/>
    <property name="java.vm.compressedOopsMode" value="Zero based"/>
    <property name="line.separator" value="&#10;"/>
    <property name="java.vm.specification.vendor" value="Oracle Corporation"/>
    <property name="java.specification.name" value="Java Platform API Specification"/>
    <property name="surefire.real.class.path" value="/Users/wuqisen/Desktop/learning/ZephyrMQ/zephyr-storage/target/surefire/surefirebooter-20250926180642058_3.jar"/>
    <property name="user.script" value="Hans"/>
    <property name="sun.management.compiler" value="HotSpot 64-Bit Tiered Compilers"/>
    <property name="java.runtime.version" value="17.0.11+9"/>
    <property name="user.name" value="wuqisen"/>
    <property name="path.separator" value=":"/>
    <property name="os.version" value="15.5"/>
    <property name="java.runtime.name" value="OpenJDK Runtime Environment"/>
    <property name="file.encoding" value="UTF-8"/>
    <property name="java.vm.name" value="OpenJDK 64-Bit Server VM"/>
    <property name="java.vendor.version" value="Temurin-17.0.11+9"/>
    <property name="maven.ext.class.path" value="/Applications/IntelliJ IDEA.app/Contents/plugins/maven/lib/maven-event-listener.jar"/>
    <property name="localRepository" value="/Users/wuqisen/.m2/repository"/>
    <property name="java.vendor.url.bug" value="https://github.com/adoptium/adoptium-support/issues"/>
    <property name="java.io.tmpdir" value="/var/folders/d2/cks3ws395mbfrs2rm3yjvw8h0000gn/T/"/>
    <property name="idea.version" value="2025.2.1"/>
    <property name="java.version" value="17.0.11"/>
    <property name="user.dir" value="/Users/wuqisen/Desktop/learning/ZephyrMQ/zephyr-storage"/>
    <property name="os.arch" value="aarch64"/>
    <property name="jansi.passthrough" value="true"/>
    <property name="java.vm.specification.name" value="Java Virtual Machine Specification"/>
    <property name="native.encoding" value="UTF-8"/>
    <property name="java.library.path" value="/Users/wuqisen/Library/Java/Extensions:/Library/Java/Extensions:/Network/Library/Java/Extensions:/System/Library/Java/Extensions:/usr/lib/java:."/>
    <property name="java.vm.info" value="mixed mode"/>
    <property name="java.vendor" value="Eclipse Adoptium"/>
    <property name="java.vm.version" value="17.0.11+9"/>
    <property name="sun.io.unicode.encoding" value="UnicodeBig"/>
    <property name="maven.repo.local" value="/Users/wuqisen/.m2/repository"/>
    <property name="java.class.version" value="61.0"/>
  </properties>
  <testcase name="testDeserializeEmptyData" classname="com.zephyr.storage.index.SparseIndexTest" time="0.002">
    <system-out><![CDATA[18:06:43.091 [main] INFO com.zephyr.storage.index.SparseIndex - SparseIndex initialized: interval=10, maxEntries=1000
]]></system-out>
  </testcase>
  <testcase name="testIndexCleanup" classname="com.zephyr.storage.index.SparseIndexTest" time="0.003">
    <system-out><![CDATA[18:06:43.092 [main] INFO com.zephyr.storage.index.SparseIndex - SparseIndex initialized: interval=10, maxEntries=1000
18:06:43.092 [main] INFO com.zephyr.storage.index.SparseIndex - SparseIndex initialized: interval=1, maxEntries=100
18:06:43.094 [main] DEBUG com.zephyr.storage.index.SparseIndex - Added index entry: IndexEntry{logical=0, physical=1000, timestamp=1000000, size=100, topic='TestTopic', queueId=0}
18:06:43.094 [main] DEBUG com.zephyr.storage.index.SparseIndex - Added index entry: IndexEntry{logical=1, physical=1100, timestamp=1001000, size=100, topic='TestTopic', queueId=0}
18:06:43.094 [main] DEBUG com.zephyr.storage.index.SparseIndex - Added index entry: IndexEntry{logical=2, physical=1200, timestamp=1002000, size=100, topic='TestTopic', queueId=0}
18:06:43.094 [main] DEBUG com.zephyr.storage.index.SparseIndex - Added index entry: IndexEntry{logical=3, physical=1300, timestamp=1003000, size=100, topic='TestTopic', queueId=0}
18:06:43.094 [main] DEBUG com.zephyr.storage.index.SparseIndex - Added index entry: IndexEntry{logical=4, physical=1400, timestamp=1004000, size=100, topic='TestTopic', queueId=0}
18:06:43.094 [main] DEBUG com.zephyr.storage.index.SparseIndex - Added index entry: IndexEntry{logical=5, physical=1500, timestamp=1005000, size=100, topic='TestTopic', queueId=0}
18:06:43.094 [main] DEBUG com.zephyr.storage.index.SparseIndex - Added index entry: IndexEntry{logical=6, physical=1600, timestamp=1006000, size=100, topic='TestTopic', queueId=0}
18:06:43.094 [main] DEBUG com.zephyr.storage.index.SparseIndex - Added index entry: IndexEntry{logical=7, physical=1700, timestamp=1007000, size=100, topic='TestTopic', queueId=0}
18:06:43.094 [main] DEBUG com.zephyr.storage.index.SparseIndex - Added index entry: IndexEntry{logical=8, physical=1800, timestamp=1008000, size=100, topic='TestTopic', queueId=0}
18:06:43.094 [main] DEBUG com.zephyr.storage.index.SparseIndex - Added index entry: IndexEntry{logical=9, physical=1900, timestamp=1009000, size=100, topic='TestTopic', queueId=0}
18:06:43.094 [main] DEBUG com.zephyr.storage.index.SparseIndex - Added index entry: IndexEntry{logical=10, physical=2000, timestamp=1010000, size=100, topic='TestTopic', queueId=0}
18:06:43.095 [main] DEBUG com.zephyr.storage.index.SparseIndex - Added index entry: IndexEntry{logical=11, physical=2100, timestamp=1011000, size=100, topic='TestTopic', queueId=0}
18:06:43.095 [main] DEBUG com.zephyr.storage.index.SparseIndex - Added index entry: IndexEntry{logical=12, physical=2200, timestamp=1012000, size=100, topic='TestTopic', queueId=0}
18:06:43.095 [main] DEBUG com.zephyr.storage.index.SparseIndex - Added index entry: IndexEntry{logical=13, physical=2300, timestamp=1013000, size=100, topic='TestTopic', queueId=0}
18:06:43.095 [main] DEBUG com.zephyr.storage.index.SparseIndex - Added index entry: IndexEntry{logical=14, physical=2400, timestamp=1014000, size=100, topic='TestTopic', queueId=0}
18:06:43.095 [main] DEBUG com.zephyr.storage.index.SparseIndex - Added index entry: IndexEntry{logical=15, physical=2500, timestamp=1015000, size=100, topic='TestTopic', queueId=0}
18:06:43.095 [main] DEBUG com.zephyr.storage.index.SparseIndex - Added index entry: IndexEntry{logical=16, physical=2600, timestamp=1016000, size=100, topic='TestTopic', queueId=0}
18:06:43.095 [main] DEBUG com.zephyr.storage.index.SparseIndex - Added index entry: IndexEntry{logical=17, physical=2700, timestamp=1017000, size=100, topic='TestTopic', queueId=0}
18:06:43.095 [main] DEBUG com.zephyr.storage.index.SparseIndex - Added index entry: IndexEntry{logical=18, physical=2800, timestamp=1018000, size=100, topic='TestTopic', queueId=0}
18:06:43.095 [main] DEBUG com.zephyr.storage.index.SparseIndex - Added index entry: IndexEntry{logical=19, physical=2900, timestamp=1019000, size=100, topic='TestTopic', queueId=0}
]]></system-out>
  </testcase>
  <testcase name="testBasicIndexAddAndQuery" classname="com.zephyr.storage.index.SparseIndexTest" time="0.001">
    <system-out><![CDATA[18:06:43.096 [main] INFO com.zephyr.storage.index.SparseIndex - SparseIndex initialized: interval=10, maxEntries=1000
18:06:43.096 [main] DEBUG com.zephyr.storage.index.SparseIndex - Added index entry: IndexEntry{logical=0, physical=1000, timestamp=1000000, size=100, topic='TestTopic', queueId=0}
18:06:43.096 [main] DEBUG com.zephyr.storage.index.SparseIndex - Added index entry: IndexEntry{logical=10, physical=2000, timestamp=1001000, size=120, topic='TestTopic', queueId=0}
18:06:43.096 [main] DEBUG com.zephyr.storage.index.SparseIndex - Added index entry: IndexEntry{logical=20, physical=3000, timestamp=1002000, size=110, topic='TestTopic', queueId=1}
18:06:43.096 [main] DEBUG com.zephyr.storage.index.SparseIndex - Index hit for logical offset 15: IndexEntry{logical=10, physical=2000, timestamp=1001000, size=120, topic='TestTopic', queueId=0}
18:06:43.096 [main] DEBUG com.zephyr.storage.index.SparseIndex - Index hit for physical offset 2500: IndexEntry{logical=10, physical=2000, timestamp=1001000, size=120, topic='TestTopic', queueId=0}
18:06:43.096 [main] DEBUG com.zephyr.storage.index.SparseIndex - Index hit for timestamp 1001500: IndexEntry{logical=10, physical=2000, timestamp=1001000, size=120, topic='TestTopic', queueId=0}
]]></system-out>
  </testcase>
  <testcase name="testClearIndex" classname="com.zephyr.storage.index.SparseIndexTest" time="0.001">
    <system-out><![CDATA[18:06:43.097 [main] INFO com.zephyr.storage.index.SparseIndex - SparseIndex initialized: interval=10, maxEntries=1000
18:06:43.097 [main] DEBUG com.zephyr.storage.index.SparseIndex - Added index entry: IndexEntry{logical=0, physical=1000, timestamp=1000000, size=100, topic='TestTopic', queueId=0}
18:06:43.097 [main] DEBUG com.zephyr.storage.index.SparseIndex - Added index entry: IndexEntry{logical=10, physical=2000, timestamp=1001000, size=100, topic='TestTopic', queueId=0}
18:06:43.097 [main] DEBUG com.zephyr.storage.index.SparseIndex - Index hit for logical offset 5: IndexEntry{logical=0, physical=1000, timestamp=1000000, size=100, topic='TestTopic', queueId=0}
18:06:43.097 [main] INFO com.zephyr.storage.index.SparseIndex - SparseIndex cleared
]]></system-out>
  </testcase>
  <testcase name="testIndexSerialization" classname="com.zephyr.storage.index.SparseIndexTest" time="0.001">
    <system-out><![CDATA[18:06:43.097 [main] INFO com.zephyr.storage.index.SparseIndex - SparseIndex initialized: interval=10, maxEntries=1000
18:06:43.097 [main] DEBUG com.zephyr.storage.index.SparseIndex - Added index entry: IndexEntry{logical=0, physical=1000, timestamp=1000000, size=100, topic='TestTopic1', queueId=0}
18:06:43.097 [main] DEBUG com.zephyr.storage.index.SparseIndex - Added index entry: IndexEntry{logical=10, physical=2000, timestamp=1001000, size=120, topic='TestTopic2', queueId=1}
18:06:43.097 [main] DEBUG com.zephyr.storage.index.SparseIndex - Added index entry: IndexEntry{logical=20, physical=3000, timestamp=1002000, size=110, topic='LongTopicName', queueId=2}
18:06:43.098 [main] INFO com.zephyr.storage.index.SparseIndex - Serialized 3 index entries to 145 bytes
18:06:43.098 [main] INFO com.zephyr.storage.index.SparseIndex - SparseIndex initialized: interval=10, maxEntries=1000
18:06:43.098 [main] INFO com.zephyr.storage.index.SparseIndex - SparseIndex cleared
18:06:43.098 [main] INFO com.zephyr.storage.index.SparseIndex - Deserializing 3 index entries from 145 bytes
18:06:43.098 [main] INFO com.zephyr.storage.index.SparseIndex - Successfully deserialized 3 index entries
18:06:43.098 [main] DEBUG com.zephyr.storage.index.SparseIndex - Index hit for logical offset 15: IndexEntry{logical=10, physical=2000, timestamp=1001000, size=120, topic='TestTopic2', queueId=1}
]]></system-out>
  </testcase>
  <testcase name="testLargeDataPerformance" classname="com.zephyr.storage.index.SparseIndexTest" time="0.031">
    <system-out><![CDATA[18:06:43.098 [main] INFO com.zephyr.storage.index.SparseIndex - SparseIndex initialized: interval=10, maxEntries=1000
18:06:43.098 [main] INFO com.zephyr.storage.index.SparseIndex - SparseIndex initialized: interval=100, maxEntries=200
18:06:43.098 [main] DEBUG com.zephyr.storage.index.SparseIndex - Added index entry: IndexEntry{logical=0, physical=1000, timestamp=1000000, size=100, topic='TestTopic', queueId=0}
18:06:43.098 [main] DEBUG com.zephyr.storage.index.SparseIndex - Added index entry: IndexEntry{logical=100, physical=11000, timestamp=1100000, size=100, topic='TestTopic', queueId=0}
18:06:43.098 [main] DEBUG com.zephyr.storage.index.SparseIndex - Added index entry: IndexEntry{logical=200, physical=21000, timestamp=1200000, size=100, topic='TestTopic', queueId=0}
18:06:43.099 [main] DEBUG com.zephyr.storage.index.SparseIndex - Added index entry: IndexEntry{logical=300, physical=31000, timestamp=1300000, size=100, topic='TestTopic', queueId=0}
18:06:43.099 [main] DEBUG com.zephyr.storage.index.SparseIndex - Added index entry: IndexEntry{logical=400, physical=41000, timestamp=1400000, size=100, topic='TestTopic', queueId=0}
18:06:43.099 [main] DEBUG com.zephyr.storage.index.SparseIndex - Added index entry: IndexEntry{logical=500, physical=51000, timestamp=1500000, size=100, topic='TestTopic', queueId=0}
18:06:43.099 [main] DEBUG com.zephyr.storage.index.SparseIndex - Added index entry: IndexEntry{logical=600, physical=61000, timestamp=1600000, size=100, topic='TestTopic', queueId=0}
18:06:43.099 [main] DEBUG com.zephyr.storage.index.SparseIndex - Added index entry: IndexEntry{logical=700, physical=71000, timestamp=1700000, size=100, topic='TestTopic', queueId=0}
18:06:43.099 [main] DEBUG com.zephyr.storage.index.SparseIndex - Added index entry: IndexEntry{logical=800, physical=81000, timestamp=1800000, size=100, topic='TestTopic', queueId=0}
18:06:43.099 [main] DEBUG com.zephyr.storage.index.SparseIndex - Added index entry: IndexEntry{logical=900, physical=91000, timestamp=1900000, size=100, topic='TestTopic', queueId=0}
18:06:43.099 [main] DEBUG com.zephyr.storage.index.SparseIndex - Added index entry: IndexEntry{logical=1000, physical=101000, timestamp=2000000, size=100, topic='TestTopic', queueId=0}
18:06:43.099 [main] DEBUG com.zephyr.storage.index.SparseIndex - Added index entry: IndexEntry{logical=1100, physical=111000, timestamp=2100000, size=100, topic='TestTopic', queueId=0}
18:06:43.099 [main] DEBUG com.zephyr.storage.index.SparseIndex - Added index entry: IndexEntry{logical=1200, physical=121000, timestamp=2200000, size=100, topic='TestTopic', queueId=0}
18:06:43.099 [main] DEBUG com.zephyr.storage.index.SparseIndex - Added index entry: IndexEntry{logical=1300, physical=131000, timestamp=2300000, size=100, topic='TestTopic', queueId=0}
18:06:43.099 [main] DEBUG com.zephyr.storage.index.SparseIndex - Added index entry: IndexEntry{logical=1400, physical=141000, timestamp=2400000, size=100, topic='TestTopic', queueId=0}
18:06:43.099 [main] DEBUG com.zephyr.storage.index.SparseIndex - Added index entry: IndexEntry{logical=1500, physical=151000, timestamp=2500000, size=100, topic='TestTopic', queueId=0}
18:06:43.099 [main] DEBUG com.zephyr.storage.index.SparseIndex - Added index entry: IndexEntry{logical=1600, physical=161000, timestamp=2600000, size=100, topic='TestTopic', queueId=0}
18:06:43.100 [main] DEBUG com.zephyr.storage.index.SparseIndex - Added index entry: IndexEntry{logical=1700, physical=171000, timestamp=2700000, size=100, topic='TestTopic', queueId=0}
18:06:43.100 [main] DEBUG com.zephyr.storage.index.SparseIndex - Added index entry: IndexEntry{logical=1800, physical=181000, timestamp=2800000, size=100, topic='TestTopic', queueId=0}
18:06:43.100 [main] DEBUG com.zephyr.storage.index.SparseIndex - Added index entry: IndexEntry{logical=1900, physical=191000, timestamp=2900000, size=100, topic='TestTopic', queueId=0}
18:06:43.100 [main] DEBUG com.zephyr.storage.index.SparseIndex - Added index entry: IndexEntry{logical=2000, physical=201000, timestamp=3000000, size=100, topic='TestTopic', queueId=0}
18:06:43.100 [main] DEBUG com.zephyr.storage.index.SparseIndex - Added index entry: IndexEntry{logical=2100, physical=211000, timestamp=3100000, size=100, topic='TestTopic', queueId=0}
18:06:43.100 [main] DEBUG com.zephyr.storage.index.SparseIndex - Added index entry: IndexEntry{logical=2200, physical=221000, timestamp=3200000, size=100, topic='TestTopic', queueId=0}
18:06:43.100 [main] DEBUG com.zephyr.storage.index.SparseIndex - Added index entry: IndexEntry{logical=2300, physical=231000, timestamp=3300000, size=100, topic='TestTopic', queueId=0}
18:06:43.100 [main] DEBUG com.zephyr.storage.index.SparseIndex - Added index entry: IndexEntry{logical=2400, physical=241000, timestamp=3400000, size=100, topic='TestTopic', queueId=0}
18:06:43.100 [main] DEBUG com.zephyr.storage.index.SparseIndex - Added index entry: IndexEntry{logical=2500, physical=251000, timestamp=3500000, size=100, topic='TestTopic', queueId=0}
18:06:43.100 [main] DEBUG com.zephyr.storage.index.SparseIndex - Added index entry: IndexEntry{logical=2600, physical=261000, timestamp=3600000, size=100, topic='TestTopic', queueId=0}
18:06:43.100 [main] DEBUG com.zephyr.storage.index.SparseIndex - Added index entry: IndexEntry{logical=2700, physical=271000, timestamp=3700000, size=100, topic='TestTopic', queueId=0}
18:06:43.100 [main] DEBUG com.zephyr.storage.index.SparseIndex - Added index entry: IndexEntry{logical=2800, physical=281000, timestamp=3800000, size=100, topic='TestTopic', queueId=0}
18:06:43.100 [main] DEBUG com.zephyr.storage.index.SparseIndex - Added index entry: IndexEntry{logical=2900, physical=291000, timestamp=3900000, size=100, topic='TestTopic', queueId=0}
18:06:43.100 [main] DEBUG com.zephyr.storage.index.SparseIndex - Added index entry: IndexEntry{logical=3000, physical=301000, timestamp=4000000, size=100, topic='TestTopic', queueId=0}
18:06:43.100 [main] DEBUG com.zephyr.storage.index.SparseIndex - Added index entry: IndexEntry{logical=3100, physical=311000, timestamp=4100000, size=100, topic='TestTopic', queueId=0}
18:06:43.100 [main] DEBUG com.zephyr.storage.index.SparseIndex - Added index entry: IndexEntry{logical=3200, physical=321000, timestamp=4200000, size=100, topic='TestTopic', queueId=0}
18:06:43.100 [main] DEBUG com.zephyr.storage.index.SparseIndex - Added index entry: IndexEntry{logical=3300, physical=331000, timestamp=4300000, size=100, topic='TestTopic', queueId=0}
18:06:43.100 [main] DEBUG com.zephyr.storage.index.SparseIndex - Added index entry: IndexEntry{logical=3400, physical=341000, timestamp=4400000, size=100, topic='TestTopic', queueId=0}
18:06:43.100 [main] DEBUG com.zephyr.storage.index.SparseIndex - Added index entry: IndexEntry{logical=3500, physical=351000, timestamp=4500000, size=100, topic='TestTopic', queueId=0}
18:06:43.100 [main] DEBUG com.zephyr.storage.index.SparseIndex - Added index entry: IndexEntry{logical=3600, physical=361000, timestamp=4600000, size=100, topic='TestTopic', queueId=0}
18:06:43.100 [main] DEBUG com.zephyr.storage.index.SparseIndex - Added index entry: IndexEntry{logical=3700, physical=371000, timestamp=4700000, size=100, topic='TestTopic', queueId=0}
18:06:43.101 [main] DEBUG com.zephyr.storage.index.SparseIndex - Added index entry: IndexEntry{logical=3800, physical=381000, timestamp=4800000, size=100, topic='TestTopic', queueId=0}
18:06:43.101 [main] DEBUG com.zephyr.storage.index.SparseIndex - Added index entry: IndexEntry{logical=3900, physical=391000, timestamp=4900000, size=100, topic='TestTopic', queueId=0}
18:06:43.101 [main] DEBUG com.zephyr.storage.index.SparseIndex - Added index entry: IndexEntry{logical=4000, physical=401000, timestamp=5000000, size=100, topic='TestTopic', queueId=0}
18:06:43.101 [main] DEBUG com.zephyr.storage.index.SparseIndex - Added index entry: IndexEntry{logical=4100, physical=411000, timestamp=5100000, size=100, topic='TestTopic', queueId=0}
18:06:43.101 [main] DEBUG com.zephyr.storage.index.SparseIndex - Added index entry: IndexEntry{logical=4200, physical=421000, timestamp=5200000, size=100, topic='TestTopic', queueId=0}
18:06:43.101 [main] DEBUG com.zephyr.storage.index.SparseIndex - Added index entry: IndexEntry{logical=4300, physical=431000, timestamp=5300000, size=100, topic='TestTopic', queueId=0}
18:06:43.101 [main] DEBUG com.zephyr.storage.index.SparseIndex - Added index entry: IndexEntry{logical=4400, physical=441000, timestamp=5400000, size=100, topic='TestTopic', queueId=0}
18:06:43.101 [main] DEBUG com.zephyr.storage.index.SparseIndex - Added index entry: IndexEntry{logical=4500, physical=451000, timestamp=5500000, size=100, topic='TestTopic', queueId=0}
18:06:43.101 [main] DEBUG com.zephyr.storage.index.SparseIndex - Added index entry: IndexEntry{logical=4600, physical=461000, timestamp=5600000, size=100, topic='TestTopic', queueId=0}
18:06:43.101 [main] DEBUG com.zephyr.storage.index.SparseIndex - Added index entry: IndexEntry{logical=4700, physical=471000, timestamp=5700000, size=100, topic='TestTopic', queueId=0}
18:06:43.101 [main] DEBUG com.zephyr.storage.index.SparseIndex - Added index entry: IndexEntry{logical=4800, physical=481000, timestamp=5800000, size=100, topic='TestTopic', queueId=0}
18:06:43.101 [main] DEBUG com.zephyr.storage.index.SparseIndex - Added index entry: IndexEntry{logical=4900, physical=491000, timestamp=5900000, size=100, topic='TestTopic', queueId=0}
18:06:43.101 [main] DEBUG com.zephyr.storage.index.SparseIndex - Added index entry: IndexEntry{logical=5000, physical=501000, timestamp=6000000, size=100, topic='TestTopic', queueId=0}
18:06:43.101 [main] DEBUG com.zephyr.storage.index.SparseIndex - Added index entry: IndexEntry{logical=5100, physical=511000, timestamp=6100000, size=100, topic='TestTopic', queueId=0}
18:06:43.101 [main] DEBUG com.zephyr.storage.index.SparseIndex - Added index entry: IndexEntry{logical=5200, physical=521000, timestamp=6200000, size=100, topic='TestTopic', queueId=0}
18:06:43.101 [main] DEBUG com.zephyr.storage.index.SparseIndex - Added index entry: IndexEntry{logical=5300, physical=531000, timestamp=6300000, size=100, topic='TestTopic', queueId=0}
18:06:43.101 [main] DEBUG com.zephyr.storage.index.SparseIndex - Added index entry: IndexEntry{logical=5400, physical=541000, timestamp=6400000, size=100, topic='TestTopic', queueId=0}
18:06:43.101 [main] DEBUG com.zephyr.storage.index.SparseIndex - Added index entry: IndexEntry{logical=5500, physical=551000, timestamp=6500000, size=100, topic='TestTopic', queueId=0}
18:06:43.101 [main] DEBUG com.zephyr.storage.index.SparseIndex - Added index entry: IndexEntry{logical=5600, physical=561000, timestamp=6600000, size=100, topic='TestTopic', queueId=0}
18:06:43.101 [main] DEBUG com.zephyr.storage.index.SparseIndex - Added index entry: IndexEntry{logical=5700, physical=571000, timestamp=6700000, size=100, topic='TestTopic', queueId=0}
18:06:43.101 [main] DEBUG com.zephyr.storage.index.SparseIndex - Added index entry: IndexEntry{logical=5800, physical=581000, timestamp=6800000, size=100, topic='TestTopic', queueId=0}
18:06:43.101 [main] DEBUG com.zephyr.storage.index.SparseIndex - Added index entry: IndexEntry{logical=5900, physical=591000, timestamp=6900000, size=100, topic='TestTopic', queueId=0}
18:06:43.102 [main] DEBUG com.zephyr.storage.index.SparseIndex - Added index entry: IndexEntry{logical=6000, physical=601000, timestamp=7000000, size=100, topic='TestTopic', queueId=0}
18:06:43.102 [main] DEBUG com.zephyr.storage.index.SparseIndex - Added index entry: IndexEntry{logical=6100, physical=611000, timestamp=7100000, size=100, topic='TestTopic', queueId=0}
18:06:43.102 [main] DEBUG com.zephyr.storage.index.SparseIndex - Added index entry: IndexEntry{logical=6200, physical=621000, timestamp=7200000, size=100, topic='TestTopic', queueId=0}
18:06:43.102 [main] DEBUG com.zephyr.storage.index.SparseIndex - Added index entry: IndexEntry{logical=6300, physical=631000, timestamp=7300000, size=100, topic='TestTopic', queueId=0}
18:06:43.102 [main] DEBUG com.zephyr.storage.index.SparseIndex - Added index entry: IndexEntry{logical=6400, physical=641000, timestamp=7400000, size=100, topic='TestTopic', queueId=0}
18:06:43.102 [main] DEBUG com.zephyr.storage.index.SparseIndex - Added index entry: IndexEntry{logical=6500, physical=651000, timestamp=7500000, size=100, topic='TestTopic', queueId=0}
18:06:43.102 [main] DEBUG com.zephyr.storage.index.SparseIndex - Added index entry: IndexEntry{logical=6600, physical=661000, timestamp=7600000, size=100, topic='TestTopic', queueId=0}
18:06:43.102 [main] DEBUG com.zephyr.storage.index.SparseIndex - Added index entry: IndexEntry{logical=6700, physical=671000, timestamp=7700000, size=100, topic='TestTopic', queueId=0}
18:06:43.102 [main] DEBUG com.zephyr.storage.index.SparseIndex - Added index entry: IndexEntry{logical=6800, physical=681000, timestamp=7800000, size=100, topic='TestTopic', queueId=0}
18:06:43.102 [main] DEBUG com.zephyr.storage.index.SparseIndex - Added index entry: IndexEntry{logical=6900, physical=691000, timestamp=7900000, size=100, topic='TestTopic', queueId=0}
18:06:43.102 [main] DEBUG com.zephyr.storage.index.SparseIndex - Added index entry: IndexEntry{logical=7000, physical=701000, timestamp=8000000, size=100, topic='TestTopic', queueId=0}
18:06:43.102 [main] DEBUG com.zephyr.storage.index.SparseIndex - Added index entry: IndexEntry{logical=7100, physical=711000, timestamp=8100000, size=100, topic='TestTopic', queueId=0}
18:06:43.102 [main] DEBUG com.zephyr.storage.index.SparseIndex - Added index entry: IndexEntry{logical=7200, physical=721000, timestamp=8200000, size=100, topic='TestTopic', queueId=0}
18:06:43.102 [main] DEBUG com.zephyr.storage.index.SparseIndex - Added index entry: IndexEntry{logical=7300, physical=731000, timestamp=8300000, size=100, topic='TestTopic', queueId=0}
18:06:43.102 [main] DEBUG com.zephyr.storage.index.SparseIndex - Added index entry: IndexEntry{logical=7400, physical=741000, timestamp=8400000, size=100, topic='TestTopic', queueId=0}
18:06:43.102 [main] DEBUG com.zephyr.storage.index.SparseIndex - Added index entry: IndexEntry{logical=7500, physical=751000, timestamp=8500000, size=100, topic='TestTopic', queueId=0}
18:06:43.102 [main] DEBUG com.zephyr.storage.index.SparseIndex - Added index entry: IndexEntry{logical=7600, physical=761000, timestamp=8600000, size=100, topic='TestTopic', queueId=0}
18:06:43.102 [main] DEBUG com.zephyr.storage.index.SparseIndex - Added index entry: IndexEntry{logical=7700, physical=771000, timestamp=8700000, size=100, topic='TestTopic', queueId=0}
18:06:43.102 [main] DEBUG com.zephyr.storage.index.SparseIndex - Added index entry: IndexEntry{logical=7800, physical=781000, timestamp=8800000, size=100, topic='TestTopic', queueId=0}
18:06:43.102 [main] DEBUG com.zephyr.storage.index.SparseIndex - Added index entry: IndexEntry{logical=7900, physical=791000, timestamp=8900000, size=100, topic='TestTopic', queueId=0}
18:06:43.102 [main] DEBUG com.zephyr.storage.index.SparseIndex - Added index entry: IndexEntry{logical=8000, physical=801000, timestamp=9000000, size=100, topic='TestTopic', queueId=0}
18:06:43.102 [main] DEBUG com.zephyr.storage.index.SparseIndex - Added index entry: IndexEntry{logical=8100, physical=811000, timestamp=9100000, size=100, topic='TestTopic', queueId=0}
18:06:43.102 [main] DEBUG com.zephyr.storage.index.SparseIndex - Added index entry: IndexEntry{logical=8200, physical=821000, timestamp=9200000, size=100, topic='TestTopic', queueId=0}
18:06:43.102 [main] DEBUG com.zephyr.storage.index.SparseIndex - Added index entry: IndexEntry{logical=8300, physical=831000, timestamp=9300000, size=100, topic='TestTopic', queueId=0}
18:06:43.102 [main] DEBUG com.zephyr.storage.index.SparseIndex - Added index entry: IndexEntry{logical=8400, physical=841000, timestamp=9400000, size=100, topic='TestTopic', queueId=0}
18:06:43.103 [main] DEBUG com.zephyr.storage.index.SparseIndex - Added index entry: IndexEntry{logical=8500, physical=851000, timestamp=9500000, size=100, topic='TestTopic', queueId=0}
18:06:43.103 [main] DEBUG com.zephyr.storage.index.SparseIndex - Added index entry: IndexEntry{logical=8600, physical=861000, timestamp=9600000, size=100, topic='TestTopic', queueId=0}
18:06:43.103 [main] DEBUG com.zephyr.storage.index.SparseIndex - Added index entry: IndexEntry{logical=8700, physical=871000, timestamp=9700000, size=100, topic='TestTopic', queueId=0}
18:06:43.103 [main] DEBUG com.zephyr.storage.index.SparseIndex - Added index entry: IndexEntry{logical=8800, physical=881000, timestamp=9800000, size=100, topic='TestTopic', queueId=0}
18:06:43.103 [main] DEBUG com.zephyr.storage.index.SparseIndex - Added index entry: IndexEntry{logical=8900, physical=891000, timestamp=9900000, size=100, topic='TestTopic', queueId=0}
18:06:43.103 [main] DEBUG com.zephyr.storage.index.SparseIndex - Added index entry: IndexEntry{logical=9000, physical=901000, timestamp=10000000, size=100, topic='TestTopic', queueId=0}
18:06:43.103 [main] DEBUG com.zephyr.storage.index.SparseIndex - Added index entry: IndexEntry{logical=9100, physical=911000, timestamp=10100000, size=100, topic='TestTopic', queueId=0}
18:06:43.103 [main] DEBUG com.zephyr.storage.index.SparseIndex - Added index entry: IndexEntry{logical=9200, physical=921000, timestamp=10200000, size=100, topic='TestTopic', queueId=0}
18:06:43.103 [main] DEBUG com.zephyr.storage.index.SparseIndex - Added index entry: IndexEntry{logical=9300, physical=931000, timestamp=10300000, size=100, topic='TestTopic', queueId=0}
18:06:43.103 [main] DEBUG com.zephyr.storage.index.SparseIndex - Added index entry: IndexEntry{logical=9400, physical=941000, timestamp=10400000, size=100, topic='TestTopic', queueId=0}
18:06:43.103 [main] DEBUG com.zephyr.storage.index.SparseIndex - Added index entry: IndexEntry{logical=9500, physical=951000, timestamp=10500000, size=100, topic='TestTopic', queueId=0}
18:06:43.103 [main] DEBUG com.zephyr.storage.index.SparseIndex - Added index entry: IndexEntry{logical=9600, physical=961000, timestamp=10600000, size=100, topic='TestTopic', queueId=0}
18:06:43.103 [main] DEBUG com.zephyr.storage.index.SparseIndex - Added index entry: IndexEntry{logical=9700, physical=971000, timestamp=10700000, size=100, topic='TestTopic', queueId=0}
18:06:43.103 [main] DEBUG com.zephyr.storage.index.SparseIndex - Added index entry: IndexEntry{logical=9800, physical=981000, timestamp=10800000, size=100, topic='TestTopic', queueId=0}
18:06:43.103 [main] DEBUG com.zephyr.storage.index.SparseIndex - Added index entry: IndexEntry{logical=9900, physical=991000, timestamp=10900000, size=100, topic='TestTopic', queueId=0}
18:06:43.103 [main] DEBUG com.zephyr.storage.index.SparseIndex - Index hit for logical offset 4272: IndexEntry{logical=4200, physical=421000, timestamp=5200000, size=100, topic='TestTopic', queueId=0}
18:06:43.103 [main] DEBUG com.zephyr.storage.index.SparseIndex - Index hit for logical offset 9145: IndexEntry{logical=9100, physical=911000, timestamp=10100000, size=100, topic='TestTopic', queueId=0}
18:06:43.103 [main] DEBUG com.zephyr.storage.index.SparseIndex - Index hit for logical offset 2784: IndexEntry{logical=2700, physical=271000, timestamp=3700000, size=100, topic='TestTopic', queueId=0}
18:06:43.103 [main] DEBUG com.zephyr.storage.index.SparseIndex - Index hit for logical offset 5661: IndexEntry{logical=5600, physical=561000, timestamp=6600000, size=100, topic='TestTopic', queueId=0}
18:06:43.103 [main] DEBUG com.zephyr.storage.index.SparseIndex - Index hit for logical offset 8732: IndexEntry{logical=8700, physical=871000, timestamp=9700000, size=100, topic='TestTopic', queueId=0}
18:06:43.103 [main] DEBUG com.zephyr.storage.index.SparseIndex - Index hit for logical offset 9274: IndexEntry{logical=9200, physical=921000, timestamp=10200000, size=100, topic='TestTopic', queueId=0}
18:06:43.103 [main] DEBUG com.zephyr.storage.index.SparseIndex - Index hit for logical offset 4642: IndexEntry{logical=4600, physical=461000, timestamp=5600000, size=100, topic='TestTopic', queueId=0}
18:06:43.103 [main] DEBUG com.zephyr.storage.index.SparseIndex - Index hit for logical offset 3419: IndexEntry{logical=3400, physical=341000, timestamp=4400000, size=100, topic='TestTopic', queueId=0}
18:06:43.104 [main] DEBUG com.zephyr.storage.index.SparseIndex - Index hit for logical offset 6529: IndexEntry{logical=6500, physical=651000, timestamp=7500000, size=100, topic='TestTopic', queueId=0}
18:06:43.104 [main] DEBUG com.zephyr.storage.index.SparseIndex - Index hit for logical offset 8074: IndexEntry{logical=8000, physical=801000, timestamp=9000000, size=100, topic='TestTopic', queueId=0}
18:06:43.104 [main] DEBUG com.zephyr.storage.index.SparseIndex - Index hit for logical offset 4967: IndexEntry{logical=4900, physical=491000, timestamp=5900000, size=100, topic='TestTopic', queueId=0}
18:06:43.104 [main] DEBUG com.zephyr.storage.index.SparseIndex - Index hit for logical offset 9642: IndexEntry{logical=9600, physical=961000, timestamp=10600000, size=100, topic='TestTopic', queueId=0}
18:06:43.104 [main] DEBUG com.zephyr.storage.index.SparseIndex - Index hit for logical offset 1606: IndexEntry{logical=1600, physical=161000, timestamp=2600000, size=100, topic='TestTopic', queueId=0}
18:06:43.104 [main] DEBUG com.zephyr.storage.index.SparseIndex - Index hit for logical offset 5863: IndexEntry{logical=5800, physical=581000, timestamp=6800000, size=100, topic='TestTopic', queueId=0}
18:06:43.104 [main] DEBUG com.zephyr.storage.index.SparseIndex - Index hit for logical offset 962: IndexEntry{logical=900, physical=91000, timestamp=1900000, size=100, topic='TestTopic', queueId=0}
18:06:43.104 [main] DEBUG com.zephyr.storage.index.SparseIndex - Index hit for logical offset 9096: IndexEntry{logical=9000, physical=901000, timestamp=10000000, size=100, topic='TestTopic', queueId=0}
18:06:43.104 [main] DEBUG com.zephyr.storage.index.SparseIndex - Index hit for logical offset 242: IndexEntry{logical=200, physical=21000, timestamp=1200000, size=100, topic='TestTopic', queueId=0}
18:06:43.104 [main] DEBUG com.zephyr.storage.index.SparseIndex - Index hit for logical offset 5587: IndexEntry{logical=5500, physical=551000, timestamp=6500000, size=100, topic='TestTopic', queueId=0}
18:06:43.104 [main] DEBUG com.zephyr.storage.index.SparseIndex - Index hit for logical offset 3321: IndexEntry{logical=3300, physical=331000, timestamp=4300000, size=100, topic='TestTopic', queueId=0}
18:06:43.104 [main] DEBUG com.zephyr.storage.index.SparseIndex - Index hit for logical offset 9849: IndexEntry{logical=9800, physical=981000, timestamp=10800000, size=100, topic='TestTopic', queueId=0}
18:06:43.104 [main] DEBUG com.zephyr.storage.index.SparseIndex - Index hit for logical offset 660: IndexEntry{logical=600, physical=61000, timestamp=1600000, size=100, topic='TestTopic', queueId=0}
18:06:43.104 [main] DEBUG com.zephyr.storage.index.SparseIndex - Index hit for logical offset 2805: IndexEntry{logical=2800, physical=281000, timestamp=3800000, size=100, topic='TestTopic', queueId=0}
18:06:43.104 [main] DEBUG com.zephyr.storage.index.SparseIndex - Index hit for logical offset 2318: IndexEntry{logical=2300, physical=231000, timestamp=3300000, size=100, topic='TestTopic', queueId=0}
18:06:43.104 [main] DEBUG com.zephyr.storage.index.SparseIndex - Index hit for logical offset 7431: IndexEntry{logical=7400, physical=741000, timestamp=8400000, size=100, topic='TestTopic', queueId=0}
18:06:43.104 [main] DEBUG com.zephyr.storage.index.SparseIndex - Index hit for logical offset 2267: IndexEntry{logical=2200, physical=221000, timestamp=3200000, size=100, topic='TestTopic', queueId=0}
18:06:43.104 [main] DEBUG com.zephyr.storage.index.SparseIndex - Index hit for logical offset 3439: IndexEntry{logical=3400, physical=341000, timestamp=4400000, size=100, topic='TestTopic', queueId=0}
18:06:43.104 [main] DEBUG com.zephyr.storage.index.SparseIndex - Index hit for logical offset 5482: IndexEntry{logical=5400, physical=541000, timestamp=6400000, size=100, topic='TestTopic', queueId=0}
18:06:43.104 [main] DEBUG com.zephyr.storage.index.SparseIndex - Index hit for logical offset 2282: IndexEntry{logical=2200, physical=221000, timestamp=3200000, size=100, topic='TestTopic', queueId=0}
18:06:43.104 [main] DEBUG com.zephyr.storage.index.SparseIndex - Index hit for logical offset 4654: IndexEntry{logical=4600, physical=461000, timestamp=5600000, size=100, topic='TestTopic', queueId=0}
18:06:43.104 [main] DEBUG com.zephyr.storage.index.SparseIndex - Index hit for logical offset 9143: IndexEntry{logical=9100, physical=911000, timestamp=10100000, size=100, topic='TestTopic', queueId=0}
18:06:43.104 [main] DEBUG com.zephyr.storage.index.SparseIndex - Index hit for logical offset 6541: IndexEntry{logical=6500, physical=651000, timestamp=7500000, size=100, topic='TestTopic', queueId=0}
18:06:43.104 [main] DEBUG com.zephyr.storage.index.SparseIndex - Index hit for logical offset 327: IndexEntry{logical=300, physical=31000, timestamp=1300000, size=100, topic='TestTopic', queueId=0}
18:06:43.104 [main] DEBUG com.zephyr.storage.index.SparseIndex - Index hit for logical offset 2933: IndexEntry{logical=2900, physical=291000, timestamp=3900000, size=100, topic='TestTopic', queueId=0}
18:06:43.104 [main] DEBUG com.zephyr.storage.index.SparseIndex - Index hit for logical offset 2957: IndexEntry{logical=2900, physical=291000, timestamp=3900000, size=100, topic='TestTopic', queueId=0}
18:06:43.104 [main] DEBUG com.zephyr.storage.index.SparseIndex - Index hit for logical offset 2595: IndexEntry{logical=2500, physical=251000, timestamp=3500000, size=100, topic='TestTopic', queueId=0}
18:06:43.104 [main] DEBUG com.zephyr.storage.index.SparseIndex - Index hit for logical offset 1280: IndexEntry{logical=1200, physical=121000, timestamp=2200000, size=100, topic='TestTopic', queueId=0}
18:06:43.104 [main] DEBUG com.zephyr.storage.index.SparseIndex - Index hit for logical offset 6485: IndexEntry{logical=6400, physical=641000, timestamp=7400000, size=100, topic='TestTopic', queueId=0}
18:06:43.104 [main] DEBUG com.zephyr.storage.index.SparseIndex - Index hit for logical offset 7211: IndexEntry{logical=7200, physical=721000, timestamp=8200000, size=100, topic='TestTopic', queueId=0}
18:06:43.104 [main] DEBUG com.zephyr.storage.index.SparseIndex - Index hit for logical offset 2775: IndexEntry{logical=2700, physical=271000, timestamp=3700000, size=100, topic='TestTopic', queueId=0}
18:06:43.104 [main] DEBUG com.zephyr.storage.index.SparseIndex - Index hit for logical offset 5693: IndexEntry{logical=5600, physical=561000, timestamp=6600000, size=100, topic='TestTopic', queueId=0}
18:06:43.104 [main] DEBUG com.zephyr.storage.index.SparseIndex - Index hit for logical offset 2804: IndexEntry{logical=2800, physical=281000, timestamp=3800000, size=100, topic='TestTopic', queueId=0}
18:06:43.104 [main] DEBUG com.zephyr.storage.index.SparseIndex - Index hit for logical offset 1617: IndexEntry{logical=1600, physical=161000, timestamp=2600000, size=100, topic='TestTopic', queueId=0}
18:06:43.104 [main] DEBUG com.zephyr.storage.index.SparseIndex - Index hit for logical offset 6964: IndexEntry{logical=6900, physical=691000, timestamp=7900000, size=100, topic='TestTopic', queueId=0}
18:06:43.104 [main] DEBUG com.zephyr.storage.index.SparseIndex - Index hit for logical offset 9690: IndexEntry{logical=9600, physical=961000, timestamp=10600000, size=100, topic='TestTopic', queueId=0}
18:06:43.105 [main] DEBUG com.zephyr.storage.index.SparseIndex - Index hit for logical offset 6731: IndexEntry{logical=6700, physical=671000, timestamp=7700000, size=100, topic='TestTopic', queueId=0}
18:06:43.105 [main] DEBUG com.zephyr.storage.index.SparseIndex - Index hit for logical offset 1884: IndexEntry{logical=1800, physical=181000, timestamp=2800000, size=100, topic='TestTopic', queueId=0}
18:06:43.105 [main] DEBUG com.zephyr.storage.index.SparseIndex - Index hit for logical offset 7651: IndexEntry{logical=7600, physical=761000, timestamp=8600000, size=100, topic='TestTopic', queueId=0}
18:06:43.105 [main] DEBUG com.zephyr.storage.index.SparseIndex - Index hit for logical offset 5822: IndexEntry{logical=5800, physical=581000, timestamp=6800000, size=100, topic='TestTopic', queueId=0}
18:06:43.105 [main] DEBUG com.zephyr.storage.index.SparseIndex - Index hit for logical offset 8117: IndexEntry{logical=8100, physical=811000, timestamp=9100000, size=100, topic='TestTopic', queueId=0}
18:06:43.105 [main] DEBUG com.zephyr.storage.index.SparseIndex - Index hit for logical offset 8296: IndexEntry{logical=8200, physical=821000, timestamp=9200000, size=100, topic='TestTopic', queueId=0}
18:06:43.105 [main] DEBUG com.zephyr.storage.index.SparseIndex - Index hit for logical offset 1400: IndexEntry{logical=1400, physical=141000, timestamp=2400000, size=100, topic='TestTopic', queueId=0}
18:06:43.105 [main] DEBUG com.zephyr.storage.index.SparseIndex - Index hit for logical offset 9564: IndexEntry{logical=9500, physical=951000, timestamp=10500000, size=100, topic='TestTopic', queueId=0}
18:06:43.105 [main] DEBUG com.zephyr.storage.index.SparseIndex - Index hit for logical offset 7676: IndexEntry{logical=7600, physical=761000, timestamp=8600000, size=100, topic='TestTopic', queueId=0}
18:06:43.105 [main] DEBUG com.zephyr.storage.index.SparseIndex - Index hit for logical offset 9228: IndexEntry{logical=9200, physical=921000, timestamp=10200000, size=100, topic='TestTopic', queueId=0}
18:06:43.105 [main] DEBUG com.zephyr.storage.index.SparseIndex - Index hit for logical offset 9028: IndexEntry{logical=9000, physical=901000, timestamp=10000000, size=100, topic='TestTopic', queueId=0}
18:06:43.105 [main] DEBUG com.zephyr.storage.index.SparseIndex - Index hit for logical offset 3577: IndexEntry{logical=3500, physical=351000, timestamp=4500000, size=100, topic='TestTopic', queueId=0}
18:06:43.105 [main] DEBUG com.zephyr.storage.index.SparseIndex - Index hit for logical offset 1657: IndexEntry{logical=1600, physical=161000, timestamp=2600000, size=100, topic='TestTopic', queueId=0}
18:06:43.105 [main] DEBUG com.zephyr.storage.index.SparseIndex - Index hit for logical offset 6776: IndexEntry{logical=6700, physical=671000, timestamp=7700000, size=100, topic='TestTopic', queueId=0}
18:06:43.105 [main] DEBUG com.zephyr.storage.index.SparseIndex - Index hit for logical offset 5148: IndexEntry{logical=5100, physical=511000, timestamp=6100000, size=100, topic='TestTopic', queueId=0}
18:06:43.105 [main] DEBUG com.zephyr.storage.index.SparseIndex - Index hit for logical offset 6073: IndexEntry{logical=6000, physical=601000, timestamp=7000000, size=100, topic='TestTopic', queueId=0}
18:06:43.105 [main] DEBUG com.zephyr.storage.index.SparseIndex - Index hit for logical offset 841: IndexEntry{logical=800, physical=81000, timestamp=1800000, size=100, topic='TestTopic', queueId=0}
18:06:43.105 [main] DEBUG com.zephyr.storage.index.SparseIndex - Index hit for logical offset 373: IndexEntry{logical=300, physical=31000, timestamp=1300000, size=100, topic='TestTopic', queueId=0}
18:06:43.105 [main] DEBUG com.zephyr.storage.index.SparseIndex - Index hit for logical offset 8444: IndexEntry{logical=8400, physical=841000, timestamp=9400000, size=100, topic='TestTopic', queueId=0}
18:06:43.105 [main] DEBUG com.zephyr.storage.index.SparseIndex - Index hit for logical offset 5341: IndexEntry{logical=5300, physical=531000, timestamp=6300000, size=100, topic='TestTopic', queueId=0}
18:06:43.105 [main] DEBUG com.zephyr.storage.index.SparseIndex - Index hit for logical offset 8316: IndexEntry{logical=8300, physical=831000, timestamp=9300000, size=100, topic='TestTopic', queueId=0}
18:06:43.105 [main] DEBUG com.zephyr.storage.index.SparseIndex - Index hit for logical offset 9564: IndexEntry{logical=9500, physical=951000, timestamp=10500000, size=100, topic='TestTopic', queueId=0}
18:06:43.105 [main] DEBUG com.zephyr.storage.index.SparseIndex - Index hit for logical offset 3762: IndexEntry{logical=3700, physical=371000, timestamp=4700000, size=100, topic='TestTopic', queueId=0}
18:06:43.105 [main] DEBUG com.zephyr.storage.index.SparseIndex - Index hit for logical offset 9845: IndexEntry{logical=9800, physical=981000, timestamp=10800000, size=100, topic='TestTopic', queueId=0}
18:06:43.105 [main] DEBUG com.zephyr.storage.index.SparseIndex - Index hit for logical offset 3520: IndexEntry{logical=3500, physical=351000, timestamp=4500000, size=100, topic='TestTopic', queueId=0}
18:06:43.105 [main] DEBUG com.zephyr.storage.index.SparseIndex - Index hit for logical offset 8931: IndexEntry{logical=8900, physical=891000, timestamp=9900000, size=100, topic='TestTopic', queueId=0}
18:06:43.105 [main] DEBUG com.zephyr.storage.index.SparseIndex - Index hit for logical offset 5896: IndexEntry{logical=5800, physical=581000, timestamp=6800000, size=100, topic='TestTopic', queueId=0}
18:06:43.105 [main] DEBUG com.zephyr.storage.index.SparseIndex - Index hit for logical offset 2154: IndexEntry{logical=2100, physical=211000, timestamp=3100000, size=100, topic='TestTopic', queueId=0}
18:06:43.105 [main] DEBUG com.zephyr.storage.index.SparseIndex - Index hit for logical offset 7106: IndexEntry{logical=7100, physical=711000, timestamp=8100000, size=100, topic='TestTopic', queueId=0}
18:06:43.105 [main] DEBUG com.zephyr.storage.index.SparseIndex - Index hit for logical offset 6610: IndexEntry{logical=6600, physical=661000, timestamp=7600000, size=100, topic='TestTopic', queueId=0}
18:06:43.105 [main] DEBUG com.zephyr.storage.index.SparseIndex - Index hit for logical offset 2831: IndexEntry{logical=2800, physical=281000, timestamp=3800000, size=100, topic='TestTopic', queueId=0}
18:06:43.105 [main] DEBUG com.zephyr.storage.index.SparseIndex - Index hit for logical offset 5403: IndexEntry{logical=5400, physical=541000, timestamp=6400000, size=100, topic='TestTopic', queueId=0}
18:06:43.105 [main] DEBUG com.zephyr.storage.index.SparseIndex - Index hit for logical offset 2329: IndexEntry{logical=2300, physical=231000, timestamp=3300000, size=100, topic='TestTopic', queueId=0}
18:06:43.105 [main] DEBUG com.zephyr.storage.index.SparseIndex - Index hit for logical offset 2772: IndexEntry{logical=2700, physical=271000, timestamp=3700000, size=100, topic='TestTopic', queueId=0}
18:06:43.105 [main] DEBUG com.zephyr.storage.index.SparseIndex - Index hit for logical offset 3099: IndexEntry{logical=3000, physical=301000, timestamp=4000000, size=100, topic='TestTopic', queueId=0}
18:06:43.105 [main] DEBUG com.zephyr.storage.index.SparseIndex - Index hit for logical offset 3011: IndexEntry{logical=3000, physical=301000, timestamp=4000000, size=100, topic='TestTopic', queueId=0}
18:06:43.106 [main] DEBUG com.zephyr.storage.index.SparseIndex - Index hit for logical offset 3873: IndexEntry{logical=3800, physical=381000, timestamp=4800000, size=100, topic='TestTopic', queueId=0}
18:06:43.106 [main] DEBUG com.zephyr.storage.index.SparseIndex - Index hit for logical offset 5984: IndexEntry{logical=5900, physical=591000, timestamp=6900000, size=100, topic='TestTopic', queueId=0}
18:06:43.106 [main] DEBUG com.zephyr.storage.index.SparseIndex - Index hit for logical offset 7923: IndexEntry{logical=7900, physical=791000, timestamp=8900000, size=100, topic='TestTopic', queueId=0}
18:06:43.106 [main] DEBUG com.zephyr.storage.index.SparseIndex - Index hit for logical offset 5918: IndexEntry{logical=5900, physical=591000, timestamp=6900000, size=100, topic='TestTopic', queueId=0}
18:06:43.106 [main] DEBUG com.zephyr.storage.index.SparseIndex - Index hit for logical offset 4278: IndexEntry{logical=4200, physical=421000, timestamp=5200000, size=100, topic='TestTopic', queueId=0}
18:06:43.106 [main] DEBUG com.zephyr.storage.index.SparseIndex - Index hit for logical offset 3493: IndexEntry{logical=3400, physical=341000, timestamp=4400000, size=100, topic='TestTopic', queueId=0}
18:06:43.106 [main] DEBUG com.zephyr.storage.index.SparseIndex - Index hit for logical offset 3840: IndexEntry{logical=3800, physical=381000, timestamp=4800000, size=100, topic='TestTopic', queueId=0}
18:06:43.106 [main] DEBUG com.zephyr.storage.index.SparseIndex - Index hit for logical offset 6744: IndexEntry{logical=6700, physical=671000, timestamp=7700000, size=100, topic='TestTopic', queueId=0}
18:06:43.106 [main] DEBUG com.zephyr.storage.index.SparseIndex - Index hit for logical offset 1484: IndexEntry{logical=1400, physical=141000, timestamp=2400000, size=100, topic='TestTopic', queueId=0}
18:06:43.106 [main] DEBUG com.zephyr.storage.index.SparseIndex - Index hit for logical offset 6076: IndexEntry{logical=6000, physical=601000, timestamp=7000000, size=100, topic='TestTopic', queueId=0}
18:06:43.106 [main] DEBUG com.zephyr.storage.index.SparseIndex - Index hit for logical offset 5636: IndexEntry{logical=5600, physical=561000, timestamp=6600000, size=100, topic='TestTopic', queueId=0}
18:06:43.106 [main] DEBUG com.zephyr.storage.index.SparseIndex - Index hit for logical offset 6964: IndexEntry{logical=6900, physical=691000, timestamp=7900000, size=100, topic='TestTopic', queueId=0}
18:06:43.106 [main] DEBUG com.zephyr.storage.index.SparseIndex - Index hit for logical offset 8379: IndexEntry{logical=8300, physical=831000, timestamp=9300000, size=100, topic='TestTopic', queueId=0}
18:06:43.106 [main] DEBUG com.zephyr.storage.index.SparseIndex - Index hit for logical offset 9381: IndexEntry{logical=9300, physical=931000, timestamp=10300000, size=100, topic='TestTopic', queueId=0}
18:06:43.106 [main] DEBUG com.zephyr.storage.index.SparseIndex - Index hit for logical offset 2572: IndexEntry{logical=2500, physical=251000, timestamp=3500000, size=100, topic='TestTopic', queueId=0}
18:06:43.106 [main] DEBUG com.zephyr.storage.index.SparseIndex - Index hit for logical offset 1441: IndexEntry{logical=1400, physical=141000, timestamp=2400000, size=100, topic='TestTopic', queueId=0}
18:06:43.106 [main] DEBUG com.zephyr.storage.index.SparseIndex - Index hit for logical offset 6722: IndexEntry{logical=6700, physical=671000, timestamp=7700000, size=100, topic='TestTopic', queueId=0}
18:06:43.106 [main] DEBUG com.zephyr.storage.index.SparseIndex - Index hit for logical offset 1412: IndexEntry{logical=1400, physical=141000, timestamp=2400000, size=100, topic='TestTopic', queueId=0}
18:06:43.106 [main] DEBUG com.zephyr.storage.index.SparseIndex - Index hit for logical offset 3141: IndexEntry{logical=3100, physical=311000, timestamp=4100000, size=100, topic='TestTopic', queueId=0}
18:06:43.106 [main] DEBUG com.zephyr.storage.index.SparseIndex - Index hit for logical offset 4467: IndexEntry{logical=4400, physical=441000, timestamp=5400000, size=100, topic='TestTopic', queueId=0}
18:06:43.106 [main] DEBUG com.zephyr.storage.index.SparseIndex - Index hit for logical offset 3282: IndexEntry{logical=3200, physical=321000, timestamp=4200000, size=100, topic='TestTopic', queueId=0}
18:06:43.106 [main] DEBUG com.zephyr.storage.index.SparseIndex - Index hit for logical offset 207: IndexEntry{logical=200, physical=21000, timestamp=1200000, size=100, topic='TestTopic', queueId=0}
18:06:43.106 [main] DEBUG com.zephyr.storage.index.SparseIndex - Index hit for logical offset 4876: IndexEntry{logical=4800, physical=481000, timestamp=5800000, size=100, topic='TestTopic', queueId=0}
18:06:43.106 [main] DEBUG com.zephyr.storage.index.SparseIndex - Index hit for logical offset 2854: IndexEntry{logical=2800, physical=281000, timestamp=3800000, size=100, topic='TestTopic', queueId=0}
18:06:43.106 [main] DEBUG com.zephyr.storage.index.SparseIndex - Index hit for logical offset 5675: IndexEntry{logical=5600, physical=561000, timestamp=6600000, size=100, topic='TestTopic', queueId=0}
18:06:43.106 [main] DEBUG com.zephyr.storage.index.SparseIndex - Index hit for logical offset 6628: IndexEntry{logical=6600, physical=661000, timestamp=7600000, size=100, topic='TestTopic', queueId=0}
18:06:43.106 [main] DEBUG com.zephyr.storage.index.SparseIndex - Index hit for logical offset 6096: IndexEntry{logical=6000, physical=601000, timestamp=7000000, size=100, topic='TestTopic', queueId=0}
18:06:43.106 [main] DEBUG com.zephyr.storage.index.SparseIndex - Index hit for logical offset 4546: IndexEntry{logical=4500, physical=451000, timestamp=5500000, size=100, topic='TestTopic', queueId=0}
18:06:43.106 [main] DEBUG com.zephyr.storage.index.SparseIndex - Index hit for logical offset 8966: IndexEntry{logical=8900, physical=891000, timestamp=9900000, size=100, topic='TestTopic', queueId=0}
18:06:43.106 [main] DEBUG com.zephyr.storage.index.SparseIndex - Index hit for logical offset 4664: IndexEntry{logical=4600, physical=461000, timestamp=5600000, size=100, topic='TestTopic', queueId=0}
18:06:43.106 [main] DEBUG com.zephyr.storage.index.SparseIndex - Index hit for logical offset 5919: IndexEntry{logical=5900, physical=591000, timestamp=6900000, size=100, topic='TestTopic', queueId=0}
18:06:43.106 [main] DEBUG com.zephyr.storage.index.SparseIndex - Index hit for logical offset 5725: IndexEntry{logical=5700, physical=571000, timestamp=6700000, size=100, topic='TestTopic', queueId=0}
18:06:43.106 [main] DEBUG com.zephyr.storage.index.SparseIndex - Index hit for logical offset 1852: IndexEntry{logical=1800, physical=181000, timestamp=2800000, size=100, topic='TestTopic', queueId=0}
18:06:43.106 [main] DEBUG com.zephyr.storage.index.SparseIndex - Index hit for logical offset 5699: IndexEntry{logical=5600, physical=561000, timestamp=6600000, size=100, topic='TestTopic', queueId=0}
18:06:43.106 [main] DEBUG com.zephyr.storage.index.SparseIndex - Index hit for logical offset 7313: IndexEntry{logical=7300, physical=731000, timestamp=8300000, size=100, topic='TestTopic', queueId=0}
18:06:43.106 [main] DEBUG com.zephyr.storage.index.SparseIndex - Index hit for logical offset 5448: IndexEntry{logical=5400, physical=541000, timestamp=6400000, size=100, topic='TestTopic', queueId=0}
18:06:43.106 [main] DEBUG com.zephyr.storage.index.SparseIndex - Index hit for logical offset 2979: IndexEntry{logical=2900, physical=291000, timestamp=3900000, size=100, topic='TestTopic', queueId=0}
18:06:43.106 [main] DEBUG com.zephyr.storage.index.SparseIndex - Index hit for logical offset 3764: IndexEntry{logical=3700, physical=371000, timestamp=4700000, size=100, topic='TestTopic', queueId=0}
18:06:43.106 [main] DEBUG com.zephyr.storage.index.SparseIndex - Index hit for logical offset 5557: IndexEntry{logical=5500, physical=551000, timestamp=6500000, size=100, topic='TestTopic', queueId=0}
18:06:43.106 [main] DEBUG com.zephyr.storage.index.SparseIndex - Index hit for logical offset 4493: IndexEntry{logical=4400, physical=441000, timestamp=5400000, size=100, topic='TestTopic', queueId=0}
18:06:43.106 [main] DEBUG com.zephyr.storage.index.SparseIndex - Index hit for logical offset 3799: IndexEntry{logical=3700, physical=371000, timestamp=4700000, size=100, topic='TestTopic', queueId=0}
18:06:43.107 [main] DEBUG com.zephyr.storage.index.SparseIndex - Index hit for logical offset 5968: IndexEntry{logical=5900, physical=591000, timestamp=6900000, size=100, topic='TestTopic', queueId=0}
18:06:43.107 [main] DEBUG com.zephyr.storage.index.SparseIndex - Index hit for logical offset 1064: IndexEntry{logical=1000, physical=101000, timestamp=2000000, size=100, topic='TestTopic', queueId=0}
18:06:43.107 [main] DEBUG com.zephyr.storage.index.SparseIndex - Index hit for logical offset 4258: IndexEntry{logical=4200, physical=421000, timestamp=5200000, size=100, topic='TestTopic', queueId=0}
18:06:43.107 [main] DEBUG com.zephyr.storage.index.SparseIndex - Index hit for logical offset 4242: IndexEntry{logical=4200, physical=421000, timestamp=5200000, size=100, topic='TestTopic', queueId=0}
18:06:43.107 [main] DEBUG com.zephyr.storage.index.SparseIndex - Index hit for logical offset 6028: IndexEntry{logical=6000, physical=601000, timestamp=7000000, size=100, topic='TestTopic', queueId=0}
18:06:43.107 [main] DEBUG com.zephyr.storage.index.SparseIndex - Index hit for logical offset 1190: IndexEntry{logical=1100, physical=111000, timestamp=2100000, size=100, topic='TestTopic', queueId=0}
18:06:43.107 [main] DEBUG com.zephyr.storage.index.SparseIndex - Index hit for logical offset 2320: IndexEntry{logical=2300, physical=231000, timestamp=3300000, size=100, topic='TestTopic', queueId=0}
18:06:43.107 [main] DEBUG com.zephyr.storage.index.SparseIndex - Index hit for logical offset 1466: IndexEntry{logical=1400, physical=141000, timestamp=2400000, size=100, topic='TestTopic', queueId=0}
18:06:43.107 [main] DEBUG com.zephyr.storage.index.SparseIndex - Index hit for logical offset 9071: IndexEntry{logical=9000, physical=901000, timestamp=10000000, size=100, topic='TestTopic', queueId=0}
18:06:43.107 [main] DEBUG com.zephyr.storage.index.SparseIndex - Index hit for logical offset 411: IndexEntry{logical=400, physical=41000, timestamp=1400000, size=100, topic='TestTopic', queueId=0}
18:06:43.107 [main] DEBUG com.zephyr.storage.index.SparseIndex - Index hit for logical offset 3595: IndexEntry{logical=3500, physical=351000, timestamp=4500000, size=100, topic='TestTopic', queueId=0}
18:06:43.107 [main] DEBUG com.zephyr.storage.index.SparseIndex - Index hit for logical offset 9921: IndexEntry{logical=9900, physical=991000, timestamp=10900000, size=100, topic='TestTopic', queueId=0}
18:06:43.107 [main] DEBUG com.zephyr.storage.index.SparseIndex - Index hit for logical offset 2780: IndexEntry{logical=2700, physical=271000, timestamp=3700000, size=100, topic='TestTopic', queueId=0}
18:06:43.107 [main] DEBUG com.zephyr.storage.index.SparseIndex - Index hit for logical offset 2029: IndexEntry{logical=2000, physical=201000, timestamp=3000000, size=100, topic='TestTopic', queueId=0}
18:06:43.107 [main] DEBUG com.zephyr.storage.index.SparseIndex - Index hit for logical offset 9872: IndexEntry{logical=9800, physical=981000, timestamp=10800000, size=100, topic='TestTopic', queueId=0}
18:06:43.107 [main] DEBUG com.zephyr.storage.index.SparseIndex - Index hit for logical offset 3090: IndexEntry{logical=3000, physical=301000, timestamp=4000000, size=100, topic='TestTopic', queueId=0}
18:06:43.107 [main] DEBUG com.zephyr.storage.index.SparseIndex - Index hit for logical offset 3303: IndexEntry{logical=3300, physical=331000, timestamp=4300000, size=100, topic='TestTopic', queueId=0}
18:06:43.107 [main] DEBUG com.zephyr.storage.index.SparseIndex - Index hit for logical offset 7435: IndexEntry{logical=7400, physical=741000, timestamp=8400000, size=100, topic='TestTopic', queueId=0}
18:06:43.107 [main] DEBUG com.zephyr.storage.index.SparseIndex - Index hit for logical offset 5980: IndexEntry{logical=5900, physical=591000, timestamp=6900000, size=100, topic='TestTopic', queueId=0}
18:06:43.107 [main] DEBUG com.zephyr.storage.index.SparseIndex - Index hit for logical offset 3377: IndexEntry{logical=3300, physical=331000, timestamp=4300000, size=100, topic='TestTopic', queueId=0}
18:06:43.107 [main] DEBUG com.zephyr.storage.index.SparseIndex - Index hit for logical offset 4362: IndexEntry{logical=4300, physical=431000, timestamp=5300000, size=100, topic='TestTopic', queueId=0}
18:06:43.107 [main] DEBUG com.zephyr.storage.index.SparseIndex - Index hit for logical offset 890: IndexEntry{logical=800, physical=81000, timestamp=1800000, size=100, topic='TestTopic', queueId=0}
18:06:43.107 [main] DEBUG com.zephyr.storage.index.SparseIndex - Index hit for logical offset 7820: IndexEntry{logical=7800, physical=781000, timestamp=8800000, size=100, topic='TestTopic', queueId=0}
18:06:43.107 [main] DEBUG com.zephyr.storage.index.SparseIndex - Index hit for logical offset 6837: IndexEntry{logical=6800, physical=681000, timestamp=7800000, size=100, topic='TestTopic', queueId=0}
18:06:43.107 [main] DEBUG com.zephyr.storage.index.SparseIndex - Index hit for logical offset 4514: IndexEntry{logical=4500, physical=451000, timestamp=5500000, size=100, topic='TestTopic', queueId=0}
18:06:43.107 [main] DEBUG com.zephyr.storage.index.SparseIndex - Index hit for logical offset 8752: IndexEntry{logical=8700, physical=871000, timestamp=9700000, size=100, topic='TestTopic', queueId=0}
18:06:43.107 [main] DEBUG com.zephyr.storage.index.SparseIndex - Index hit for logical offset 6069: IndexEntry{logical=6000, physical=601000, timestamp=7000000, size=100, topic='TestTopic', queueId=0}
18:06:43.107 [main] DEBUG com.zephyr.storage.index.SparseIndex - Index hit for logical offset 3700: IndexEntry{logical=3700, physical=371000, timestamp=4700000, size=100, topic='TestTopic', queueId=0}
18:06:43.107 [main] DEBUG com.zephyr.storage.index.SparseIndex - Index hit for logical offset 599: IndexEntry{logical=500, physical=51000, timestamp=1500000, size=100, topic='TestTopic', queueId=0}
18:06:43.107 [main] DEBUG com.zephyr.storage.index.SparseIndex - Index hit for logical offset 2151: IndexEntry{logical=2100, physical=211000, timestamp=3100000, size=100, topic='TestTopic', queueId=0}
18:06:43.107 [main] DEBUG com.zephyr.storage.index.SparseIndex - Index hit for logical offset 9487: IndexEntry{logical=9400, physical=941000, timestamp=10400000, size=100, topic='TestTopic', queueId=0}
18:06:43.107 [main] DEBUG com.zephyr.storage.index.SparseIndex - Index hit for logical offset 3979: IndexEntry{logical=3900, physical=391000, timestamp=4900000, size=100, topic='TestTopic', queueId=0}
18:06:43.107 [main] DEBUG com.zephyr.storage.index.SparseIndex - Index hit for logical offset 5102: IndexEntry{logical=5100, physical=511000, timestamp=6100000, size=100, topic='TestTopic', queueId=0}
18:06:43.107 [main] DEBUG com.zephyr.storage.index.SparseIndex - Index hit for logical offset 1198: IndexEntry{logical=1100, physical=111000, timestamp=2100000, size=100, topic='TestTopic', queueId=0}
18:06:43.107 [main] DEBUG com.zephyr.storage.index.SparseIndex - Index hit for logical offset 3453: IndexEntry{logical=3400, physical=341000, timestamp=4400000, size=100, topic='TestTopic', queueId=0}
18:06:43.107 [main] DEBUG com.zephyr.storage.index.SparseIndex - Index hit for logical offset 9837: IndexEntry{logical=9800, physical=981000, timestamp=10800000, size=100, topic='TestTopic', queueId=0}
18:06:43.107 [main] DEBUG com.zephyr.storage.index.SparseIndex - Index hit for logical offset 1333: IndexEntry{logical=1300, physical=131000, timestamp=2300000, size=100, topic='TestTopic', queueId=0}
18:06:43.107 [main] DEBUG com.zephyr.storage.index.SparseIndex - Index hit for logical offset 7013: IndexEntry{logical=7000, physical=701000, timestamp=8000000, size=100, topic='TestTopic', queueId=0}
18:06:43.107 [main] DEBUG com.zephyr.storage.index.SparseIndex - Index hit for logical offset 2599: IndexEntry{logical=2500, physical=251000, timestamp=3500000, size=100, topic='TestTopic', queueId=0}
18:06:43.107 [main] DEBUG com.zephyr.storage.index.SparseIndex - Index hit for logical offset 2853: IndexEntry{logical=2800, physical=281000, timestamp=3800000, size=100, topic='TestTopic', queueId=0}
18:06:43.107 [main] DEBUG com.zephyr.storage.index.SparseIndex - Index hit for logical offset 3161: IndexEntry{logical=3100, physical=311000, timestamp=4100000, size=100, topic='TestTopic', queueId=0}
18:06:43.107 [main] DEBUG com.zephyr.storage.index.SparseIndex - Index hit for logical offset 5072: IndexEntry{logical=5000, physical=501000, timestamp=6000000, size=100, topic='TestTopic', queueId=0}
18:06:43.108 [main] DEBUG com.zephyr.storage.index.SparseIndex - Index hit for logical offset 1226: IndexEntry{logical=1200, physical=121000, timestamp=2200000, size=100, topic='TestTopic', queueId=0}
18:06:43.108 [main] DEBUG com.zephyr.storage.index.SparseIndex - Index hit for logical offset 4825: IndexEntry{logical=4800, physical=481000, timestamp=5800000, size=100, topic='TestTopic', queueId=0}
18:06:43.108 [main] DEBUG com.zephyr.storage.index.SparseIndex - Index hit for logical offset 5336: IndexEntry{logical=5300, physical=531000, timestamp=6300000, size=100, topic='TestTopic', queueId=0}
18:06:43.108 [main] DEBUG com.zephyr.storage.index.SparseIndex - Index hit for logical offset 9688: IndexEntry{logical=9600, physical=961000, timestamp=10600000, size=100, topic='TestTopic', queueId=0}
18:06:43.108 [main] DEBUG com.zephyr.storage.index.SparseIndex - Index hit for logical offset 1581: IndexEntry{logical=1500, physical=151000, timestamp=2500000, size=100, topic='TestTopic', queueId=0}
18:06:43.108 [main] DEBUG com.zephyr.storage.index.SparseIndex - Index hit for logical offset 5361: IndexEntry{logical=5300, physical=531000, timestamp=6300000, size=100, topic='TestTopic', queueId=0}
18:06:43.108 [main] DEBUG com.zephyr.storage.index.SparseIndex - Index hit for logical offset 6374: IndexEntry{logical=6300, physical=631000, timestamp=7300000, size=100, topic='TestTopic', queueId=0}
18:06:43.108 [main] DEBUG com.zephyr.storage.index.SparseIndex - Index hit for logical offset 4800: IndexEntry{logical=4800, physical=481000, timestamp=5800000, size=100, topic='TestTopic', queueId=0}
18:06:43.108 [main] DEBUG com.zephyr.storage.index.SparseIndex - Index hit for logical offset 7990: IndexEntry{logical=7900, physical=791000, timestamp=8900000, size=100, topic='TestTopic', queueId=0}
18:06:43.108 [main] DEBUG com.zephyr.storage.index.SparseIndex - Index hit for logical offset 8118: IndexEntry{logical=8100, physical=811000, timestamp=9100000, size=100, topic='TestTopic', queueId=0}
18:06:43.108 [main] DEBUG com.zephyr.storage.index.SparseIndex - Index hit for logical offset 8441: IndexEntry{logical=8400, physical=841000, timestamp=9400000, size=100, topic='TestTopic', queueId=0}
18:06:43.108 [main] DEBUG com.zephyr.storage.index.SparseIndex - Index hit for logical offset 648: IndexEntry{logical=600, physical=61000, timestamp=1600000, size=100, topic='TestTopic', queueId=0}
18:06:43.108 [main] DEBUG com.zephyr.storage.index.SparseIndex - Index hit for logical offset 4344: IndexEntry{logical=4300, physical=431000, timestamp=5300000, size=100, topic='TestTopic', queueId=0}
18:06:43.108 [main] DEBUG com.zephyr.storage.index.SparseIndex - Index hit for logical offset 269: IndexEntry{logical=200, physical=21000, timestamp=1200000, size=100, topic='TestTopic', queueId=0}
18:06:43.108 [main] DEBUG com.zephyr.storage.index.SparseIndex - Index hit for logical offset 7700: IndexEntry{logical=7700, physical=771000, timestamp=8700000, size=100, topic='TestTopic', queueId=0}
18:06:43.108 [main] DEBUG com.zephyr.storage.index.SparseIndex - Index hit for logical offset 9433: IndexEntry{logical=9400, physical=941000, timestamp=10400000, size=100, topic='TestTopic', queueId=0}
18:06:43.108 [main] DEBUG com.zephyr.storage.index.SparseIndex - Index hit for logical offset 3532: IndexEntry{logical=3500, physical=351000, timestamp=4500000, size=100, topic='TestTopic', queueId=0}
18:06:43.108 [main] DEBUG com.zephyr.storage.index.SparseIndex - Index hit for logical offset 6551: IndexEntry{logical=6500, physical=651000, timestamp=7500000, size=100, topic='TestTopic', queueId=0}
18:06:43.108 [main] DEBUG com.zephyr.storage.index.SparseIndex - Index hit for logical offset 4188: IndexEntry{logical=4100, physical=411000, timestamp=5100000, size=100, topic='TestTopic', queueId=0}
18:06:43.108 [main] DEBUG com.zephyr.storage.index.SparseIndex - Index hit for logical offset 5577: IndexEntry{logical=5500, physical=551000, timestamp=6500000, size=100, topic='TestTopic', queueId=0}
18:06:43.108 [main] DEBUG com.zephyr.storage.index.SparseIndex - Index hit for logical offset 9999: IndexEntry{logical=9900, physical=991000, timestamp=10900000, size=100, topic='TestTopic', queueId=0}
18:06:43.108 [main] DEBUG com.zephyr.storage.index.SparseIndex - Index hit for logical offset 67: IndexEntry{logical=0, physical=1000, timestamp=1000000, size=100, topic='TestTopic', queueId=0}
18:06:43.108 [main] DEBUG com.zephyr.storage.index.SparseIndex - Index hit for logical offset 2444: IndexEntry{logical=2400, physical=241000, timestamp=3400000, size=100, topic='TestTopic', queueId=0}
18:06:43.108 [main] DEBUG com.zephyr.storage.index.SparseIndex - Index hit for logical offset 7833: IndexEntry{logical=7800, physical=781000, timestamp=8800000, size=100, topic='TestTopic', queueId=0}
18:06:43.108 [main] DEBUG com.zephyr.storage.index.SparseIndex - Index hit for logical offset 828: IndexEntry{logical=800, physical=81000, timestamp=1800000, size=100, topic='TestTopic', queueId=0}
18:06:43.108 [main] DEBUG com.zephyr.storage.index.SparseIndex - Index hit for logical offset 6911: IndexEntry{logical=6900, physical=691000, timestamp=7900000, size=100, topic='TestTopic', queueId=0}
18:06:43.108 [main] DEBUG com.zephyr.storage.index.SparseIndex - Index hit for logical offset 2831: IndexEntry{logical=2800, physical=281000, timestamp=3800000, size=100, topic='TestTopic', queueId=0}
18:06:43.108 [main] DEBUG com.zephyr.storage.index.SparseIndex - Index hit for logical offset 1148: IndexEntry{logical=1100, physical=111000, timestamp=2100000, size=100, topic='TestTopic', queueId=0}
18:06:43.108 [main] DEBUG com.zephyr.storage.index.SparseIndex - Index hit for logical offset 6470: IndexEntry{logical=6400, physical=641000, timestamp=7400000, size=100, topic='TestTopic', queueId=0}
18:06:43.108 [main] DEBUG com.zephyr.storage.index.SparseIndex - Index hit for logical offset 643: IndexEntry{logical=600, physical=61000, timestamp=1600000, size=100, topic='TestTopic', queueId=0}
18:06:43.108 [main] DEBUG com.zephyr.storage.index.SparseIndex - Index hit for logical offset 8773: IndexEntry{logical=8700, physical=871000, timestamp=9700000, size=100, topic='TestTopic', queueId=0}
18:06:43.108 [main] DEBUG com.zephyr.storage.index.SparseIndex - Index hit for logical offset 5946: IndexEntry{logical=5900, physical=591000, timestamp=6900000, size=100, topic='TestTopic', queueId=0}
18:06:43.108 [main] DEBUG com.zephyr.storage.index.SparseIndex - Index hit for logical offset 9602: IndexEntry{logical=9600, physical=961000, timestamp=10600000, size=100, topic='TestTopic', queueId=0}
18:06:43.108 [main] DEBUG com.zephyr.storage.index.SparseIndex - Index hit for logical offset 5649: IndexEntry{logical=5600, physical=561000, timestamp=6600000, size=100, topic='TestTopic', queueId=0}
18:06:43.108 [main] DEBUG com.zephyr.storage.index.SparseIndex - Index hit for logical offset 6999: IndexEntry{logical=6900, physical=691000, timestamp=7900000, size=100, topic='TestTopic', queueId=0}
18:06:43.108 [main] DEBUG com.zephyr.storage.index.SparseIndex - Index hit for logical offset 1260: IndexEntry{logical=1200, physical=121000, timestamp=2200000, size=100, topic='TestTopic', queueId=0}
18:06:43.109 [main] DEBUG com.zephyr.storage.index.SparseIndex - Index hit for logical offset 9413: IndexEntry{logical=9400, physical=941000, timestamp=10400000, size=100, topic='TestTopic', queueId=0}
18:06:43.109 [main] DEBUG com.zephyr.storage.index.SparseIndex - Index hit for logical offset 5526: IndexEntry{logical=5500, physical=551000, timestamp=6500000, size=100, topic='TestTopic', queueId=0}
18:06:43.109 [main] DEBUG com.zephyr.storage.index.SparseIndex - Index hit for logical offset 6240: IndexEntry{logical=6200, physical=621000, timestamp=7200000, size=100, topic='TestTopic', queueId=0}
18:06:43.109 [main] DEBUG com.zephyr.storage.index.SparseIndex - Index hit for logical offset 6044: IndexEntry{logical=6000, physical=601000, timestamp=7000000, size=100, topic='TestTopic', queueId=0}
18:06:43.109 [main] DEBUG com.zephyr.storage.index.SparseIndex - Index hit for logical offset 9113: IndexEntry{logical=9100, physical=911000, timestamp=10100000, size=100, topic='TestTopic', queueId=0}
18:06:43.109 [main] DEBUG com.zephyr.storage.index.SparseIndex - Index hit for logical offset 3728: IndexEntry{logical=3700, physical=371000, timestamp=4700000, size=100, topic='TestTopic', queueId=0}
18:06:43.109 [main] DEBUG com.zephyr.storage.index.SparseIndex - Index hit for logical offset 4861: IndexEntry{logical=4800, physical=481000, timestamp=5800000, size=100, topic='TestTopic', queueId=0}
18:06:43.109 [main] DEBUG com.zephyr.storage.index.SparseIndex - Index hit for logical offset 9878: IndexEntry{logical=9800, physical=981000, timestamp=10800000, size=100, topic='TestTopic', queueId=0}
18:06:43.109 [main] DEBUG com.zephyr.storage.index.SparseIndex - Index hit for logical offset 6421: IndexEntry{logical=6400, physical=641000, timestamp=7400000, size=100, topic='TestTopic', queueId=0}
18:06:43.109 [main] DEBUG com.zephyr.storage.index.SparseIndex - Index hit for logical offset 8971: IndexEntry{logical=8900, physical=891000, timestamp=9900000, size=100, topic='TestTopic', queueId=0}
18:06:43.109 [main] DEBUG com.zephyr.storage.index.SparseIndex - Index hit for logical offset 9400: IndexEntry{logical=9400, physical=941000, timestamp=10400000, size=100, topic='TestTopic', queueId=0}
18:06:43.110 [main] DEBUG com.zephyr.storage.index.SparseIndex - Index hit for logical offset 311: IndexEntry{logical=300, physical=31000, timestamp=1300000, size=100, topic='TestTopic', queueId=0}
18:06:43.110 [main] DEBUG com.zephyr.storage.index.SparseIndex - Index hit for logical offset 377: IndexEntry{logical=300, physical=31000, timestamp=1300000, size=100, topic='TestTopic', queueId=0}
18:06:43.110 [main] DEBUG com.zephyr.storage.index.SparseIndex - Index hit for logical offset 7120: IndexEntry{logical=7100, physical=711000, timestamp=8100000, size=100, topic='TestTopic', queueId=0}
18:06:43.110 [main] DEBUG com.zephyr.storage.index.SparseIndex - Index hit for logical offset 4085: IndexEntry{logical=4000, physical=401000, timestamp=5000000, size=100, topic='TestTopic', queueId=0}
18:06:43.110 [main] DEBUG com.zephyr.storage.index.SparseIndex - Index hit for logical offset 9089: IndexEntry{logical=9000, physical=901000, timestamp=10000000, size=100, topic='TestTopic', queueId=0}
18:06:43.110 [main] DEBUG com.zephyr.storage.index.SparseIndex - Index hit for logical offset 2939: IndexEntry{logical=2900, physical=291000, timestamp=3900000, size=100, topic='TestTopic', queueId=0}
18:06:43.110 [main] DEBUG com.zephyr.storage.index.SparseIndex - Index hit for logical offset 4622: IndexEntry{logical=4600, physical=461000, timestamp=5600000, size=100, topic='TestTopic', queueId=0}
18:06:43.110 [main] DEBUG com.zephyr.storage.index.SparseIndex - Index hit for logical offset 6085: IndexEntry{logical=6000, physical=601000, timestamp=7000000, size=100, topic='TestTopic', queueId=0}
18:06:43.110 [main] DEBUG com.zephyr.storage.index.SparseIndex - Index hit for logical offset 3663: IndexEntry{logical=3600, physical=361000, timestamp=4600000, size=100, topic='TestTopic', queueId=0}
18:06:43.110 [main] DEBUG com.zephyr.storage.index.SparseIndex - Index hit for logical offset 515: IndexEntry{logical=500, physical=51000, timestamp=1500000, size=100, topic='TestTopic', queueId=0}
18:06:43.110 [main] DEBUG com.zephyr.storage.index.SparseIndex - Index hit for logical offset 5959: IndexEntry{logical=5900, physical=591000, timestamp=6900000, size=100, topic='TestTopic', queueId=0}
18:06:43.110 [main] DEBUG com.zephyr.storage.index.SparseIndex - Index hit for logical offset 2435: IndexEntry{logical=2400, physical=241000, timestamp=3400000, size=100, topic='TestTopic', queueId=0}
18:06:43.110 [main] DEBUG com.zephyr.storage.index.SparseIndex - Index hit for logical offset 3529: IndexEntry{logical=3500, physical=351000, timestamp=4500000, size=100, topic='TestTopic', queueId=0}
18:06:43.110 [main] DEBUG com.zephyr.storage.index.SparseIndex - Index hit for logical offset 8843: IndexEntry{logical=8800, physical=881000, timestamp=9800000, size=100, topic='TestTopic', queueId=0}
18:06:43.110 [main] DEBUG com.zephyr.storage.index.SparseIndex - Index hit for logical offset 9024: IndexEntry{logical=9000, physical=901000, timestamp=10000000, size=100, topic='TestTopic', queueId=0}
18:06:43.110 [main] DEBUG com.zephyr.storage.index.SparseIndex - Index hit for logical offset 2396: IndexEntry{logical=2300, physical=231000, timestamp=3300000, size=100, topic='TestTopic', queueId=0}
18:06:43.111 [main] DEBUG com.zephyr.storage.index.SparseIndex - Index hit for logical offset 3184: IndexEntry{logical=3100, physical=311000, timestamp=4100000, size=100, topic='TestTopic', queueId=0}
18:06:43.111 [main] DEBUG com.zephyr.storage.index.SparseIndex - Index hit for logical offset 4426: IndexEntry{logical=4400, physical=441000, timestamp=5400000, size=100, topic='TestTopic', queueId=0}
18:06:43.111 [main] DEBUG com.zephyr.storage.index.SparseIndex - Index hit for logical offset 7856: IndexEntry{logical=7800, physical=781000, timestamp=8800000, size=100, topic='TestTopic', queueId=0}
18:06:43.111 [main] DEBUG com.zephyr.storage.index.SparseIndex - Index hit for logical offset 3314: IndexEntry{logical=3300, physical=331000, timestamp=4300000, size=100, topic='TestTopic', queueId=0}
18:06:43.111 [main] DEBUG com.zephyr.storage.index.SparseIndex - Index hit for logical offset 4798: IndexEntry{logical=4700, physical=471000, timestamp=5700000, size=100, topic='TestTopic', queueId=0}
18:06:43.111 [main] DEBUG com.zephyr.storage.index.SparseIndex - Index hit for logical offset 7130: IndexEntry{logical=7100, physical=711000, timestamp=8100000, size=100, topic='TestTopic', queueId=0}
18:06:43.111 [main] DEBUG com.zephyr.storage.index.SparseIndex - Index hit for logical offset 1749: IndexEntry{logical=1700, physical=171000, timestamp=2700000, size=100, topic='TestTopic', queueId=0}
18:06:43.111 [main] DEBUG com.zephyr.storage.index.SparseIndex - Index hit for logical offset 9002: IndexEntry{logical=9000, physical=901000, timestamp=10000000, size=100, topic='TestTopic', queueId=0}
18:06:43.111 [main] DEBUG com.zephyr.storage.index.SparseIndex - Index hit for logical offset 4051: IndexEntry{logical=4000, physical=401000, timestamp=5000000, size=100, topic='TestTopic', queueId=0}
18:06:43.111 [main] DEBUG com.zephyr.storage.index.SparseIndex - Index hit for logical offset 1474: IndexEntry{logical=1400, physical=141000, timestamp=2400000, size=100, topic='TestTopic', queueId=0}
18:06:43.111 [main] DEBUG com.zephyr.storage.index.SparseIndex - Index hit for logical offset 3386: IndexEntry{logical=3300, physical=331000, timestamp=4300000, size=100, topic='TestTopic', queueId=0}
18:06:43.111 [main] DEBUG com.zephyr.storage.index.SparseIndex - Index hit for logical offset 7081: IndexEntry{logical=7000, physical=701000, timestamp=8000000, size=100, topic='TestTopic', queueId=0}
18:06:43.111 [main] DEBUG com.zephyr.storage.index.SparseIndex - Index hit for logical offset 2002: IndexEntry{logical=2000, physical=201000, timestamp=3000000, size=100, topic='TestTopic', queueId=0}
18:06:43.111 [main] DEBUG com.zephyr.storage.index.SparseIndex - Index hit for logical offset 8653: IndexEntry{logical=8600, physical=861000, timestamp=9600000, size=100, topic='TestTopic', queueId=0}
18:06:43.111 [main] DEBUG com.zephyr.storage.index.SparseIndex - Index hit for logical offset 6368: IndexEntry{logical=6300, physical=631000, timestamp=7300000, size=100, topic='TestTopic', queueId=0}
18:06:43.111 [main] DEBUG com.zephyr.storage.index.SparseIndex - Index hit for logical offset 5804: IndexEntry{logical=5800, physical=581000, timestamp=6800000, size=100, topic='TestTopic', queueId=0}
18:06:43.111 [main] DEBUG com.zephyr.storage.index.SparseIndex - Index hit for logical offset 4356: IndexEntry{logical=4300, physical=431000, timestamp=5300000, size=100, topic='TestTopic', queueId=0}
18:06:43.111 [main] DEBUG com.zephyr.storage.index.SparseIndex - Index hit for logical offset 7391: IndexEntry{logical=7300, physical=731000, timestamp=8300000, size=100, topic='TestTopic', queueId=0}
18:06:43.111 [main] DEBUG com.zephyr.storage.index.SparseIndex - Index hit for logical offset 4250: IndexEntry{logical=4200, physical=421000, timestamp=5200000, size=100, topic='TestTopic', queueId=0}
18:06:43.111 [main] DEBUG com.zephyr.storage.index.SparseIndex - Index hit for logical offset 1448: IndexEntry{logical=1400, physical=141000, timestamp=2400000, size=100, topic='TestTopic', queueId=0}
18:06:43.111 [main] DEBUG com.zephyr.storage.index.SparseIndex - Index hit for logical offset 7052: IndexEntry{logical=7000, physical=701000, timestamp=8000000, size=100, topic='TestTopic', queueId=0}
18:06:43.111 [main] DEBUG com.zephyr.storage.index.SparseIndex - Index hit for logical offset 9361: IndexEntry{logical=9300, physical=931000, timestamp=10300000, size=100, topic='TestTopic', queueId=0}
18:06:43.111 [main] DEBUG com.zephyr.storage.index.SparseIndex - Index hit for logical offset 9060: IndexEntry{logical=9000, physical=901000, timestamp=10000000, size=100, topic='TestTopic', queueId=0}
18:06:43.111 [main] DEBUG com.zephyr.storage.index.SparseIndex - Index hit for logical offset 4527: IndexEntry{logical=4500, physical=451000, timestamp=5500000, size=100, topic='TestTopic', queueId=0}
18:06:43.111 [main] DEBUG com.zephyr.storage.index.SparseIndex - Index hit for logical offset 3668: IndexEntry{logical=3600, physical=361000, timestamp=4600000, size=100, topic='TestTopic', queueId=0}
18:06:43.111 [main] DEBUG com.zephyr.storage.index.SparseIndex - Index hit for logical offset 4085: IndexEntry{logical=4000, physical=401000, timestamp=5000000, size=100, topic='TestTopic', queueId=0}
18:06:43.111 [main] DEBUG com.zephyr.storage.index.SparseIndex - Index hit for logical offset 7133: IndexEntry{logical=7100, physical=711000, timestamp=8100000, size=100, topic='TestTopic', queueId=0}
18:06:43.111 [main] DEBUG com.zephyr.storage.index.SparseIndex - Index hit for logical offset 6800: IndexEntry{logical=6800, physical=681000, timestamp=7800000, size=100, topic='TestTopic', queueId=0}
18:06:43.111 [main] DEBUG com.zephyr.storage.index.SparseIndex - Index hit for logical offset 5861: IndexEntry{logical=5800, physical=581000, timestamp=6800000, size=100, topic='TestTopic', queueId=0}
18:06:43.111 [main] DEBUG com.zephyr.storage.index.SparseIndex - Index hit for logical offset 8982: IndexEntry{logical=8900, physical=891000, timestamp=9900000, size=100, topic='TestTopic', queueId=0}
18:06:43.111 [main] DEBUG com.zephyr.storage.index.SparseIndex - Index hit for logical offset 4087: IndexEntry{logical=4000, physical=401000, timestamp=5000000, size=100, topic='TestTopic', queueId=0}
18:06:43.111 [main] DEBUG com.zephyr.storage.index.SparseIndex - Index hit for logical offset 1336: IndexEntry{logical=1300, physical=131000, timestamp=2300000, size=100, topic='TestTopic', queueId=0}
18:06:43.111 [main] DEBUG com.zephyr.storage.index.SparseIndex - Index hit for logical offset 2762: IndexEntry{logical=2700, physical=271000, timestamp=3700000, size=100, topic='TestTopic', queueId=0}
18:06:43.111 [main] DEBUG com.zephyr.storage.index.SparseIndex - Index hit for logical offset 2557: IndexEntry{logical=2500, physical=251000, timestamp=3500000, size=100, topic='TestTopic', queueId=0}
18:06:43.111 [main] DEBUG com.zephyr.storage.index.SparseIndex - Index hit for logical offset 8744: IndexEntry{logical=8700, physical=871000, timestamp=9700000, size=100, topic='TestTopic', queueId=0}
18:06:43.111 [main] DEBUG com.zephyr.storage.index.SparseIndex - Index hit for logical offset 4735: IndexEntry{logical=4700, physical=471000, timestamp=5700000, size=100, topic='TestTopic', queueId=0}
18:06:43.111 [main] DEBUG com.zephyr.storage.index.SparseIndex - Index hit for logical offset 9059: IndexEntry{logical=9000, physical=901000, timestamp=10000000, size=100, topic='TestTopic', queueId=0}
18:06:43.111 [main] DEBUG com.zephyr.storage.index.SparseIndex - Index hit for logical offset 2588: IndexEntry{logical=2500, physical=251000, timestamp=3500000, size=100, topic='TestTopic', queueId=0}
18:06:43.111 [main] DEBUG com.zephyr.storage.index.SparseIndex - Index hit for logical offset 7911: IndexEntry{logical=7900, physical=791000, timestamp=8900000, size=100, topic='TestTopic', queueId=0}
18:06:43.111 [main] DEBUG com.zephyr.storage.index.SparseIndex - Index hit for logical offset 4018: IndexEntry{logical=4000, physical=401000, timestamp=5000000, size=100, topic='TestTopic', queueId=0}
18:06:43.111 [main] DEBUG com.zephyr.storage.index.SparseIndex - Index hit for logical offset 4362: IndexEntry{logical=4300, physical=431000, timestamp=5300000, size=100, topic='TestTopic', queueId=0}
18:06:43.111 [main] DEBUG com.zephyr.storage.index.SparseIndex - Index hit for logical offset 6610: IndexEntry{logical=6600, physical=661000, timestamp=7600000, size=100, topic='TestTopic', queueId=0}
18:06:43.111 [main] DEBUG com.zephyr.storage.index.SparseIndex - Index hit for logical offset 68: IndexEntry{logical=0, physical=1000, timestamp=1000000, size=100, topic='TestTopic', queueId=0}
18:06:43.111 [main] DEBUG com.zephyr.storage.index.SparseIndex - Index hit for logical offset 664: IndexEntry{logical=600, physical=61000, timestamp=1600000, size=100, topic='TestTopic', queueId=0}
18:06:43.111 [main] DEBUG com.zephyr.storage.index.SparseIndex - Index hit for logical offset 8366: IndexEntry{logical=8300, physical=831000, timestamp=9300000, size=100, topic='TestTopic', queueId=0}
18:06:43.111 [main] DEBUG com.zephyr.storage.index.SparseIndex - Index hit for logical offset 9004: IndexEntry{logical=9000, physical=901000, timestamp=10000000, size=100, topic='TestTopic', queueId=0}
18:06:43.111 [main] DEBUG com.zephyr.storage.index.SparseIndex - Index hit for logical offset 6203: IndexEntry{logical=6200, physical=621000, timestamp=7200000, size=100, topic='TestTopic', queueId=0}
18:06:43.111 [main] DEBUG com.zephyr.storage.index.SparseIndex - Index hit for logical offset 819: IndexEntry{logical=800, physical=81000, timestamp=1800000, size=100, topic='TestTopic', queueId=0}
18:06:43.111 [main] DEBUG com.zephyr.storage.index.SparseIndex - Index hit for logical offset 7303: IndexEntry{logical=7300, physical=731000, timestamp=8300000, size=100, topic='TestTopic', queueId=0}
18:06:43.111 [main] DEBUG com.zephyr.storage.index.SparseIndex - Index hit for logical offset 7559: IndexEntry{logical=7500, physical=751000, timestamp=8500000, size=100, topic='TestTopic', queueId=0}
18:06:43.111 [main] DEBUG com.zephyr.storage.index.SparseIndex - Index hit for logical offset 326: IndexEntry{logical=300, physical=31000, timestamp=1300000, size=100, topic='TestTopic', queueId=0}
18:06:43.112 [main] DEBUG com.zephyr.storage.index.SparseIndex - Index hit for logical offset 3772: IndexEntry{logical=3700, physical=371000, timestamp=4700000, size=100, topic='TestTopic', queueId=0}
18:06:43.112 [main] DEBUG com.zephyr.storage.index.SparseIndex - Index hit for logical offset 7258: IndexEntry{logical=7200, physical=721000, timestamp=8200000, size=100, topic='TestTopic', queueId=0}
18:06:43.112 [main] DEBUG com.zephyr.storage.index.SparseIndex - Index hit for logical offset 2491: IndexEntry{logical=2400, physical=241000, timestamp=3400000, size=100, topic='TestTopic', queueId=0}
18:06:43.112 [main] DEBUG com.zephyr.storage.index.SparseIndex - Index hit for logical offset 503: IndexEntry{logical=500, physical=51000, timestamp=1500000, size=100, topic='TestTopic', queueId=0}
18:06:43.112 [main] DEBUG com.zephyr.storage.index.SparseIndex - Index hit for logical offset 492: IndexEntry{logical=400, physical=41000, timestamp=1400000, size=100, topic='TestTopic', queueId=0}
18:06:43.112 [main] DEBUG com.zephyr.storage.index.SparseIndex - Index hit for logical offset 8981: IndexEntry{logical=8900, physical=891000, timestamp=9900000, size=100, topic='TestTopic', queueId=0}
18:06:43.112 [main] DEBUG com.zephyr.storage.index.SparseIndex - Index hit for logical offset 2625: IndexEntry{logical=2600, physical=261000, timestamp=3600000, size=100, topic='TestTopic', queueId=0}
18:06:43.112 [main] DEBUG com.zephyr.storage.index.SparseIndex - Index hit for logical offset 3649: IndexEntry{logical=3600, physical=361000, timestamp=4600000, size=100, topic='TestTopic', queueId=0}
18:06:43.112 [main] DEBUG com.zephyr.storage.index.SparseIndex - Index hit for logical offset 180: IndexEntry{logical=100, physical=11000, timestamp=1100000, size=100, topic='TestTopic', queueId=0}
18:06:43.112 [main] DEBUG com.zephyr.storage.index.SparseIndex - Index hit for logical offset 7058: IndexEntry{logical=7000, physical=701000, timestamp=8000000, size=100, topic='TestTopic', queueId=0}
18:06:43.112 [main] DEBUG com.zephyr.storage.index.SparseIndex - Index hit for logical offset 6651: IndexEntry{logical=6600, physical=661000, timestamp=7600000, size=100, topic='TestTopic', queueId=0}
18:06:43.112 [main] DEBUG com.zephyr.storage.index.SparseIndex - Index hit for logical offset 3788: IndexEntry{logical=3700, physical=371000, timestamp=4700000, size=100, topic='TestTopic', queueId=0}
18:06:43.112 [main] DEBUG com.zephyr.storage.index.SparseIndex - Index hit for logical offset 5647: IndexEntry{logical=5600, physical=561000, timestamp=6600000, size=100, topic='TestTopic', queueId=0}
18:06:43.112 [main] DEBUG com.zephyr.storage.index.SparseIndex - Index hit for logical offset 3489: IndexEntry{logical=3400, physical=341000, timestamp=4400000, size=100, topic='TestTopic', queueId=0}
18:06:43.112 [main] DEBUG com.zephyr.storage.index.SparseIndex - Index hit for logical offset 2220: IndexEntry{logical=2200, physical=221000, timestamp=3200000, size=100, topic='TestTopic', queueId=0}
18:06:43.112 [main] DEBUG com.zephyr.storage.index.SparseIndex - Index hit for logical offset 3979: IndexEntry{logical=3900, physical=391000, timestamp=4900000, size=100, topic='TestTopic', queueId=0}
18:06:43.112 [main] DEBUG com.zephyr.storage.index.SparseIndex - Index hit for logical offset 7611: IndexEntry{logical=7600, physical=761000, timestamp=8600000, size=100, topic='TestTopic', queueId=0}
18:06:43.112 [main] DEBUG com.zephyr.storage.index.SparseIndex - Index hit for logical offset 2073: IndexEntry{logical=2000, physical=201000, timestamp=3000000, size=100, topic='TestTopic', queueId=0}
18:06:43.112 [main] DEBUG com.zephyr.storage.index.SparseIndex - Index hit for logical offset 2008: IndexEntry{logical=2000, physical=201000, timestamp=3000000, size=100, topic='TestTopic', queueId=0}
18:06:43.112 [main] DEBUG com.zephyr.storage.index.SparseIndex - Index hit for logical offset 6712: IndexEntry{logical=6700, physical=671000, timestamp=7700000, size=100, topic='TestTopic', queueId=0}
18:06:43.112 [main] DEBUG com.zephyr.storage.index.SparseIndex - Index hit for logical offset 3948: IndexEntry{logical=3900, physical=391000, timestamp=4900000, size=100, topic='TestTopic', queueId=0}
18:06:43.112 [main] DEBUG com.zephyr.storage.index.SparseIndex - Index hit for logical offset 5300: IndexEntry{logical=5300, physical=531000, timestamp=6300000, size=100, topic='TestTopic', queueId=0}
18:06:43.112 [main] DEBUG com.zephyr.storage.index.SparseIndex - Index hit for logical offset 3803: IndexEntry{logical=3800, physical=381000, timestamp=4800000, size=100, topic='TestTopic', queueId=0}
18:06:43.112 [main] DEBUG com.zephyr.storage.index.SparseIndex - Index hit for logical offset 6209: IndexEntry{logical=6200, physical=621000, timestamp=7200000, size=100, topic='TestTopic', queueId=0}
18:06:43.112 [main] DEBUG com.zephyr.storage.index.SparseIndex - Index hit for logical offset 2397: IndexEntry{logical=2300, physical=231000, timestamp=3300000, size=100, topic='TestTopic', queueId=0}
18:06:43.112 [main] DEBUG com.zephyr.storage.index.SparseIndex - Index hit for logical offset 9933: IndexEntry{logical=9900, physical=991000, timestamp=10900000, size=100, topic='TestTopic', queueId=0}
18:06:43.112 [main] DEBUG com.zephyr.storage.index.SparseIndex - Index hit for logical offset 1200: IndexEntry{logical=1200, physical=121000, timestamp=2200000, size=100, topic='TestTopic', queueId=0}
18:06:43.112 [main] DEBUG com.zephyr.storage.index.SparseIndex - Index hit for logical offset 8766: IndexEntry{logical=8700, physical=871000, timestamp=9700000, size=100, topic='TestTopic', queueId=0}
18:06:43.112 [main] DEBUG com.zephyr.storage.index.SparseIndex - Index hit for logical offset 4247: IndexEntry{logical=4200, physical=421000, timestamp=5200000, size=100, topic='TestTopic', queueId=0}
18:06:43.112 [main] DEBUG com.zephyr.storage.index.SparseIndex - Index hit for logical offset 906: IndexEntry{logical=900, physical=91000, timestamp=1900000, size=100, topic='TestTopic', queueId=0}
18:06:43.112 [main] DEBUG com.zephyr.storage.index.SparseIndex - Index hit for logical offset 2522: IndexEntry{logical=2500, physical=251000, timestamp=3500000, size=100, topic='TestTopic', queueId=0}
18:06:43.112 [main] DEBUG com.zephyr.storage.index.SparseIndex - Index hit for logical offset 4058: IndexEntry{logical=4000, physical=401000, timestamp=5000000, size=100, topic='TestTopic', queueId=0}
18:06:43.112 [main] DEBUG com.zephyr.storage.index.SparseIndex - Index hit for logical offset 2131: IndexEntry{logical=2100, physical=211000, timestamp=3100000, size=100, topic='TestTopic', queueId=0}
18:06:43.112 [main] DEBUG com.zephyr.storage.index.SparseIndex - Index hit for logical offset 5741: IndexEntry{logical=5700, physical=571000, timestamp=6700000, size=100, topic='TestTopic', queueId=0}
18:06:43.113 [main] DEBUG com.zephyr.storage.index.SparseIndex - Index hit for logical offset 8238: IndexEntry{logical=8200, physical=821000, timestamp=9200000, size=100, topic='TestTopic', queueId=0}
18:06:43.113 [main] DEBUG com.zephyr.storage.index.SparseIndex - Index hit for logical offset 1124: IndexEntry{logical=1100, physical=111000, timestamp=2100000, size=100, topic='TestTopic', queueId=0}
18:06:43.113 [main] DEBUG com.zephyr.storage.index.SparseIndex - Index hit for logical offset 7216: IndexEntry{logical=7200, physical=721000, timestamp=8200000, size=100, topic='TestTopic', queueId=0}
18:06:43.113 [main] DEBUG com.zephyr.storage.index.SparseIndex - Index hit for logical offset 3272: IndexEntry{logical=3200, physical=321000, timestamp=4200000, size=100, topic='TestTopic', queueId=0}
18:06:43.113 [main] DEBUG com.zephyr.storage.index.SparseIndex - Index hit for logical offset 1321: IndexEntry{logical=1300, physical=131000, timestamp=2300000, size=100, topic='TestTopic', queueId=0}
18:06:43.113 [main] DEBUG com.zephyr.storage.index.SparseIndex - Index hit for logical offset 7696: IndexEntry{logical=7600, physical=761000, timestamp=8600000, size=100, topic='TestTopic', queueId=0}
18:06:43.113 [main] DEBUG com.zephyr.storage.index.SparseIndex - Index hit for logical offset 9792: IndexEntry{logical=9700, physical=971000, timestamp=10700000, size=100, topic='TestTopic', queueId=0}
18:06:43.113 [main] DEBUG com.zephyr.storage.index.SparseIndex - Index hit for logical offset 1178: IndexEntry{logical=1100, physical=111000, timestamp=2100000, size=100, topic='TestTopic', queueId=0}
18:06:43.113 [main] DEBUG com.zephyr.storage.index.SparseIndex - Index hit for logical offset 758: IndexEntry{logical=700, physical=71000, timestamp=1700000, size=100, topic='TestTopic', queueId=0}
18:06:43.113 [main] DEBUG com.zephyr.storage.index.SparseIndex - Index hit for logical offset 425: IndexEntry{logical=400, physical=41000, timestamp=1400000, size=100, topic='TestTopic', queueId=0}
18:06:43.113 [main] DEBUG com.zephyr.storage.index.SparseIndex - Index hit for logical offset 2548: IndexEntry{logical=2500, physical=251000, timestamp=3500000, size=100, topic='TestTopic', queueId=0}
18:06:43.113 [main] DEBUG com.zephyr.storage.index.SparseIndex - Index hit for logical offset 6503: IndexEntry{logical=6500, physical=651000, timestamp=7500000, size=100, topic='TestTopic', queueId=0}
18:06:43.113 [main] DEBUG com.zephyr.storage.index.SparseIndex - Index hit for logical offset 5712: IndexEntry{logical=5700, physical=571000, timestamp=6700000, size=100, topic='TestTopic', queueId=0}
18:06:43.113 [main] DEBUG com.zephyr.storage.index.SparseIndex - Index hit for logical offset 6632: IndexEntry{logical=6600, physical=661000, timestamp=7600000, size=100, topic='TestTopic', queueId=0}
18:06:43.113 [main] DEBUG com.zephyr.storage.index.SparseIndex - Index hit for logical offset 7669: IndexEntry{logical=7600, physical=761000, timestamp=8600000, size=100, topic='TestTopic', queueId=0}
18:06:43.113 [main] DEBUG com.zephyr.storage.index.SparseIndex - Index hit for logical offset 2205: IndexEntry{logical=2200, physical=221000, timestamp=3200000, size=100, topic='TestTopic', queueId=0}
18:06:43.113 [main] DEBUG com.zephyr.storage.index.SparseIndex - Index hit for logical offset 6741: IndexEntry{logical=6700, physical=671000, timestamp=7700000, size=100, topic='TestTopic', queueId=0}
18:06:43.113 [main] DEBUG com.zephyr.storage.index.SparseIndex - Index hit for logical offset 5260: IndexEntry{logical=5200, physical=521000, timestamp=6200000, size=100, topic='TestTopic', queueId=0}
18:06:43.113 [main] DEBUG com.zephyr.storage.index.SparseIndex - Index hit for logical offset 7302: IndexEntry{logical=7300, physical=731000, timestamp=8300000, size=100, topic='TestTopic', queueId=0}
18:06:43.113 [main] DEBUG com.zephyr.storage.index.SparseIndex - Index hit for logical offset 599: IndexEntry{logical=500, physical=51000, timestamp=1500000, size=100, topic='TestTopic', queueId=0}
18:06:43.113 [main] DEBUG com.zephyr.storage.index.SparseIndex - Index hit for logical offset 911: IndexEntry{logical=900, physical=91000, timestamp=1900000, size=100, topic='TestTopic', queueId=0}
18:06:43.113 [main] DEBUG com.zephyr.storage.index.SparseIndex - Index hit for logical offset 5855: IndexEntry{logical=5800, physical=581000, timestamp=6800000, size=100, topic='TestTopic', queueId=0}
18:06:43.113 [main] DEBUG com.zephyr.storage.index.SparseIndex - Index hit for logical offset 1894: IndexEntry{logical=1800, physical=181000, timestamp=2800000, size=100, topic='TestTopic', queueId=0}
18:06:43.113 [main] DEBUG com.zephyr.storage.index.SparseIndex - Index hit for logical offset 1473: IndexEntry{logical=1400, physical=141000, timestamp=2400000, size=100, topic='TestTopic', queueId=0}
18:06:43.113 [main] DEBUG com.zephyr.storage.index.SparseIndex - Index hit for logical offset 9616: IndexEntry{logical=9600, physical=961000, timestamp=10600000, size=100, topic='TestTopic', queueId=0}
18:06:43.113 [main] DEBUG com.zephyr.storage.index.SparseIndex - Index hit for logical offset 9608: IndexEntry{logical=9600, physical=961000, timestamp=10600000, size=100, topic='TestTopic', queueId=0}
18:06:43.113 [main] DEBUG com.zephyr.storage.index.SparseIndex - Index hit for logical offset 2458: IndexEntry{logical=2400, physical=241000, timestamp=3400000, size=100, topic='TestTopic', queueId=0}
18:06:43.113 [main] DEBUG com.zephyr.storage.index.SparseIndex - Index hit for logical offset 8691: IndexEntry{logical=8600, physical=861000, timestamp=9600000, size=100, topic='TestTopic', queueId=0}
18:06:43.113 [main] DEBUG com.zephyr.storage.index.SparseIndex - Index hit for logical offset 1533: IndexEntry{logical=1500, physical=151000, timestamp=2500000, size=100, topic='TestTopic', queueId=0}
18:06:43.113 [main] DEBUG com.zephyr.storage.index.SparseIndex - Index hit for logical offset 5760: IndexEntry{logical=5700, physical=571000, timestamp=6700000, size=100, topic='TestTopic', queueId=0}
18:06:43.113 [main] DEBUG com.zephyr.storage.index.SparseIndex - Index hit for logical offset 906: IndexEntry{logical=900, physical=91000, timestamp=1900000, size=100, topic='TestTopic', queueId=0}
18:06:43.113 [main] DEBUG com.zephyr.storage.index.SparseIndex - Index hit for logical offset 4088: IndexEntry{logical=4000, physical=401000, timestamp=5000000, size=100, topic='TestTopic', queueId=0}
18:06:43.113 [main] DEBUG com.zephyr.storage.index.SparseIndex - Index hit for logical offset 8212: IndexEntry{logical=8200, physical=821000, timestamp=9200000, size=100, topic='TestTopic', queueId=0}
18:06:43.113 [main] DEBUG com.zephyr.storage.index.SparseIndex - Index hit for logical offset 9993: IndexEntry{logical=9900, physical=991000, timestamp=10900000, size=100, topic='TestTopic', queueId=0}
18:06:43.113 [main] DEBUG com.zephyr.storage.index.SparseIndex - Index hit for logical offset 7249: IndexEntry{logical=7200, physical=721000, timestamp=8200000, size=100, topic='TestTopic', queueId=0}
18:06:43.113 [main] DEBUG com.zephyr.storage.index.SparseIndex - Index hit for logical offset 1621: IndexEntry{logical=1600, physical=161000, timestamp=2600000, size=100, topic='TestTopic', queueId=0}
18:06:43.113 [main] DEBUG com.zephyr.storage.index.SparseIndex - Index hit for logical offset 6534: IndexEntry{logical=6500, physical=651000, timestamp=7500000, size=100, topic='TestTopic', queueId=0}
18:06:43.113 [main] DEBUG com.zephyr.storage.index.SparseIndex - Index hit for logical offset 8847: IndexEntry{logical=8800, physical=881000, timestamp=9800000, size=100, topic='TestTopic', queueId=0}
18:06:43.113 [main] DEBUG com.zephyr.storage.index.SparseIndex - Index hit for logical offset 3678: IndexEntry{logical=3600, physical=361000, timestamp=4600000, size=100, topic='TestTopic', queueId=0}
18:06:43.113 [main] DEBUG com.zephyr.storage.index.SparseIndex - Index hit for logical offset 7871: IndexEntry{logical=7800, physical=781000, timestamp=8800000, size=100, topic='TestTopic', queueId=0}
18:06:43.113 [main] DEBUG com.zephyr.storage.index.SparseIndex - Index hit for logical offset 495: IndexEntry{logical=400, physical=41000, timestamp=1400000, size=100, topic='TestTopic', queueId=0}
18:06:43.113 [main] DEBUG com.zephyr.storage.index.SparseIndex - Index hit for logical offset 5609: IndexEntry{logical=5600, physical=561000, timestamp=6600000, size=100, topic='TestTopic', queueId=0}
18:06:43.113 [main] DEBUG com.zephyr.storage.index.SparseIndex - Index hit for logical offset 3351: IndexEntry{logical=3300, physical=331000, timestamp=4300000, size=100, topic='TestTopic', queueId=0}
18:06:43.113 [main] DEBUG com.zephyr.storage.index.SparseIndex - Index hit for logical offset 7276: IndexEntry{logical=7200, physical=721000, timestamp=8200000, size=100, topic='TestTopic', queueId=0}
18:06:43.113 [main] DEBUG com.zephyr.storage.index.SparseIndex - Index hit for logical offset 4603: IndexEntry{logical=4600, physical=461000, timestamp=5600000, size=100, topic='TestTopic', queueId=0}
18:06:43.113 [main] DEBUG com.zephyr.storage.index.SparseIndex - Index hit for logical offset 8711: IndexEntry{logical=8700, physical=871000, timestamp=9700000, size=100, topic='TestTopic', queueId=0}
18:06:43.113 [main] DEBUG com.zephyr.storage.index.SparseIndex - Index hit for logical offset 6008: IndexEntry{logical=6000, physical=601000, timestamp=7000000, size=100, topic='TestTopic', queueId=0}
18:06:43.113 [main] DEBUG com.zephyr.storage.index.SparseIndex - Index hit for logical offset 1722: IndexEntry{logical=1700, physical=171000, timestamp=2700000, size=100, topic='TestTopic', queueId=0}
18:06:43.114 [main] DEBUG com.zephyr.storage.index.SparseIndex - Index hit for logical offset 2539: IndexEntry{logical=2500, physical=251000, timestamp=3500000, size=100, topic='TestTopic', queueId=0}
18:06:43.114 [main] DEBUG com.zephyr.storage.index.SparseIndex - Index hit for logical offset 3171: IndexEntry{logical=3100, physical=311000, timestamp=4100000, size=100, topic='TestTopic', queueId=0}
18:06:43.114 [main] DEBUG com.zephyr.storage.index.SparseIndex - Index hit for logical offset 3495: IndexEntry{logical=3400, physical=341000, timestamp=4400000, size=100, topic='TestTopic', queueId=0}
18:06:43.114 [main] DEBUG com.zephyr.storage.index.SparseIndex - Index hit for logical offset 4529: IndexEntry{logical=4500, physical=451000, timestamp=5500000, size=100, topic='TestTopic', queueId=0}
18:06:43.114 [main] DEBUG com.zephyr.storage.index.SparseIndex - Index hit for logical offset 7695: IndexEntry{logical=7600, physical=761000, timestamp=8600000, size=100, topic='TestTopic', queueId=0}
18:06:43.114 [main] DEBUG com.zephyr.storage.index.SparseIndex - Index hit for logical offset 9327: IndexEntry{logical=9300, physical=931000, timestamp=10300000, size=100, topic='TestTopic', queueId=0}
18:06:43.114 [main] DEBUG com.zephyr.storage.index.SparseIndex - Index hit for logical offset 5713: IndexEntry{logical=5700, physical=571000, timestamp=6700000, size=100, topic='TestTopic', queueId=0}
18:06:43.114 [main] DEBUG com.zephyr.storage.index.SparseIndex - Index hit for logical offset 8247: IndexEntry{logical=8200, physical=821000, timestamp=9200000, size=100, topic='TestTopic', queueId=0}
18:06:43.114 [main] DEBUG com.zephyr.storage.index.SparseIndex - Index hit for logical offset 6671: IndexEntry{logical=6600, physical=661000, timestamp=7600000, size=100, topic='TestTopic', queueId=0}
18:06:43.114 [main] DEBUG com.zephyr.storage.index.SparseIndex - Index hit for logical offset 763: IndexEntry{logical=700, physical=71000, timestamp=1700000, size=100, topic='TestTopic', queueId=0}
18:06:43.114 [main] DEBUG com.zephyr.storage.index.SparseIndex - Index hit for logical offset 1562: IndexEntry{logical=1500, physical=151000, timestamp=2500000, size=100, topic='TestTopic', queueId=0}
18:06:43.114 [main] DEBUG com.zephyr.storage.index.SparseIndex - Index hit for logical offset 4202: IndexEntry{logical=4200, physical=421000, timestamp=5200000, size=100, topic='TestTopic', queueId=0}
18:06:43.114 [main] DEBUG com.zephyr.storage.index.SparseIndex - Index hit for logical offset 2908: IndexEntry{logical=2900, physical=291000, timestamp=3900000, size=100, topic='TestTopic', queueId=0}
18:06:43.114 [main] DEBUG com.zephyr.storage.index.SparseIndex - Index hit for logical offset 5139: IndexEntry{logical=5100, physical=511000, timestamp=6100000, size=100, topic='TestTopic', queueId=0}
18:06:43.114 [main] DEBUG com.zephyr.storage.index.SparseIndex - Index hit for logical offset 31: IndexEntry{logical=0, physical=1000, timestamp=1000000, size=100, topic='TestTopic', queueId=0}
18:06:43.114 [main] DEBUG com.zephyr.storage.index.SparseIndex - Index hit for logical offset 9261: IndexEntry{logical=9200, physical=921000, timestamp=10200000, size=100, topic='TestTopic', queueId=0}
18:06:43.114 [main] DEBUG com.zephyr.storage.index.SparseIndex - Index hit for logical offset 5246: IndexEntry{logical=5200, physical=521000, timestamp=6200000, size=100, topic='TestTopic', queueId=0}
18:06:43.114 [main] DEBUG com.zephyr.storage.index.SparseIndex - Index hit for logical offset 7422: IndexEntry{logical=7400, physical=741000, timestamp=8400000, size=100, topic='TestTopic', queueId=0}
18:06:43.114 [main] DEBUG com.zephyr.storage.index.SparseIndex - Index hit for logical offset 3753: IndexEntry{logical=3700, physical=371000, timestamp=4700000, size=100, topic='TestTopic', queueId=0}
18:06:43.114 [main] DEBUG com.zephyr.storage.index.SparseIndex - Index hit for logical offset 1896: IndexEntry{logical=1800, physical=181000, timestamp=2800000, size=100, topic='TestTopic', queueId=0}
18:06:43.114 [main] DEBUG com.zephyr.storage.index.SparseIndex - Index hit for logical offset 5384: IndexEntry{logical=5300, physical=531000, timestamp=6300000, size=100, topic='TestTopic', queueId=0}
18:06:43.114 [main] DEBUG com.zephyr.storage.index.SparseIndex - Index hit for logical offset 4959: IndexEntry{logical=4900, physical=491000, timestamp=5900000, size=100, topic='TestTopic', queueId=0}
18:06:43.114 [main] DEBUG com.zephyr.storage.index.SparseIndex - Index hit for logical offset 1065: IndexEntry{logical=1000, physical=101000, timestamp=2000000, size=100, topic='TestTopic', queueId=0}
18:06:43.114 [main] DEBUG com.zephyr.storage.index.SparseIndex - Index hit for logical offset 5312: IndexEntry{logical=5300, physical=531000, timestamp=6300000, size=100, topic='TestTopic', queueId=0}
18:06:43.114 [main] DEBUG com.zephyr.storage.index.SparseIndex - Index hit for logical offset 8982: IndexEntry{logical=8900, physical=891000, timestamp=9900000, size=100, topic='TestTopic', queueId=0}
18:06:43.114 [main] DEBUG com.zephyr.storage.index.SparseIndex - Index hit for logical offset 7730: IndexEntry{logical=7700, physical=771000, timestamp=8700000, size=100, topic='TestTopic', queueId=0}
18:06:43.114 [main] DEBUG com.zephyr.storage.index.SparseIndex - Index hit for logical offset 2884: IndexEntry{logical=2800, physical=281000, timestamp=3800000, size=100, topic='TestTopic', queueId=0}
18:06:43.114 [main] DEBUG com.zephyr.storage.index.SparseIndex - Index hit for logical offset 116: IndexEntry{logical=100, physical=11000, timestamp=1100000, size=100, topic='TestTopic', queueId=0}
18:06:43.114 [main] DEBUG com.zephyr.storage.index.SparseIndex - Index hit for logical offset 7445: IndexEntry{logical=7400, physical=741000, timestamp=8400000, size=100, topic='TestTopic', queueId=0}
18:06:43.114 [main] DEBUG com.zephyr.storage.index.SparseIndex - Index hit for logical offset 5192: IndexEntry{logical=5100, physical=511000, timestamp=6100000, size=100, topic='TestTopic', queueId=0}
18:06:43.114 [main] DEBUG com.zephyr.storage.index.SparseIndex - Index hit for logical offset 7578: IndexEntry{logical=7500, physical=751000, timestamp=8500000, size=100, topic='TestTopic', queueId=0}
18:06:43.114 [main] DEBUG com.zephyr.storage.index.SparseIndex - Index hit for logical offset 2854: IndexEntry{logical=2800, physical=281000, timestamp=3800000, size=100, topic='TestTopic', queueId=0}
18:06:43.114 [main] DEBUG com.zephyr.storage.index.SparseIndex - Index hit for logical offset 1318: IndexEntry{logical=1300, physical=131000, timestamp=2300000, size=100, topic='TestTopic', queueId=0}
18:06:43.114 [main] DEBUG com.zephyr.storage.index.SparseIndex - Index hit for logical offset 3165: IndexEntry{logical=3100, physical=311000, timestamp=4100000, size=100, topic='TestTopic', queueId=0}
18:06:43.114 [main] DEBUG com.zephyr.storage.index.SparseIndex - Index hit for logical offset 388: IndexEntry{logical=300, physical=31000, timestamp=1300000, size=100, topic='TestTopic', queueId=0}
18:06:43.114 [main] DEBUG com.zephyr.storage.index.SparseIndex - Index hit for logical offset 9527: IndexEntry{logical=9500, physical=951000, timestamp=10500000, size=100, topic='TestTopic', queueId=0}
18:06:43.114 [main] DEBUG com.zephyr.storage.index.SparseIndex - Index hit for logical offset 1653: IndexEntry{logical=1600, physical=161000, timestamp=2600000, size=100, topic='TestTopic', queueId=0}
18:06:43.114 [main] DEBUG com.zephyr.storage.index.SparseIndex - Index hit for logical offset 377: IndexEntry{logical=300, physical=31000, timestamp=1300000, size=100, topic='TestTopic', queueId=0}
18:06:43.114 [main] DEBUG com.zephyr.storage.index.SparseIndex - Index hit for logical offset 3964: IndexEntry{logical=3900, physical=391000, timestamp=4900000, size=100, topic='TestTopic', queueId=0}
18:06:43.114 [main] DEBUG com.zephyr.storage.index.SparseIndex - Index hit for logical offset 5202: IndexEntry{logical=5200, physical=521000, timestamp=6200000, size=100, topic='TestTopic', queueId=0}
18:06:43.114 [main] DEBUG com.zephyr.storage.index.SparseIndex - Index hit for logical offset 2721: IndexEntry{logical=2700, physical=271000, timestamp=3700000, size=100, topic='TestTopic', queueId=0}
18:06:43.114 [main] DEBUG com.zephyr.storage.index.SparseIndex - Index hit for logical offset 4473: IndexEntry{logical=4400, physical=441000, timestamp=5400000, size=100, topic='TestTopic', queueId=0}
18:06:43.114 [main] DEBUG com.zephyr.storage.index.SparseIndex - Index hit for logical offset 3084: IndexEntry{logical=3000, physical=301000, timestamp=4000000, size=100, topic='TestTopic', queueId=0}
18:06:43.114 [main] DEBUG com.zephyr.storage.index.SparseIndex - Index hit for logical offset 1760: IndexEntry{logical=1700, physical=171000, timestamp=2700000, size=100, topic='TestTopic', queueId=0}
18:06:43.114 [main] DEBUG com.zephyr.storage.index.SparseIndex - Index hit for logical offset 7986: IndexEntry{logical=7900, physical=791000, timestamp=8900000, size=100, topic='TestTopic', queueId=0}
18:06:43.114 [main] DEBUG com.zephyr.storage.index.SparseIndex - Index hit for logical offset 1576: IndexEntry{logical=1500, physical=151000, timestamp=2500000, size=100, topic='TestTopic', queueId=0}
18:06:43.114 [main] DEBUG com.zephyr.storage.index.SparseIndex - Index hit for logical offset 9720: IndexEntry{logical=9700, physical=971000, timestamp=10700000, size=100, topic='TestTopic', queueId=0}
18:06:43.114 [main] DEBUG com.zephyr.storage.index.SparseIndex - Index hit for logical offset 5900: IndexEntry{logical=5900, physical=591000, timestamp=6900000, size=100, topic='TestTopic', queueId=0}
18:06:43.114 [main] DEBUG com.zephyr.storage.index.SparseIndex - Index hit for logical offset 1408: IndexEntry{logical=1400, physical=141000, timestamp=2400000, size=100, topic='TestTopic', queueId=0}
18:06:43.115 [main] DEBUG com.zephyr.storage.index.SparseIndex - Index hit for logical offset 1811: IndexEntry{logical=1800, physical=181000, timestamp=2800000, size=100, topic='TestTopic', queueId=0}
18:06:43.115 [main] DEBUG com.zephyr.storage.index.SparseIndex - Index hit for logical offset 4303: IndexEntry{logical=4300, physical=431000, timestamp=5300000, size=100, topic='TestTopic', queueId=0}
18:06:43.115 [main] DEBUG com.zephyr.storage.index.SparseIndex - Index hit for logical offset 8632: IndexEntry{logical=8600, physical=861000, timestamp=9600000, size=100, topic='TestTopic', queueId=0}
18:06:43.116 [main] DEBUG com.zephyr.storage.index.SparseIndex - Index hit for logical offset 7828: IndexEntry{logical=7800, physical=781000, timestamp=8800000, size=100, topic='TestTopic', queueId=0}
18:06:43.116 [main] DEBUG com.zephyr.storage.index.SparseIndex - Index hit for logical offset 5592: IndexEntry{logical=5500, physical=551000, timestamp=6500000, size=100, topic='TestTopic', queueId=0}
18:06:43.116 [main] DEBUG com.zephyr.storage.index.SparseIndex - Index hit for logical offset 5225: IndexEntry{logical=5200, physical=521000, timestamp=6200000, size=100, topic='TestTopic', queueId=0}
18:06:43.116 [main] DEBUG com.zephyr.storage.index.SparseIndex - Index hit for logical offset 5641: IndexEntry{logical=5600, physical=561000, timestamp=6600000, size=100, topic='TestTopic', queueId=0}
18:06:43.116 [main] DEBUG com.zephyr.storage.index.SparseIndex - Index hit for logical offset 9409: IndexEntry{logical=9400, physical=941000, timestamp=10400000, size=100, topic='TestTopic', queueId=0}
18:06:43.116 [main] DEBUG com.zephyr.storage.index.SparseIndex - Index hit for logical offset 1933: IndexEntry{logical=1900, physical=191000, timestamp=2900000, size=100, topic='TestTopic', queueId=0}
18:06:43.116 [main] DEBUG com.zephyr.storage.index.SparseIndex - Index hit for logical offset 1413: IndexEntry{logical=1400, physical=141000, timestamp=2400000, size=100, topic='TestTopic', queueId=0}
18:06:43.116 [main] DEBUG com.zephyr.storage.index.SparseIndex - Index hit for logical offset 5171: IndexEntry{logical=5100, physical=511000, timestamp=6100000, size=100, topic='TestTopic', queueId=0}
18:06:43.116 [main] DEBUG com.zephyr.storage.index.SparseIndex - Index hit for logical offset 9977: IndexEntry{logical=9900, physical=991000, timestamp=10900000, size=100, topic='TestTopic', queueId=0}
18:06:43.116 [main] DEBUG com.zephyr.storage.index.SparseIndex - Index hit for logical offset 555: IndexEntry{logical=500, physical=51000, timestamp=1500000, size=100, topic='TestTopic', queueId=0}
18:06:43.116 [main] DEBUG com.zephyr.storage.index.SparseIndex - Index hit for logical offset 2168: IndexEntry{logical=2100, physical=211000, timestamp=3100000, size=100, topic='TestTopic', queueId=0}
18:06:43.116 [main] DEBUG com.zephyr.storage.index.SparseIndex - Index hit for logical offset 6361: IndexEntry{logical=6300, physical=631000, timestamp=7300000, size=100, topic='TestTopic', queueId=0}
18:06:43.116 [main] DEBUG com.zephyr.storage.index.SparseIndex - Index hit for logical offset 5428: IndexEntry{logical=5400, physical=541000, timestamp=6400000, size=100, topic='TestTopic', queueId=0}
18:06:43.116 [main] DEBUG com.zephyr.storage.index.SparseIndex - Index hit for logical offset 4159: IndexEntry{logical=4100, physical=411000, timestamp=5100000, size=100, topic='TestTopic', queueId=0}
18:06:43.116 [main] DEBUG com.zephyr.storage.index.SparseIndex - Index hit for logical offset 4341: IndexEntry{logical=4300, physical=431000, timestamp=5300000, size=100, topic='TestTopic', queueId=0}
18:06:43.116 [main] DEBUG com.zephyr.storage.index.SparseIndex - Index hit for logical offset 6319: IndexEntry{logical=6300, physical=631000, timestamp=7300000, size=100, topic='TestTopic', queueId=0}
18:06:43.116 [main] DEBUG com.zephyr.storage.index.SparseIndex - Index hit for logical offset 6347: IndexEntry{logical=6300, physical=631000, timestamp=7300000, size=100, topic='TestTopic', queueId=0}
18:06:43.116 [main] DEBUG com.zephyr.storage.index.SparseIndex - Index hit for logical offset 5846: IndexEntry{logical=5800, physical=581000, timestamp=6800000, size=100, topic='TestTopic', queueId=0}
18:06:43.116 [main] DEBUG com.zephyr.storage.index.SparseIndex - Index hit for logical offset 9424: IndexEntry{logical=9400, physical=941000, timestamp=10400000, size=100, topic='TestTopic', queueId=0}
18:06:43.116 [main] DEBUG com.zephyr.storage.index.SparseIndex - Index hit for logical offset 8660: IndexEntry{logical=8600, physical=861000, timestamp=9600000, size=100, topic='TestTopic', queueId=0}
18:06:43.116 [main] DEBUG com.zephyr.storage.index.SparseIndex - Index hit for logical offset 8450: IndexEntry{logical=8400, physical=841000, timestamp=9400000, size=100, topic='TestTopic', queueId=0}
18:06:43.117 [main] DEBUG com.zephyr.storage.index.SparseIndex - Index hit for logical offset 9401: IndexEntry{logical=9400, physical=941000, timestamp=10400000, size=100, topic='TestTopic', queueId=0}
18:06:43.117 [main] DEBUG com.zephyr.storage.index.SparseIndex - Index hit for logical offset 2138: IndexEntry{logical=2100, physical=211000, timestamp=3100000, size=100, topic='TestTopic', queueId=0}
18:06:43.117 [main] DEBUG com.zephyr.storage.index.SparseIndex - Index hit for logical offset 9713: IndexEntry{logical=9700, physical=971000, timestamp=10700000, size=100, topic='TestTopic', queueId=0}
18:06:43.117 [main] DEBUG com.zephyr.storage.index.SparseIndex - Index hit for logical offset 7578: IndexEntry{logical=7500, physical=751000, timestamp=8500000, size=100, topic='TestTopic', queueId=0}
18:06:43.117 [main] DEBUG com.zephyr.storage.index.SparseIndex - Index hit for logical offset 6907: IndexEntry{logical=6900, physical=691000, timestamp=7900000, size=100, topic='TestTopic', queueId=0}
18:06:43.117 [main] DEBUG com.zephyr.storage.index.SparseIndex - Index hit for logical offset 7709: IndexEntry{logical=7700, physical=771000, timestamp=8700000, size=100, topic='TestTopic', queueId=0}
18:06:43.117 [main] DEBUG com.zephyr.storage.index.SparseIndex - Index hit for logical offset 1151: IndexEntry{logical=1100, physical=111000, timestamp=2100000, size=100, topic='TestTopic', queueId=0}
18:06:43.117 [main] DEBUG com.zephyr.storage.index.SparseIndex - Index hit for logical offset 8523: IndexEntry{logical=8500, physical=851000, timestamp=9500000, size=100, topic='TestTopic', queueId=0}
18:06:43.117 [main] DEBUG com.zephyr.storage.index.SparseIndex - Index hit for logical offset 8992: IndexEntry{logical=8900, physical=891000, timestamp=9900000, size=100, topic='TestTopic', queueId=0}
18:06:43.117 [main] DEBUG com.zephyr.storage.index.SparseIndex - Index hit for logical offset 7183: IndexEntry{logical=7100, physical=711000, timestamp=8100000, size=100, topic='TestTopic', queueId=0}
18:06:43.117 [main] DEBUG com.zephyr.storage.index.SparseIndex - Index hit for logical offset 9405: IndexEntry{logical=9400, physical=941000, timestamp=10400000, size=100, topic='TestTopic', queueId=0}
18:06:43.117 [main] DEBUG com.zephyr.storage.index.SparseIndex - Index hit for logical offset 1239: IndexEntry{logical=1200, physical=121000, timestamp=2200000, size=100, topic='TestTopic', queueId=0}
18:06:43.117 [main] DEBUG com.zephyr.storage.index.SparseIndex - Index hit for logical offset 7909: IndexEntry{logical=7900, physical=791000, timestamp=8900000, size=100, topic='TestTopic', queueId=0}
18:06:43.117 [main] DEBUG com.zephyr.storage.index.SparseIndex - Index hit for logical offset 8839: IndexEntry{logical=8800, physical=881000, timestamp=9800000, size=100, topic='TestTopic', queueId=0}
18:06:43.117 [main] DEBUG com.zephyr.storage.index.SparseIndex - Index hit for logical offset 2905: IndexEntry{logical=2900, physical=291000, timestamp=3900000, size=100, topic='TestTopic', queueId=0}
18:06:43.117 [main] DEBUG com.zephyr.storage.index.SparseIndex - Index hit for logical offset 3677: IndexEntry{logical=3600, physical=361000, timestamp=4600000, size=100, topic='TestTopic', queueId=0}
18:06:43.117 [main] DEBUG com.zephyr.storage.index.SparseIndex - Index hit for logical offset 2583: IndexEntry{logical=2500, physical=251000, timestamp=3500000, size=100, topic='TestTopic', queueId=0}
18:06:43.117 [main] DEBUG com.zephyr.storage.index.SparseIndex - Index hit for logical offset 9068: IndexEntry{logical=9000, physical=901000, timestamp=10000000, size=100, topic='TestTopic', queueId=0}
18:06:43.117 [main] DEBUG com.zephyr.storage.index.SparseIndex - Index hit for logical offset 7924: IndexEntry{logical=7900, physical=791000, timestamp=8900000, size=100, topic='TestTopic', queueId=0}
18:06:43.117 [main] DEBUG com.zephyr.storage.index.SparseIndex - Index hit for logical offset 7824: IndexEntry{logical=7800, physical=781000, timestamp=8800000, size=100, topic='TestTopic', queueId=0}
18:06:43.117 [main] DEBUG com.zephyr.storage.index.SparseIndex - Index hit for logical offset 7815: IndexEntry{logical=7800, physical=781000, timestamp=8800000, size=100, topic='TestTopic', queueId=0}
18:06:43.117 [main] DEBUG com.zephyr.storage.index.SparseIndex - Index hit for logical offset 7896: IndexEntry{logical=7800, physical=781000, timestamp=8800000, size=100, topic='TestTopic', queueId=0}
18:06:43.117 [main] DEBUG com.zephyr.storage.index.SparseIndex - Index hit for logical offset 2596: IndexEntry{logical=2500, physical=251000, timestamp=3500000, size=100, topic='TestTopic', queueId=0}
18:06:43.117 [main] DEBUG com.zephyr.storage.index.SparseIndex - Index hit for logical offset 4422: IndexEntry{logical=4400, physical=441000, timestamp=5400000, size=100, topic='TestTopic', queueId=0}
18:06:43.117 [main] DEBUG com.zephyr.storage.index.SparseIndex - Index hit for logical offset 6863: IndexEntry{logical=6800, physical=681000, timestamp=7800000, size=100, topic='TestTopic', queueId=0}
18:06:43.117 [main] DEBUG com.zephyr.storage.index.SparseIndex - Index hit for logical offset 2763: IndexEntry{logical=2700, physical=271000, timestamp=3700000, size=100, topic='TestTopic', queueId=0}
18:06:43.117 [main] DEBUG com.zephyr.storage.index.SparseIndex - Index hit for logical offset 6549: IndexEntry{logical=6500, physical=651000, timestamp=7500000, size=100, topic='TestTopic', queueId=0}
18:06:43.117 [main] DEBUG com.zephyr.storage.index.SparseIndex - Index hit for logical offset 2232: IndexEntry{logical=2200, physical=221000, timestamp=3200000, size=100, topic='TestTopic', queueId=0}
18:06:43.117 [main] DEBUG com.zephyr.storage.index.SparseIndex - Index hit for logical offset 7822: IndexEntry{logical=7800, physical=781000, timestamp=8800000, size=100, topic='TestTopic', queueId=0}
18:06:43.118 [main] DEBUG com.zephyr.storage.index.SparseIndex - Index hit for logical offset 9143: IndexEntry{logical=9100, physical=911000, timestamp=10100000, size=100, topic='TestTopic', queueId=0}
18:06:43.118 [main] DEBUG com.zephyr.storage.index.SparseIndex - Index hit for logical offset 501: IndexEntry{logical=500, physical=51000, timestamp=1500000, size=100, topic='TestTopic', queueId=0}
18:06:43.118 [main] DEBUG com.zephyr.storage.index.SparseIndex - Index hit for logical offset 9765: IndexEntry{logical=9700, physical=971000, timestamp=10700000, size=100, topic='TestTopic', queueId=0}
18:06:43.118 [main] DEBUG com.zephyr.storage.index.SparseIndex - Index hit for logical offset 9360: IndexEntry{logical=9300, physical=931000, timestamp=10300000, size=100, topic='TestTopic', queueId=0}
18:06:43.118 [main] DEBUG com.zephyr.storage.index.SparseIndex - Index hit for logical offset 8101: IndexEntry{logical=8100, physical=811000, timestamp=9100000, size=100, topic='TestTopic', queueId=0}
18:06:43.118 [main] DEBUG com.zephyr.storage.index.SparseIndex - Index hit for logical offset 6184: IndexEntry{logical=6100, physical=611000, timestamp=7100000, size=100, topic='TestTopic', queueId=0}
18:06:43.118 [main] DEBUG com.zephyr.storage.index.SparseIndex - Index hit for logical offset 929: IndexEntry{logical=900, physical=91000, timestamp=1900000, size=100, topic='TestTopic', queueId=0}
18:06:43.118 [main] DEBUG com.zephyr.storage.index.SparseIndex - Index hit for logical offset 709: IndexEntry{logical=700, physical=71000, timestamp=1700000, size=100, topic='TestTopic', queueId=0}
18:06:43.118 [main] DEBUG com.zephyr.storage.index.SparseIndex - Index hit for logical offset 8993: IndexEntry{logical=8900, physical=891000, timestamp=9900000, size=100, topic='TestTopic', queueId=0}
18:06:43.118 [main] DEBUG com.zephyr.storage.index.SparseIndex - Index hit for logical offset 1967: IndexEntry{logical=1900, physical=191000, timestamp=2900000, size=100, topic='TestTopic', queueId=0}
18:06:43.118 [main] DEBUG com.zephyr.storage.index.SparseIndex - Index hit for logical offset 1186: IndexEntry{logical=1100, physical=111000, timestamp=2100000, size=100, topic='TestTopic', queueId=0}
18:06:43.118 [main] DEBUG com.zephyr.storage.index.SparseIndex - Index hit for logical offset 4079: IndexEntry{logical=4000, physical=401000, timestamp=5000000, size=100, topic='TestTopic', queueId=0}
18:06:43.118 [main] DEBUG com.zephyr.storage.index.SparseIndex - Index hit for logical offset 186: IndexEntry{logical=100, physical=11000, timestamp=1100000, size=100, topic='TestTopic', queueId=0}
18:06:43.118 [main] DEBUG com.zephyr.storage.index.SparseIndex - Index hit for logical offset 3709: IndexEntry{logical=3700, physical=371000, timestamp=4700000, size=100, topic='TestTopic', queueId=0}
18:06:43.118 [main] DEBUG com.zephyr.storage.index.SparseIndex - Index hit for logical offset 7490: IndexEntry{logical=7400, physical=741000, timestamp=8400000, size=100, topic='TestTopic', queueId=0}
18:06:43.118 [main] DEBUG com.zephyr.storage.index.SparseIndex - Index hit for logical offset 5086: IndexEntry{logical=5000, physical=501000, timestamp=6000000, size=100, topic='TestTopic', queueId=0}
18:06:43.118 [main] DEBUG com.zephyr.storage.index.SparseIndex - Index hit for logical offset 1857: IndexEntry{logical=1800, physical=181000, timestamp=2800000, size=100, topic='TestTopic', queueId=0}
18:06:43.118 [main] DEBUG com.zephyr.storage.index.SparseIndex - Index hit for logical offset 3496: IndexEntry{logical=3400, physical=341000, timestamp=4400000, size=100, topic='TestTopic', queueId=0}
18:06:43.118 [main] DEBUG com.zephyr.storage.index.SparseIndex - Index hit for logical offset 3544: IndexEntry{logical=3500, physical=351000, timestamp=4500000, size=100, topic='TestTopic', queueId=0}
18:06:43.118 [main] DEBUG com.zephyr.storage.index.SparseIndex - Index hit for logical offset 8243: IndexEntry{logical=8200, physical=821000, timestamp=9200000, size=100, topic='TestTopic', queueId=0}
18:06:43.118 [main] DEBUG com.zephyr.storage.index.SparseIndex - Index hit for logical offset 2766: IndexEntry{logical=2700, physical=271000, timestamp=3700000, size=100, topic='TestTopic', queueId=0}
18:06:43.118 [main] DEBUG com.zephyr.storage.index.SparseIndex - Index hit for logical offset 1202: IndexEntry{logical=1200, physical=121000, timestamp=2200000, size=100, topic='TestTopic', queueId=0}
18:06:43.118 [main] DEBUG com.zephyr.storage.index.SparseIndex - Index hit for logical offset 1712: IndexEntry{logical=1700, physical=171000, timestamp=2700000, size=100, topic='TestTopic', queueId=0}
18:06:43.118 [main] DEBUG com.zephyr.storage.index.SparseIndex - Index hit for logical offset 56: IndexEntry{logical=0, physical=1000, timestamp=1000000, size=100, topic='TestTopic', queueId=0}
18:06:43.118 [main] DEBUG com.zephyr.storage.index.SparseIndex - Index hit for logical offset 7190: IndexEntry{logical=7100, physical=711000, timestamp=8100000, size=100, topic='TestTopic', queueId=0}
18:06:43.118 [main] DEBUG com.zephyr.storage.index.SparseIndex - Index hit for logical offset 5072: IndexEntry{logical=5000, physical=501000, timestamp=6000000, size=100, topic='TestTopic', queueId=0}
18:06:43.118 [main] DEBUG com.zephyr.storage.index.SparseIndex - Index hit for logical offset 4321: IndexEntry{logical=4300, physical=431000, timestamp=5300000, size=100, topic='TestTopic', queueId=0}
18:06:43.118 [main] DEBUG com.zephyr.storage.index.SparseIndex - Index hit for logical offset 1879: IndexEntry{logical=1800, physical=181000, timestamp=2800000, size=100, topic='TestTopic', queueId=0}
18:06:43.118 [main] DEBUG com.zephyr.storage.index.SparseIndex - Index hit for logical offset 9157: IndexEntry{logical=9100, physical=911000, timestamp=10100000, size=100, topic='TestTopic', queueId=0}
18:06:43.118 [main] DEBUG com.zephyr.storage.index.SparseIndex - Index hit for logical offset 7908: IndexEntry{logical=7900, physical=791000, timestamp=8900000, size=100, topic='TestTopic', queueId=0}
18:06:43.118 [main] DEBUG com.zephyr.storage.index.SparseIndex - Index hit for logical offset 9991: IndexEntry{logical=9900, physical=991000, timestamp=10900000, size=100, topic='TestTopic', queueId=0}
18:06:43.118 [main] DEBUG com.zephyr.storage.index.SparseIndex - Index hit for logical offset 8298: IndexEntry{logical=8200, physical=821000, timestamp=9200000, size=100, topic='TestTopic', queueId=0}
18:06:43.118 [main] DEBUG com.zephyr.storage.index.SparseIndex - Index hit for logical offset 8560: IndexEntry{logical=8500, physical=851000, timestamp=9500000, size=100, topic='TestTopic', queueId=0}
18:06:43.118 [main] DEBUG com.zephyr.storage.index.SparseIndex - Index hit for logical offset 4864: IndexEntry{logical=4800, physical=481000, timestamp=5800000, size=100, topic='TestTopic', queueId=0}
18:06:43.118 [main] DEBUG com.zephyr.storage.index.SparseIndex - Index hit for logical offset 5184: IndexEntry{logical=5100, physical=511000, timestamp=6100000, size=100, topic='TestTopic', queueId=0}
18:06:43.118 [main] DEBUG com.zephyr.storage.index.SparseIndex - Index hit for logical offset 4527: IndexEntry{logical=4500, physical=451000, timestamp=5500000, size=100, topic='TestTopic', queueId=0}
18:06:43.118 [main] DEBUG com.zephyr.storage.index.SparseIndex - Index hit for logical offset 7785: IndexEntry{logical=7700, physical=771000, timestamp=8700000, size=100, topic='TestTopic', queueId=0}
18:06:43.118 [main] DEBUG com.zephyr.storage.index.SparseIndex - Index hit for logical offset 7328: IndexEntry{logical=7300, physical=731000, timestamp=8300000, size=100, topic='TestTopic', queueId=0}
18:06:43.118 [main] DEBUG com.zephyr.storage.index.SparseIndex - Index hit for logical offset 7169: IndexEntry{logical=7100, physical=711000, timestamp=8100000, size=100, topic='TestTopic', queueId=0}
18:06:43.118 [main] DEBUG com.zephyr.storage.index.SparseIndex - Index hit for logical offset 8084: IndexEntry{logical=8000, physical=801000, timestamp=9000000, size=100, topic='TestTopic', queueId=0}
18:06:43.119 [main] DEBUG com.zephyr.storage.index.SparseIndex - Index hit for logical offset 8058: IndexEntry{logical=8000, physical=801000, timestamp=9000000, size=100, topic='TestTopic', queueId=0}
18:06:43.119 [main] DEBUG com.zephyr.storage.index.SparseIndex - Index hit for logical offset 4933: IndexEntry{logical=4900, physical=491000, timestamp=5900000, size=100, topic='TestTopic', queueId=0}
18:06:43.119 [main] DEBUG com.zephyr.storage.index.SparseIndex - Index hit for logical offset 2286: IndexEntry{logical=2200, physical=221000, timestamp=3200000, size=100, topic='TestTopic', queueId=0}
18:06:43.119 [main] DEBUG com.zephyr.storage.index.SparseIndex - Index hit for logical offset 5810: IndexEntry{logical=5800, physical=581000, timestamp=6800000, size=100, topic='TestTopic', queueId=0}
18:06:43.119 [main] DEBUG com.zephyr.storage.index.SparseIndex - Index hit for logical offset 1914: IndexEntry{logical=1900, physical=191000, timestamp=2900000, size=100, topic='TestTopic', queueId=0}
18:06:43.119 [main] DEBUG com.zephyr.storage.index.SparseIndex - Index hit for logical offset 4336: IndexEntry{logical=4300, physical=431000, timestamp=5300000, size=100, topic='TestTopic', queueId=0}
18:06:43.119 [main] DEBUG com.zephyr.storage.index.SparseIndex - Index hit for logical offset 2531: IndexEntry{logical=2500, physical=251000, timestamp=3500000, size=100, topic='TestTopic', queueId=0}
18:06:43.119 [main] DEBUG com.zephyr.storage.index.SparseIndex - Index hit for logical offset 7224: IndexEntry{logical=7200, physical=721000, timestamp=8200000, size=100, topic='TestTopic', queueId=0}
18:06:43.119 [main] DEBUG com.zephyr.storage.index.SparseIndex - Index hit for logical offset 1860: IndexEntry{logical=1800, physical=181000, timestamp=2800000, size=100, topic='TestTopic', queueId=0}
18:06:43.119 [main] DEBUG com.zephyr.storage.index.SparseIndex - Index hit for logical offset 9091: IndexEntry{logical=9000, physical=901000, timestamp=10000000, size=100, topic='TestTopic', queueId=0}
18:06:43.119 [main] DEBUG com.zephyr.storage.index.SparseIndex - Index hit for logical offset 4265: IndexEntry{logical=4200, physical=421000, timestamp=5200000, size=100, topic='TestTopic', queueId=0}
18:06:43.119 [main] DEBUG com.zephyr.storage.index.SparseIndex - Index hit for logical offset 9137: IndexEntry{logical=9100, physical=911000, timestamp=10100000, size=100, topic='TestTopic', queueId=0}
18:06:43.119 [main] DEBUG com.zephyr.storage.index.SparseIndex - Index hit for logical offset 5633: IndexEntry{logical=5600, physical=561000, timestamp=6600000, size=100, topic='TestTopic', queueId=0}
18:06:43.119 [main] DEBUG com.zephyr.storage.index.SparseIndex - Index hit for logical offset 9677: IndexEntry{logical=9600, physical=961000, timestamp=10600000, size=100, topic='TestTopic', queueId=0}
18:06:43.119 [main] DEBUG com.zephyr.storage.index.SparseIndex - Index hit for logical offset 5165: IndexEntry{logical=5100, physical=511000, timestamp=6100000, size=100, topic='TestTopic', queueId=0}
18:06:43.119 [main] DEBUG com.zephyr.storage.index.SparseIndex - Index hit for logical offset 4465: IndexEntry{logical=4400, physical=441000, timestamp=5400000, size=100, topic='TestTopic', queueId=0}
18:06:43.119 [main] DEBUG com.zephyr.storage.index.SparseIndex - Index hit for logical offset 5279: IndexEntry{logical=5200, physical=521000, timestamp=6200000, size=100, topic='TestTopic', queueId=0}
18:06:43.119 [main] DEBUG com.zephyr.storage.index.SparseIndex - Index hit for logical offset 6523: IndexEntry{logical=6500, physical=651000, timestamp=7500000, size=100, topic='TestTopic', queueId=0}
18:06:43.119 [main] DEBUG com.zephyr.storage.index.SparseIndex - Index hit for logical offset 9381: IndexEntry{logical=9300, physical=931000, timestamp=10300000, size=100, topic='TestTopic', queueId=0}
18:06:43.119 [main] DEBUG com.zephyr.storage.index.SparseIndex - Index hit for logical offset 293: IndexEntry{logical=200, physical=21000, timestamp=1200000, size=100, topic='TestTopic', queueId=0}
18:06:43.119 [main] DEBUG com.zephyr.storage.index.SparseIndex - Index hit for logical offset 672: IndexEntry{logical=600, physical=61000, timestamp=1600000, size=100, topic='TestTopic', queueId=0}
18:06:43.119 [main] DEBUG com.zephyr.storage.index.SparseIndex - Index hit for logical offset 1757: IndexEntry{logical=1700, physical=171000, timestamp=2700000, size=100, topic='TestTopic', queueId=0}
18:06:43.119 [main] DEBUG com.zephyr.storage.index.SparseIndex - Index hit for logical offset 6362: IndexEntry{logical=6300, physical=631000, timestamp=7300000, size=100, topic='TestTopic', queueId=0}
18:06:43.119 [main] DEBUG com.zephyr.storage.index.SparseIndex - Index hit for logical offset 6332: IndexEntry{logical=6300, physical=631000, timestamp=7300000, size=100, topic='TestTopic', queueId=0}
18:06:43.119 [main] DEBUG com.zephyr.storage.index.SparseIndex - Index hit for logical offset 8114: IndexEntry{logical=8100, physical=811000, timestamp=9100000, size=100, topic='TestTopic', queueId=0}
18:06:43.119 [main] DEBUG com.zephyr.storage.index.SparseIndex - Index hit for logical offset 7324: IndexEntry{logical=7300, physical=731000, timestamp=8300000, size=100, topic='TestTopic', queueId=0}
18:06:43.119 [main] DEBUG com.zephyr.storage.index.SparseIndex - Index hit for logical offset 5734: IndexEntry{logical=5700, physical=571000, timestamp=6700000, size=100, topic='TestTopic', queueId=0}
18:06:43.119 [main] DEBUG com.zephyr.storage.index.SparseIndex - Index hit for logical offset 5168: IndexEntry{logical=5100, physical=511000, timestamp=6100000, size=100, topic='TestTopic', queueId=0}
18:06:43.119 [main] DEBUG com.zephyr.storage.index.SparseIndex - Index hit for logical offset 1114: IndexEntry{logical=1100, physical=111000, timestamp=2100000, size=100, topic='TestTopic', queueId=0}
18:06:43.119 [main] DEBUG com.zephyr.storage.index.SparseIndex - Index hit for logical offset 8082: IndexEntry{logical=8000, physical=801000, timestamp=9000000, size=100, topic='TestTopic', queueId=0}
18:06:43.119 [main] DEBUG com.zephyr.storage.index.SparseIndex - Index hit for logical offset 9268: IndexEntry{logical=9200, physical=921000, timestamp=10200000, size=100, topic='TestTopic', queueId=0}
18:06:43.119 [main] DEBUG com.zephyr.storage.index.SparseIndex - Index hit for logical offset 9937: IndexEntry{logical=9900, physical=991000, timestamp=10900000, size=100, topic='TestTopic', queueId=0}
18:06:43.119 [main] DEBUG com.zephyr.storage.index.SparseIndex - Index hit for logical offset 3620: IndexEntry{logical=3600, physical=361000, timestamp=4600000, size=100, topic='TestTopic', queueId=0}
18:06:43.119 [main] DEBUG com.zephyr.storage.index.SparseIndex - Index hit for logical offset 8575: IndexEntry{logical=8500, physical=851000, timestamp=9500000, size=100, topic='TestTopic', queueId=0}
18:06:43.119 [main] DEBUG com.zephyr.storage.index.SparseIndex - Index hit for logical offset 1017: IndexEntry{logical=1000, physical=101000, timestamp=2000000, size=100, topic='TestTopic', queueId=0}
18:06:43.119 [main] DEBUG com.zephyr.storage.index.SparseIndex - Index hit for logical offset 3392: IndexEntry{logical=3300, physical=331000, timestamp=4300000, size=100, topic='TestTopic', queueId=0}
18:06:43.119 [main] DEBUG com.zephyr.storage.index.SparseIndex - Index hit for logical offset 5575: IndexEntry{logical=5500, physical=551000, timestamp=6500000, size=100, topic='TestTopic', queueId=0}
18:06:43.119 [main] DEBUG com.zephyr.storage.index.SparseIndex - Index hit for logical offset 1250: IndexEntry{logical=1200, physical=121000, timestamp=2200000, size=100, topic='TestTopic', queueId=0}
18:06:43.119 [main] DEBUG com.zephyr.storage.index.SparseIndex - Index hit for logical offset 8468: IndexEntry{logical=8400, physical=841000, timestamp=9400000, size=100, topic='TestTopic', queueId=0}
18:06:43.119 [main] DEBUG com.zephyr.storage.index.SparseIndex - Index hit for logical offset 4753: IndexEntry{logical=4700, physical=471000, timestamp=5700000, size=100, topic='TestTopic', queueId=0}
18:06:43.119 [main] DEBUG com.zephyr.storage.index.SparseIndex - Index hit for logical offset 6919: IndexEntry{logical=6900, physical=691000, timestamp=7900000, size=100, topic='TestTopic', queueId=0}
18:06:43.119 [main] DEBUG com.zephyr.storage.index.SparseIndex - Index hit for logical offset 2090: IndexEntry{logical=2000, physical=201000, timestamp=3000000, size=100, topic='TestTopic', queueId=0}
18:06:43.119 [main] DEBUG com.zephyr.storage.index.SparseIndex - Index hit for logical offset 737: IndexEntry{logical=700, physical=71000, timestamp=1700000, size=100, topic='TestTopic', queueId=0}
18:06:43.119 [main] DEBUG com.zephyr.storage.index.SparseIndex - Index hit for logical offset 7126: IndexEntry{logical=7100, physical=711000, timestamp=8100000, size=100, topic='TestTopic', queueId=0}
18:06:43.119 [main] DEBUG com.zephyr.storage.index.SparseIndex - Index hit for logical offset 8933: IndexEntry{logical=8900, physical=891000, timestamp=9900000, size=100, topic='TestTopic', queueId=0}
18:06:43.119 [main] DEBUG com.zephyr.storage.index.SparseIndex - Index hit for logical offset 6863: IndexEntry{logical=6800, physical=681000, timestamp=7800000, size=100, topic='TestTopic', queueId=0}
18:06:43.119 [main] DEBUG com.zephyr.storage.index.SparseIndex - Index hit for logical offset 4712: IndexEntry{logical=4700, physical=471000, timestamp=5700000, size=100, topic='TestTopic', queueId=0}
18:06:43.119 [main] DEBUG com.zephyr.storage.index.SparseIndex - Index hit for logical offset 8866: IndexEntry{logical=8800, physical=881000, timestamp=9800000, size=100, topic='TestTopic', queueId=0}
18:06:43.119 [main] DEBUG com.zephyr.storage.index.SparseIndex - Index hit for logical offset 1176: IndexEntry{logical=1100, physical=111000, timestamp=2100000, size=100, topic='TestTopic', queueId=0}
18:06:43.119 [main] DEBUG com.zephyr.storage.index.SparseIndex - Index hit for logical offset 7469: IndexEntry{logical=7400, physical=741000, timestamp=8400000, size=100, topic='TestTopic', queueId=0}
18:06:43.119 [main] DEBUG com.zephyr.storage.index.SparseIndex - Index hit for logical offset 6366: IndexEntry{logical=6300, physical=631000, timestamp=7300000, size=100, topic='TestTopic', queueId=0}
18:06:43.119 [main] DEBUG com.zephyr.storage.index.SparseIndex - Index hit for logical offset 6772: IndexEntry{logical=6700, physical=671000, timestamp=7700000, size=100, topic='TestTopic', queueId=0}
18:06:43.119 [main] DEBUG com.zephyr.storage.index.SparseIndex - Index hit for logical offset 8152: IndexEntry{logical=8100, physical=811000, timestamp=9100000, size=100, topic='TestTopic', queueId=0}
18:06:43.119 [main] DEBUG com.zephyr.storage.index.SparseIndex - Index hit for logical offset 3258: IndexEntry{logical=3200, physical=321000, timestamp=4200000, size=100, topic='TestTopic', queueId=0}
18:06:43.119 [main] DEBUG com.zephyr.storage.index.SparseIndex - Index hit for logical offset 2466: IndexEntry{logical=2400, physical=241000, timestamp=3400000, size=100, topic='TestTopic', queueId=0}
18:06:43.119 [main] DEBUG com.zephyr.storage.index.SparseIndex - Index hit for logical offset 7703: IndexEntry{logical=7700, physical=771000, timestamp=8700000, size=100, topic='TestTopic', queueId=0}
18:06:43.119 [main] DEBUG com.zephyr.storage.index.SparseIndex - Index hit for logical offset 2350: IndexEntry{logical=2300, physical=231000, timestamp=3300000, size=100, topic='TestTopic', queueId=0}
18:06:43.119 [main] DEBUG com.zephyr.storage.index.SparseIndex - Index hit for logical offset 6591: IndexEntry{logical=6500, physical=651000, timestamp=7500000, size=100, topic='TestTopic', queueId=0}
18:06:43.119 [main] DEBUG com.zephyr.storage.index.SparseIndex - Index hit for logical offset 7342: IndexEntry{logical=7300, physical=731000, timestamp=8300000, size=100, topic='TestTopic', queueId=0}
18:06:43.119 [main] DEBUG com.zephyr.storage.index.SparseIndex - Index hit for logical offset 7857: IndexEntry{logical=7800, physical=781000, timestamp=8800000, size=100, topic='TestTopic', queueId=0}
18:06:43.119 [main] DEBUG com.zephyr.storage.index.SparseIndex - Index hit for logical offset 9294: IndexEntry{logical=9200, physical=921000, timestamp=10200000, size=100, topic='TestTopic', queueId=0}
18:06:43.119 [main] DEBUG com.zephyr.storage.index.SparseIndex - Index hit for logical offset 5417: IndexEntry{logical=5400, physical=541000, timestamp=6400000, size=100, topic='TestTopic', queueId=0}
18:06:43.119 [main] DEBUG com.zephyr.storage.index.SparseIndex - Index hit for logical offset 492: IndexEntry{logical=400, physical=41000, timestamp=1400000, size=100, topic='TestTopic', queueId=0}
18:06:43.119 [main] DEBUG com.zephyr.storage.index.SparseIndex - Index hit for logical offset 5764: IndexEntry{logical=5700, physical=571000, timestamp=6700000, size=100, topic='TestTopic', queueId=0}
18:06:43.119 [main] DEBUG com.zephyr.storage.index.SparseIndex - Index hit for logical offset 5861: IndexEntry{logical=5800, physical=581000, timestamp=6800000, size=100, topic='TestTopic', queueId=0}
18:06:43.119 [main] DEBUG com.zephyr.storage.index.SparseIndex - Index hit for logical offset 8176: IndexEntry{logical=8100, physical=811000, timestamp=9100000, size=100, topic='TestTopic', queueId=0}
18:06:43.119 [main] DEBUG com.zephyr.storage.index.SparseIndex - Index hit for logical offset 3399: IndexEntry{logical=3300, physical=331000, timestamp=4300000, size=100, topic='TestTopic', queueId=0}
18:06:43.119 [main] DEBUG com.zephyr.storage.index.SparseIndex - Index hit for logical offset 5852: IndexEntry{logical=5800, physical=581000, timestamp=6800000, size=100, topic='TestTopic', queueId=0}
18:06:43.119 [main] DEBUG com.zephyr.storage.index.SparseIndex - Index hit for logical offset 5284: IndexEntry{logical=5200, physical=521000, timestamp=6200000, size=100, topic='TestTopic', queueId=0}
18:06:43.119 [main] DEBUG com.zephyr.storage.index.SparseIndex - Index hit for logical offset 7966: IndexEntry{logical=7900, physical=791000, timestamp=8900000, size=100, topic='TestTopic', queueId=0}
18:06:43.119 [main] DEBUG com.zephyr.storage.index.SparseIndex - Index hit for logical offset 8146: IndexEntry{logical=8100, physical=811000, timestamp=9100000, size=100, topic='TestTopic', queueId=0}
18:06:43.119 [main] DEBUG com.zephyr.storage.index.SparseIndex - Index hit for logical offset 4341: IndexEntry{logical=4300, physical=431000, timestamp=5300000, size=100, topic='TestTopic', queueId=0}
18:06:43.119 [main] DEBUG com.zephyr.storage.index.SparseIndex - Index hit for logical offset 961: IndexEntry{logical=900, physical=91000, timestamp=1900000, size=100, topic='TestTopic', queueId=0}
18:06:43.119 [main] DEBUG com.zephyr.storage.index.SparseIndex - Index hit for logical offset 3558: IndexEntry{logical=3500, physical=351000, timestamp=4500000, size=100, topic='TestTopic', queueId=0}
18:06:43.119 [main] DEBUG com.zephyr.storage.index.SparseIndex - Index hit for logical offset 6138: IndexEntry{logical=6100, physical=611000, timestamp=7100000, size=100, topic='TestTopic', queueId=0}
18:06:43.119 [main] DEBUG com.zephyr.storage.index.SparseIndex - Index hit for logical offset 8178: IndexEntry{logical=8100, physical=811000, timestamp=9100000, size=100, topic='TestTopic', queueId=0}
18:06:43.119 [main] DEBUG com.zephyr.storage.index.SparseIndex - Index hit for logical offset 6486: IndexEntry{logical=6400, physical=641000, timestamp=7400000, size=100, topic='TestTopic', queueId=0}
18:06:43.120 [main] DEBUG com.zephyr.storage.index.SparseIndex - Index hit for logical offset 4625: IndexEntry{logical=4600, physical=461000, timestamp=5600000, size=100, topic='TestTopic', queueId=0}
18:06:43.120 [main] DEBUG com.zephyr.storage.index.SparseIndex - Index hit for logical offset 2594: IndexEntry{logical=2500, physical=251000, timestamp=3500000, size=100, topic='TestTopic', queueId=0}
18:06:43.120 [main] DEBUG com.zephyr.storage.index.SparseIndex - Index hit for logical offset 748: IndexEntry{logical=700, physical=71000, timestamp=1700000, size=100, topic='TestTopic', queueId=0}
18:06:43.120 [main] DEBUG com.zephyr.storage.index.SparseIndex - Index hit for logical offset 1166: IndexEntry{logical=1100, physical=111000, timestamp=2100000, size=100, topic='TestTopic', queueId=0}
18:06:43.120 [main] DEBUG com.zephyr.storage.index.SparseIndex - Index hit for logical offset 7285: IndexEntry{logical=7200, physical=721000, timestamp=8200000, size=100, topic='TestTopic', queueId=0}
18:06:43.120 [main] DEBUG com.zephyr.storage.index.SparseIndex - Index hit for logical offset 1307: IndexEntry{logical=1300, physical=131000, timestamp=2300000, size=100, topic='TestTopic', queueId=0}
18:06:43.120 [main] DEBUG com.zephyr.storage.index.SparseIndex - Index hit for logical offset 5161: IndexEntry{logical=5100, physical=511000, timestamp=6100000, size=100, topic='TestTopic', queueId=0}
18:06:43.120 [main] DEBUG com.zephyr.storage.index.SparseIndex - Index hit for logical offset 8680: IndexEntry{logical=8600, physical=861000, timestamp=9600000, size=100, topic='TestTopic', queueId=0}
18:06:43.120 [main] DEBUG com.zephyr.storage.index.SparseIndex - Index hit for logical offset 3997: IndexEntry{logical=3900, physical=391000, timestamp=4900000, size=100, topic='TestTopic', queueId=0}
18:06:43.120 [main] DEBUG com.zephyr.storage.index.SparseIndex - Index hit for logical offset 4641: IndexEntry{logical=4600, physical=461000, timestamp=5600000, size=100, topic='TestTopic', queueId=0}
18:06:43.120 [main] DEBUG com.zephyr.storage.index.SparseIndex - Index hit for logical offset 7072: IndexEntry{logical=7000, physical=701000, timestamp=8000000, size=100, topic='TestTopic', queueId=0}
18:06:43.120 [main] DEBUG com.zephyr.storage.index.SparseIndex - Index hit for logical offset 1539: IndexEntry{logical=1500, physical=151000, timestamp=2500000, size=100, topic='TestTopic', queueId=0}
18:06:43.120 [main] DEBUG com.zephyr.storage.index.SparseIndex - Index hit for logical offset 8693: IndexEntry{logical=8600, physical=861000, timestamp=9600000, size=100, topic='TestTopic', queueId=0}
18:06:43.120 [main] DEBUG com.zephyr.storage.index.SparseIndex - Index hit for logical offset 5724: IndexEntry{logical=5700, physical=571000, timestamp=6700000, size=100, topic='TestTopic', queueId=0}
18:06:43.120 [main] DEBUG com.zephyr.storage.index.SparseIndex - Index hit for logical offset 4197: IndexEntry{logical=4100, physical=411000, timestamp=5100000, size=100, topic='TestTopic', queueId=0}
18:06:43.120 [main] DEBUG com.zephyr.storage.index.SparseIndex - Index hit for logical offset 5492: IndexEntry{logical=5400, physical=541000, timestamp=6400000, size=100, topic='TestTopic', queueId=0}
18:06:43.120 [main] DEBUG com.zephyr.storage.index.SparseIndex - Index hit for logical offset 4087: IndexEntry{logical=4000, physical=401000, timestamp=5000000, size=100, topic='TestTopic', queueId=0}
18:06:43.120 [main] DEBUG com.zephyr.storage.index.SparseIndex - Index hit for logical offset 3359: IndexEntry{logical=3300, physical=331000, timestamp=4300000, size=100, topic='TestTopic', queueId=0}
18:06:43.120 [main] DEBUG com.zephyr.storage.index.SparseIndex - Index hit for logical offset 8936: IndexEntry{logical=8900, physical=891000, timestamp=9900000, size=100, topic='TestTopic', queueId=0}
18:06:43.120 [main] DEBUG com.zephyr.storage.index.SparseIndex - Index hit for logical offset 6166: IndexEntry{logical=6100, physical=611000, timestamp=7100000, size=100, topic='TestTopic', queueId=0}
18:06:43.120 [main] DEBUG com.zephyr.storage.index.SparseIndex - Index hit for logical offset 3090: IndexEntry{logical=3000, physical=301000, timestamp=4000000, size=100, topic='TestTopic', queueId=0}
18:06:43.120 [main] DEBUG com.zephyr.storage.index.SparseIndex - Index hit for logical offset 5297: IndexEntry{logical=5200, physical=521000, timestamp=6200000, size=100, topic='TestTopic', queueId=0}
18:06:43.120 [main] DEBUG com.zephyr.storage.index.SparseIndex - Index hit for logical offset 3877: IndexEntry{logical=3800, physical=381000, timestamp=4800000, size=100, topic='TestTopic', queueId=0}
18:06:43.120 [main] DEBUG com.zephyr.storage.index.SparseIndex - Index hit for logical offset 4858: IndexEntry{logical=4800, physical=481000, timestamp=5800000, size=100, topic='TestTopic', queueId=0}
18:06:43.120 [main] DEBUG com.zephyr.storage.index.SparseIndex - Index hit for logical offset 425: IndexEntry{logical=400, physical=41000, timestamp=1400000, size=100, topic='TestTopic', queueId=0}
18:06:43.120 [main] DEBUG com.zephyr.storage.index.SparseIndex - Index hit for logical offset 2229: IndexEntry{logical=2200, physical=221000, timestamp=3200000, size=100, topic='TestTopic', queueId=0}
18:06:43.120 [main] DEBUG com.zephyr.storage.index.SparseIndex - Index hit for logical offset 7303: IndexEntry{logical=7300, physical=731000, timestamp=8300000, size=100, topic='TestTopic', queueId=0}
18:06:43.120 [main] DEBUG com.zephyr.storage.index.SparseIndex - Index hit for logical offset 1625: IndexEntry{logical=1600, physical=161000, timestamp=2600000, size=100, topic='TestTopic', queueId=0}
18:06:43.120 [main] DEBUG com.zephyr.storage.index.SparseIndex - Index hit for logical offset 3662: IndexEntry{logical=3600, physical=361000, timestamp=4600000, size=100, topic='TestTopic', queueId=0}
18:06:43.120 [main] DEBUG com.zephyr.storage.index.SparseIndex - Index hit for logical offset 3073: IndexEntry{logical=3000, physical=301000, timestamp=4000000, size=100, topic='TestTopic', queueId=0}
18:06:43.120 [main] DEBUG com.zephyr.storage.index.SparseIndex - Index hit for logical offset 7335: IndexEntry{logical=7300, physical=731000, timestamp=8300000, size=100, topic='TestTopic', queueId=0}
18:06:43.120 [main] DEBUG com.zephyr.storage.index.SparseIndex - Index hit for logical offset 1595: IndexEntry{logical=1500, physical=151000, timestamp=2500000, size=100, topic='TestTopic', queueId=0}
18:06:43.120 [main] DEBUG com.zephyr.storage.index.SparseIndex - Index hit for logical offset 5173: IndexEntry{logical=5100, physical=511000, timestamp=6100000, size=100, topic='TestTopic', queueId=0}
18:06:43.120 [main] DEBUG com.zephyr.storage.index.SparseIndex - Index hit for logical offset 1971: IndexEntry{logical=1900, physical=191000, timestamp=2900000, size=100, topic='TestTopic', queueId=0}
18:06:43.120 [main] DEBUG com.zephyr.storage.index.SparseIndex - Index hit for logical offset 8805: IndexEntry{logical=8800, physical=881000, timestamp=9800000, size=100, topic='TestTopic', queueId=0}
18:06:43.120 [main] DEBUG com.zephyr.storage.index.SparseIndex - Index hit for logical offset 4792: IndexEntry{logical=4700, physical=471000, timestamp=5700000, size=100, topic='TestTopic', queueId=0}
18:06:43.120 [main] DEBUG com.zephyr.storage.index.SparseIndex - Index hit for logical offset 7758: IndexEntry{logical=7700, physical=771000, timestamp=8700000, size=100, topic='TestTopic', queueId=0}
18:06:43.120 [main] DEBUG com.zephyr.storage.index.SparseIndex - Index hit for logical offset 8778: IndexEntry{logical=8700, physical=871000, timestamp=9700000, size=100, topic='TestTopic', queueId=0}
18:06:43.120 [main] DEBUG com.zephyr.storage.index.SparseIndex - Index hit for logical offset 6575: IndexEntry{logical=6500, physical=651000, timestamp=7500000, size=100, topic='TestTopic', queueId=0}
18:06:43.120 [main] DEBUG com.zephyr.storage.index.SparseIndex - Index hit for logical offset 634: IndexEntry{logical=600, physical=61000, timestamp=1600000, size=100, topic='TestTopic', queueId=0}
18:06:43.120 [main] DEBUG com.zephyr.storage.index.SparseIndex - Index hit for logical offset 7114: IndexEntry{logical=7100, physical=711000, timestamp=8100000, size=100, topic='TestTopic', queueId=0}
18:06:43.120 [main] DEBUG com.zephyr.storage.index.SparseIndex - Index hit for logical offset 7770: IndexEntry{logical=7700, physical=771000, timestamp=8700000, size=100, topic='TestTopic', queueId=0}
18:06:43.120 [main] DEBUG com.zephyr.storage.index.SparseIndex - Index hit for logical offset 2636: IndexEntry{logical=2600, physical=261000, timestamp=3600000, size=100, topic='TestTopic', queueId=0}
18:06:43.120 [main] DEBUG com.zephyr.storage.index.SparseIndex - Index hit for logical offset 5782: IndexEntry{logical=5700, physical=571000, timestamp=6700000, size=100, topic='TestTopic', queueId=0}
18:06:43.120 [main] DEBUG com.zephyr.storage.index.SparseIndex - Index hit for logical offset 3672: IndexEntry{logical=3600, physical=361000, timestamp=4600000, size=100, topic='TestTopic', queueId=0}
18:06:43.120 [main] DEBUG com.zephyr.storage.index.SparseIndex - Index hit for logical offset 3783: IndexEntry{logical=3700, physical=371000, timestamp=4700000, size=100, topic='TestTopic', queueId=0}
18:06:43.120 [main] DEBUG com.zephyr.storage.index.SparseIndex - Index hit for logical offset 2039: IndexEntry{logical=2000, physical=201000, timestamp=3000000, size=100, topic='TestTopic', queueId=0}
18:06:43.120 [main] DEBUG com.zephyr.storage.index.SparseIndex - Index hit for logical offset 8003: IndexEntry{logical=8000, physical=801000, timestamp=9000000, size=100, topic='TestTopic', queueId=0}
18:06:43.121 [main] DEBUG com.zephyr.storage.index.SparseIndex - Index hit for logical offset 4888: IndexEntry{logical=4800, physical=481000, timestamp=5800000, size=100, topic='TestTopic', queueId=0}
18:06:43.121 [main] DEBUG com.zephyr.storage.index.SparseIndex - Index hit for logical offset 1092: IndexEntry{logical=1000, physical=101000, timestamp=2000000, size=100, topic='TestTopic', queueId=0}
18:06:43.121 [main] DEBUG com.zephyr.storage.index.SparseIndex - Index hit for logical offset 4478: IndexEntry{logical=4400, physical=441000, timestamp=5400000, size=100, topic='TestTopic', queueId=0}
18:06:43.121 [main] DEBUG com.zephyr.storage.index.SparseIndex - Index hit for logical offset 9358: IndexEntry{logical=9300, physical=931000, timestamp=10300000, size=100, topic='TestTopic', queueId=0}
18:06:43.121 [main] DEBUG com.zephyr.storage.index.SparseIndex - Index hit for logical offset 6557: IndexEntry{logical=6500, physical=651000, timestamp=7500000, size=100, topic='TestTopic', queueId=0}
18:06:43.121 [main] DEBUG com.zephyr.storage.index.SparseIndex - Index hit for logical offset 7933: IndexEntry{logical=7900, physical=791000, timestamp=8900000, size=100, topic='TestTopic', queueId=0}
18:06:43.121 [main] DEBUG com.zephyr.storage.index.SparseIndex - Index hit for logical offset 4161: IndexEntry{logical=4100, physical=411000, timestamp=5100000, size=100, topic='TestTopic', queueId=0}
18:06:43.121 [main] DEBUG com.zephyr.storage.index.SparseIndex - Index hit for logical offset 9120: IndexEntry{logical=9100, physical=911000, timestamp=10100000, size=100, topic='TestTopic', queueId=0}
18:06:43.121 [main] DEBUG com.zephyr.storage.index.SparseIndex - Index hit for logical offset 8372: IndexEntry{logical=8300, physical=831000, timestamp=9300000, size=100, topic='TestTopic', queueId=0}
18:06:43.121 [main] DEBUG com.zephyr.storage.index.SparseIndex - Index hit for logical offset 8777: IndexEntry{logical=8700, physical=871000, timestamp=9700000, size=100, topic='TestTopic', queueId=0}
18:06:43.121 [main] DEBUG com.zephyr.storage.index.SparseIndex - Index hit for logical offset 510: IndexEntry{logical=500, physical=51000, timestamp=1500000, size=100, topic='TestTopic', queueId=0}
18:06:43.121 [main] DEBUG com.zephyr.storage.index.SparseIndex - Index hit for logical offset 627: IndexEntry{logical=600, physical=61000, timestamp=1600000, size=100, topic='TestTopic', queueId=0}
18:06:43.121 [main] DEBUG com.zephyr.storage.index.SparseIndex - Index hit for logical offset 4611: IndexEntry{logical=4600, physical=461000, timestamp=5600000, size=100, topic='TestTopic', queueId=0}
18:06:43.121 [main] DEBUG com.zephyr.storage.index.SparseIndex - Index hit for logical offset 7212: IndexEntry{logical=7200, physical=721000, timestamp=8200000, size=100, topic='TestTopic', queueId=0}
18:06:43.121 [main] DEBUG com.zephyr.storage.index.SparseIndex - Index hit for logical offset 6189: IndexEntry{logical=6100, physical=611000, timestamp=7100000, size=100, topic='TestTopic', queueId=0}
18:06:43.121 [main] DEBUG com.zephyr.storage.index.SparseIndex - Index hit for logical offset 6470: IndexEntry{logical=6400, physical=641000, timestamp=7400000, size=100, topic='TestTopic', queueId=0}
18:06:43.121 [main] DEBUG com.zephyr.storage.index.SparseIndex - Index hit for logical offset 5571: IndexEntry{logical=5500, physical=551000, timestamp=6500000, size=100, topic='TestTopic', queueId=0}
18:06:43.121 [main] DEBUG com.zephyr.storage.index.SparseIndex - Index hit for logical offset 4618: IndexEntry{logical=4600, physical=461000, timestamp=5600000, size=100, topic='TestTopic', queueId=0}
18:06:43.121 [main] DEBUG com.zephyr.storage.index.SparseIndex - Index hit for logical offset 6967: IndexEntry{logical=6900, physical=691000, timestamp=7900000, size=100, topic='TestTopic', queueId=0}
18:06:43.121 [main] DEBUG com.zephyr.storage.index.SparseIndex - Index hit for logical offset 3342: IndexEntry{logical=3300, physical=331000, timestamp=4300000, size=100, topic='TestTopic', queueId=0}
18:06:43.121 [main] DEBUG com.zephyr.storage.index.SparseIndex - Index hit for logical offset 9159: IndexEntry{logical=9100, physical=911000, timestamp=10100000, size=100, topic='TestTopic', queueId=0}
18:06:43.121 [main] DEBUG com.zephyr.storage.index.SparseIndex - Index hit for logical offset 3660: IndexEntry{logical=3600, physical=361000, timestamp=4600000, size=100, topic='TestTopic', queueId=0}
18:06:43.121 [main] DEBUG com.zephyr.storage.index.SparseIndex - Index hit for logical offset 2: IndexEntry{logical=0, physical=1000, timestamp=1000000, size=100, topic='TestTopic', queueId=0}
18:06:43.121 [main] DEBUG com.zephyr.storage.index.SparseIndex - Index hit for logical offset 1231: IndexEntry{logical=1200, physical=121000, timestamp=2200000, size=100, topic='TestTopic', queueId=0}
18:06:43.121 [main] DEBUG com.zephyr.storage.index.SparseIndex - Index hit for logical offset 4928: IndexEntry{logical=4900, physical=491000, timestamp=5900000, size=100, topic='TestTopic', queueId=0}
18:06:43.121 [main] DEBUG com.zephyr.storage.index.SparseIndex - Index hit for logical offset 1112: IndexEntry{logical=1100, physical=111000, timestamp=2100000, size=100, topic='TestTopic', queueId=0}
18:06:43.121 [main] DEBUG com.zephyr.storage.index.SparseIndex - Index hit for logical offset 3289: IndexEntry{logical=3200, physical=321000, timestamp=4200000, size=100, topic='TestTopic', queueId=0}
18:06:43.121 [main] DEBUG com.zephyr.storage.index.SparseIndex - Index hit for logical offset 1623: IndexEntry{logical=1600, physical=161000, timestamp=2600000, size=100, topic='TestTopic', queueId=0}
18:06:43.121 [main] DEBUG com.zephyr.storage.index.SparseIndex - Index hit for logical offset 4765: IndexEntry{logical=4700, physical=471000, timestamp=5700000, size=100, topic='TestTopic', queueId=0}
18:06:43.121 [main] DEBUG com.zephyr.storage.index.SparseIndex - Index hit for logical offset 1496: IndexEntry{logical=1400, physical=141000, timestamp=2400000, size=100, topic='TestTopic', queueId=0}
18:06:43.121 [main] DEBUG com.zephyr.storage.index.SparseIndex - Index hit for logical offset 9206: IndexEntry{logical=9200, physical=921000, timestamp=10200000, size=100, topic='TestTopic', queueId=0}
18:06:43.121 [main] DEBUG com.zephyr.storage.index.SparseIndex - Index hit for logical offset 5931: IndexEntry{logical=5900, physical=591000, timestamp=6900000, size=100, topic='TestTopic', queueId=0}
18:06:43.121 [main] DEBUG com.zephyr.storage.index.SparseIndex - Index hit for logical offset 5403: IndexEntry{logical=5400, physical=541000, timestamp=6400000, size=100, topic='TestTopic', queueId=0}
18:06:43.121 [main] DEBUG com.zephyr.storage.index.SparseIndex - Index hit for logical offset 1575: IndexEntry{logical=1500, physical=151000, timestamp=2500000, size=100, topic='TestTopic', queueId=0}
18:06:43.121 [main] DEBUG com.zephyr.storage.index.SparseIndex - Index hit for logical offset 9354: IndexEntry{logical=9300, physical=931000, timestamp=10300000, size=100, topic='TestTopic', queueId=0}
18:06:43.121 [main] DEBUG com.zephyr.storage.index.SparseIndex - Index hit for logical offset 8434: IndexEntry{logical=8400, physical=841000, timestamp=9400000, size=100, topic='TestTopic', queueId=0}
18:06:43.121 [main] DEBUG com.zephyr.storage.index.SparseIndex - Index hit for logical offset 8016: IndexEntry{logical=8000, physical=801000, timestamp=9000000, size=100, topic='TestTopic', queueId=0}
18:06:43.121 [main] DEBUG com.zephyr.storage.index.SparseIndex - Index hit for logical offset 5910: IndexEntry{logical=5900, physical=591000, timestamp=6900000, size=100, topic='TestTopic', queueId=0}
18:06:43.121 [main] DEBUG com.zephyr.storage.index.SparseIndex - Index hit for logical offset 6254: IndexEntry{logical=6200, physical=621000, timestamp=7200000, size=100, topic='TestTopic', queueId=0}
18:06:43.121 [main] DEBUG com.zephyr.storage.index.SparseIndex - Index hit for logical offset 7694: IndexEntry{logical=7600, physical=761000, timestamp=8600000, size=100, topic='TestTopic', queueId=0}
18:06:43.121 [main] DEBUG com.zephyr.storage.index.SparseIndex - Index hit for logical offset 9233: IndexEntry{logical=9200, physical=921000, timestamp=10200000, size=100, topic='TestTopic', queueId=0}
18:06:43.121 [main] DEBUG com.zephyr.storage.index.SparseIndex - Index hit for logical offset 5329: IndexEntry{logical=5300, physical=531000, timestamp=6300000, size=100, topic='TestTopic', queueId=0}
18:06:43.121 [main] DEBUG com.zephyr.storage.index.SparseIndex - Index hit for logical offset 9795: IndexEntry{logical=9700, physical=971000, timestamp=10700000, size=100, topic='TestTopic', queueId=0}
18:06:43.121 [main] DEBUG com.zephyr.storage.index.SparseIndex - Index hit for logical offset 6620: IndexEntry{logical=6600, physical=661000, timestamp=7600000, size=100, topic='TestTopic', queueId=0}
18:06:43.121 [main] DEBUG com.zephyr.storage.index.SparseIndex - Index hit for logical offset 6097: IndexEntry{logical=6000, physical=601000, timestamp=7000000, size=100, topic='TestTopic', queueId=0}
18:06:43.121 [main] DEBUG com.zephyr.storage.index.SparseIndex - Index hit for logical offset 3441: IndexEntry{logical=3400, physical=341000, timestamp=4400000, size=100, topic='TestTopic', queueId=0}
18:06:43.121 [main] DEBUG com.zephyr.storage.index.SparseIndex - Index hit for logical offset 2849: IndexEntry{logical=2800, physical=281000, timestamp=3800000, size=100, topic='TestTopic', queueId=0}
18:06:43.121 [main] DEBUG com.zephyr.storage.index.SparseIndex - Index hit for logical offset 4148: IndexEntry{logical=4100, physical=411000, timestamp=5100000, size=100, topic='TestTopic', queueId=0}
18:06:43.121 [main] DEBUG com.zephyr.storage.index.SparseIndex - Index hit for logical offset 4738: IndexEntry{logical=4700, physical=471000, timestamp=5700000, size=100, topic='TestTopic', queueId=0}
18:06:43.122 [main] DEBUG com.zephyr.storage.index.SparseIndex - Index hit for logical offset 1142: IndexEntry{logical=1100, physical=111000, timestamp=2100000, size=100, topic='TestTopic', queueId=0}
18:06:43.122 [main] DEBUG com.zephyr.storage.index.SparseIndex - Index hit for logical offset 928: IndexEntry{logical=900, physical=91000, timestamp=1900000, size=100, topic='TestTopic', queueId=0}
18:06:43.122 [main] DEBUG com.zephyr.storage.index.SparseIndex - Index hit for logical offset 833: IndexEntry{logical=800, physical=81000, timestamp=1800000, size=100, topic='TestTopic', queueId=0}
18:06:43.122 [main] DEBUG com.zephyr.storage.index.SparseIndex - Index hit for logical offset 8801: IndexEntry{logical=8800, physical=881000, timestamp=9800000, size=100, topic='TestTopic', queueId=0}
18:06:43.122 [main] DEBUG com.zephyr.storage.index.SparseIndex - Index hit for logical offset 5404: IndexEntry{logical=5400, physical=541000, timestamp=6400000, size=100, topic='TestTopic', queueId=0}
18:06:43.122 [main] DEBUG com.zephyr.storage.index.SparseIndex - Index hit for logical offset 5388: IndexEntry{logical=5300, physical=531000, timestamp=6300000, size=100, topic='TestTopic', queueId=0}
18:06:43.122 [main] DEBUG com.zephyr.storage.index.SparseIndex - Index hit for logical offset 6575: IndexEntry{logical=6500, physical=651000, timestamp=7500000, size=100, topic='TestTopic', queueId=0}
18:06:43.122 [main] DEBUG com.zephyr.storage.index.SparseIndex - Index hit for logical offset 9068: IndexEntry{logical=9000, physical=901000, timestamp=10000000, size=100, topic='TestTopic', queueId=0}
18:06:43.122 [main] DEBUG com.zephyr.storage.index.SparseIndex - Index hit for logical offset 6631: IndexEntry{logical=6600, physical=661000, timestamp=7600000, size=100, topic='TestTopic', queueId=0}
18:06:43.122 [main] DEBUG com.zephyr.storage.index.SparseIndex - Index hit for logical offset 8283: IndexEntry{logical=8200, physical=821000, timestamp=9200000, size=100, topic='TestTopic', queueId=0}
18:06:43.122 [main] DEBUG com.zephyr.storage.index.SparseIndex - Index hit for logical offset 1164: IndexEntry{logical=1100, physical=111000, timestamp=2100000, size=100, topic='TestTopic', queueId=0}
18:06:43.122 [main] DEBUG com.zephyr.storage.index.SparseIndex - Index hit for logical offset 102: IndexEntry{logical=100, physical=11000, timestamp=1100000, size=100, topic='TestTopic', queueId=0}
18:06:43.122 [main] DEBUG com.zephyr.storage.index.SparseIndex - Index hit for logical offset 8312: IndexEntry{logical=8300, physical=831000, timestamp=9300000, size=100, topic='TestTopic', queueId=0}
18:06:43.122 [main] DEBUG com.zephyr.storage.index.SparseIndex - Index hit for logical offset 9711: IndexEntry{logical=9700, physical=971000, timestamp=10700000, size=100, topic='TestTopic', queueId=0}
18:06:43.122 [main] DEBUG com.zephyr.storage.index.SparseIndex - Index hit for logical offset 7357: IndexEntry{logical=7300, physical=731000, timestamp=8300000, size=100, topic='TestTopic', queueId=0}
18:06:43.122 [main] DEBUG com.zephyr.storage.index.SparseIndex - Index hit for logical offset 3258: IndexEntry{logical=3200, physical=321000, timestamp=4200000, size=100, topic='TestTopic', queueId=0}
18:06:43.122 [main] DEBUG com.zephyr.storage.index.SparseIndex - Index hit for logical offset 3810: IndexEntry{logical=3800, physical=381000, timestamp=4800000, size=100, topic='TestTopic', queueId=0}
18:06:43.122 [main] DEBUG com.zephyr.storage.index.SparseIndex - Index hit for logical offset 5252: IndexEntry{logical=5200, physical=521000, timestamp=6200000, size=100, topic='TestTopic', queueId=0}
18:06:43.122 [main] DEBUG com.zephyr.storage.index.SparseIndex - Index hit for logical offset 1805: IndexEntry{logical=1800, physical=181000, timestamp=2800000, size=100, topic='TestTopic', queueId=0}
18:06:43.122 [main] DEBUG com.zephyr.storage.index.SparseIndex - Index hit for logical offset 7922: IndexEntry{logical=7900, physical=791000, timestamp=8900000, size=100, topic='TestTopic', queueId=0}
18:06:43.122 [main] DEBUG com.zephyr.storage.index.SparseIndex - Index hit for logical offset 7727: IndexEntry{logical=7700, physical=771000, timestamp=8700000, size=100, topic='TestTopic', queueId=0}
18:06:43.122 [main] DEBUG com.zephyr.storage.index.SparseIndex - Index hit for logical offset 1903: IndexEntry{logical=1900, physical=191000, timestamp=2900000, size=100, topic='TestTopic', queueId=0}
18:06:43.122 [main] DEBUG com.zephyr.storage.index.SparseIndex - Index hit for logical offset 1304: IndexEntry{logical=1300, physical=131000, timestamp=2300000, size=100, topic='TestTopic', queueId=0}
18:06:43.123 [main] DEBUG com.zephyr.storage.index.SparseIndex - Index hit for logical offset 4491: IndexEntry{logical=4400, physical=441000, timestamp=5400000, size=100, topic='TestTopic', queueId=0}
18:06:43.123 [main] DEBUG com.zephyr.storage.index.SparseIndex - Index hit for logical offset 3482: IndexEntry{logical=3400, physical=341000, timestamp=4400000, size=100, topic='TestTopic', queueId=0}
18:06:43.123 [main] DEBUG com.zephyr.storage.index.SparseIndex - Index hit for logical offset 5864: IndexEntry{logical=5800, physical=581000, timestamp=6800000, size=100, topic='TestTopic', queueId=0}
18:06:43.123 [main] DEBUG com.zephyr.storage.index.SparseIndex - Index hit for logical offset 556: IndexEntry{logical=500, physical=51000, timestamp=1500000, size=100, topic='TestTopic', queueId=0}
18:06:43.123 [main] DEBUG com.zephyr.storage.index.SparseIndex - Index hit for logical offset 3232: IndexEntry{logical=3200, physical=321000, timestamp=4200000, size=100, topic='TestTopic', queueId=0}
18:06:43.123 [main] DEBUG com.zephyr.storage.index.SparseIndex - Index hit for logical offset 4495: IndexEntry{logical=4400, physical=441000, timestamp=5400000, size=100, topic='TestTopic', queueId=0}
18:06:43.123 [main] DEBUG com.zephyr.storage.index.SparseIndex - Index hit for logical offset 4412: IndexEntry{logical=4400, physical=441000, timestamp=5400000, size=100, topic='TestTopic', queueId=0}
18:06:43.123 [main] DEBUG com.zephyr.storage.index.SparseIndex - Index hit for logical offset 2924: IndexEntry{logical=2900, physical=291000, timestamp=3900000, size=100, topic='TestTopic', queueId=0}
18:06:43.123 [main] DEBUG com.zephyr.storage.index.SparseIndex - Index hit for logical offset 2944: IndexEntry{logical=2900, physical=291000, timestamp=3900000, size=100, topic='TestTopic', queueId=0}
18:06:43.123 [main] DEBUG com.zephyr.storage.index.SparseIndex - Index hit for logical offset 3677: IndexEntry{logical=3600, physical=361000, timestamp=4600000, size=100, topic='TestTopic', queueId=0}
18:06:43.123 [main] DEBUG com.zephyr.storage.index.SparseIndex - Index hit for logical offset 7188: IndexEntry{logical=7100, physical=711000, timestamp=8100000, size=100, topic='TestTopic', queueId=0}
18:06:43.123 [main] DEBUG com.zephyr.storage.index.SparseIndex - Index hit for logical offset 7500: IndexEntry{logical=7500, physical=751000, timestamp=8500000, size=100, topic='TestTopic', queueId=0}
18:06:43.123 [main] DEBUG com.zephyr.storage.index.SparseIndex - Index hit for logical offset 2108: IndexEntry{logical=2100, physical=211000, timestamp=3100000, size=100, topic='TestTopic', queueId=0}
18:06:43.123 [main] DEBUG com.zephyr.storage.index.SparseIndex - Index hit for logical offset 4809: IndexEntry{logical=4800, physical=481000, timestamp=5800000, size=100, topic='TestTopic', queueId=0}
18:06:43.123 [main] DEBUG com.zephyr.storage.index.SparseIndex - Index hit for logical offset 9243: IndexEntry{logical=9200, physical=921000, timestamp=10200000, size=100, topic='TestTopic', queueId=0}
18:06:43.123 [main] DEBUG com.zephyr.storage.index.SparseIndex - Index hit for logical offset 4211: IndexEntry{logical=4200, physical=421000, timestamp=5200000, size=100, topic='TestTopic', queueId=0}
18:06:43.123 [main] DEBUG com.zephyr.storage.index.SparseIndex - Index hit for logical offset 3092: IndexEntry{logical=3000, physical=301000, timestamp=4000000, size=100, topic='TestTopic', queueId=0}
18:06:43.123 [main] DEBUG com.zephyr.storage.index.SparseIndex - Index hit for logical offset 9828: IndexEntry{logical=9800, physical=981000, timestamp=10800000, size=100, topic='TestTopic', queueId=0}
18:06:43.123 [main] DEBUG com.zephyr.storage.index.SparseIndex - Index hit for logical offset 9378: IndexEntry{logical=9300, physical=931000, timestamp=10300000, size=100, topic='TestTopic', queueId=0}
18:06:43.123 [main] DEBUG com.zephyr.storage.index.SparseIndex - Index hit for logical offset 3672: IndexEntry{logical=3600, physical=361000, timestamp=4600000, size=100, topic='TestTopic', queueId=0}
18:06:43.123 [main] DEBUG com.zephyr.storage.index.SparseIndex - Index hit for logical offset 6889: IndexEntry{logical=6800, physical=681000, timestamp=7800000, size=100, topic='TestTopic', queueId=0}
18:06:43.123 [main] DEBUG com.zephyr.storage.index.SparseIndex - Index hit for logical offset 8042: IndexEntry{logical=8000, physical=801000, timestamp=9000000, size=100, topic='TestTopic', queueId=0}
18:06:43.123 [main] DEBUG com.zephyr.storage.index.SparseIndex - Index hit for logical offset 2481: IndexEntry{logical=2400, physical=241000, timestamp=3400000, size=100, topic='TestTopic', queueId=0}
18:06:43.123 [main] DEBUG com.zephyr.storage.index.SparseIndex - Index hit for logical offset 16: IndexEntry{logical=0, physical=1000, timestamp=1000000, size=100, topic='TestTopic', queueId=0}
18:06:43.123 [main] DEBUG com.zephyr.storage.index.SparseIndex - Index hit for logical offset 1871: IndexEntry{logical=1800, physical=181000, timestamp=2800000, size=100, topic='TestTopic', queueId=0}
18:06:43.123 [main] DEBUG com.zephyr.storage.index.SparseIndex - Index hit for logical offset 6869: IndexEntry{logical=6800, physical=681000, timestamp=7800000, size=100, topic='TestTopic', queueId=0}
18:06:43.123 [main] DEBUG com.zephyr.storage.index.SparseIndex - Index hit for logical offset 3864: IndexEntry{logical=3800, physical=381000, timestamp=4800000, size=100, topic='TestTopic', queueId=0}
18:06:43.123 [main] DEBUG com.zephyr.storage.index.SparseIndex - Index hit for logical offset 3027: IndexEntry{logical=3000, physical=301000, timestamp=4000000, size=100, topic='TestTopic', queueId=0}
18:06:43.123 [main] DEBUG com.zephyr.storage.index.SparseIndex - Index hit for logical offset 5060: IndexEntry{logical=5000, physical=501000, timestamp=6000000, size=100, topic='TestTopic', queueId=0}
18:06:43.123 [main] DEBUG com.zephyr.storage.index.SparseIndex - Index hit for logical offset 8794: IndexEntry{logical=8700, physical=871000, timestamp=9700000, size=100, topic='TestTopic', queueId=0}
18:06:43.123 [main] DEBUG com.zephyr.storage.index.SparseIndex - Index hit for logical offset 6902: IndexEntry{logical=6900, physical=691000, timestamp=7900000, size=100, topic='TestTopic', queueId=0}
18:06:43.123 [main] DEBUG com.zephyr.storage.index.SparseIndex - Index hit for logical offset 575: IndexEntry{logical=500, physical=51000, timestamp=1500000, size=100, topic='TestTopic', queueId=0}
18:06:43.124 [main] DEBUG com.zephyr.storage.index.SparseIndex - Index hit for logical offset 8567: IndexEntry{logical=8500, physical=851000, timestamp=9500000, size=100, topic='TestTopic', queueId=0}
18:06:43.124 [main] DEBUG com.zephyr.storage.index.SparseIndex - Index hit for logical offset 5971: IndexEntry{logical=5900, physical=591000, timestamp=6900000, size=100, topic='TestTopic', queueId=0}
18:06:43.124 [main] DEBUG com.zephyr.storage.index.SparseIndex - Index hit for logical offset 2701: IndexEntry{logical=2700, physical=271000, timestamp=3700000, size=100, topic='TestTopic', queueId=0}
18:06:43.124 [main] DEBUG com.zephyr.storage.index.SparseIndex - Index hit for logical offset 3545: IndexEntry{logical=3500, physical=351000, timestamp=4500000, size=100, topic='TestTopic', queueId=0}
18:06:43.124 [main] DEBUG com.zephyr.storage.index.SparseIndex - Index hit for logical offset 6990: IndexEntry{logical=6900, physical=691000, timestamp=7900000, size=100, topic='TestTopic', queueId=0}
18:06:43.124 [main] DEBUG com.zephyr.storage.index.SparseIndex - Index hit for logical offset 2106: IndexEntry{logical=2100, physical=211000, timestamp=3100000, size=100, topic='TestTopic', queueId=0}
18:06:43.124 [main] DEBUG com.zephyr.storage.index.SparseIndex - Index hit for logical offset 1937: IndexEntry{logical=1900, physical=191000, timestamp=2900000, size=100, topic='TestTopic', queueId=0}
18:06:43.124 [main] DEBUG com.zephyr.storage.index.SparseIndex - Index hit for logical offset 3268: IndexEntry{logical=3200, physical=321000, timestamp=4200000, size=100, topic='TestTopic', queueId=0}
18:06:43.124 [main] DEBUG com.zephyr.storage.index.SparseIndex - Index hit for logical offset 3819: IndexEntry{logical=3800, physical=381000, timestamp=4800000, size=100, topic='TestTopic', queueId=0}
18:06:43.124 [main] DEBUG com.zephyr.storage.index.SparseIndex - Index hit for logical offset 1096: IndexEntry{logical=1000, physical=101000, timestamp=2000000, size=100, topic='TestTopic', queueId=0}
18:06:43.124 [main] DEBUG com.zephyr.storage.index.SparseIndex - Index hit for logical offset 4580: IndexEntry{logical=4500, physical=451000, timestamp=5500000, size=100, topic='TestTopic', queueId=0}
18:06:43.124 [main] DEBUG com.zephyr.storage.index.SparseIndex - Index hit for logical offset 5782: IndexEntry{logical=5700, physical=571000, timestamp=6700000, size=100, topic='TestTopic', queueId=0}
18:06:43.124 [main] DEBUG com.zephyr.storage.index.SparseIndex - Index hit for logical offset 6177: IndexEntry{logical=6100, physical=611000, timestamp=7100000, size=100, topic='TestTopic', queueId=0}
18:06:43.124 [main] DEBUG com.zephyr.storage.index.SparseIndex - Index hit for logical offset 3280: IndexEntry{logical=3200, physical=321000, timestamp=4200000, size=100, topic='TestTopic', queueId=0}
18:06:43.124 [main] DEBUG com.zephyr.storage.index.SparseIndex - Index hit for logical offset 2731: IndexEntry{logical=2700, physical=271000, timestamp=3700000, size=100, topic='TestTopic', queueId=0}
18:06:43.124 [main] DEBUG com.zephyr.storage.index.SparseIndex - Index hit for logical offset 8170: IndexEntry{logical=8100, physical=811000, timestamp=9100000, size=100, topic='TestTopic', queueId=0}
18:06:43.124 [main] DEBUG com.zephyr.storage.index.SparseIndex - Index hit for logical offset 7622: IndexEntry{logical=7600, physical=761000, timestamp=8600000, size=100, topic='TestTopic', queueId=0}
18:06:43.124 [main] DEBUG com.zephyr.storage.index.SparseIndex - Index hit for logical offset 3066: IndexEntry{logical=3000, physical=301000, timestamp=4000000, size=100, topic='TestTopic', queueId=0}
18:06:43.124 [main] DEBUG com.zephyr.storage.index.SparseIndex - Index hit for logical offset 5508: IndexEntry{logical=5500, physical=551000, timestamp=6500000, size=100, topic='TestTopic', queueId=0}
18:06:43.124 [main] DEBUG com.zephyr.storage.index.SparseIndex - Index hit for logical offset 9693: IndexEntry{logical=9600, physical=961000, timestamp=10600000, size=100, topic='TestTopic', queueId=0}
18:06:43.124 [main] DEBUG com.zephyr.storage.index.SparseIndex - Index hit for logical offset 8102: IndexEntry{logical=8100, physical=811000, timestamp=9100000, size=100, topic='TestTopic', queueId=0}
18:06:43.124 [main] DEBUG com.zephyr.storage.index.SparseIndex - Index hit for logical offset 6250: IndexEntry{logical=6200, physical=621000, timestamp=7200000, size=100, topic='TestTopic', queueId=0}
18:06:43.124 [main] DEBUG com.zephyr.storage.index.SparseIndex - Index hit for logical offset 2571: IndexEntry{logical=2500, physical=251000, timestamp=3500000, size=100, topic='TestTopic', queueId=0}
18:06:43.124 [main] DEBUG com.zephyr.storage.index.SparseIndex - Index hit for logical offset 4470: IndexEntry{logical=4400, physical=441000, timestamp=5400000, size=100, topic='TestTopic', queueId=0}
18:06:43.124 [main] DEBUG com.zephyr.storage.index.SparseIndex - Index hit for logical offset 8707: IndexEntry{logical=8700, physical=871000, timestamp=9700000, size=100, topic='TestTopic', queueId=0}
18:06:43.124 [main] DEBUG com.zephyr.storage.index.SparseIndex - Index hit for logical offset 1349: IndexEntry{logical=1300, physical=131000, timestamp=2300000, size=100, topic='TestTopic', queueId=0}
18:06:43.124 [main] DEBUG com.zephyr.storage.index.SparseIndex - Index hit for logical offset 4671: IndexEntry{logical=4600, physical=461000, timestamp=5600000, size=100, topic='TestTopic', queueId=0}
18:06:43.124 [main] DEBUG com.zephyr.storage.index.SparseIndex - Index hit for logical offset 3041: IndexEntry{logical=3000, physical=301000, timestamp=4000000, size=100, topic='TestTopic', queueId=0}
18:06:43.124 [main] DEBUG com.zephyr.storage.index.SparseIndex - Index hit for logical offset 6355: IndexEntry{logical=6300, physical=631000, timestamp=7300000, size=100, topic='TestTopic', queueId=0}
18:06:43.124 [main] DEBUG com.zephyr.storage.index.SparseIndex - Index hit for logical offset 6953: IndexEntry{logical=6900, physical=691000, timestamp=7900000, size=100, topic='TestTopic', queueId=0}
18:06:43.124 [main] DEBUG com.zephyr.storage.index.SparseIndex - Index hit for logical offset 5435: IndexEntry{logical=5400, physical=541000, timestamp=6400000, size=100, topic='TestTopic', queueId=0}
18:06:43.124 [main] DEBUG com.zephyr.storage.index.SparseIndex - Index hit for logical offset 7330: IndexEntry{logical=7300, physical=731000, timestamp=8300000, size=100, topic='TestTopic', queueId=0}
18:06:43.124 [main] DEBUG com.zephyr.storage.index.SparseIndex - Index hit for logical offset 189: IndexEntry{logical=100, physical=11000, timestamp=1100000, size=100, topic='TestTopic', queueId=0}
18:06:43.124 [main] DEBUG com.zephyr.storage.index.SparseIndex - Index hit for logical offset 6250: IndexEntry{logical=6200, physical=621000, timestamp=7200000, size=100, topic='TestTopic', queueId=0}
18:06:43.124 [main] DEBUG com.zephyr.storage.index.SparseIndex - Index hit for logical offset 8478: IndexEntry{logical=8400, physical=841000, timestamp=9400000, size=100, topic='TestTopic', queueId=0}
18:06:43.124 [main] DEBUG com.zephyr.storage.index.SparseIndex - Index hit for logical offset 7220: IndexEntry{logical=7200, physical=721000, timestamp=8200000, size=100, topic='TestTopic', queueId=0}
18:06:43.124 [main] DEBUG com.zephyr.storage.index.SparseIndex - Index hit for logical offset 7146: IndexEntry{logical=7100, physical=711000, timestamp=8100000, size=100, topic='TestTopic', queueId=0}
18:06:43.124 [main] DEBUG com.zephyr.storage.index.SparseIndex - Index hit for logical offset 645: IndexEntry{logical=600, physical=61000, timestamp=1600000, size=100, topic='TestTopic', queueId=0}
18:06:43.124 [main] DEBUG com.zephyr.storage.index.SparseIndex - Index hit for logical offset 7911: IndexEntry{logical=7900, physical=791000, timestamp=8900000, size=100, topic='TestTopic', queueId=0}
18:06:43.124 [main] DEBUG com.zephyr.storage.index.SparseIndex - Index hit for logical offset 7251: IndexEntry{logical=7200, physical=721000, timestamp=8200000, size=100, topic='TestTopic', queueId=0}
18:06:43.124 [main] DEBUG com.zephyr.storage.index.SparseIndex - Index hit for logical offset 8851: IndexEntry{logical=8800, physical=881000, timestamp=9800000, size=100, topic='TestTopic', queueId=0}
18:06:43.124 [main] DEBUG com.zephyr.storage.index.SparseIndex - Index hit for logical offset 6713: IndexEntry{logical=6700, physical=671000, timestamp=7700000, size=100, topic='TestTopic', queueId=0}
18:06:43.124 [main] DEBUG com.zephyr.storage.index.SparseIndex - Index hit for logical offset 8305: IndexEntry{logical=8300, physical=831000, timestamp=9300000, size=100, topic='TestTopic', queueId=0}
18:06:43.124 [main] DEBUG com.zephyr.storage.index.SparseIndex - Index hit for logical offset 8805: IndexEntry{logical=8800, physical=881000, timestamp=9800000, size=100, topic='TestTopic', queueId=0}
18:06:43.124 [main] DEBUG com.zephyr.storage.index.SparseIndex - Index hit for logical offset 5844: IndexEntry{logical=5800, physical=581000, timestamp=6800000, size=100, topic='TestTopic', queueId=0}
18:06:43.124 [main] DEBUG com.zephyr.storage.index.SparseIndex - Index hit for logical offset 4599: IndexEntry{logical=4500, physical=451000, timestamp=5500000, size=100, topic='TestTopic', queueId=0}
18:06:43.124 [main] DEBUG com.zephyr.storage.index.SparseIndex - Index hit for logical offset 2267: IndexEntry{logical=2200, physical=221000, timestamp=3200000, size=100, topic='TestTopic', queueId=0}
18:06:43.124 [main] DEBUG com.zephyr.storage.index.SparseIndex - Index hit for logical offset 6516: IndexEntry{logical=6500, physical=651000, timestamp=7500000, size=100, topic='TestTopic', queueId=0}
18:06:43.124 [main] DEBUG com.zephyr.storage.index.SparseIndex - Index hit for logical offset 7966: IndexEntry{logical=7900, physical=791000, timestamp=8900000, size=100, topic='TestTopic', queueId=0}
18:06:43.124 [main] DEBUG com.zephyr.storage.index.SparseIndex - Index hit for logical offset 1409: IndexEntry{logical=1400, physical=141000, timestamp=2400000, size=100, topic='TestTopic', queueId=0}
18:06:43.124 [main] DEBUG com.zephyr.storage.index.SparseIndex - Index hit for logical offset 9938: IndexEntry{logical=9900, physical=991000, timestamp=10900000, size=100, topic='TestTopic', queueId=0}
18:06:43.124 [main] DEBUG com.zephyr.storage.index.SparseIndex - Index hit for logical offset 7661: IndexEntry{logical=7600, physical=761000, timestamp=8600000, size=100, topic='TestTopic', queueId=0}
18:06:43.124 [main] DEBUG com.zephyr.storage.index.SparseIndex - Index hit for logical offset 1673: IndexEntry{logical=1600, physical=161000, timestamp=2600000, size=100, topic='TestTopic', queueId=0}
18:06:43.125 [main] DEBUG com.zephyr.storage.index.SparseIndex - Index hit for logical offset 148: IndexEntry{logical=100, physical=11000, timestamp=1100000, size=100, topic='TestTopic', queueId=0}
18:06:43.125 [main] DEBUG com.zephyr.storage.index.SparseIndex - Index hit for logical offset 4894: IndexEntry{logical=4800, physical=481000, timestamp=5800000, size=100, topic='TestTopic', queueId=0}
18:06:43.125 [main] DEBUG com.zephyr.storage.index.SparseIndex - Index hit for logical offset 9781: IndexEntry{logical=9700, physical=971000, timestamp=10700000, size=100, topic='TestTopic', queueId=0}
18:06:43.125 [main] DEBUG com.zephyr.storage.index.SparseIndex - Index hit for logical offset 6030: IndexEntry{logical=6000, physical=601000, timestamp=7000000, size=100, topic='TestTopic', queueId=0}
18:06:43.125 [main] DEBUG com.zephyr.storage.index.SparseIndex - Index hit for logical offset 3331: IndexEntry{logical=3300, physical=331000, timestamp=4300000, size=100, topic='TestTopic', queueId=0}
18:06:43.125 [main] DEBUG com.zephyr.storage.index.SparseIndex - Index hit for logical offset 5229: IndexEntry{logical=5200, physical=521000, timestamp=6200000, size=100, topic='TestTopic', queueId=0}
18:06:43.125 [main] DEBUG com.zephyr.storage.index.SparseIndex - Index hit for logical offset 4908: IndexEntry{logical=4900, physical=491000, timestamp=5900000, size=100, topic='TestTopic', queueId=0}
18:06:43.125 [main] DEBUG com.zephyr.storage.index.SparseIndex - Index hit for logical offset 9192: IndexEntry{logical=9100, physical=911000, timestamp=10100000, size=100, topic='TestTopic', queueId=0}
18:06:43.125 [main] DEBUG com.zephyr.storage.index.SparseIndex - Index hit for logical offset 496: IndexEntry{logical=400, physical=41000, timestamp=1400000, size=100, topic='TestTopic', queueId=0}
18:06:43.125 [main] DEBUG com.zephyr.storage.index.SparseIndex - Index hit for logical offset 6920: IndexEntry{logical=6900, physical=691000, timestamp=7900000, size=100, topic='TestTopic', queueId=0}
18:06:43.125 [main] DEBUG com.zephyr.storage.index.SparseIndex - Index hit for logical offset 8390: IndexEntry{logical=8300, physical=831000, timestamp=9300000, size=100, topic='TestTopic', queueId=0}
18:06:43.125 [main] DEBUG com.zephyr.storage.index.SparseIndex - Index hit for logical offset 6277: IndexEntry{logical=6200, physical=621000, timestamp=7200000, size=100, topic='TestTopic', queueId=0}
18:06:43.125 [main] DEBUG com.zephyr.storage.index.SparseIndex - Index hit for logical offset 571: IndexEntry{logical=500, physical=51000, timestamp=1500000, size=100, topic='TestTopic', queueId=0}
18:06:43.125 [main] DEBUG com.zephyr.storage.index.SparseIndex - Index hit for logical offset 8964: IndexEntry{logical=8900, physical=891000, timestamp=9900000, size=100, topic='TestTopic', queueId=0}
18:06:43.125 [main] DEBUG com.zephyr.storage.index.SparseIndex - Index hit for logical offset 6595: IndexEntry{logical=6500, physical=651000, timestamp=7500000, size=100, topic='TestTopic', queueId=0}
18:06:43.125 [main] DEBUG com.zephyr.storage.index.SparseIndex - Index hit for logical offset 7711: IndexEntry{logical=7700, physical=771000, timestamp=8700000, size=100, topic='TestTopic', queueId=0}
18:06:43.125 [main] DEBUG com.zephyr.storage.index.SparseIndex - Index hit for logical offset 3264: IndexEntry{logical=3200, physical=321000, timestamp=4200000, size=100, topic='TestTopic', queueId=0}
18:06:43.125 [main] DEBUG com.zephyr.storage.index.SparseIndex - Index hit for logical offset 6223: IndexEntry{logical=6200, physical=621000, timestamp=7200000, size=100, topic='TestTopic', queueId=0}
18:06:43.125 [main] DEBUG com.zephyr.storage.index.SparseIndex - Index hit for logical offset 472: IndexEntry{logical=400, physical=41000, timestamp=1400000, size=100, topic='TestTopic', queueId=0}
18:06:43.125 [main] DEBUG com.zephyr.storage.index.SparseIndex - Index hit for logical offset 4389: IndexEntry{logical=4300, physical=431000, timestamp=5300000, size=100, topic='TestTopic', queueId=0}
18:06:43.125 [main] DEBUG com.zephyr.storage.index.SparseIndex - Index hit for logical offset 8487: IndexEntry{logical=8400, physical=841000, timestamp=9400000, size=100, topic='TestTopic', queueId=0}
18:06:43.125 [main] DEBUG com.zephyr.storage.index.SparseIndex - Index hit for logical offset 6465: IndexEntry{logical=6400, physical=641000, timestamp=7400000, size=100, topic='TestTopic', queueId=0}
18:06:43.125 [main] DEBUG com.zephyr.storage.index.SparseIndex - Index hit for logical offset 1374: IndexEntry{logical=1300, physical=131000, timestamp=2300000, size=100, topic='TestTopic', queueId=0}
18:06:43.125 [main] DEBUG com.zephyr.storage.index.SparseIndex - Index hit for logical offset 2247: IndexEntry{logical=2200, physical=221000, timestamp=3200000, size=100, topic='TestTopic', queueId=0}
18:06:43.125 [main] DEBUG com.zephyr.storage.index.SparseIndex - Index hit for logical offset 9195: IndexEntry{logical=9100, physical=911000, timestamp=10100000, size=100, topic='TestTopic', queueId=0}
18:06:43.125 [main] DEBUG com.zephyr.storage.index.SparseIndex - Index hit for logical offset 2612: IndexEntry{logical=2600, physical=261000, timestamp=3600000, size=100, topic='TestTopic', queueId=0}
18:06:43.125 [main] DEBUG com.zephyr.storage.index.SparseIndex - Index hit for logical offset 1401: IndexEntry{logical=1400, physical=141000, timestamp=2400000, size=100, topic='TestTopic', queueId=0}
18:06:43.125 [main] DEBUG com.zephyr.storage.index.SparseIndex - Index hit for logical offset 4249: IndexEntry{logical=4200, physical=421000, timestamp=5200000, size=100, topic='TestTopic', queueId=0}
18:06:43.125 [main] DEBUG com.zephyr.storage.index.SparseIndex - Index hit for logical offset 942: IndexEntry{logical=900, physical=91000, timestamp=1900000, size=100, topic='TestTopic', queueId=0}
18:06:43.125 [main] DEBUG com.zephyr.storage.index.SparseIndex - Index hit for logical offset 9917: IndexEntry{logical=9900, physical=991000, timestamp=10900000, size=100, topic='TestTopic', queueId=0}
18:06:43.125 [main] DEBUG com.zephyr.storage.index.SparseIndex - Index hit for logical offset 3010: IndexEntry{logical=3000, physical=301000, timestamp=4000000, size=100, topic='TestTopic', queueId=0}
18:06:43.125 [main] DEBUG com.zephyr.storage.index.SparseIndex - Index hit for logical offset 2180: IndexEntry{logical=2100, physical=211000, timestamp=3100000, size=100, topic='TestTopic', queueId=0}
18:06:43.125 [main] DEBUG com.zephyr.storage.index.SparseIndex - Index hit for logical offset 988: IndexEntry{logical=900, physical=91000, timestamp=1900000, size=100, topic='TestTopic', queueId=0}
18:06:43.125 [main] DEBUG com.zephyr.storage.index.SparseIndex - Index hit for logical offset 433: IndexEntry{logical=400, physical=41000, timestamp=1400000, size=100, topic='TestTopic', queueId=0}
18:06:43.125 [main] DEBUG com.zephyr.storage.index.SparseIndex - Index hit for logical offset 1689: IndexEntry{logical=1600, physical=161000, timestamp=2600000, size=100, topic='TestTopic', queueId=0}
18:06:43.125 [main] DEBUG com.zephyr.storage.index.SparseIndex - Index hit for logical offset 4149: IndexEntry{logical=4100, physical=411000, timestamp=5100000, size=100, topic='TestTopic', queueId=0}
18:06:43.125 [main] DEBUG com.zephyr.storage.index.SparseIndex - Index hit for logical offset 831: IndexEntry{logical=800, physical=81000, timestamp=1800000, size=100, topic='TestTopic', queueId=0}
18:06:43.125 [main] DEBUG com.zephyr.storage.index.SparseIndex - Index hit for logical offset 3945: IndexEntry{logical=3900, physical=391000, timestamp=4900000, size=100, topic='TestTopic', queueId=0}
18:06:43.125 [main] DEBUG com.zephyr.storage.index.SparseIndex - Index hit for logical offset 1045: IndexEntry{logical=1000, physical=101000, timestamp=2000000, size=100, topic='TestTopic', queueId=0}
18:06:43.125 [main] DEBUG com.zephyr.storage.index.SparseIndex - Index hit for logical offset 6230: IndexEntry{logical=6200, physical=621000, timestamp=7200000, size=100, topic='TestTopic', queueId=0}
18:06:43.125 [main] DEBUG com.zephyr.storage.index.SparseIndex - Index hit for logical offset 8679: IndexEntry{logical=8600, physical=861000, timestamp=9600000, size=100, topic='TestTopic', queueId=0}
18:06:43.125 [main] DEBUG com.zephyr.storage.index.SparseIndex - Index hit for logical offset 5362: IndexEntry{logical=5300, physical=531000, timestamp=6300000, size=100, topic='TestTopic', queueId=0}
18:06:43.125 [main] DEBUG com.zephyr.storage.index.SparseIndex - Index hit for logical offset 1873: IndexEntry{logical=1800, physical=181000, timestamp=2800000, size=100, topic='TestTopic', queueId=0}
18:06:43.125 [main] DEBUG com.zephyr.storage.index.SparseIndex - Index hit for logical offset 8315: IndexEntry{logical=8300, physical=831000, timestamp=9300000, size=100, topic='TestTopic', queueId=0}
18:06:43.125 [main] DEBUG com.zephyr.storage.index.SparseIndex - Index hit for logical offset 2564: IndexEntry{logical=2500, physical=251000, timestamp=3500000, size=100, topic='TestTopic', queueId=0}
18:06:43.125 [main] DEBUG com.zephyr.storage.index.SparseIndex - Index hit for logical offset 3431: IndexEntry{logical=3400, physical=341000, timestamp=4400000, size=100, topic='TestTopic', queueId=0}
18:06:43.125 [main] DEBUG com.zephyr.storage.index.SparseIndex - Index hit for logical offset 5429: IndexEntry{logical=5400, physical=541000, timestamp=6400000, size=100, topic='TestTopic', queueId=0}
18:06:43.125 [main] DEBUG com.zephyr.storage.index.SparseIndex - Index hit for logical offset 4879: IndexEntry{logical=4800, physical=481000, timestamp=5800000, size=100, topic='TestTopic', queueId=0}
18:06:43.125 [main] DEBUG com.zephyr.storage.index.SparseIndex - Index hit for logical offset 537: IndexEntry{logical=500, physical=51000, timestamp=1500000, size=100, topic='TestTopic', queueId=0}
18:06:43.125 [main] DEBUG com.zephyr.storage.index.SparseIndex - Index hit for logical offset 4634: IndexEntry{logical=4600, physical=461000, timestamp=5600000, size=100, topic='TestTopic', queueId=0}
18:06:43.126 [main] DEBUG com.zephyr.storage.index.SparseIndex - Index hit for logical offset 6475: IndexEntry{logical=6400, physical=641000, timestamp=7400000, size=100, topic='TestTopic', queueId=0}
18:06:43.126 [main] DEBUG com.zephyr.storage.index.SparseIndex - Index hit for logical offset 1145: IndexEntry{logical=1100, physical=111000, timestamp=2100000, size=100, topic='TestTopic', queueId=0}
18:06:43.126 [main] DEBUG com.zephyr.storage.index.SparseIndex - Index hit for logical offset 1730: IndexEntry{logical=1700, physical=171000, timestamp=2700000, size=100, topic='TestTopic', queueId=0}
18:06:43.126 [main] DEBUG com.zephyr.storage.index.SparseIndex - Index hit for logical offset 9096: IndexEntry{logical=9000, physical=901000, timestamp=10000000, size=100, topic='TestTopic', queueId=0}
18:06:43.126 [main] DEBUG com.zephyr.storage.index.SparseIndex - Index hit for logical offset 3454: IndexEntry{logical=3400, physical=341000, timestamp=4400000, size=100, topic='TestTopic', queueId=0}
18:06:43.126 [main] DEBUG com.zephyr.storage.index.SparseIndex - Index hit for logical offset 3890: IndexEntry{logical=3800, physical=381000, timestamp=4800000, size=100, topic='TestTopic', queueId=0}
18:06:43.126 [main] DEBUG com.zephyr.storage.index.SparseIndex - Index hit for logical offset 908: IndexEntry{logical=900, physical=91000, timestamp=1900000, size=100, topic='TestTopic', queueId=0}
18:06:43.126 [main] DEBUG com.zephyr.storage.index.SparseIndex - Index hit for logical offset 2470: IndexEntry{logical=2400, physical=241000, timestamp=3400000, size=100, topic='TestTopic', queueId=0}
18:06:43.126 [main] DEBUG com.zephyr.storage.index.SparseIndex - Index hit for logical offset 1607: IndexEntry{logical=1600, physical=161000, timestamp=2600000, size=100, topic='TestTopic', queueId=0}
18:06:43.126 [main] DEBUG com.zephyr.storage.index.SparseIndex - Index hit for logical offset 4034: IndexEntry{logical=4000, physical=401000, timestamp=5000000, size=100, topic='TestTopic', queueId=0}
18:06:43.126 [main] DEBUG com.zephyr.storage.index.SparseIndex - Index hit for logical offset 9610: IndexEntry{logical=9600, physical=961000, timestamp=10600000, size=100, topic='TestTopic', queueId=0}
18:06:43.126 [main] DEBUG com.zephyr.storage.index.SparseIndex - Index hit for logical offset 8842: IndexEntry{logical=8800, physical=881000, timestamp=9800000, size=100, topic='TestTopic', queueId=0}
18:06:43.126 [main] DEBUG com.zephyr.storage.index.SparseIndex - Index hit for logical offset 9790: IndexEntry{logical=9700, physical=971000, timestamp=10700000, size=100, topic='TestTopic', queueId=0}
18:06:43.126 [main] DEBUG com.zephyr.storage.index.SparseIndex - Index hit for logical offset 5041: IndexEntry{logical=5000, physical=501000, timestamp=6000000, size=100, topic='TestTopic', queueId=0}
18:06:43.126 [main] DEBUG com.zephyr.storage.index.SparseIndex - Index hit for logical offset 8955: IndexEntry{logical=8900, physical=891000, timestamp=9900000, size=100, topic='TestTopic', queueId=0}
18:06:43.127 [main] DEBUG com.zephyr.storage.index.SparseIndex - Index hit for logical offset 4967: IndexEntry{logical=4900, physical=491000, timestamp=5900000, size=100, topic='TestTopic', queueId=0}
18:06:43.127 [main] DEBUG com.zephyr.storage.index.SparseIndex - Index hit for logical offset 3278: IndexEntry{logical=3200, physical=321000, timestamp=4200000, size=100, topic='TestTopic', queueId=0}
18:06:43.127 [main] DEBUG com.zephyr.storage.index.SparseIndex - Index hit for logical offset 7179: IndexEntry{logical=7100, physical=711000, timestamp=8100000, size=100, topic='TestTopic', queueId=0}
18:06:43.127 [main] DEBUG com.zephyr.storage.index.SparseIndex - Index hit for logical offset 2757: IndexEntry{logical=2700, physical=271000, timestamp=3700000, size=100, topic='TestTopic', queueId=0}
18:06:43.127 [main] DEBUG com.zephyr.storage.index.SparseIndex - Index hit for logical offset 5368: IndexEntry{logical=5300, physical=531000, timestamp=6300000, size=100, topic='TestTopic', queueId=0}
18:06:43.127 [main] DEBUG com.zephyr.storage.index.SparseIndex - Index hit for logical offset 2964: IndexEntry{logical=2900, physical=291000, timestamp=3900000, size=100, topic='TestTopic', queueId=0}
18:06:43.127 [main] DEBUG com.zephyr.storage.index.SparseIndex - Index hit for logical offset 2713: IndexEntry{logical=2700, physical=271000, timestamp=3700000, size=100, topic='TestTopic', queueId=0}
18:06:43.127 [main] DEBUG com.zephyr.storage.index.SparseIndex - Index hit for logical offset 4743: IndexEntry{logical=4700, physical=471000, timestamp=5700000, size=100, topic='TestTopic', queueId=0}
18:06:43.127 [main] DEBUG com.zephyr.storage.index.SparseIndex - Index hit for logical offset 1189: IndexEntry{logical=1100, physical=111000, timestamp=2100000, size=100, topic='TestTopic', queueId=0}
18:06:43.127 [main] DEBUG com.zephyr.storage.index.SparseIndex - Index hit for logical offset 5989: IndexEntry{logical=5900, physical=591000, timestamp=6900000, size=100, topic='TestTopic', queueId=0}
18:06:43.127 [main] DEBUG com.zephyr.storage.index.SparseIndex - Index hit for logical offset 1231: IndexEntry{logical=1200, physical=121000, timestamp=2200000, size=100, topic='TestTopic', queueId=0}
18:06:43.127 [main] DEBUG com.zephyr.storage.index.SparseIndex - Index hit for logical offset 317: IndexEntry{logical=300, physical=31000, timestamp=1300000, size=100, topic='TestTopic', queueId=0}
18:06:43.127 [main] DEBUG com.zephyr.storage.index.SparseIndex - Index hit for logical offset 3065: IndexEntry{logical=3000, physical=301000, timestamp=4000000, size=100, topic='TestTopic', queueId=0}
18:06:43.127 [main] DEBUG com.zephyr.storage.index.SparseIndex - Index hit for logical offset 4087: IndexEntry{logical=4000, physical=401000, timestamp=5000000, size=100, topic='TestTopic', queueId=0}
18:06:43.127 [main] DEBUG com.zephyr.storage.index.SparseIndex - Index hit for logical offset 7462: IndexEntry{logical=7400, physical=741000, timestamp=8400000, size=100, topic='TestTopic', queueId=0}
18:06:43.127 [main] DEBUG com.zephyr.storage.index.SparseIndex - Index hit for logical offset 1607: IndexEntry{logical=1600, physical=161000, timestamp=2600000, size=100, topic='TestTopic', queueId=0}
18:06:43.127 [main] DEBUG com.zephyr.storage.index.SparseIndex - Index hit for logical offset 9745: IndexEntry{logical=9700, physical=971000, timestamp=10700000, size=100, topic='TestTopic', queueId=0}
18:06:43.127 [main] DEBUG com.zephyr.storage.index.SparseIndex - Index hit for logical offset 3682: IndexEntry{logical=3600, physical=361000, timestamp=4600000, size=100, topic='TestTopic', queueId=0}
18:06:43.127 [main] DEBUG com.zephyr.storage.index.SparseIndex - Index hit for logical offset 6197: IndexEntry{logical=6100, physical=611000, timestamp=7100000, size=100, topic='TestTopic', queueId=0}
18:06:43.127 [main] DEBUG com.zephyr.storage.index.SparseIndex - Index hit for logical offset 4310: IndexEntry{logical=4300, physical=431000, timestamp=5300000, size=100, topic='TestTopic', queueId=0}
18:06:43.127 [main] DEBUG com.zephyr.storage.index.SparseIndex - Index hit for logical offset 9704: IndexEntry{logical=9700, physical=971000, timestamp=10700000, size=100, topic='TestTopic', queueId=0}
18:06:43.127 [main] DEBUG com.zephyr.storage.index.SparseIndex - Index hit for logical offset 6159: IndexEntry{logical=6100, physical=611000, timestamp=7100000, size=100, topic='TestTopic', queueId=0}
18:06:43.127 [main] DEBUG com.zephyr.storage.index.SparseIndex - Index hit for logical offset 212: IndexEntry{logical=200, physical=21000, timestamp=1200000, size=100, topic='TestTopic', queueId=0}
18:06:43.127 [main] DEBUG com.zephyr.storage.index.SparseIndex - Index hit for logical offset 6257: IndexEntry{logical=6200, physical=621000, timestamp=7200000, size=100, topic='TestTopic', queueId=0}
18:06:43.127 [main] DEBUG com.zephyr.storage.index.SparseIndex - Index hit for logical offset 2585: IndexEntry{logical=2500, physical=251000, timestamp=3500000, size=100, topic='TestTopic', queueId=0}
18:06:43.127 [main] DEBUG com.zephyr.storage.index.SparseIndex - Index hit for logical offset 7601: IndexEntry{logical=7600, physical=761000, timestamp=8600000, size=100, topic='TestTopic', queueId=0}
18:06:43.127 [main] DEBUG com.zephyr.storage.index.SparseIndex - Index hit for logical offset 7457: IndexEntry{logical=7400, physical=741000, timestamp=8400000, size=100, topic='TestTopic', queueId=0}
18:06:43.127 [main] DEBUG com.zephyr.storage.index.SparseIndex - Index hit for logical offset 542: IndexEntry{logical=500, physical=51000, timestamp=1500000, size=100, topic='TestTopic', queueId=0}
18:06:43.127 [main] DEBUG com.zephyr.storage.index.SparseIndex - Index hit for logical offset 914: IndexEntry{logical=900, physical=91000, timestamp=1900000, size=100, topic='TestTopic', queueId=0}
18:06:43.127 [main] DEBUG com.zephyr.storage.index.SparseIndex - Index hit for logical offset 4769: IndexEntry{logical=4700, physical=471000, timestamp=5700000, size=100, topic='TestTopic', queueId=0}
18:06:43.127 [main] DEBUG com.zephyr.storage.index.SparseIndex - Index hit for logical offset 3197: IndexEntry{logical=3100, physical=311000, timestamp=4100000, size=100, topic='TestTopic', queueId=0}
18:06:43.127 [main] DEBUG com.zephyr.storage.index.SparseIndex - Index hit for logical offset 557: IndexEntry{logical=500, physical=51000, timestamp=1500000, size=100, topic='TestTopic', queueId=0}
18:06:43.127 [main] DEBUG com.zephyr.storage.index.SparseIndex - Index hit for logical offset 290: IndexEntry{logical=200, physical=21000, timestamp=1200000, size=100, topic='TestTopic', queueId=0}
18:06:43.127 [main] DEBUG com.zephyr.storage.index.SparseIndex - Index hit for logical offset 8157: IndexEntry{logical=8100, physical=811000, timestamp=9100000, size=100, topic='TestTopic', queueId=0}
18:06:43.127 [main] DEBUG com.zephyr.storage.index.SparseIndex - Index hit for logical offset 1286: IndexEntry{logical=1200, physical=121000, timestamp=2200000, size=100, topic='TestTopic', queueId=0}
18:06:43.127 [main] DEBUG com.zephyr.storage.index.SparseIndex - Index hit for logical offset 364: IndexEntry{logical=300, physical=31000, timestamp=1300000, size=100, topic='TestTopic', queueId=0}
18:06:43.127 [main] DEBUG com.zephyr.storage.index.SparseIndex - Index hit for logical offset 7966: IndexEntry{logical=7900, physical=791000, timestamp=8900000, size=100, topic='TestTopic', queueId=0}
18:06:43.127 [main] DEBUG com.zephyr.storage.index.SparseIndex - Index hit for logical offset 3503: IndexEntry{logical=3500, physical=351000, timestamp=4500000, size=100, topic='TestTopic', queueId=0}
18:06:43.127 [main] DEBUG com.zephyr.storage.index.SparseIndex - Index hit for logical offset 6286: IndexEntry{logical=6200, physical=621000, timestamp=7200000, size=100, topic='TestTopic', queueId=0}
18:06:43.127 [main] DEBUG com.zephyr.storage.index.SparseIndex - Index hit for logical offset 1428: IndexEntry{logical=1400, physical=141000, timestamp=2400000, size=100, topic='TestTopic', queueId=0}
18:06:43.127 [main] DEBUG com.zephyr.storage.index.SparseIndex - Index hit for logical offset 5605: IndexEntry{logical=5600, physical=561000, timestamp=6600000, size=100, topic='TestTopic', queueId=0}
18:06:43.127 [main] DEBUG com.zephyr.storage.index.SparseIndex - Index hit for logical offset 346: IndexEntry{logical=300, physical=31000, timestamp=1300000, size=100, topic='TestTopic', queueId=0}
18:06:43.127 [main] DEBUG com.zephyr.storage.index.SparseIndex - Index hit for logical offset 4771: IndexEntry{logical=4700, physical=471000, timestamp=5700000, size=100, topic='TestTopic', queueId=0}
18:06:43.127 [main] DEBUG com.zephyr.storage.index.SparseIndex - Index hit for logical offset 5958: IndexEntry{logical=5900, physical=591000, timestamp=6900000, size=100, topic='TestTopic', queueId=0}
18:06:43.127 [main] DEBUG com.zephyr.storage.index.SparseIndex - Index hit for logical offset 1871: IndexEntry{logical=1800, physical=181000, timestamp=2800000, size=100, topic='TestTopic', queueId=0}
18:06:43.127 [main] DEBUG com.zephyr.storage.index.SparseIndex - Index hit for logical offset 9897: IndexEntry{logical=9800, physical=981000, timestamp=10800000, size=100, topic='TestTopic', queueId=0}
18:06:43.127 [main] DEBUG com.zephyr.storage.index.SparseIndex - Index hit for logical offset 9828: IndexEntry{logical=9800, physical=981000, timestamp=10800000, size=100, topic='TestTopic', queueId=0}
18:06:43.127 [main] DEBUG com.zephyr.storage.index.SparseIndex - Index hit for logical offset 7823: IndexEntry{logical=7800, physical=781000, timestamp=8800000, size=100, topic='TestTopic', queueId=0}
18:06:43.127 [main] DEBUG com.zephyr.storage.index.SparseIndex - Index hit for logical offset 4472: IndexEntry{logical=4400, physical=441000, timestamp=5400000, size=100, topic='TestTopic', queueId=0}
18:06:43.127 [main] DEBUG com.zephyr.storage.index.SparseIndex - Index hit for logical offset 4807: IndexEntry{logical=4800, physical=481000, timestamp=5800000, size=100, topic='TestTopic', queueId=0}
18:06:43.127 [main] DEBUG com.zephyr.storage.index.SparseIndex - Index hit for logical offset 7489: IndexEntry{logical=7400, physical=741000, timestamp=8400000, size=100, topic='TestTopic', queueId=0}
18:06:43.127 [main] DEBUG com.zephyr.storage.index.SparseIndex - Index hit for logical offset 4357: IndexEntry{logical=4300, physical=431000, timestamp=5300000, size=100, topic='TestTopic', queueId=0}
18:06:43.127 [main] DEBUG com.zephyr.storage.index.SparseIndex - Index hit for logical offset 9293: IndexEntry{logical=9200, physical=921000, timestamp=10200000, size=100, topic='TestTopic', queueId=0}
18:06:43.127 [main] DEBUG com.zephyr.storage.index.SparseIndex - Index hit for logical offset 240: IndexEntry{logical=200, physical=21000, timestamp=1200000, size=100, topic='TestTopic', queueId=0}
18:06:43.127 [main] DEBUG com.zephyr.storage.index.SparseIndex - Index hit for logical offset 7645: IndexEntry{logical=7600, physical=761000, timestamp=8600000, size=100, topic='TestTopic', queueId=0}
18:06:43.127 [main] DEBUG com.zephyr.storage.index.SparseIndex - Index hit for logical offset 6211: IndexEntry{logical=6200, physical=621000, timestamp=7200000, size=100, topic='TestTopic', queueId=0}
18:06:43.127 [main] DEBUG com.zephyr.storage.index.SparseIndex - Index hit for logical offset 6331: IndexEntry{logical=6300, physical=631000, timestamp=7300000, size=100, topic='TestTopic', queueId=0}
18:06:43.127 [main] DEBUG com.zephyr.storage.index.SparseIndex - Index hit for logical offset 9078: IndexEntry{logical=9000, physical=901000, timestamp=10000000, size=100, topic='TestTopic', queueId=0}
18:06:43.127 [main] DEBUG com.zephyr.storage.index.SparseIndex - Index hit for logical offset 4845: IndexEntry{logical=4800, physical=481000, timestamp=5800000, size=100, topic='TestTopic', queueId=0}
18:06:43.127 [main] DEBUG com.zephyr.storage.index.SparseIndex - Index hit for logical offset 7883: IndexEntry{logical=7800, physical=781000, timestamp=8800000, size=100, topic='TestTopic', queueId=0}
18:06:43.127 [main] DEBUG com.zephyr.storage.index.SparseIndex - Index hit for logical offset 8296: IndexEntry{logical=8200, physical=821000, timestamp=9200000, size=100, topic='TestTopic', queueId=0}
18:06:43.127 [main] DEBUG com.zephyr.storage.index.SparseIndex - Index hit for logical offset 4053: IndexEntry{logical=4000, physical=401000, timestamp=5000000, size=100, topic='TestTopic', queueId=0}
18:06:43.127 [main] DEBUG com.zephyr.storage.index.SparseIndex - Index hit for logical offset 6304: IndexEntry{logical=6300, physical=631000, timestamp=7300000, size=100, topic='TestTopic', queueId=0}
18:06:43.127 [main] DEBUG com.zephyr.storage.index.SparseIndex - Index hit for logical offset 8522: IndexEntry{logical=8500, physical=851000, timestamp=9500000, size=100, topic='TestTopic', queueId=0}
18:06:43.127 [main] DEBUG com.zephyr.storage.index.SparseIndex - Index hit for logical offset 7934: IndexEntry{logical=7900, physical=791000, timestamp=8900000, size=100, topic='TestTopic', queueId=0}
18:06:43.127 [main] DEBUG com.zephyr.storage.index.SparseIndex - Index hit for logical offset 6130: IndexEntry{logical=6100, physical=611000, timestamp=7100000, size=100, topic='TestTopic', queueId=0}
18:06:43.127 [main] DEBUG com.zephyr.storage.index.SparseIndex - Index hit for logical offset 5443: IndexEntry{logical=5400, physical=541000, timestamp=6400000, size=100, topic='TestTopic', queueId=0}
18:06:43.127 [main] DEBUG com.zephyr.storage.index.SparseIndex - Index hit for logical offset 1208: IndexEntry{logical=1200, physical=121000, timestamp=2200000, size=100, topic='TestTopic', queueId=0}
18:06:43.127 [main] DEBUG com.zephyr.storage.index.SparseIndex - Index hit for logical offset 4415: IndexEntry{logical=4400, physical=441000, timestamp=5400000, size=100, topic='TestTopic', queueId=0}
18:06:43.127 [main] DEBUG com.zephyr.storage.index.SparseIndex - Index hit for logical offset 1568: IndexEntry{logical=1500, physical=151000, timestamp=2500000, size=100, topic='TestTopic', queueId=0}
18:06:43.127 [main] DEBUG com.zephyr.storage.index.SparseIndex - Index hit for logical offset 9310: IndexEntry{logical=9300, physical=931000, timestamp=10300000, size=100, topic='TestTopic', queueId=0}
18:06:43.127 [main] DEBUG com.zephyr.storage.index.SparseIndex - Index hit for logical offset 8997: IndexEntry{logical=8900, physical=891000, timestamp=9900000, size=100, topic='TestTopic', queueId=0}
18:06:43.127 [main] DEBUG com.zephyr.storage.index.SparseIndex - Index hit for logical offset 7433: IndexEntry{logical=7400, physical=741000, timestamp=8400000, size=100, topic='TestTopic', queueId=0}
18:06:43.127 [main] DEBUG com.zephyr.storage.index.SparseIndex - Index hit for logical offset 9741: IndexEntry{logical=9700, physical=971000, timestamp=10700000, size=100, topic='TestTopic', queueId=0}
18:06:43.127 [main] DEBUG com.zephyr.storage.index.SparseIndex - Index hit for logical offset 7379: IndexEntry{logical=7300, physical=731000, timestamp=8300000, size=100, topic='TestTopic', queueId=0}
18:06:43.127 [main] DEBUG com.zephyr.storage.index.SparseIndex - Index hit for logical offset 7733: IndexEntry{logical=7700, physical=771000, timestamp=8700000, size=100, topic='TestTopic', queueId=0}
18:06:43.127 [main] DEBUG com.zephyr.storage.index.SparseIndex - Index hit for logical offset 84: IndexEntry{logical=0, physical=1000, timestamp=1000000, size=100, topic='TestTopic', queueId=0}
18:06:43.127 [main] DEBUG com.zephyr.storage.index.SparseIndex - Index hit for logical offset 18: IndexEntry{logical=0, physical=1000, timestamp=1000000, size=100, topic='TestTopic', queueId=0}
18:06:43.127 [main] DEBUG com.zephyr.storage.index.SparseIndex - Index hit for logical offset 7345: IndexEntry{logical=7300, physical=731000, timestamp=8300000, size=100, topic='TestTopic', queueId=0}
18:06:43.127 [main] DEBUG com.zephyr.storage.index.SparseIndex - Index hit for logical offset 8888: IndexEntry{logical=8800, physical=881000, timestamp=9800000, size=100, topic='TestTopic', queueId=0}
18:06:43.127 [main] DEBUG com.zephyr.storage.index.SparseIndex - Index hit for logical offset 8016: IndexEntry{logical=8000, physical=801000, timestamp=9000000, size=100, topic='TestTopic', queueId=0}
18:06:43.128 [main] DEBUG com.zephyr.storage.index.SparseIndex - Index hit for logical offset 8787: IndexEntry{logical=8700, physical=871000, timestamp=9700000, size=100, topic='TestTopic', queueId=0}
18:06:43.128 [main] DEBUG com.zephyr.storage.index.SparseIndex - Index hit for logical offset 834: IndexEntry{logical=800, physical=81000, timestamp=1800000, size=100, topic='TestTopic', queueId=0}
18:06:43.128 [main] DEBUG com.zephyr.storage.index.SparseIndex - Index hit for logical offset 468: IndexEntry{logical=400, physical=41000, timestamp=1400000, size=100, topic='TestTopic', queueId=0}
18:06:43.128 [main] DEBUG com.zephyr.storage.index.SparseIndex - Index hit for logical offset 2903: IndexEntry{logical=2900, physical=291000, timestamp=3900000, size=100, topic='TestTopic', queueId=0}
18:06:43.128 [main] DEBUG com.zephyr.storage.index.SparseIndex - Index hit for logical offset 7065: IndexEntry{logical=7000, physical=701000, timestamp=8000000, size=100, topic='TestTopic', queueId=0}
18:06:43.128 [main] DEBUG com.zephyr.storage.index.SparseIndex - Index hit for logical offset 8182: IndexEntry{logical=8100, physical=811000, timestamp=9100000, size=100, topic='TestTopic', queueId=0}
18:06:43.128 [main] DEBUG com.zephyr.storage.index.SparseIndex - Index hit for logical offset 452: IndexEntry{logical=400, physical=41000, timestamp=1400000, size=100, topic='TestTopic', queueId=0}
18:06:43.128 [main] DEBUG com.zephyr.storage.index.SparseIndex - Index hit for logical offset 2816: IndexEntry{logical=2800, physical=281000, timestamp=3800000, size=100, topic='TestTopic', queueId=0}
18:06:43.128 [main] DEBUG com.zephyr.storage.index.SparseIndex - Index hit for logical offset 5015: IndexEntry{logical=5000, physical=501000, timestamp=6000000, size=100, topic='TestTopic', queueId=0}
18:06:43.128 [main] DEBUG com.zephyr.storage.index.SparseIndex - Index hit for logical offset 6850: IndexEntry{logical=6800, physical=681000, timestamp=7800000, size=100, topic='TestTopic', queueId=0}
18:06:43.128 [main] DEBUG com.zephyr.storage.index.SparseIndex - Index hit for logical offset 5124: IndexEntry{logical=5100, physical=511000, timestamp=6100000, size=100, topic='TestTopic', queueId=0}
18:06:43.128 [main] DEBUG com.zephyr.storage.index.SparseIndex - Index hit for logical offset 770: IndexEntry{logical=700, physical=71000, timestamp=1700000, size=100, topic='TestTopic', queueId=0}
18:06:43.128 [main] DEBUG com.zephyr.storage.index.SparseIndex - Index hit for logical offset 2193: IndexEntry{logical=2100, physical=211000, timestamp=3100000, size=100, topic='TestTopic', queueId=0}
18:06:43.128 [main] DEBUG com.zephyr.storage.index.SparseIndex - Index hit for logical offset 2424: IndexEntry{logical=2400, physical=241000, timestamp=3400000, size=100, topic='TestTopic', queueId=0}
18:06:43.128 [main] DEBUG com.zephyr.storage.index.SparseIndex - Index hit for logical offset 4186: IndexEntry{logical=4100, physical=411000, timestamp=5100000, size=100, topic='TestTopic', queueId=0}
18:06:43.128 [main] DEBUG com.zephyr.storage.index.SparseIndex - Index hit for logical offset 5383: IndexEntry{logical=5300, physical=531000, timestamp=6300000, size=100, topic='TestTopic', queueId=0}
18:06:43.128 [main] DEBUG com.zephyr.storage.index.SparseIndex - Index hit for logical offset 1373: IndexEntry{logical=1300, physical=131000, timestamp=2300000, size=100, topic='TestTopic', queueId=0}
18:06:43.128 [main] DEBUG com.zephyr.storage.index.SparseIndex - Index hit for logical offset 4677: IndexEntry{logical=4600, physical=461000, timestamp=5600000, size=100, topic='TestTopic', queueId=0}
18:06:43.128 [main] DEBUG com.zephyr.storage.index.SparseIndex - Index hit for logical offset 5603: IndexEntry{logical=5600, physical=561000, timestamp=6600000, size=100, topic='TestTopic', queueId=0}
18:06:43.128 [main] DEBUG com.zephyr.storage.index.SparseIndex - Index hit for logical offset 4375: IndexEntry{logical=4300, physical=431000, timestamp=5300000, size=100, topic='TestTopic', queueId=0}
18:06:43.128 [main] DEBUG com.zephyr.storage.index.SparseIndex - Index hit for logical offset 9367: IndexEntry{logical=9300, physical=931000, timestamp=10300000, size=100, topic='TestTopic', queueId=0}
18:06:43.128 [main] DEBUG com.zephyr.storage.index.SparseIndex - Index hit for logical offset 3678: IndexEntry{logical=3600, physical=361000, timestamp=4600000, size=100, topic='TestTopic', queueId=0}
18:06:43.128 [main] DEBUG com.zephyr.storage.index.SparseIndex - Index hit for logical offset 5745: IndexEntry{logical=5700, physical=571000, timestamp=6700000, size=100, topic='TestTopic', queueId=0}
18:06:43.128 [main] DEBUG com.zephyr.storage.index.SparseIndex - Index hit for logical offset 2461: IndexEntry{logical=2400, physical=241000, timestamp=3400000, size=100, topic='TestTopic', queueId=0}
18:06:43.128 [main] DEBUG com.zephyr.storage.index.SparseIndex - Index hit for logical offset 466: IndexEntry{logical=400, physical=41000, timestamp=1400000, size=100, topic='TestTopic', queueId=0}
18:06:43.128 [main] DEBUG com.zephyr.storage.index.SparseIndex - Index hit for logical offset 2570: IndexEntry{logical=2500, physical=251000, timestamp=3500000, size=100, topic='TestTopic', queueId=0}
18:06:43.128 [main] DEBUG com.zephyr.storage.index.SparseIndex - Index hit for logical offset 4587: IndexEntry{logical=4500, physical=451000, timestamp=5500000, size=100, topic='TestTopic', queueId=0}
18:06:43.128 [main] DEBUG com.zephyr.storage.index.SparseIndex - Index hit for logical offset 75: IndexEntry{logical=0, physical=1000, timestamp=1000000, size=100, topic='TestTopic', queueId=0}
18:06:43.128 [main] DEBUG com.zephyr.storage.index.SparseIndex - Index hit for logical offset 6796: IndexEntry{logical=6700, physical=671000, timestamp=7700000, size=100, topic='TestTopic', queueId=0}
18:06:43.128 [main] DEBUG com.zephyr.storage.index.SparseIndex - Index hit for logical offset 4315: IndexEntry{logical=4300, physical=431000, timestamp=5300000, size=100, topic='TestTopic', queueId=0}
18:06:43.128 [main] DEBUG com.zephyr.storage.index.SparseIndex - Index hit for logical offset 1496: IndexEntry{logical=1400, physical=141000, timestamp=2400000, size=100, topic='TestTopic', queueId=0}
18:06:43.128 [main] DEBUG com.zephyr.storage.index.SparseIndex - Index hit for logical offset 8330: IndexEntry{logical=8300, physical=831000, timestamp=9300000, size=100, topic='TestTopic', queueId=0}
18:06:43.128 [main] DEBUG com.zephyr.storage.index.SparseIndex - Index hit for logical offset 5204: IndexEntry{logical=5200, physical=521000, timestamp=6200000, size=100, topic='TestTopic', queueId=0}
18:06:43.128 [main] DEBUG com.zephyr.storage.index.SparseIndex - Index hit for logical offset 9414: IndexEntry{logical=9400, physical=941000, timestamp=10400000, size=100, topic='TestTopic', queueId=0}
18:06:43.128 [main] DEBUG com.zephyr.storage.index.SparseIndex - Index hit for logical offset 4412: IndexEntry{logical=4400, physical=441000, timestamp=5400000, size=100, topic='TestTopic', queueId=0}
18:06:43.128 [main] DEBUG com.zephyr.storage.index.SparseIndex - Index hit for logical offset 8639: IndexEntry{logical=8600, physical=861000, timestamp=9600000, size=100, topic='TestTopic', queueId=0}
18:06:43.128 [main] DEBUG com.zephyr.storage.index.SparseIndex - Index hit for logical offset 2114: IndexEntry{logical=2100, physical=211000, timestamp=3100000, size=100, topic='TestTopic', queueId=0}
18:06:43.128 [main] DEBUG com.zephyr.storage.index.SparseIndex - Index hit for logical offset 442: IndexEntry{logical=400, physical=41000, timestamp=1400000, size=100, topic='TestTopic', queueId=0}
18:06:43.128 [main] DEBUG com.zephyr.storage.index.SparseIndex - Index hit for logical offset 4146: IndexEntry{logical=4100, physical=411000, timestamp=5100000, size=100, topic='TestTopic', queueId=0}
18:06:43.128 [main] DEBUG com.zephyr.storage.index.SparseIndex - Index hit for logical offset 2469: IndexEntry{logical=2400, physical=241000, timestamp=3400000, size=100, topic='TestTopic', queueId=0}
18:06:43.128 [main] DEBUG com.zephyr.storage.index.SparseIndex - Index hit for logical offset 6215: IndexEntry{logical=6200, physical=621000, timestamp=7200000, size=100, topic='TestTopic', queueId=0}
18:06:43.128 [main] DEBUG com.zephyr.storage.index.SparseIndex - Index hit for logical offset 7073: IndexEntry{logical=7000, physical=701000, timestamp=8000000, size=100, topic='TestTopic', queueId=0}
18:06:43.128 [main] DEBUG com.zephyr.storage.index.SparseIndex - Index hit for logical offset 5934: IndexEntry{logical=5900, physical=591000, timestamp=6900000, size=100, topic='TestTopic', queueId=0}
18:06:43.128 [main] DEBUG com.zephyr.storage.index.SparseIndex - Index hit for logical offset 7899: IndexEntry{logical=7800, physical=781000, timestamp=8800000, size=100, topic='TestTopic', queueId=0}
18:06:43.128 [main] DEBUG com.zephyr.storage.index.SparseIndex - Index hit for logical offset 3798: IndexEntry{logical=3700, physical=371000, timestamp=4700000, size=100, topic='TestTopic', queueId=0}
18:06:43.128 [main] DEBUG com.zephyr.storage.index.SparseIndex - Index hit for logical offset 2213: IndexEntry{logical=2200, physical=221000, timestamp=3200000, size=100, topic='TestTopic', queueId=0}
18:06:43.128 [main] DEBUG com.zephyr.storage.index.SparseIndex - Index hit for logical offset 2389: IndexEntry{logical=2300, physical=231000, timestamp=3300000, size=100, topic='TestTopic', queueId=0}
18:06:43.128 [main] DEBUG com.zephyr.storage.index.SparseIndex - Index hit for logical offset 4802: IndexEntry{logical=4800, physical=481000, timestamp=5800000, size=100, topic='TestTopic', queueId=0}
18:06:43.128 [main] DEBUG com.zephyr.storage.index.SparseIndex - Index hit for logical offset 3104: IndexEntry{logical=3100, physical=311000, timestamp=4100000, size=100, topic='TestTopic', queueId=0}
18:06:43.128 [main] DEBUG com.zephyr.storage.index.SparseIndex - Index hit for logical offset 5829: IndexEntry{logical=5800, physical=581000, timestamp=6800000, size=100, topic='TestTopic', queueId=0}
18:06:43.128 [main] DEBUG com.zephyr.storage.index.SparseIndex - Index hit for logical offset 5574: IndexEntry{logical=5500, physical=551000, timestamp=6500000, size=100, topic='TestTopic', queueId=0}
18:06:43.128 [main] DEBUG com.zephyr.storage.index.SparseIndex - Index hit for logical offset 9782: IndexEntry{logical=9700, physical=971000, timestamp=10700000, size=100, topic='TestTopic', queueId=0}
18:06:43.128 [main] DEBUG com.zephyr.storage.index.SparseIndex - Index hit for logical offset 2145: IndexEntry{logical=2100, physical=211000, timestamp=3100000, size=100, topic='TestTopic', queueId=0}
18:06:43.128 [main] DEBUG com.zephyr.storage.index.SparseIndex - Index hit for logical offset 8125: IndexEntry{logical=8100, physical=811000, timestamp=9100000, size=100, topic='TestTopic', queueId=0}
18:06:43.128 [main] DEBUG com.zephyr.storage.index.SparseIndex - Index hit for logical offset 1023: IndexEntry{logical=1000, physical=101000, timestamp=2000000, size=100, topic='TestTopic', queueId=0}
18:06:43.128 [main] DEBUG com.zephyr.storage.index.SparseIndex - Index hit for logical offset 5287: IndexEntry{logical=5200, physical=521000, timestamp=6200000, size=100, topic='TestTopic', queueId=0}
18:06:43.128 [main] DEBUG com.zephyr.storage.index.SparseIndex - Index hit for logical offset 9101: IndexEntry{logical=9100, physical=911000, timestamp=10100000, size=100, topic='TestTopic', queueId=0}
18:06:43.128 [main] DEBUG com.zephyr.storage.index.SparseIndex - Index hit for logical offset 7813: IndexEntry{logical=7800, physical=781000, timestamp=8800000, size=100, topic='TestTopic', queueId=0}
18:06:43.128 [main] DEBUG com.zephyr.storage.index.SparseIndex - Index hit for logical offset 3243: IndexEntry{logical=3200, physical=321000, timestamp=4200000, size=100, topic='TestTopic', queueId=0}
18:06:43.128 [main] DEBUG com.zephyr.storage.index.SparseIndex - Index hit for logical offset 4761: IndexEntry{logical=4700, physical=471000, timestamp=5700000, size=100, topic='TestTopic', queueId=0}
18:06:43.128 [main] DEBUG com.zephyr.storage.index.SparseIndex - Index hit for logical offset 5630: IndexEntry{logical=5600, physical=561000, timestamp=6600000, size=100, topic='TestTopic', queueId=0}
18:06:43.128 [main] DEBUG com.zephyr.storage.index.SparseIndex - Index hit for logical offset 4420: IndexEntry{logical=4400, physical=441000, timestamp=5400000, size=100, topic='TestTopic', queueId=0}
18:06:43.128 [main] DEBUG com.zephyr.storage.index.SparseIndex - Index hit for logical offset 479: IndexEntry{logical=400, physical=41000, timestamp=1400000, size=100, topic='TestTopic', queueId=0}
18:06:43.128 [main] DEBUG com.zephyr.storage.index.SparseIndex - Index hit for logical offset 7094: IndexEntry{logical=7000, physical=701000, timestamp=8000000, size=100, topic='TestTopic', queueId=0}
18:06:43.128 [main] DEBUG com.zephyr.storage.index.SparseIndex - Index hit for logical offset 1206: IndexEntry{logical=1200, physical=121000, timestamp=2200000, size=100, topic='TestTopic', queueId=0}
18:06:43.128 [main] DEBUG com.zephyr.storage.index.SparseIndex - Index hit for logical offset 5788: IndexEntry{logical=5700, physical=571000, timestamp=6700000, size=100, topic='TestTopic', queueId=0}
18:06:43.128 [main] DEBUG com.zephyr.storage.index.SparseIndex - Index hit for logical offset 6333: IndexEntry{logical=6300, physical=631000, timestamp=7300000, size=100, topic='TestTopic', queueId=0}
18:06:43.128 [main] DEBUG com.zephyr.storage.index.SparseIndex - Index hit for logical offset 9209: IndexEntry{logical=9200, physical=921000, timestamp=10200000, size=100, topic='TestTopic', queueId=0}
18:06:43.128 [main] DEBUG com.zephyr.storage.index.SparseIndex - Index hit for logical offset 958: IndexEntry{logical=900, physical=91000, timestamp=1900000, size=100, topic='TestTopic', queueId=0}
18:06:43.128 [main] DEBUG com.zephyr.storage.index.SparseIndex - Index hit for logical offset 3233: IndexEntry{logical=3200, physical=321000, timestamp=4200000, size=100, topic='TestTopic', queueId=0}
18:06:43.128 [main] DEBUG com.zephyr.storage.index.SparseIndex - Index hit for logical offset 7208: IndexEntry{logical=7200, physical=721000, timestamp=8200000, size=100, topic='TestTopic', queueId=0}
Large data test: 100 entries added in 5ms, 1000 queries in 25ms, hit ratio: 100.00%
]]></system-out>
  </testcase>
  <testcase name="testIndexEntryToString" classname="com.zephyr.storage.index.SparseIndexTest" time="0.001">
    <system-out><![CDATA[18:06:43.129 [main] INFO com.zephyr.storage.index.SparseIndex - SparseIndex initialized: interval=10, maxEntries=1000
]]></system-out>
  </testcase>
  <testcase name="testTimeRangeQuery" classname="com.zephyr.storage.index.SparseIndexTest" time="0.005">
    <system-out><![CDATA[18:06:43.130 [main] INFO com.zephyr.storage.index.SparseIndex - SparseIndex initialized: interval=10, maxEntries=1000
18:06:43.130 [main] DEBUG com.zephyr.storage.index.SparseIndex - Added index entry: IndexEntry{logical=0, physical=1000, timestamp=1000000, size=100, topic='TestTopic', queueId=0}
18:06:43.130 [main] DEBUG com.zephyr.storage.index.SparseIndex - Added index entry: IndexEntry{logical=10, physical=2000, timestamp=1010000, size=100, topic='TestTopic', queueId=0}
18:06:43.130 [main] DEBUG com.zephyr.storage.index.SparseIndex - Added index entry: IndexEntry{logical=20, physical=3000, timestamp=1020000, size=100, topic='TestTopic', queueId=0}
18:06:43.130 [main] DEBUG com.zephyr.storage.index.SparseIndex - Added index entry: IndexEntry{logical=30, physical=4000, timestamp=1030000, size=100, topic='TestTopic', queueId=0}
18:06:43.130 [main] DEBUG com.zephyr.storage.index.SparseIndex - Index hit for timestamp 1005000: IndexEntry{logical=0, physical=1000, timestamp=1000000, size=100, topic='TestTopic', queueId=0}
18:06:43.135 [main] DEBUG com.zephyr.storage.index.SparseIndex - Time range query [1005000, 1025000]: QueryRange{start=1000, end=4000, entries=[IndexEntry{logical=0, physical=1000, timestamp=1000000, size=100, topic='TestTopic', queueId=0}, IndexEntry{logical=30, physical=4000, timestamp=1030000, size=100, topic='TestTopic', queueId=0}]}
]]></system-out>
  </testcase>
  <testcase name="testSparseIndexInterval" classname="com.zephyr.storage.index.SparseIndexTest" time="0.0">
    <system-out><![CDATA[18:06:43.136 [main] INFO com.zephyr.storage.index.SparseIndex - SparseIndex initialized: interval=10, maxEntries=1000
18:06:43.136 [main] DEBUG com.zephyr.storage.index.SparseIndex - Added index entry: IndexEntry{logical=0, physical=1000, timestamp=1000000, size=100, topic='TestTopic', queueId=0}
18:06:43.136 [main] DEBUG com.zephyr.storage.index.SparseIndex - Added index entry: IndexEntry{logical=10, physical=2000, timestamp=1010000, size=100, topic='TestTopic', queueId=0}
18:06:43.136 [main] DEBUG com.zephyr.storage.index.SparseIndex - Added index entry: IndexEntry{logical=20, physical=3000, timestamp=1020000, size=100, topic='TestTopic', queueId=0}
18:06:43.136 [main] DEBUG com.zephyr.storage.index.SparseIndex - Added index entry: IndexEntry{logical=30, physical=4000, timestamp=1030000, size=100, topic='TestTopic', queueId=0}
18:06:43.136 [main] DEBUG com.zephyr.storage.index.SparseIndex - Added index entry: IndexEntry{logical=40, physical=5000, timestamp=1040000, size=100, topic='TestTopic', queueId=0}
18:06:43.136 [main] DEBUG com.zephyr.storage.index.SparseIndex - Index hit for logical offset 25: IndexEntry{logical=20, physical=3000, timestamp=1020000, size=100, topic='TestTopic', queueId=0}
18:06:43.136 [main] DEBUG com.zephyr.storage.index.SparseIndex - Index hit for logical offset 35: IndexEntry{logical=30, physical=4000, timestamp=1030000, size=100, topic='TestTopic', queueId=0}
]]></system-out>
  </testcase>
  <testcase name="testIndexNotFound" classname="com.zephyr.storage.index.SparseIndexTest" time="0.001">
    <system-out><![CDATA[18:06:43.136 [main] INFO com.zephyr.storage.index.SparseIndex - SparseIndex initialized: interval=10, maxEntries=1000
18:06:43.136 [main] DEBUG com.zephyr.storage.index.SparseIndex - No index found for logical offset: 100
18:06:43.137 [main] DEBUG com.zephyr.storage.index.SparseIndex - No index found for physical offset: 5000
18:06:43.137 [main] DEBUG com.zephyr.storage.index.SparseIndex - No index found for timestamp: 2000000
18:06:43.137 [main] DEBUG com.zephyr.storage.index.SparseIndex - Added index entry: IndexEntry{logical=100, physical=10000, timestamp=2000000, size=100, topic='TestTopic', queueId=0}
18:06:43.137 [main] DEBUG com.zephyr.storage.index.SparseIndex - No index found for logical offset: 50
18:06:43.137 [main] DEBUG com.zephyr.storage.index.SparseIndex - No index found for physical offset: 5000
18:06:43.137 [main] DEBUG com.zephyr.storage.index.SparseIndex - No index found for timestamp: 1500000
]]></system-out>
  </testcase>
  <testcase name="testPhysicalRangeQuery" classname="com.zephyr.storage.index.SparseIndexTest" time="0.0">
    <system-out><![CDATA[18:06:43.137 [main] INFO com.zephyr.storage.index.SparseIndex - SparseIndex initialized: interval=10, maxEntries=1000
18:06:43.137 [main] DEBUG com.zephyr.storage.index.SparseIndex - Added index entry: IndexEntry{logical=0, physical=1000, timestamp=1000000, size=100, topic='TestTopic', queueId=0}
18:06:43.137 [main] DEBUG com.zephyr.storage.index.SparseIndex - Added index entry: IndexEntry{logical=10, physical=2000, timestamp=1001000, size=100, topic='TestTopic', queueId=0}
18:06:43.137 [main] DEBUG com.zephyr.storage.index.SparseIndex - Added index entry: IndexEntry{logical=20, physical=3000, timestamp=1002000, size=100, topic='TestTopic', queueId=0}
18:06:43.137 [main] DEBUG com.zephyr.storage.index.SparseIndex - Added index entry: IndexEntry{logical=30, physical=4000, timestamp=1003000, size=100, topic='TestTopic', queueId=0}
18:06:43.137 [main] DEBUG com.zephyr.storage.index.SparseIndex - Index hit for physical offset 1500: IndexEntry{logical=0, physical=1000, timestamp=1000000, size=100, topic='TestTopic', queueId=0}
18:06:43.137 [main] DEBUG com.zephyr.storage.index.SparseIndex - Physical range query [1500, 3500]: QueryRange{start=1000, end=4000, entries=[IndexEntry{logical=0, physical=1000, timestamp=1000000, size=100, topic='TestTopic', queueId=0}, IndexEntry{logical=30, physical=4000, timestamp=1003000, size=100, topic='TestTopic', queueId=0}]}
]]></system-out>
  </testcase>
  <testcase name="testEarliestAndLatestEntries" classname="com.zephyr.storage.index.SparseIndexTest" time="0.001">
    <system-out><![CDATA[18:06:43.138 [main] INFO com.zephyr.storage.index.SparseIndex - SparseIndex initialized: interval=10, maxEntries=1000
18:06:43.138 [main] DEBUG com.zephyr.storage.index.SparseIndex - Added index entry: IndexEntry{logical=10, physical=2000, timestamp=1001000, size=100, topic='TestTopic', queueId=0}
18:06:43.138 [main] DEBUG com.zephyr.storage.index.SparseIndex - Added index entry: IndexEntry{logical=0, physical=1000, timestamp=1000000, size=100, topic='TestTopic', queueId=0}
18:06:43.138 [main] DEBUG com.zephyr.storage.index.SparseIndex - Added index entry: IndexEntry{logical=20, physical=3000, timestamp=1002000, size=100, topic='TestTopic', queueId=0}
]]></system-out>
  </testcase>
  <testcase name="testLogicalRangeQuery" classname="com.zephyr.storage.index.SparseIndexTest" time="0.0">
    <system-out><![CDATA[18:06:43.138 [main] INFO com.zephyr.storage.index.SparseIndex - SparseIndex initialized: interval=10, maxEntries=1000
18:06:43.138 [main] DEBUG com.zephyr.storage.index.SparseIndex - Added index entry: IndexEntry{logical=0, physical=1000, timestamp=1000000, size=100, topic='TestTopic', queueId=0}
18:06:43.138 [main] DEBUG com.zephyr.storage.index.SparseIndex - Added index entry: IndexEntry{logical=10, physical=2000, timestamp=1001000, size=100, topic='TestTopic', queueId=0}
18:06:43.138 [main] DEBUG com.zephyr.storage.index.SparseIndex - Added index entry: IndexEntry{logical=20, physical=3000, timestamp=1002000, size=100, topic='TestTopic', queueId=0}
18:06:43.138 [main] DEBUG com.zephyr.storage.index.SparseIndex - Added index entry: IndexEntry{logical=30, physical=4000, timestamp=1003000, size=100, topic='TestTopic', queueId=0}
18:06:43.138 [main] DEBUG com.zephyr.storage.index.SparseIndex - Index hit for logical offset 5: IndexEntry{logical=0, physical=1000, timestamp=1000000, size=100, topic='TestTopic', queueId=0}
18:06:43.138 [main] DEBUG com.zephyr.storage.index.SparseIndex - Logical range query [5, 25]: QueryRange{start=1000, end=4000, entries=[IndexEntry{logical=0, physical=1000, timestamp=1000000, size=100, topic='TestTopic', queueId=0}, IndexEntry{logical=30, physical=4000, timestamp=1003000, size=100, topic='TestTopic', queueId=0}]}
]]></system-out>
  </testcase>
  <testcase name="testQueryRangeOperations" classname="com.zephyr.storage.index.SparseIndexTest" time="0.0">
    <system-out><![CDATA[18:06:43.139 [main] INFO com.zephyr.storage.index.SparseIndex - SparseIndex initialized: interval=10, maxEntries=1000
]]></system-out>
  </testcase>
  <testcase name="testIndexStatistics" classname="com.zephyr.storage.index.SparseIndexTest" time="0.0">
    <system-out><![CDATA[18:06:43.139 [main] INFO com.zephyr.storage.index.SparseIndex - SparseIndex initialized: interval=10, maxEntries=1000
18:06:43.139 [main] DEBUG com.zephyr.storage.index.SparseIndex - Added index entry: IndexEntry{logical=0, physical=1000, timestamp=1000000, size=100, topic='TestTopic', queueId=0}
18:06:43.139 [main] DEBUG com.zephyr.storage.index.SparseIndex - Added index entry: IndexEntry{logical=10, physical=2000, timestamp=1001000, size=100, topic='TestTopic', queueId=0}
18:06:43.139 [main] DEBUG com.zephyr.storage.index.SparseIndex - Index hit for logical offset 5: IndexEntry{logical=0, physical=1000, timestamp=1000000, size=100, topic='TestTopic', queueId=0}
18:06:43.139 [main] DEBUG com.zephyr.storage.index.SparseIndex - Index hit for logical offset 15: IndexEntry{logical=10, physical=2000, timestamp=1001000, size=100, topic='TestTopic', queueId=0}
18:06:43.139 [main] DEBUG com.zephyr.storage.index.SparseIndex - Index hit for logical offset 50: IndexEntry{logical=10, physical=2000, timestamp=1001000, size=100, topic='TestTopic', queueId=0}
]]></system-out>
  </testcase>
</testsuite>