<?xml version="1.0" encoding="UTF-8"?>
<testsuite xmlns:xsi="http://www.w3.org/2001/XMLSchema-instance" xsi:noNamespaceSchemaLocation="https://maven.apache.org/surefire/maven-surefire-plugin/xsd/surefire-test-report-3.0.xsd" version="3.0" name="com.zephyr.storage.commitlog.FileRollingServiceTest" time="0.312" tests="7" errors="0" skipped="0" failures="0">
  <properties>
    <property name="java.specification.version" value="17"/>
    <property name="sun.jnu.encoding" value="UTF-8"/>
    <property name="java.class.path" value="/Users/wuqisen/Desktop/learning/ZephyrMQ/zephyr-storage/target/test-classes:/Users/wuqisen/Desktop/learning/ZephyrMQ/zephyr-storage/target/classes:/Users/wuqisen/Desktop/learning/ZephyrMQ/zephyr-common/target/classes:/Users/wuqisen/.m2/repository/org/slf4j/slf4j-api/1.7.36/slf4j-api-1.7.36.jar:/Users/wuqisen/.m2/repository/ch/qos/logback/logback-classic/1.2.12/logback-classic-1.2.12.jar:/Users/wuqisen/.m2/repository/ch/qos/logback/logback-core/1.2.12/logback-core-1.2.12.jar:/Users/wuqisen/.m2/repository/com/google/guava/guava/32.1.3-jre/guava-32.1.3-jre.jar:/Users/wuqisen/.m2/repository/com/google/guava/failureaccess/1.0.1/failureaccess-1.0.1.jar:/Users/wuqisen/.m2/repository/com/google/guava/listenablefuture/9999.0-empty-to-avoid-conflict-with-guava/listenablefuture-9999.0-empty-to-avoid-conflict-with-guava.jar:/Users/wuqisen/.m2/repository/com/google/code/findbugs/jsr305/3.0.2/jsr305-3.0.2.jar:/Users/wuqisen/.m2/repository/org/checkerframework/checker-qual/3.37.0/checker-qual-3.37.0.jar:/Users/wuqisen/.m2/repository/com/google/errorprone/error_prone_annotations/2.21.1/error_prone_annotations-2.21.1.jar:/Users/wuqisen/.m2/repository/com/google/j2objc/j2objc-annotations/2.8/j2objc-annotations-2.8.jar:/Users/wuqisen/.m2/repository/org/apache/commons/commons-lang3/3.13.0/commons-lang3-3.13.0.jar:/Users/wuqisen/Desktop/learning/ZephyrMQ/zephyr-protocol/target/classes:/Users/wuqisen/.m2/repository/com/google/protobuf/protobuf-java/3.25.1/protobuf-java-3.25.1.jar:/Users/wuqisen/.m2/repository/com/fasterxml/jackson/core/jackson-databind/2.16.0/jackson-databind-2.16.0.jar:/Users/wuqisen/.m2/repository/com/fasterxml/jackson/core/jackson-core/2.16.0/jackson-core-2.16.0.jar:/Users/wuqisen/.m2/repository/com/fasterxml/jackson/core/jackson-annotations/2.16.0/jackson-annotations-2.16.0.jar:/Users/wuqisen/.m2/repository/io/netty/netty-all/4.1.104.Final/netty-all-4.1.104.Final.jar:/Users/wuqisen/.m2/repository/io/netty/netty-buffer/4.1.104.Final/netty-buffer-4.1.104.Final.jar:/Users/wuqisen/.m2/repository/io/netty/netty-codec/4.1.104.Final/netty-codec-4.1.104.Final.jar:/Users/wuqisen/.m2/repository/io/netty/netty-codec-dns/4.1.104.Final/netty-codec-dns-4.1.104.Final.jar:/Users/wuqisen/.m2/repository/io/netty/netty-codec-haproxy/4.1.104.Final/netty-codec-haproxy-4.1.104.Final.jar:/Users/wuqisen/.m2/repository/io/netty/netty-codec-http/4.1.104.Final/netty-codec-http-4.1.104.Final.jar:/Users/wuqisen/.m2/repository/io/netty/netty-codec-http2/4.1.104.Final/netty-codec-http2-4.1.104.Final.jar:/Users/wuqisen/.m2/repository/io/netty/netty-codec-memcache/4.1.104.Final/netty-codec-memcache-4.1.104.Final.jar:/Users/wuqisen/.m2/repository/io/netty/netty-codec-mqtt/4.1.104.Final/netty-codec-mqtt-4.1.104.Final.jar:/Users/wuqisen/.m2/repository/io/netty/netty-codec-redis/4.1.104.Final/netty-codec-redis-4.1.104.Final.jar:/Users/wuqisen/.m2/repository/io/netty/netty-codec-smtp/4.1.104.Final/netty-codec-smtp-4.1.104.Final.jar:/Users/wuqisen/.m2/repository/io/netty/netty-codec-socks/4.1.104.Final/netty-codec-socks-4.1.104.Final.jar:/Users/wuqisen/.m2/repository/io/netty/netty-codec-stomp/4.1.104.Final/netty-codec-stomp-4.1.104.Final.jar:/Users/wuqisen/.m2/repository/io/netty/netty-codec-xml/4.1.104.Final/netty-codec-xml-4.1.104.Final.jar:/Users/wuqisen/.m2/repository/io/netty/netty-common/4.1.104.Final/netty-common-4.1.104.Final.jar:/Users/wuqisen/.m2/repository/io/netty/netty-handler/4.1.104.Final/netty-handler-4.1.104.Final.jar:/Users/wuqisen/.m2/repository/io/netty/netty-transport-native-unix-common/4.1.104.Final/netty-transport-native-unix-common-4.1.104.Final.jar:/Users/wuqisen/.m2/repository/io/netty/netty-handler-proxy/4.1.104.Final/netty-handler-proxy-4.1.104.Final.jar:/Users/wuqisen/.m2/repository/io/netty/netty-handler-ssl-ocsp/4.1.104.Final/netty-handler-ssl-ocsp-4.1.104.Final.jar:/Users/wuqisen/.m2/repository/io/netty/netty-resolver/4.1.104.Final/netty-resolver-4.1.104.Final.jar:/Users/wuqisen/.m2/repository/io/netty/netty-resolver-dns/4.1.104.Final/netty-resolver-dns-4.1.104.Final.jar:/Users/wuqisen/.m2/repository/io/netty/netty-transport/4.1.104.Final/netty-transport-4.1.104.Final.jar:/Users/wuqisen/.m2/repository/io/netty/netty-transport-rxtx/4.1.104.Final/netty-transport-rxtx-4.1.104.Final.jar:/Users/wuqisen/.m2/repository/io/netty/netty-transport-sctp/4.1.104.Final/netty-transport-sctp-4.1.104.Final.jar:/Users/wuqisen/.m2/repository/io/netty/netty-transport-udt/4.1.104.Final/netty-transport-udt-4.1.104.Final.jar:/Users/wuqisen/.m2/repository/io/netty/netty-transport-classes-epoll/4.1.104.Final/netty-transport-classes-epoll-4.1.104.Final.jar:/Users/wuqisen/.m2/repository/io/netty/netty-transport-classes-kqueue/4.1.104.Final/netty-transport-classes-kqueue-4.1.104.Final.jar:/Users/wuqisen/.m2/repository/io/netty/netty-resolver-dns-classes-macos/4.1.104.Final/netty-resolver-dns-classes-macos-4.1.104.Final.jar:/Users/wuqisen/.m2/repository/io/netty/netty-transport-native-epoll/4.1.104.Final/netty-transport-native-epoll-4.1.104.Final-linux-x86_64.jar:/Users/wuqisen/.m2/repository/io/netty/netty-transport-native-epoll/4.1.104.Final/netty-transport-native-epoll-4.1.104.Final-linux-aarch_64.jar:/Users/wuqisen/.m2/repository/io/netty/netty-transport-native-epoll/4.1.104.Final/netty-transport-native-epoll-4.1.104.Final-linux-riscv64.jar:/Users/wuqisen/.m2/repository/io/netty/netty-transport-native-kqueue/4.1.104.Final/netty-transport-native-kqueue-4.1.104.Final-osx-x86_64.jar:/Users/wuqisen/.m2/repository/io/netty/netty-transport-native-kqueue/4.1.104.Final/netty-transport-native-kqueue-4.1.104.Final-osx-aarch_64.jar:/Users/wuqisen/.m2/repository/io/netty/netty-resolver-dns-native-macos/4.1.104.Final/netty-resolver-dns-native-macos-4.1.104.Final-osx-x86_64.jar:/Users/wuqisen/.m2/repository/io/netty/netty-resolver-dns-native-macos/4.1.104.Final/netty-resolver-dns-native-macos-4.1.104.Final-osx-aarch_64.jar:/Users/wuqisen/.m2/repository/org/lz4/lz4-java/1.8.0/lz4-java-1.8.0.jar:/Users/wuqisen/.m2/repository/org/xerial/snappy/snappy-java/1.1.10.4/snappy-java-1.1.10.4.jar:/Users/wuqisen/.m2/repository/org/junit/jupiter/junit-jupiter/5.10.1/junit-jupiter-5.10.1.jar:/Users/wuqisen/.m2/repository/org/junit/jupiter/junit-jupiter-api/5.10.1/junit-jupiter-api-5.10.1.jar:/Users/wuqisen/.m2/repository/org/opentest4j/opentest4j/1.3.0/opentest4j-1.3.0.jar:/Users/wuqisen/.m2/repository/org/junit/platform/junit-platform-commons/1.10.1/junit-platform-commons-1.10.1.jar:/Users/wuqisen/.m2/repository/org/apiguardian/apiguardian-api/1.1.2/apiguardian-api-1.1.2.jar:/Users/wuqisen/.m2/repository/org/junit/jupiter/junit-jupiter-params/5.10.1/junit-jupiter-params-5.10.1.jar:/Users/wuqisen/.m2/repository/org/junit/jupiter/junit-jupiter-engine/5.10.1/junit-jupiter-engine-5.10.1.jar:/Users/wuqisen/.m2/repository/org/junit/platform/junit-platform-engine/1.10.1/junit-platform-engine-1.10.1.jar:/Users/wuqisen/.m2/repository/org/assertj/assertj-core/3.24.2/assertj-core-3.24.2.jar:/Users/wuqisen/.m2/repository/net/bytebuddy/byte-buddy/1.12.21/byte-buddy-1.12.21.jar:"/>
    <property name="java.vm.vendor" value="Eclipse Adoptium"/>
    <property name="sun.arch.data.model" value="64"/>
    <property name="java.vendor.url" value="https://adoptium.net/"/>
    <property name="user.timezone" value="Asia/Shanghai"/>
    <property name="os.name" value="Mac OS X"/>
    <property name="java.vm.specification.version" value="17"/>
    <property name="user.country" value="CN"/>
    <property name="sun.java.launcher" value="SUN_STANDARD"/>
    <property name="sun.boot.library.path" value="/Users/wuqisen/.sdkman/candidates/java/17.0.11-tem/lib"/>
    <property name="sun.java.command" value="/Users/wuqisen/Desktop/learning/ZephyrMQ/zephyr-storage/target/surefire/surefirebooter-20250926180642058_3.jar /Users/wuqisen/Desktop/learning/ZephyrMQ/zephyr-storage/target/surefire 2025-09-26T18-06-40_665-jvmRun1 surefire-20250926180642058_1tmp surefire_0-20250926180642058_2tmp"/>
    <property name="jdk.debug" value="release"/>
    <property name="surefire.test.class.path" value="/Users/wuqisen/Desktop/learning/ZephyrMQ/zephyr-storage/target/test-classes:/Users/wuqisen/Desktop/learning/ZephyrMQ/zephyr-storage/target/classes:/Users/wuqisen/Desktop/learning/ZephyrMQ/zephyr-common/target/classes:/Users/wuqisen/.m2/repository/org/slf4j/slf4j-api/1.7.36/slf4j-api-1.7.36.jar:/Users/wuqisen/.m2/repository/ch/qos/logback/logback-classic/1.2.12/logback-classic-1.2.12.jar:/Users/wuqisen/.m2/repository/ch/qos/logback/logback-core/1.2.12/logback-core-1.2.12.jar:/Users/wuqisen/.m2/repository/com/google/guava/guava/32.1.3-jre/guava-32.1.3-jre.jar:/Users/wuqisen/.m2/repository/com/google/guava/failureaccess/1.0.1/failureaccess-1.0.1.jar:/Users/wuqisen/.m2/repository/com/google/guava/listenablefuture/9999.0-empty-to-avoid-conflict-with-guava/listenablefuture-9999.0-empty-to-avoid-conflict-with-guava.jar:/Users/wuqisen/.m2/repository/com/google/code/findbugs/jsr305/3.0.2/jsr305-3.0.2.jar:/Users/wuqisen/.m2/repository/org/checkerframework/checker-qual/3.37.0/checker-qual-3.37.0.jar:/Users/wuqisen/.m2/repository/com/google/errorprone/error_prone_annotations/2.21.1/error_prone_annotations-2.21.1.jar:/Users/wuqisen/.m2/repository/com/google/j2objc/j2objc-annotations/2.8/j2objc-annotations-2.8.jar:/Users/wuqisen/.m2/repository/org/apache/commons/commons-lang3/3.13.0/commons-lang3-3.13.0.jar:/Users/wuqisen/Desktop/learning/ZephyrMQ/zephyr-protocol/target/classes:/Users/wuqisen/.m2/repository/com/google/protobuf/protobuf-java/3.25.1/protobuf-java-3.25.1.jar:/Users/wuqisen/.m2/repository/com/fasterxml/jackson/core/jackson-databind/2.16.0/jackson-databind-2.16.0.jar:/Users/wuqisen/.m2/repository/com/fasterxml/jackson/core/jackson-core/2.16.0/jackson-core-2.16.0.jar:/Users/wuqisen/.m2/repository/com/fasterxml/jackson/core/jackson-annotations/2.16.0/jackson-annotations-2.16.0.jar:/Users/wuqisen/.m2/repository/io/netty/netty-all/4.1.104.Final/netty-all-4.1.104.Final.jar:/Users/wuqisen/.m2/repository/io/netty/netty-buffer/4.1.104.Final/netty-buffer-4.1.104.Final.jar:/Users/wuqisen/.m2/repository/io/netty/netty-codec/4.1.104.Final/netty-codec-4.1.104.Final.jar:/Users/wuqisen/.m2/repository/io/netty/netty-codec-dns/4.1.104.Final/netty-codec-dns-4.1.104.Final.jar:/Users/wuqisen/.m2/repository/io/netty/netty-codec-haproxy/4.1.104.Final/netty-codec-haproxy-4.1.104.Final.jar:/Users/wuqisen/.m2/repository/io/netty/netty-codec-http/4.1.104.Final/netty-codec-http-4.1.104.Final.jar:/Users/wuqisen/.m2/repository/io/netty/netty-codec-http2/4.1.104.Final/netty-codec-http2-4.1.104.Final.jar:/Users/wuqisen/.m2/repository/io/netty/netty-codec-memcache/4.1.104.Final/netty-codec-memcache-4.1.104.Final.jar:/Users/wuqisen/.m2/repository/io/netty/netty-codec-mqtt/4.1.104.Final/netty-codec-mqtt-4.1.104.Final.jar:/Users/wuqisen/.m2/repository/io/netty/netty-codec-redis/4.1.104.Final/netty-codec-redis-4.1.104.Final.jar:/Users/wuqisen/.m2/repository/io/netty/netty-codec-smtp/4.1.104.Final/netty-codec-smtp-4.1.104.Final.jar:/Users/wuqisen/.m2/repository/io/netty/netty-codec-socks/4.1.104.Final/netty-codec-socks-4.1.104.Final.jar:/Users/wuqisen/.m2/repository/io/netty/netty-codec-stomp/4.1.104.Final/netty-codec-stomp-4.1.104.Final.jar:/Users/wuqisen/.m2/repository/io/netty/netty-codec-xml/4.1.104.Final/netty-codec-xml-4.1.104.Final.jar:/Users/wuqisen/.m2/repository/io/netty/netty-common/4.1.104.Final/netty-common-4.1.104.Final.jar:/Users/wuqisen/.m2/repository/io/netty/netty-handler/4.1.104.Final/netty-handler-4.1.104.Final.jar:/Users/wuqisen/.m2/repository/io/netty/netty-transport-native-unix-common/4.1.104.Final/netty-transport-native-unix-common-4.1.104.Final.jar:/Users/wuqisen/.m2/repository/io/netty/netty-handler-proxy/4.1.104.Final/netty-handler-proxy-4.1.104.Final.jar:/Users/wuqisen/.m2/repository/io/netty/netty-handler-ssl-ocsp/4.1.104.Final/netty-handler-ssl-ocsp-4.1.104.Final.jar:/Users/wuqisen/.m2/repository/io/netty/netty-resolver/4.1.104.Final/netty-resolver-4.1.104.Final.jar:/Users/wuqisen/.m2/repository/io/netty/netty-resolver-dns/4.1.104.Final/netty-resolver-dns-4.1.104.Final.jar:/Users/wuqisen/.m2/repository/io/netty/netty-transport/4.1.104.Final/netty-transport-4.1.104.Final.jar:/Users/wuqisen/.m2/repository/io/netty/netty-transport-rxtx/4.1.104.Final/netty-transport-rxtx-4.1.104.Final.jar:/Users/wuqisen/.m2/repository/io/netty/netty-transport-sctp/4.1.104.Final/netty-transport-sctp-4.1.104.Final.jar:/Users/wuqisen/.m2/repository/io/netty/netty-transport-udt/4.1.104.Final/netty-transport-udt-4.1.104.Final.jar:/Users/wuqisen/.m2/repository/io/netty/netty-transport-classes-epoll/4.1.104.Final/netty-transport-classes-epoll-4.1.104.Final.jar:/Users/wuqisen/.m2/repository/io/netty/netty-transport-classes-kqueue/4.1.104.Final/netty-transport-classes-kqueue-4.1.104.Final.jar:/Users/wuqisen/.m2/repository/io/netty/netty-resolver-dns-classes-macos/4.1.104.Final/netty-resolver-dns-classes-macos-4.1.104.Final.jar:/Users/wuqisen/.m2/repository/io/netty/netty-transport-native-epoll/4.1.104.Final/netty-transport-native-epoll-4.1.104.Final-linux-x86_64.jar:/Users/wuqisen/.m2/repository/io/netty/netty-transport-native-epoll/4.1.104.Final/netty-transport-native-epoll-4.1.104.Final-linux-aarch_64.jar:/Users/wuqisen/.m2/repository/io/netty/netty-transport-native-epoll/4.1.104.Final/netty-transport-native-epoll-4.1.104.Final-linux-riscv64.jar:/Users/wuqisen/.m2/repository/io/netty/netty-transport-native-kqueue/4.1.104.Final/netty-transport-native-kqueue-4.1.104.Final-osx-x86_64.jar:/Users/wuqisen/.m2/repository/io/netty/netty-transport-native-kqueue/4.1.104.Final/netty-transport-native-kqueue-4.1.104.Final-osx-aarch_64.jar:/Users/wuqisen/.m2/repository/io/netty/netty-resolver-dns-native-macos/4.1.104.Final/netty-resolver-dns-native-macos-4.1.104.Final-osx-x86_64.jar:/Users/wuqisen/.m2/repository/io/netty/netty-resolver-dns-native-macos/4.1.104.Final/netty-resolver-dns-native-macos-4.1.104.Final-osx-aarch_64.jar:/Users/wuqisen/.m2/repository/org/lz4/lz4-java/1.8.0/lz4-java-1.8.0.jar:/Users/wuqisen/.m2/repository/org/xerial/snappy/snappy-java/1.1.10.4/snappy-java-1.1.10.4.jar:/Users/wuqisen/.m2/repository/org/junit/jupiter/junit-jupiter/5.10.1/junit-jupiter-5.10.1.jar:/Users/wuqisen/.m2/repository/org/junit/jupiter/junit-jupiter-api/5.10.1/junit-jupiter-api-5.10.1.jar:/Users/wuqisen/.m2/repository/org/opentest4j/opentest4j/1.3.0/opentest4j-1.3.0.jar:/Users/wuqisen/.m2/repository/org/junit/platform/junit-platform-commons/1.10.1/junit-platform-commons-1.10.1.jar:/Users/wuqisen/.m2/repository/org/apiguardian/apiguardian-api/1.1.2/apiguardian-api-1.1.2.jar:/Users/wuqisen/.m2/repository/org/junit/jupiter/junit-jupiter-params/5.10.1/junit-jupiter-params-5.10.1.jar:/Users/wuqisen/.m2/repository/org/junit/jupiter/junit-jupiter-engine/5.10.1/junit-jupiter-engine-5.10.1.jar:/Users/wuqisen/.m2/repository/org/junit/platform/junit-platform-engine/1.10.1/junit-platform-engine-1.10.1.jar:/Users/wuqisen/.m2/repository/org/assertj/assertj-core/3.24.2/assertj-core-3.24.2.jar:/Users/wuqisen/.m2/repository/net/bytebuddy/byte-buddy/1.12.21/byte-buddy-1.12.21.jar:"/>
    <property name="sun.cpu.endian" value="little"/>
    <property name="user.home" value="/Users/wuqisen"/>
    <property name="user.language" value="zh"/>
    <property name="java.specification.vendor" value="Oracle Corporation"/>
    <property name="java.version.date" value="2024-04-16"/>
    <property name="java.home" value="/Users/wuqisen/.sdkman/candidates/java/17.0.11-tem"/>
    <property name="file.separator" value="/"/>
    <property name="style.color" value="always"/>
    <property name="basedir" value="/Users/wuqisen/Desktop/learning/ZephyrMQ/zephyr-storage"/>
    <property name="java.vm.compressedOopsMode" value="Zero based"/>
    <property name="line.separator" value="&#10;"/>
    <property name="java.vm.specification.vendor" value="Oracle Corporation"/>
    <property name="java.specification.name" value="Java Platform API Specification"/>
    <property name="surefire.real.class.path" value="/Users/wuqisen/Desktop/learning/ZephyrMQ/zephyr-storage/target/surefire/surefirebooter-20250926180642058_3.jar"/>
    <property name="user.script" value="Hans"/>
    <property name="sun.management.compiler" value="HotSpot 64-Bit Tiered Compilers"/>
    <property name="java.runtime.version" value="17.0.11+9"/>
    <property name="user.name" value="wuqisen"/>
    <property name="path.separator" value=":"/>
    <property name="os.version" value="15.5"/>
    <property name="java.runtime.name" value="OpenJDK Runtime Environment"/>
    <property name="file.encoding" value="UTF-8"/>
    <property name="java.vm.name" value="OpenJDK 64-Bit Server VM"/>
    <property name="java.vendor.version" value="Temurin-17.0.11+9"/>
    <property name="maven.ext.class.path" value="/Applications/IntelliJ IDEA.app/Contents/plugins/maven/lib/maven-event-listener.jar"/>
    <property name="localRepository" value="/Users/wuqisen/.m2/repository"/>
    <property name="java.vendor.url.bug" value="https://github.com/adoptium/adoptium-support/issues"/>
    <property name="java.io.tmpdir" value="/var/folders/d2/cks3ws395mbfrs2rm3yjvw8h0000gn/T/"/>
    <property name="idea.version" value="2025.2.1"/>
    <property name="java.version" value="17.0.11"/>
    <property name="user.dir" value="/Users/wuqisen/Desktop/learning/ZephyrMQ/zephyr-storage"/>
    <property name="os.arch" value="aarch64"/>
    <property name="jansi.passthrough" value="true"/>
    <property name="java.vm.specification.name" value="Java Virtual Machine Specification"/>
    <property name="native.encoding" value="UTF-8"/>
    <property name="java.library.path" value="/Users/wuqisen/Library/Java/Extensions:/Library/Java/Extensions:/Network/Library/Java/Extensions:/System/Library/Java/Extensions:/usr/lib/java:."/>
    <property name="java.vm.info" value="mixed mode"/>
    <property name="java.vendor" value="Eclipse Adoptium"/>
    <property name="java.vm.version" value="17.0.11+9"/>
    <property name="sun.io.unicode.encoding" value="UnicodeBig"/>
    <property name="maven.repo.local" value="/Users/wuqisen/.m2/repository"/>
    <property name="java.class.version" value="61.0"/>
  </properties>
  <testcase name="testFileRollingDisabled" classname="com.zephyr.storage.commitlog.FileRollingServiceTest" time="0.017">
    <system-out><![CDATA[18:06:42.784 [main] INFO com.zephyr.storage.commitlog.MappedFileQueue - Loaded 0 mapped files from /var/folders/d2/cks3ws395mbfrs2rm3yjvw8h0000gn/T/junit8805095092117016166
18:06:42.789 [main] INFO com.zephyr.storage.commitlog.MappedFile - Mapped file created: /var/folders/d2/cks3ws395mbfrs2rm3yjvw8h0000gn/T/junit8805095092117016166/00000000000000000000, size: 1024
18:06:42.789 [main] INFO com.zephyr.storage.commitlog.MappedFileQueue - Created new mapped file: /var/folders/d2/cks3ws395mbfrs2rm3yjvw8h0000gn/T/junit8805095092117016166/00000000000000000000
18:06:42.789 [main] WARN com.zephyr.storage.commitlog.MappedFile - Mapped file is full: /var/folders/d2/cks3ws395mbfrs2rm3yjvw8h0000gn/T/junit8805095092117016166/00000000000000000000, currentPos: 0, dataLength: 5120, fileSize: 1024
18:06:42.791 [main] INFO com.zephyr.storage.commitlog.MappedFile - Delete mapped file: /var/folders/d2/cks3ws395mbfrs2rm3yjvw8h0000gn/T/junit8805095092117016166/00000000000000000000, result: true, time: 1ms
]]></system-out>
  </testcase>
  <testcase name="testFileRollingStats" classname="com.zephyr.storage.commitlog.FileRollingServiceTest" time="0.004">
    <system-out><![CDATA[18:06:42.793 [main] INFO com.zephyr.storage.commitlog.FileRollingService - File rolling service started with auto cleanup enabled
18:06:42.793 [main] INFO com.zephyr.storage.commitlog.MappedFileQueue - Loaded 0 mapped files from /var/folders/d2/cks3ws395mbfrs2rm3yjvw8h0000gn/T/junit17090293639966159766
18:06:42.793 [main] INFO com.zephyr.storage.commitlog.MappedFile - Mapped file created: /var/folders/d2/cks3ws395mbfrs2rm3yjvw8h0000gn/T/junit17090293639966159766/00000000000000000000, size: 1024
18:06:42.793 [main] INFO com.zephyr.storage.commitlog.MappedFileQueue - Created new mapped file: /var/folders/d2/cks3ws395mbfrs2rm3yjvw8h0000gn/T/junit17090293639966159766/00000000000000000000
18:06:42.795 [main] INFO com.zephyr.storage.commitlog.MappedFileQueue - Rolling file /var/folders/d2/cks3ws395mbfrs2rm3yjvw8h0000gn/T/junit17090293639966159766/00000000000000000000 due to FILE_SIZE_EXCEEDED
18:06:42.795 [main] INFO com.zephyr.storage.commitlog.MappedFile - Mapped file created: /var/folders/d2/cks3ws395mbfrs2rm3yjvw8h0000gn/T/junit17090293639966159766/00000000000000001024, size: 1024
18:06:42.795 [main] INFO com.zephyr.storage.commitlog.MappedFileQueue - Created new mapped file: /var/folders/d2/cks3ws395mbfrs2rm3yjvw8h0000gn/T/junit17090293639966159766/00000000000000001024
18:06:42.795 [FileCleanup] INFO com.zephyr.storage.commitlog.FileRollingService - File /var/folders/d2/cks3ws395mbfrs2rm3yjvw8h0000gn/T/junit17090293639966159766/00000000000000000000 expired by time, age: 488578 hours
18:06:42.795 [FileCleanup] WARN com.zephyr.storage.commitlog.FileRollingService - Cannot clean file /var/folders/d2/cks3ws395mbfrs2rm3yjvw8h0000gn/T/junit17090293639966159766/00000000000000000000 - still in use
18:06:42.795 [main] INFO com.zephyr.storage.commitlog.FileRollingService - File rolling service shut down
18:06:42.795 [main] INFO com.zephyr.storage.commitlog.MappedFile - Delete mapped file: /var/folders/d2/cks3ws395mbfrs2rm3yjvw8h0000gn/T/junit17090293639966159766/00000000000000000000, result: true, time: 0ms
18:06:42.796 [main] INFO com.zephyr.storage.commitlog.MappedFile - Delete mapped file: /var/folders/d2/cks3ws395mbfrs2rm3yjvw8h0000gn/T/junit17090293639966159766/00000000000000001024, result: true, time: 1ms
]]></system-out>
  </testcase>
  <testcase name="testServiceLifecycle" classname="com.zephyr.storage.commitlog.FileRollingServiceTest" time="0.001">
    <system-out><![CDATA[18:06:42.797 [main] INFO com.zephyr.storage.commitlog.FileRollingService - File rolling service started with auto cleanup enabled
18:06:42.797 [main] INFO com.zephyr.storage.commitlog.FileRollingService - File rolling service shut down
]]></system-out>
  </testcase>
  <testcase name="testFileRollingBySize" classname="com.zephyr.storage.commitlog.FileRollingServiceTest" time="0.109">
    <system-out><![CDATA[18:06:42.799 [main] INFO com.zephyr.storage.commitlog.FileRollingService - File rolling service started with auto cleanup enabled
18:06:42.799 [main] INFO com.zephyr.storage.commitlog.MappedFileQueue - Loaded 0 mapped files from /var/folders/d2/cks3ws395mbfrs2rm3yjvw8h0000gn/T/junit10672792535865200360
18:06:42.799 [main] INFO com.zephyr.storage.commitlog.FileRollingService - File rolling service started with auto cleanup enabled
18:06:42.801 [main] INFO com.zephyr.storage.commitlog.MappedFile - Mapped file created: /var/folders/d2/cks3ws395mbfrs2rm3yjvw8h0000gn/T/junit10672792535865200360/00000000000000000000, size: 1024
18:06:42.801 [main] INFO com.zephyr.storage.commitlog.MappedFileQueue - Created new mapped file: /var/folders/d2/cks3ws395mbfrs2rm3yjvw8h0000gn/T/junit10672792535865200360/00000000000000000000
18:06:42.801 [main] INFO com.zephyr.storage.commitlog.MappedFileQueue - Rolling file /var/folders/d2/cks3ws395mbfrs2rm3yjvw8h0000gn/T/junit10672792535865200360/00000000000000000000 due to FILE_SIZE_EXCEEDED
18:06:42.802 [main] INFO com.zephyr.storage.commitlog.MappedFile - Mapped file created: /var/folders/d2/cks3ws395mbfrs2rm3yjvw8h0000gn/T/junit10672792535865200360/00000000000000001024, size: 1024
18:06:42.802 [main] INFO com.zephyr.storage.commitlog.MappedFileQueue - Created new mapped file: /var/folders/d2/cks3ws395mbfrs2rm3yjvw8h0000gn/T/junit10672792535865200360/00000000000000001024
18:06:42.802 [main] WARN com.zephyr.storage.commitlog.MappedFile - Mapped file is full: /var/folders/d2/cks3ws395mbfrs2rm3yjvw8h0000gn/T/junit10672792535865200360/00000000000000001024, currentPos: 0, dataLength: 2048, fileSize: 1024
18:06:42.802 [FileCleanup] INFO com.zephyr.storage.commitlog.FileRollingService - File /var/folders/d2/cks3ws395mbfrs2rm3yjvw8h0000gn/T/junit10672792535865200360/00000000000000000000 expired by time, age: 488578 hours
18:06:42.802 [FileCleanup] WARN com.zephyr.storage.commitlog.FileRollingService - Cannot clean file /var/folders/d2/cks3ws395mbfrs2rm3yjvw8h0000gn/T/junit10672792535865200360/00000000000000000000 - still in use
18:06:42.903 [main] INFO com.zephyr.storage.commitlog.MappedFileQueue - Rolling file /var/folders/d2/cks3ws395mbfrs2rm3yjvw8h0000gn/T/junit10672792535865200360/00000000000000001024 due to FILE_SIZE_EXCEEDED
18:06:42.905 [main] INFO com.zephyr.storage.commitlog.MappedFile - Mapped file created: /var/folders/d2/cks3ws395mbfrs2rm3yjvw8h0000gn/T/junit10672792535865200360/00000000000000002048, size: 1024
18:06:42.905 [main] INFO com.zephyr.storage.commitlog.MappedFileQueue - Created new mapped file: /var/folders/d2/cks3ws395mbfrs2rm3yjvw8h0000gn/T/junit10672792535865200360/00000000000000002048
18:06:42.905 [main] WARN com.zephyr.storage.commitlog.MappedFile - Mapped file is full: /var/folders/d2/cks3ws395mbfrs2rm3yjvw8h0000gn/T/junit10672792535865200360/00000000000000002048, currentPos: 0, dataLength: 2048, fileSize: 1024
18:06:42.905 [FileCleanup] INFO com.zephyr.storage.commitlog.FileRollingService - File /var/folders/d2/cks3ws395mbfrs2rm3yjvw8h0000gn/T/junit10672792535865200360/00000000000000000000 expired by time, age: 488578 hours
18:06:42.905 [FileCleanup] INFO com.zephyr.storage.commitlog.FileRollingService - File /var/folders/d2/cks3ws395mbfrs2rm3yjvw8h0000gn/T/junit10672792535865200360/00000000000000001024 expired by time, age: 488578 hours
18:06:42.905 [FileCleanup] WARN com.zephyr.storage.commitlog.FileRollingService - Cannot clean file /var/folders/d2/cks3ws395mbfrs2rm3yjvw8h0000gn/T/junit10672792535865200360/00000000000000000000 - still in use
18:06:42.905 [FileCleanup] WARN com.zephyr.storage.commitlog.FileRollingService - Cannot clean file /var/folders/d2/cks3ws395mbfrs2rm3yjvw8h0000gn/T/junit10672792535865200360/00000000000000001024 - still in use
18:06:42.905 [main] INFO com.zephyr.storage.commitlog.FileRollingService - File rolling service shut down
18:06:42.906 [main] INFO com.zephyr.storage.commitlog.MappedFile - Delete mapped file: /var/folders/d2/cks3ws395mbfrs2rm3yjvw8h0000gn/T/junit10672792535865200360/00000000000000000000, result: true, time: 1ms
18:06:42.906 [main] INFO com.zephyr.storage.commitlog.MappedFile - Delete mapped file: /var/folders/d2/cks3ws395mbfrs2rm3yjvw8h0000gn/T/junit10672792535865200360/00000000000000001024, result: true, time: 0ms
18:06:42.906 [main] INFO com.zephyr.storage.commitlog.MappedFile - Delete mapped file: /var/folders/d2/cks3ws395mbfrs2rm3yjvw8h0000gn/T/junit10672792535865200360/00000000000000002048, result: true, time: 0ms
18:06:42.907 [main] INFO com.zephyr.storage.commitlog.FileRollingService - File rolling service shut down
]]></system-out>
  </testcase>
  <testcase name="testFileRollingByTime" classname="com.zephyr.storage.commitlog.FileRollingServiceTest" time="0.11">
    <system-out><![CDATA[18:06:42.909 [main] INFO com.zephyr.storage.commitlog.FileRollingService - File rolling service started with auto cleanup enabled
18:06:42.909 [main] INFO com.zephyr.storage.commitlog.MappedFileQueue - Loaded 0 mapped files from /var/folders/d2/cks3ws395mbfrs2rm3yjvw8h0000gn/T/junit15022570559124118080
18:06:42.909 [main] INFO com.zephyr.storage.commitlog.FileRollingService - File rolling service started with auto cleanup enabled
18:06:42.909 [main] INFO com.zephyr.storage.commitlog.MappedFile - Mapped file created: /var/folders/d2/cks3ws395mbfrs2rm3yjvw8h0000gn/T/junit15022570559124118080/00000000000000000000, size: 1024
18:06:42.910 [main] INFO com.zephyr.storage.commitlog.MappedFileQueue - Created new mapped file: /var/folders/d2/cks3ws395mbfrs2rm3yjvw8h0000gn/T/junit15022570559124118080/00000000000000000000
18:06:42.910 [main] INFO com.zephyr.storage.commitlog.MappedFileQueue - Rolling file /var/folders/d2/cks3ws395mbfrs2rm3yjvw8h0000gn/T/junit15022570559124118080/00000000000000000000 due to FILE_SIZE_EXCEEDED
18:06:42.911 [main] INFO com.zephyr.storage.commitlog.MappedFile - Mapped file created: /var/folders/d2/cks3ws395mbfrs2rm3yjvw8h0000gn/T/junit15022570559124118080/00000000000000001024, size: 1024
18:06:42.911 [main] INFO com.zephyr.storage.commitlog.MappedFileQueue - Created new mapped file: /var/folders/d2/cks3ws395mbfrs2rm3yjvw8h0000gn/T/junit15022570559124118080/00000000000000001024
18:06:42.911 [FileCleanup] INFO com.zephyr.storage.commitlog.FileRollingService - File /var/folders/d2/cks3ws395mbfrs2rm3yjvw8h0000gn/T/junit15022570559124118080/00000000000000000000 expired by time, age: 488578 hours
18:06:42.911 [FileCleanup] WARN com.zephyr.storage.commitlog.FileRollingService - Cannot clean file /var/folders/d2/cks3ws395mbfrs2rm3yjvw8h0000gn/T/junit15022570559124118080/00000000000000000000 - still in use
18:06:43.013 [main] INFO com.zephyr.storage.commitlog.MappedFileQueue - Rolling file /var/folders/d2/cks3ws395mbfrs2rm3yjvw8h0000gn/T/junit15022570559124118080/00000000000000001024 due to FILE_SIZE_EXCEEDED
18:06:43.014 [main] INFO com.zephyr.storage.commitlog.MappedFile - Mapped file created: /var/folders/d2/cks3ws395mbfrs2rm3yjvw8h0000gn/T/junit15022570559124118080/00000000000000002048, size: 1024
18:06:43.015 [main] INFO com.zephyr.storage.commitlog.MappedFileQueue - Created new mapped file: /var/folders/d2/cks3ws395mbfrs2rm3yjvw8h0000gn/T/junit15022570559124118080/00000000000000002048
18:06:43.015 [FileCleanup] INFO com.zephyr.storage.commitlog.FileRollingService - File /var/folders/d2/cks3ws395mbfrs2rm3yjvw8h0000gn/T/junit15022570559124118080/00000000000000000000 expired by time, age: 488578 hours
18:06:43.015 [FileCleanup] WARN com.zephyr.storage.commitlog.FileRollingService - Cannot clean file /var/folders/d2/cks3ws395mbfrs2rm3yjvw8h0000gn/T/junit15022570559124118080/00000000000000000000 - still in use
18:06:43.015 [main] INFO com.zephyr.storage.commitlog.FileRollingService - File rolling service shut down
18:06:43.015 [main] INFO com.zephyr.storage.commitlog.MappedFile - Delete mapped file: /var/folders/d2/cks3ws395mbfrs2rm3yjvw8h0000gn/T/junit15022570559124118080/00000000000000000000, result: true, time: 0ms
18:06:43.016 [main] INFO com.zephyr.storage.commitlog.MappedFile - Delete mapped file: /var/folders/d2/cks3ws395mbfrs2rm3yjvw8h0000gn/T/junit15022570559124118080/00000000000000001024, result: true, time: 0ms
18:06:43.016 [main] INFO com.zephyr.storage.commitlog.MappedFile - Delete mapped file: /var/folders/d2/cks3ws395mbfrs2rm3yjvw8h0000gn/T/junit15022570559124118080/00000000000000002048, result: true, time: 0ms
18:06:43.017 [main] INFO com.zephyr.storage.commitlog.FileRollingService - File rolling service shut down
]]></system-out>
  </testcase>
  <testcase name="testRollingStrategyParsing" classname="com.zephyr.storage.commitlog.FileRollingServiceTest" time="0.001"/>
  <testcase name="testFileCleanup" classname="com.zephyr.storage.commitlog.FileRollingServiceTest" time="0.067">
    <system-out><![CDATA[18:06:43.020 [main] INFO com.zephyr.storage.commitlog.FileRollingService - File rolling service started with auto cleanup enabled
18:06:43.020 [main] INFO com.zephyr.storage.commitlog.MappedFileQueue - Loaded 0 mapped files from /var/folders/d2/cks3ws395mbfrs2rm3yjvw8h0000gn/T/junit16177381271634622619
18:06:43.020 [main] INFO com.zephyr.storage.commitlog.FileRollingService - File rolling service started with auto cleanup enabled
18:06:43.020 [main] INFO com.zephyr.storage.commitlog.MappedFile - Mapped file created: /var/folders/d2/cks3ws395mbfrs2rm3yjvw8h0000gn/T/junit16177381271634622619/00000000000000000000, size: 1024
18:06:43.020 [main] INFO com.zephyr.storage.commitlog.MappedFileQueue - Created new mapped file: /var/folders/d2/cks3ws395mbfrs2rm3yjvw8h0000gn/T/junit16177381271634622619/00000000000000000000
18:06:43.020 [main] INFO com.zephyr.storage.commitlog.MappedFileQueue - Rolling file /var/folders/d2/cks3ws395mbfrs2rm3yjvw8h0000gn/T/junit16177381271634622619/00000000000000000000 due to FILE_SIZE_EXCEEDED
18:06:43.020 [main] INFO com.zephyr.storage.commitlog.MappedFile - Mapped file created: /var/folders/d2/cks3ws395mbfrs2rm3yjvw8h0000gn/T/junit16177381271634622619/00000000000000001024, size: 1024
18:06:43.020 [main] INFO com.zephyr.storage.commitlog.MappedFileQueue - Created new mapped file: /var/folders/d2/cks3ws395mbfrs2rm3yjvw8h0000gn/T/junit16177381271634622619/00000000000000001024
18:06:43.021 [FileCleanup] INFO com.zephyr.storage.commitlog.FileRollingService - File /var/folders/d2/cks3ws395mbfrs2rm3yjvw8h0000gn/T/junit16177381271634622619/00000000000000000000 expired by time, age: 488578 hours
18:06:43.021 [FileCleanup] WARN com.zephyr.storage.commitlog.FileRollingService - Cannot clean file /var/folders/d2/cks3ws395mbfrs2rm3yjvw8h0000gn/T/junit16177381271634622619/00000000000000000000 - still in use
18:06:43.033 [main] INFO com.zephyr.storage.commitlog.MappedFileQueue - Rolling file /var/folders/d2/cks3ws395mbfrs2rm3yjvw8h0000gn/T/junit16177381271634622619/00000000000000001024 due to FILE_SIZE_EXCEEDED
18:06:43.034 [main] INFO com.zephyr.storage.commitlog.MappedFile - Mapped file created: /var/folders/d2/cks3ws395mbfrs2rm3yjvw8h0000gn/T/junit16177381271634622619/00000000000000002048, size: 1024
18:06:43.034 [main] INFO com.zephyr.storage.commitlog.MappedFileQueue - Created new mapped file: /var/folders/d2/cks3ws395mbfrs2rm3yjvw8h0000gn/T/junit16177381271634622619/00000000000000002048
18:06:43.034 [FileCleanup] INFO com.zephyr.storage.commitlog.FileRollingService - File /var/folders/d2/cks3ws395mbfrs2rm3yjvw8h0000gn/T/junit16177381271634622619/00000000000000000000 expired by time, age: 488578 hours
18:06:43.034 [FileCleanup] INFO com.zephyr.storage.commitlog.FileRollingService - File /var/folders/d2/cks3ws395mbfrs2rm3yjvw8h0000gn/T/junit16177381271634622619/00000000000000001024 expired by time, age: 0 hours
18:06:43.034 [FileCleanup] WARN com.zephyr.storage.commitlog.FileRollingService - Cannot clean file /var/folders/d2/cks3ws395mbfrs2rm3yjvw8h0000gn/T/junit16177381271634622619/00000000000000000000 - still in use
18:06:43.034 [FileCleanup] WARN com.zephyr.storage.commitlog.FileRollingService - Cannot clean file /var/folders/d2/cks3ws395mbfrs2rm3yjvw8h0000gn/T/junit16177381271634622619/00000000000000001024 - still in use
18:06:43.045 [main] INFO com.zephyr.storage.commitlog.MappedFileQueue - Rolling file /var/folders/d2/cks3ws395mbfrs2rm3yjvw8h0000gn/T/junit16177381271634622619/00000000000000002048 due to FILE_SIZE_EXCEEDED
18:06:43.046 [main] INFO com.zephyr.storage.commitlog.MappedFile - Mapped file created: /var/folders/d2/cks3ws395mbfrs2rm3yjvw8h0000gn/T/junit16177381271634622619/00000000000000003072, size: 1024
18:06:43.046 [main] INFO com.zephyr.storage.commitlog.MappedFileQueue - Created new mapped file: /var/folders/d2/cks3ws395mbfrs2rm3yjvw8h0000gn/T/junit16177381271634622619/00000000000000003072
18:06:43.046 [FileCleanup] INFO com.zephyr.storage.commitlog.FileRollingService - File /var/folders/d2/cks3ws395mbfrs2rm3yjvw8h0000gn/T/junit16177381271634622619/00000000000000000000 expired by time, age: 488578 hours
18:06:43.046 [FileCleanup] INFO com.zephyr.storage.commitlog.FileRollingService - File /var/folders/d2/cks3ws395mbfrs2rm3yjvw8h0000gn/T/junit16177381271634622619/00000000000000001024 expired by time, age: 0 hours
18:06:43.046 [FileCleanup] INFO com.zephyr.storage.commitlog.FileRollingService - File /var/folders/d2/cks3ws395mbfrs2rm3yjvw8h0000gn/T/junit16177381271634622619/00000000000000002048 expired by time, age: 0 hours
18:06:43.046 [FileCleanup] WARN com.zephyr.storage.commitlog.FileRollingService - Cannot clean file /var/folders/d2/cks3ws395mbfrs2rm3yjvw8h0000gn/T/junit16177381271634622619/00000000000000000000 - still in use
18:06:43.046 [FileCleanup] WARN com.zephyr.storage.commitlog.FileRollingService - Cannot clean file /var/folders/d2/cks3ws395mbfrs2rm3yjvw8h0000gn/T/junit16177381271634622619/00000000000000001024 - still in use
18:06:43.046 [FileCleanup] WARN com.zephyr.storage.commitlog.FileRollingService - Cannot clean file /var/folders/d2/cks3ws395mbfrs2rm3yjvw8h0000gn/T/junit16177381271634622619/00000000000000002048 - still in use
18:06:43.056 [main] INFO com.zephyr.storage.commitlog.MappedFileQueue - Rolling file /var/folders/d2/cks3ws395mbfrs2rm3yjvw8h0000gn/T/junit16177381271634622619/00000000000000003072 due to FILE_SIZE_EXCEEDED
18:06:43.057 [main] INFO com.zephyr.storage.commitlog.MappedFile - Mapped file created: /var/folders/d2/cks3ws395mbfrs2rm3yjvw8h0000gn/T/junit16177381271634622619/00000000000000004096, size: 1024
18:06:43.057 [main] INFO com.zephyr.storage.commitlog.MappedFileQueue - Created new mapped file: /var/folders/d2/cks3ws395mbfrs2rm3yjvw8h0000gn/T/junit16177381271634622619/00000000000000004096
18:06:43.057 [FileCleanup] INFO com.zephyr.storage.commitlog.FileRollingService - File /var/folders/d2/cks3ws395mbfrs2rm3yjvw8h0000gn/T/junit16177381271634622619/00000000000000000000 expired by time, age: 488578 hours
18:06:43.057 [FileCleanup] INFO com.zephyr.storage.commitlog.FileRollingService - File /var/folders/d2/cks3ws395mbfrs2rm3yjvw8h0000gn/T/junit16177381271634622619/00000000000000001024 expired by time, age: 0 hours
18:06:43.057 [FileCleanup] INFO com.zephyr.storage.commitlog.FileRollingService - File /var/folders/d2/cks3ws395mbfrs2rm3yjvw8h0000gn/T/junit16177381271634622619/00000000000000002048 expired by time, age: 0 hours
18:06:43.057 [FileCleanup] INFO com.zephyr.storage.commitlog.FileRollingService - File /var/folders/d2/cks3ws395mbfrs2rm3yjvw8h0000gn/T/junit16177381271634622619/00000000000000003072 expired by time, age: 0 hours
18:06:43.057 [FileCleanup] WARN com.zephyr.storage.commitlog.FileRollingService - Cannot clean file /var/folders/d2/cks3ws395mbfrs2rm3yjvw8h0000gn/T/junit16177381271634622619/00000000000000000000 - still in use
18:06:43.057 [FileCleanup] WARN com.zephyr.storage.commitlog.FileRollingService - Cannot clean file /var/folders/d2/cks3ws395mbfrs2rm3yjvw8h0000gn/T/junit16177381271634622619/00000000000000001024 - still in use
18:06:43.057 [FileCleanup] WARN com.zephyr.storage.commitlog.FileRollingService - Cannot clean file /var/folders/d2/cks3ws395mbfrs2rm3yjvw8h0000gn/T/junit16177381271634622619/00000000000000002048 - still in use
18:06:43.057 [FileCleanup] WARN com.zephyr.storage.commitlog.FileRollingService - Cannot clean file /var/folders/d2/cks3ws395mbfrs2rm3yjvw8h0000gn/T/junit16177381271634622619/00000000000000003072 - still in use
18:06:43.070 [main] INFO com.zephyr.storage.commitlog.MappedFileQueue - Rolling file /var/folders/d2/cks3ws395mbfrs2rm3yjvw8h0000gn/T/junit16177381271634622619/00000000000000004096 due to FILE_SIZE_EXCEEDED
18:06:43.070 [main] INFO com.zephyr.storage.commitlog.MappedFile - Mapped file created: /var/folders/d2/cks3ws395mbfrs2rm3yjvw8h0000gn/T/junit16177381271634622619/00000000000000005120, size: 1024
18:06:43.070 [main] INFO com.zephyr.storage.commitlog.MappedFileQueue - Created new mapped file: /var/folders/d2/cks3ws395mbfrs2rm3yjvw8h0000gn/T/junit16177381271634622619/00000000000000005120
18:06:43.070 [FileCleanup] INFO com.zephyr.storage.commitlog.FileRollingService - File /var/folders/d2/cks3ws395mbfrs2rm3yjvw8h0000gn/T/junit16177381271634622619/00000000000000000000 expired by time, age: 488578 hours
18:06:43.070 [FileCleanup] INFO com.zephyr.storage.commitlog.FileRollingService - File /var/folders/d2/cks3ws395mbfrs2rm3yjvw8h0000gn/T/junit16177381271634622619/00000000000000001024 expired by time, age: 0 hours
18:06:43.070 [FileCleanup] INFO com.zephyr.storage.commitlog.FileRollingService - File /var/folders/d2/cks3ws395mbfrs2rm3yjvw8h0000gn/T/junit16177381271634622619/00000000000000002048 expired by time, age: 0 hours
18:06:43.070 [FileCleanup] INFO com.zephyr.storage.commitlog.FileRollingService - File /var/folders/d2/cks3ws395mbfrs2rm3yjvw8h0000gn/T/junit16177381271634622619/00000000000000003072 expired by time, age: 0 hours
18:06:43.070 [FileCleanup] INFO com.zephyr.storage.commitlog.FileRollingService - File /var/folders/d2/cks3ws395mbfrs2rm3yjvw8h0000gn/T/junit16177381271634622619/00000000000000004096 expired by time, age: 0 hours
18:06:43.070 [FileCleanup] WARN com.zephyr.storage.commitlog.FileRollingService - Cannot clean file /var/folders/d2/cks3ws395mbfrs2rm3yjvw8h0000gn/T/junit16177381271634622619/00000000000000000000 - still in use
18:06:43.071 [FileCleanup] WARN com.zephyr.storage.commitlog.FileRollingService - Cannot clean file /var/folders/d2/cks3ws395mbfrs2rm3yjvw8h0000gn/T/junit16177381271634622619/00000000000000001024 - still in use
18:06:43.071 [FileCleanup] WARN com.zephyr.storage.commitlog.FileRollingService - Cannot clean file /var/folders/d2/cks3ws395mbfrs2rm3yjvw8h0000gn/T/junit16177381271634622619/00000000000000002048 - still in use
18:06:43.071 [FileCleanup] WARN com.zephyr.storage.commitlog.FileRollingService - Cannot clean file /var/folders/d2/cks3ws395mbfrs2rm3yjvw8h0000gn/T/junit16177381271634622619/00000000000000003072 - still in use
18:06:43.071 [FileCleanup] WARN com.zephyr.storage.commitlog.FileRollingService - Cannot clean file /var/folders/d2/cks3ws395mbfrs2rm3yjvw8h0000gn/T/junit16177381271634622619/00000000000000004096 - still in use
18:06:43.083 [main] INFO com.zephyr.storage.commitlog.FileRollingService - File /var/folders/d2/cks3ws395mbfrs2rm3yjvw8h0000gn/T/junit16177381271634622619/00000000000000000000 expired by time, age: 488578 hours
18:06:43.083 [main] INFO com.zephyr.storage.commitlog.FileRollingService - File /var/folders/d2/cks3ws395mbfrs2rm3yjvw8h0000gn/T/junit16177381271634622619/00000000000000001024 expired by time, age: 0 hours
18:06:43.083 [main] INFO com.zephyr.storage.commitlog.FileRollingService - File /var/folders/d2/cks3ws395mbfrs2rm3yjvw8h0000gn/T/junit16177381271634622619/00000000000000002048 expired by time, age: 0 hours
18:06:43.083 [main] INFO com.zephyr.storage.commitlog.FileRollingService - File /var/folders/d2/cks3ws395mbfrs2rm3yjvw8h0000gn/T/junit16177381271634622619/00000000000000003072 expired by time, age: 0 hours
18:06:43.083 [main] INFO com.zephyr.storage.commitlog.FileRollingService - File /var/folders/d2/cks3ws395mbfrs2rm3yjvw8h0000gn/T/junit16177381271634622619/00000000000000004096 expired by time, age: 0 hours
18:06:43.083 [main] WARN com.zephyr.storage.commitlog.FileRollingService - Cannot clean file /var/folders/d2/cks3ws395mbfrs2rm3yjvw8h0000gn/T/junit16177381271634622619/00000000000000000000 - still in use
18:06:43.083 [main] WARN com.zephyr.storage.commitlog.FileRollingService - Cannot clean file /var/folders/d2/cks3ws395mbfrs2rm3yjvw8h0000gn/T/junit16177381271634622619/00000000000000001024 - still in use
18:06:43.083 [main] WARN com.zephyr.storage.commitlog.FileRollingService - Cannot clean file /var/folders/d2/cks3ws395mbfrs2rm3yjvw8h0000gn/T/junit16177381271634622619/00000000000000002048 - still in use
18:06:43.083 [main] WARN com.zephyr.storage.commitlog.FileRollingService - Cannot clean file /var/folders/d2/cks3ws395mbfrs2rm3yjvw8h0000gn/T/junit16177381271634622619/00000000000000003072 - still in use
18:06:43.083 [main] WARN com.zephyr.storage.commitlog.FileRollingService - Cannot clean file /var/folders/d2/cks3ws395mbfrs2rm3yjvw8h0000gn/T/junit16177381271634622619/00000000000000004096 - still in use
18:06:43.083 [main] INFO com.zephyr.storage.commitlog.FileRollingService - File rolling service shut down
18:06:43.084 [main] INFO com.zephyr.storage.commitlog.MappedFile - Delete mapped file: /var/folders/d2/cks3ws395mbfrs2rm3yjvw8h0000gn/T/junit16177381271634622619/00000000000000000000, result: true, time: 1ms
18:06:43.085 [main] INFO com.zephyr.storage.commitlog.MappedFile - Delete mapped file: /var/folders/d2/cks3ws395mbfrs2rm3yjvw8h0000gn/T/junit16177381271634622619/00000000000000001024, result: true, time: 0ms
18:06:43.085 [main] INFO com.zephyr.storage.commitlog.MappedFile - Delete mapped file: /var/folders/d2/cks3ws395mbfrs2rm3yjvw8h0000gn/T/junit16177381271634622619/00000000000000002048, result: true, time: 0ms
18:06:43.085 [main] INFO com.zephyr.storage.commitlog.MappedFile - Delete mapped file: /var/folders/d2/cks3ws395mbfrs2rm3yjvw8h0000gn/T/junit16177381271634622619/00000000000000003072, result: true, time: 0ms
18:06:43.085 [main] INFO com.zephyr.storage.commitlog.MappedFile - Delete mapped file: /var/folders/d2/cks3ws395mbfrs2rm3yjvw8h0000gn/T/junit16177381271634622619/00000000000000004096, result: true, time: 0ms
18:06:43.086 [main] INFO com.zephyr.storage.commitlog.MappedFile - Delete mapped file: /var/folders/d2/cks3ws395mbfrs2rm3yjvw8h0000gn/T/junit16177381271634622619/00000000000000005120, result: true, time: 1ms
18:06:43.086 [main] INFO com.zephyr.storage.commitlog.FileRollingService - File rolling service shut down
]]></system-out>
  </testcase>
</testsuite>