<?xml version="1.0" encoding="UTF-8"?>
<testsuite xmlns:xsi="http://www.w3.org/2001/XMLSchema-instance" xsi:noNamespaceSchemaLocation="https://maven.apache.org/surefire/maven-surefire-plugin/xsd/surefire-test-report-3.0.xsd" version="3.0" name="com.zephyr.storage.index.SparseIndexTest" time="0.158" tests="15" errors="0" skipped="0" failures="0">
  <properties>
    <property name="java.specification.version" value="17"/>
    <property name="sun.jnu.encoding" value="UTF-8"/>
    <property name="java.class.path" value="/home/wuqisen/DevelopMaterial/ZephyrMQ/zephyr-storage/target/test-classes:/home/wuqisen/DevelopMaterial/ZephyrMQ/zephyr-storage/target/classes:/home/wuqisen/.m2/repository/com/zephyr/zephyr-common/1.0.0-SNAPSHOT/zephyr-common-1.0.0-SNAPSHOT.jar:/home/wuqisen/.m2/repository/org/slf4j/slf4j-api/1.7.36/slf4j-api-1.7.36.jar:/home/wuqisen/.m2/repository/ch/qos/logback/logback-classic/1.2.12/logback-classic-1.2.12.jar:/home/wuqisen/.m2/repository/ch/qos/logback/logback-core/1.2.12/logback-core-1.2.12.jar:/home/wuqisen/.m2/repository/com/google/guava/guava/32.1.3-jre/guava-32.1.3-jre.jar:/home/wuqisen/.m2/repository/com/google/guava/failureaccess/1.0.1/failureaccess-1.0.1.jar:/home/wuqisen/.m2/repository/com/google/guava/listenablefuture/9999.0-empty-to-avoid-conflict-with-guava/listenablefuture-9999.0-empty-to-avoid-conflict-with-guava.jar:/home/wuqisen/.m2/repository/com/google/code/findbugs/jsr305/3.0.2/jsr305-3.0.2.jar:/home/wuqisen/.m2/repository/org/checkerframework/checker-qual/3.37.0/checker-qual-3.37.0.jar:/home/wuqisen/.m2/repository/com/google/errorprone/error_prone_annotations/2.21.1/error_prone_annotations-2.21.1.jar:/home/wuqisen/.m2/repository/com/google/j2objc/j2objc-annotations/2.8/j2objc-annotations-2.8.jar:/home/wuqisen/.m2/repository/org/apache/commons/commons-lang3/3.13.0/commons-lang3-3.13.0.jar:/home/wuqisen/.m2/repository/com/zephyr/zephyr-protocol/1.0.0-SNAPSHOT/zephyr-protocol-1.0.0-SNAPSHOT.jar:/home/wuqisen/.m2/repository/com/google/protobuf/protobuf-java/3.25.1/protobuf-java-3.25.1.jar:/home/wuqisen/.m2/repository/com/fasterxml/jackson/core/jackson-databind/2.16.0/jackson-databind-2.16.0.jar:/home/wuqisen/.m2/repository/com/fasterxml/jackson/core/jackson-core/2.16.0/jackson-core-2.16.0.jar:/home/wuqisen/.m2/repository/com/fasterxml/jackson/core/jackson-annotations/2.16.0/jackson-annotations-2.16.0.jar:/home/wuqisen/.m2/repository/io/netty/netty-all/4.1.104.Final/netty-all-4.1.104.Final.jar:/home/wuqisen/.m2/repository/io/netty/netty-buffer/4.1.104.Final/netty-buffer-4.1.104.Final.jar:/home/wuqisen/.m2/repository/io/netty/netty-codec/4.1.104.Final/netty-codec-4.1.104.Final.jar:/home/wuqisen/.m2/repository/io/netty/netty-codec-dns/4.1.104.Final/netty-codec-dns-4.1.104.Final.jar:/home/wuqisen/.m2/repository/io/netty/netty-codec-haproxy/4.1.104.Final/netty-codec-haproxy-4.1.104.Final.jar:/home/wuqisen/.m2/repository/io/netty/netty-codec-http/4.1.104.Final/netty-codec-http-4.1.104.Final.jar:/home/wuqisen/.m2/repository/io/netty/netty-codec-http2/4.1.104.Final/netty-codec-http2-4.1.104.Final.jar:/home/wuqisen/.m2/repository/io/netty/netty-codec-memcache/4.1.104.Final/netty-codec-memcache-4.1.104.Final.jar:/home/wuqisen/.m2/repository/io/netty/netty-codec-mqtt/4.1.104.Final/netty-codec-mqtt-4.1.104.Final.jar:/home/wuqisen/.m2/repository/io/netty/netty-codec-redis/4.1.104.Final/netty-codec-redis-4.1.104.Final.jar:/home/wuqisen/.m2/repository/io/netty/netty-codec-smtp/4.1.104.Final/netty-codec-smtp-4.1.104.Final.jar:/home/wuqisen/.m2/repository/io/netty/netty-codec-socks/4.1.104.Final/netty-codec-socks-4.1.104.Final.jar:/home/wuqisen/.m2/repository/io/netty/netty-codec-stomp/4.1.104.Final/netty-codec-stomp-4.1.104.Final.jar:/home/wuqisen/.m2/repository/io/netty/netty-codec-xml/4.1.104.Final/netty-codec-xml-4.1.104.Final.jar:/home/wuqisen/.m2/repository/io/netty/netty-common/4.1.104.Final/netty-common-4.1.104.Final.jar:/home/wuqisen/.m2/repository/io/netty/netty-handler/4.1.104.Final/netty-handler-4.1.104.Final.jar:/home/wuqisen/.m2/repository/io/netty/netty-transport-native-unix-common/4.1.104.Final/netty-transport-native-unix-common-4.1.104.Final.jar:/home/wuqisen/.m2/repository/io/netty/netty-handler-proxy/4.1.104.Final/netty-handler-proxy-4.1.104.Final.jar:/home/wuqisen/.m2/repository/io/netty/netty-handler-ssl-ocsp/4.1.104.Final/netty-handler-ssl-ocsp-4.1.104.Final.jar:/home/wuqisen/.m2/repository/io/netty/netty-resolver/4.1.104.Final/netty-resolver-4.1.104.Final.jar:/home/wuqisen/.m2/repository/io/netty/netty-resolver-dns/4.1.104.Final/netty-resolver-dns-4.1.104.Final.jar:/home/wuqisen/.m2/repository/io/netty/netty-transport/4.1.104.Final/netty-transport-4.1.104.Final.jar:/home/wuqisen/.m2/repository/io/netty/netty-transport-rxtx/4.1.104.Final/netty-transport-rxtx-4.1.104.Final.jar:/home/wuqisen/.m2/repository/io/netty/netty-transport-sctp/4.1.104.Final/netty-transport-sctp-4.1.104.Final.jar:/home/wuqisen/.m2/repository/io/netty/netty-transport-udt/4.1.104.Final/netty-transport-udt-4.1.104.Final.jar:/home/wuqisen/.m2/repository/io/netty/netty-transport-classes-epoll/4.1.104.Final/netty-transport-classes-epoll-4.1.104.Final.jar:/home/wuqisen/.m2/repository/io/netty/netty-transport-classes-kqueue/4.1.104.Final/netty-transport-classes-kqueue-4.1.104.Final.jar:/home/wuqisen/.m2/repository/io/netty/netty-resolver-dns-classes-macos/4.1.104.Final/netty-resolver-dns-classes-macos-4.1.104.Final.jar:/home/wuqisen/.m2/repository/io/netty/netty-transport-native-epoll/4.1.104.Final/netty-transport-native-epoll-4.1.104.Final-linux-x86_64.jar:/home/wuqisen/.m2/repository/io/netty/netty-transport-native-epoll/4.1.104.Final/netty-transport-native-epoll-4.1.104.Final-linux-aarch_64.jar:/home/wuqisen/.m2/repository/io/netty/netty-transport-native-epoll/4.1.104.Final/netty-transport-native-epoll-4.1.104.Final-linux-riscv64.jar:/home/wuqisen/.m2/repository/io/netty/netty-transport-native-kqueue/4.1.104.Final/netty-transport-native-kqueue-4.1.104.Final-osx-x86_64.jar:/home/wuqisen/.m2/repository/io/netty/netty-transport-native-kqueue/4.1.104.Final/netty-transport-native-kqueue-4.1.104.Final-osx-aarch_64.jar:/home/wuqisen/.m2/repository/io/netty/netty-resolver-dns-native-macos/4.1.104.Final/netty-resolver-dns-native-macos-4.1.104.Final-osx-x86_64.jar:/home/wuqisen/.m2/repository/io/netty/netty-resolver-dns-native-macos/4.1.104.Final/netty-resolver-dns-native-macos-4.1.104.Final-osx-aarch_64.jar:/home/wuqisen/.m2/repository/org/lz4/lz4-java/1.8.0/lz4-java-1.8.0.jar:/home/wuqisen/.m2/repository/org/xerial/snappy/snappy-java/1.1.10.4/snappy-java-1.1.10.4.jar:/home/wuqisen/.m2/repository/org/junit/jupiter/junit-jupiter/5.10.1/junit-jupiter-5.10.1.jar:/home/wuqisen/.m2/repository/org/junit/jupiter/junit-jupiter-api/5.10.1/junit-jupiter-api-5.10.1.jar:/home/wuqisen/.m2/repository/org/opentest4j/opentest4j/1.3.0/opentest4j-1.3.0.jar:/home/wuqisen/.m2/repository/org/junit/platform/junit-platform-commons/1.10.1/junit-platform-commons-1.10.1.jar:/home/wuqisen/.m2/repository/org/apiguardian/apiguardian-api/1.1.2/apiguardian-api-1.1.2.jar:/home/wuqisen/.m2/repository/org/junit/jupiter/junit-jupiter-params/5.10.1/junit-jupiter-params-5.10.1.jar:/home/wuqisen/.m2/repository/org/junit/jupiter/junit-jupiter-engine/5.10.1/junit-jupiter-engine-5.10.1.jar:/home/wuqisen/.m2/repository/org/junit/platform/junit-platform-engine/1.10.1/junit-platform-engine-1.10.1.jar:/home/wuqisen/.m2/repository/org/assertj/assertj-core/3.24.2/assertj-core-3.24.2.jar:/home/wuqisen/.m2/repository/net/bytebuddy/byte-buddy/1.12.21/byte-buddy-1.12.21.jar:"/>
    <property name="java.vm.vendor" value="Ubuntu"/>
    <property name="sun.arch.data.model" value="64"/>
    <property name="java.vendor.url" value="https://ubuntu.com/"/>
    <property name="user.timezone" value="Asia/Shanghai"/>
    <property name="os.name" value="Linux"/>
    <property name="java.vm.specification.version" value="17"/>
    <property name="sun.java.launcher" value="SUN_STANDARD"/>
    <property name="user.country" value="CN"/>
    <property name="sun.boot.library.path" value="/usr/lib/jvm/java-17-openjdk-amd64/lib"/>
    <property name="sun.java.command" value="/home/wuqisen/DevelopMaterial/ZephyrMQ/zephyr-storage/target/surefire/surefirebooter-20250925085512786_3.jar /home/wuqisen/DevelopMaterial/ZephyrMQ/zephyr-storage/target/surefire 2025-09-25T08-55-12_693-jvmRun1 surefire-20250925085512786_1tmp surefire_0-20250925085512786_2tmp"/>
    <property name="jdk.debug" value="release"/>
    <property name="surefire.test.class.path" value="/home/wuqisen/DevelopMaterial/ZephyrMQ/zephyr-storage/target/test-classes:/home/wuqisen/DevelopMaterial/ZephyrMQ/zephyr-storage/target/classes:/home/wuqisen/.m2/repository/com/zephyr/zephyr-common/1.0.0-SNAPSHOT/zephyr-common-1.0.0-SNAPSHOT.jar:/home/wuqisen/.m2/repository/org/slf4j/slf4j-api/1.7.36/slf4j-api-1.7.36.jar:/home/wuqisen/.m2/repository/ch/qos/logback/logback-classic/1.2.12/logback-classic-1.2.12.jar:/home/wuqisen/.m2/repository/ch/qos/logback/logback-core/1.2.12/logback-core-1.2.12.jar:/home/wuqisen/.m2/repository/com/google/guava/guava/32.1.3-jre/guava-32.1.3-jre.jar:/home/wuqisen/.m2/repository/com/google/guava/failureaccess/1.0.1/failureaccess-1.0.1.jar:/home/wuqisen/.m2/repository/com/google/guava/listenablefuture/9999.0-empty-to-avoid-conflict-with-guava/listenablefuture-9999.0-empty-to-avoid-conflict-with-guava.jar:/home/wuqisen/.m2/repository/com/google/code/findbugs/jsr305/3.0.2/jsr305-3.0.2.jar:/home/wuqisen/.m2/repository/org/checkerframework/checker-qual/3.37.0/checker-qual-3.37.0.jar:/home/wuqisen/.m2/repository/com/google/errorprone/error_prone_annotations/2.21.1/error_prone_annotations-2.21.1.jar:/home/wuqisen/.m2/repository/com/google/j2objc/j2objc-annotations/2.8/j2objc-annotations-2.8.jar:/home/wuqisen/.m2/repository/org/apache/commons/commons-lang3/3.13.0/commons-lang3-3.13.0.jar:/home/wuqisen/.m2/repository/com/zephyr/zephyr-protocol/1.0.0-SNAPSHOT/zephyr-protocol-1.0.0-SNAPSHOT.jar:/home/wuqisen/.m2/repository/com/google/protobuf/protobuf-java/3.25.1/protobuf-java-3.25.1.jar:/home/wuqisen/.m2/repository/com/fasterxml/jackson/core/jackson-databind/2.16.0/jackson-databind-2.16.0.jar:/home/wuqisen/.m2/repository/com/fasterxml/jackson/core/jackson-core/2.16.0/jackson-core-2.16.0.jar:/home/wuqisen/.m2/repository/com/fasterxml/jackson/core/jackson-annotations/2.16.0/jackson-annotations-2.16.0.jar:/home/wuqisen/.m2/repository/io/netty/netty-all/4.1.104.Final/netty-all-4.1.104.Final.jar:/home/wuqisen/.m2/repository/io/netty/netty-buffer/4.1.104.Final/netty-buffer-4.1.104.Final.jar:/home/wuqisen/.m2/repository/io/netty/netty-codec/4.1.104.Final/netty-codec-4.1.104.Final.jar:/home/wuqisen/.m2/repository/io/netty/netty-codec-dns/4.1.104.Final/netty-codec-dns-4.1.104.Final.jar:/home/wuqisen/.m2/repository/io/netty/netty-codec-haproxy/4.1.104.Final/netty-codec-haproxy-4.1.104.Final.jar:/home/wuqisen/.m2/repository/io/netty/netty-codec-http/4.1.104.Final/netty-codec-http-4.1.104.Final.jar:/home/wuqisen/.m2/repository/io/netty/netty-codec-http2/4.1.104.Final/netty-codec-http2-4.1.104.Final.jar:/home/wuqisen/.m2/repository/io/netty/netty-codec-memcache/4.1.104.Final/netty-codec-memcache-4.1.104.Final.jar:/home/wuqisen/.m2/repository/io/netty/netty-codec-mqtt/4.1.104.Final/netty-codec-mqtt-4.1.104.Final.jar:/home/wuqisen/.m2/repository/io/netty/netty-codec-redis/4.1.104.Final/netty-codec-redis-4.1.104.Final.jar:/home/wuqisen/.m2/repository/io/netty/netty-codec-smtp/4.1.104.Final/netty-codec-smtp-4.1.104.Final.jar:/home/wuqisen/.m2/repository/io/netty/netty-codec-socks/4.1.104.Final/netty-codec-socks-4.1.104.Final.jar:/home/wuqisen/.m2/repository/io/netty/netty-codec-stomp/4.1.104.Final/netty-codec-stomp-4.1.104.Final.jar:/home/wuqisen/.m2/repository/io/netty/netty-codec-xml/4.1.104.Final/netty-codec-xml-4.1.104.Final.jar:/home/wuqisen/.m2/repository/io/netty/netty-common/4.1.104.Final/netty-common-4.1.104.Final.jar:/home/wuqisen/.m2/repository/io/netty/netty-handler/4.1.104.Final/netty-handler-4.1.104.Final.jar:/home/wuqisen/.m2/repository/io/netty/netty-transport-native-unix-common/4.1.104.Final/netty-transport-native-unix-common-4.1.104.Final.jar:/home/wuqisen/.m2/repository/io/netty/netty-handler-proxy/4.1.104.Final/netty-handler-proxy-4.1.104.Final.jar:/home/wuqisen/.m2/repository/io/netty/netty-handler-ssl-ocsp/4.1.104.Final/netty-handler-ssl-ocsp-4.1.104.Final.jar:/home/wuqisen/.m2/repository/io/netty/netty-resolver/4.1.104.Final/netty-resolver-4.1.104.Final.jar:/home/wuqisen/.m2/repository/io/netty/netty-resolver-dns/4.1.104.Final/netty-resolver-dns-4.1.104.Final.jar:/home/wuqisen/.m2/repository/io/netty/netty-transport/4.1.104.Final/netty-transport-4.1.104.Final.jar:/home/wuqisen/.m2/repository/io/netty/netty-transport-rxtx/4.1.104.Final/netty-transport-rxtx-4.1.104.Final.jar:/home/wuqisen/.m2/repository/io/netty/netty-transport-sctp/4.1.104.Final/netty-transport-sctp-4.1.104.Final.jar:/home/wuqisen/.m2/repository/io/netty/netty-transport-udt/4.1.104.Final/netty-transport-udt-4.1.104.Final.jar:/home/wuqisen/.m2/repository/io/netty/netty-transport-classes-epoll/4.1.104.Final/netty-transport-classes-epoll-4.1.104.Final.jar:/home/wuqisen/.m2/repository/io/netty/netty-transport-classes-kqueue/4.1.104.Final/netty-transport-classes-kqueue-4.1.104.Final.jar:/home/wuqisen/.m2/repository/io/netty/netty-resolver-dns-classes-macos/4.1.104.Final/netty-resolver-dns-classes-macos-4.1.104.Final.jar:/home/wuqisen/.m2/repository/io/netty/netty-transport-native-epoll/4.1.104.Final/netty-transport-native-epoll-4.1.104.Final-linux-x86_64.jar:/home/wuqisen/.m2/repository/io/netty/netty-transport-native-epoll/4.1.104.Final/netty-transport-native-epoll-4.1.104.Final-linux-aarch_64.jar:/home/wuqisen/.m2/repository/io/netty/netty-transport-native-epoll/4.1.104.Final/netty-transport-native-epoll-4.1.104.Final-linux-riscv64.jar:/home/wuqisen/.m2/repository/io/netty/netty-transport-native-kqueue/4.1.104.Final/netty-transport-native-kqueue-4.1.104.Final-osx-x86_64.jar:/home/wuqisen/.m2/repository/io/netty/netty-transport-native-kqueue/4.1.104.Final/netty-transport-native-kqueue-4.1.104.Final-osx-aarch_64.jar:/home/wuqisen/.m2/repository/io/netty/netty-resolver-dns-native-macos/4.1.104.Final/netty-resolver-dns-native-macos-4.1.104.Final-osx-x86_64.jar:/home/wuqisen/.m2/repository/io/netty/netty-resolver-dns-native-macos/4.1.104.Final/netty-resolver-dns-native-macos-4.1.104.Final-osx-aarch_64.jar:/home/wuqisen/.m2/repository/org/lz4/lz4-java/1.8.0/lz4-java-1.8.0.jar:/home/wuqisen/.m2/repository/org/xerial/snappy/snappy-java/1.1.10.4/snappy-java-1.1.10.4.jar:/home/wuqisen/.m2/repository/org/junit/jupiter/junit-jupiter/5.10.1/junit-jupiter-5.10.1.jar:/home/wuqisen/.m2/repository/org/junit/jupiter/junit-jupiter-api/5.10.1/junit-jupiter-api-5.10.1.jar:/home/wuqisen/.m2/repository/org/opentest4j/opentest4j/1.3.0/opentest4j-1.3.0.jar:/home/wuqisen/.m2/repository/org/junit/platform/junit-platform-commons/1.10.1/junit-platform-commons-1.10.1.jar:/home/wuqisen/.m2/repository/org/apiguardian/apiguardian-api/1.1.2/apiguardian-api-1.1.2.jar:/home/wuqisen/.m2/repository/org/junit/jupiter/junit-jupiter-params/5.10.1/junit-jupiter-params-5.10.1.jar:/home/wuqisen/.m2/repository/org/junit/jupiter/junit-jupiter-engine/5.10.1/junit-jupiter-engine-5.10.1.jar:/home/wuqisen/.m2/repository/org/junit/platform/junit-platform-engine/1.10.1/junit-platform-engine-1.10.1.jar:/home/wuqisen/.m2/repository/org/assertj/assertj-core/3.24.2/assertj-core-3.24.2.jar:/home/wuqisen/.m2/repository/net/bytebuddy/byte-buddy/1.12.21/byte-buddy-1.12.21.jar:"/>
    <property name="sun.cpu.endian" value="little"/>
    <property name="user.home" value="/home/wuqisen"/>
    <property name="user.language" value="zh"/>
    <property name="java.specification.vendor" value="Oracle Corporation"/>
    <property name="java.version.date" value="2025-07-15"/>
    <property name="java.home" value="/usr/lib/jvm/java-17-openjdk-amd64"/>
    <property name="file.separator" value="/"/>
    <property name="basedir" value="/home/wuqisen/DevelopMaterial/ZephyrMQ/zephyr-storage"/>
    <property name="java.vm.compressedOopsMode" value="Zero based"/>
    <property name="line.separator" value="&#10;"/>
    <property name="java.vm.specification.vendor" value="Oracle Corporation"/>
    <property name="java.specification.name" value="Java Platform API Specification"/>
    <property name="surefire.real.class.path" value="/home/wuqisen/DevelopMaterial/ZephyrMQ/zephyr-storage/target/surefire/surefirebooter-20250925085512786_3.jar"/>
    <property name="sun.management.compiler" value="HotSpot 64-Bit Tiered Compilers"/>
    <property name="java.runtime.version" value="17.0.16+8-Ubuntu-0ubuntu124.04.1"/>
    <property name="user.name" value="wuqisen"/>
    <property name="path.separator" value=":"/>
    <property name="os.version" value="6.14.0-29-generic"/>
    <property name="java.runtime.name" value="OpenJDK Runtime Environment"/>
    <property name="file.encoding" value="UTF-8"/>
    <property name="java.vm.name" value="OpenJDK 64-Bit Server VM"/>
    <property name="localRepository" value="/home/wuqisen/.m2/repository"/>
    <property name="java.vendor.url.bug" value="https://bugs.launchpad.net/ubuntu/+source/openjdk-17"/>
    <property name="java.io.tmpdir" value="/tmp"/>
    <property name="java.version" value="17.0.16"/>
    <property name="user.dir" value="/home/wuqisen/DevelopMaterial/ZephyrMQ/zephyr-storage"/>
    <property name="os.arch" value="amd64"/>
    <property name="java.vm.specification.name" value="Java Virtual Machine Specification"/>
    <property name="native.encoding" value="UTF-8"/>
    <property name="java.library.path" value="/usr/java/packages/lib:/usr/lib/x86_64-linux-gnu/jni:/lib/x86_64-linux-gnu:/usr/lib/x86_64-linux-gnu:/usr/lib/jni:/lib:/usr/lib"/>
    <property name="java.vm.info" value="mixed mode, sharing"/>
    <property name="java.vendor" value="Ubuntu"/>
    <property name="java.vm.version" value="17.0.16+8-Ubuntu-0ubuntu124.04.1"/>
    <property name="java.specification.maintenance.version" value="1"/>
    <property name="sun.io.unicode.encoding" value="UnicodeLittle"/>
    <property name="java.class.version" value="61.0"/>
  </properties>
  <testcase name="testDeserializeEmptyData" classname="com.zephyr.storage.index.SparseIndexTest" time="0.004">
    <system-out><![CDATA[08:55:14.614 [main] INFO com.zephyr.storage.index.SparseIndex - SparseIndex initialized: interval=10, maxEntries=1000
]]></system-out>
  </testcase>
  <testcase name="testIndexCleanup" classname="com.zephyr.storage.index.SparseIndexTest" time="0.012">
    <system-out><![CDATA[08:55:14.618 [main] INFO com.zephyr.storage.index.SparseIndex - SparseIndex initialized: interval=10, maxEntries=1000
08:55:14.619 [main] INFO com.zephyr.storage.index.SparseIndex - SparseIndex initialized: interval=1, maxEntries=100
08:55:14.621 [main] DEBUG com.zephyr.storage.index.SparseIndex - Added index entry: IndexEntry{logical=0, physical=1000, timestamp=1000000, size=100, topic='TestTopic', queueId=0}
08:55:14.622 [main] DEBUG com.zephyr.storage.index.SparseIndex - Added index entry: IndexEntry{logical=1, physical=1100, timestamp=1001000, size=100, topic='TestTopic', queueId=0}
08:55:14.622 [main] DEBUG com.zephyr.storage.index.SparseIndex - Added index entry: IndexEntry{logical=2, physical=1200, timestamp=1002000, size=100, topic='TestTopic', queueId=0}
08:55:14.622 [main] DEBUG com.zephyr.storage.index.SparseIndex - Added index entry: IndexEntry{logical=3, physical=1300, timestamp=1003000, size=100, topic='TestTopic', queueId=0}
08:55:14.623 [main] DEBUG com.zephyr.storage.index.SparseIndex - Added index entry: IndexEntry{logical=4, physical=1400, timestamp=1004000, size=100, topic='TestTopic', queueId=0}
08:55:14.623 [main] DEBUG com.zephyr.storage.index.SparseIndex - Added index entry: IndexEntry{logical=5, physical=1500, timestamp=1005000, size=100, topic='TestTopic', queueId=0}
08:55:14.623 [main] DEBUG com.zephyr.storage.index.SparseIndex - Added index entry: IndexEntry{logical=6, physical=1600, timestamp=1006000, size=100, topic='TestTopic', queueId=0}
08:55:14.624 [main] DEBUG com.zephyr.storage.index.SparseIndex - Added index entry: IndexEntry{logical=7, physical=1700, timestamp=1007000, size=100, topic='TestTopic', queueId=0}
08:55:14.624 [main] DEBUG com.zephyr.storage.index.SparseIndex - Added index entry: IndexEntry{logical=8, physical=1800, timestamp=1008000, size=100, topic='TestTopic', queueId=0}
08:55:14.625 [main] DEBUG com.zephyr.storage.index.SparseIndex - Added index entry: IndexEntry{logical=9, physical=1900, timestamp=1009000, size=100, topic='TestTopic', queueId=0}
08:55:14.625 [main] DEBUG com.zephyr.storage.index.SparseIndex - Added index entry: IndexEntry{logical=10, physical=2000, timestamp=1010000, size=100, topic='TestTopic', queueId=0}
08:55:14.625 [main] DEBUG com.zephyr.storage.index.SparseIndex - Added index entry: IndexEntry{logical=11, physical=2100, timestamp=1011000, size=100, topic='TestTopic', queueId=0}
08:55:14.626 [main] DEBUG com.zephyr.storage.index.SparseIndex - Added index entry: IndexEntry{logical=12, physical=2200, timestamp=1012000, size=100, topic='TestTopic', queueId=0}
08:55:14.626 [main] DEBUG com.zephyr.storage.index.SparseIndex - Added index entry: IndexEntry{logical=13, physical=2300, timestamp=1013000, size=100, topic='TestTopic', queueId=0}
08:55:14.626 [main] DEBUG com.zephyr.storage.index.SparseIndex - Added index entry: IndexEntry{logical=14, physical=2400, timestamp=1014000, size=100, topic='TestTopic', queueId=0}
08:55:14.626 [main] DEBUG com.zephyr.storage.index.SparseIndex - Added index entry: IndexEntry{logical=15, physical=2500, timestamp=1015000, size=100, topic='TestTopic', queueId=0}
08:55:14.627 [main] DEBUG com.zephyr.storage.index.SparseIndex - Added index entry: IndexEntry{logical=16, physical=2600, timestamp=1016000, size=100, topic='TestTopic', queueId=0}
08:55:14.627 [main] DEBUG com.zephyr.storage.index.SparseIndex - Added index entry: IndexEntry{logical=17, physical=2700, timestamp=1017000, size=100, topic='TestTopic', queueId=0}
08:55:14.627 [main] DEBUG com.zephyr.storage.index.SparseIndex - Added index entry: IndexEntry{logical=18, physical=2800, timestamp=1018000, size=100, topic='TestTopic', queueId=0}
08:55:14.628 [main] DEBUG com.zephyr.storage.index.SparseIndex - Added index entry: IndexEntry{logical=19, physical=2900, timestamp=1019000, size=100, topic='TestTopic', queueId=0}
]]></system-out>
  </testcase>
  <testcase name="testBasicIndexAddAndQuery" classname="com.zephyr.storage.index.SparseIndexTest" time="0.004">
    <system-out><![CDATA[08:55:14.631 [main] INFO com.zephyr.storage.index.SparseIndex - SparseIndex initialized: interval=10, maxEntries=1000
08:55:14.632 [main] DEBUG com.zephyr.storage.index.SparseIndex - Added index entry: IndexEntry{logical=0, physical=1000, timestamp=1000000, size=100, topic='TestTopic', queueId=0}
08:55:14.632 [main] DEBUG com.zephyr.storage.index.SparseIndex - Added index entry: IndexEntry{logical=10, physical=2000, timestamp=1001000, size=120, topic='TestTopic', queueId=0}
08:55:14.632 [main] DEBUG com.zephyr.storage.index.SparseIndex - Added index entry: IndexEntry{logical=20, physical=3000, timestamp=1002000, size=110, topic='TestTopic', queueId=1}
08:55:14.633 [main] DEBUG com.zephyr.storage.index.SparseIndex - Index hit for logical offset 15: IndexEntry{logical=10, physical=2000, timestamp=1001000, size=120, topic='TestTopic', queueId=0}
08:55:14.633 [main] DEBUG com.zephyr.storage.index.SparseIndex - Index hit for physical offset 2500: IndexEntry{logical=10, physical=2000, timestamp=1001000, size=120, topic='TestTopic', queueId=0}
08:55:14.634 [main] DEBUG com.zephyr.storage.index.SparseIndex - Index hit for timestamp 1001500: IndexEntry{logical=10, physical=2000, timestamp=1001000, size=120, topic='TestTopic', queueId=0}
]]></system-out>
  </testcase>
  <testcase name="testClearIndex" classname="com.zephyr.storage.index.SparseIndexTest" time="0.003">
    <system-out><![CDATA[08:55:14.637 [main] INFO com.zephyr.storage.index.SparseIndex - SparseIndex initialized: interval=10, maxEntries=1000
08:55:14.637 [main] DEBUG com.zephyr.storage.index.SparseIndex - Added index entry: IndexEntry{logical=0, physical=1000, timestamp=1000000, size=100, topic='TestTopic', queueId=0}
08:55:14.638 [main] DEBUG com.zephyr.storage.index.SparseIndex - Added index entry: IndexEntry{logical=10, physical=2000, timestamp=1001000, size=100, topic='TestTopic', queueId=0}
08:55:14.638 [main] DEBUG com.zephyr.storage.index.SparseIndex - Index hit for logical offset 5: IndexEntry{logical=0, physical=1000, timestamp=1000000, size=100, topic='TestTopic', queueId=0}
08:55:14.639 [main] INFO com.zephyr.storage.index.SparseIndex - SparseIndex cleared
]]></system-out>
  </testcase>
  <testcase name="testIndexSerialization" classname="com.zephyr.storage.index.SparseIndexTest" time="0.005">
    <system-out><![CDATA[08:55:14.642 [main] INFO com.zephyr.storage.index.SparseIndex - SparseIndex initialized: interval=10, maxEntries=1000
08:55:14.642 [main] DEBUG com.zephyr.storage.index.SparseIndex - Added index entry: IndexEntry{logical=0, physical=1000, timestamp=1000000, size=100, topic='TestTopic1', queueId=0}
08:55:14.643 [main] DEBUG com.zephyr.storage.index.SparseIndex - Added index entry: IndexEntry{logical=10, physical=2000, timestamp=1001000, size=120, topic='TestTopic2', queueId=1}
08:55:14.643 [main] DEBUG com.zephyr.storage.index.SparseIndex - Added index entry: IndexEntry{logical=20, physical=3000, timestamp=1002000, size=110, topic='LongTopicName', queueId=2}
08:55:14.644 [main] INFO com.zephyr.storage.index.SparseIndex - Serialized 3 index entries to 145 bytes
08:55:14.644 [main] INFO com.zephyr.storage.index.SparseIndex - SparseIndex initialized: interval=10, maxEntries=1000
08:55:14.644 [main] INFO com.zephyr.storage.index.SparseIndex - SparseIndex cleared
08:55:14.644 [main] INFO com.zephyr.storage.index.SparseIndex - Deserializing 3 index entries from 145 bytes
08:55:14.645 [main] INFO com.zephyr.storage.index.SparseIndex - Successfully deserialized 3 index entries
08:55:14.645 [main] DEBUG com.zephyr.storage.index.SparseIndex - Index hit for logical offset 15: IndexEntry{logical=10, physical=2000, timestamp=1001000, size=120, topic='TestTopic2', queueId=1}
]]></system-out>
  </testcase>
  <testcase name="testLargeDataPerformance" classname="com.zephyr.storage.index.SparseIndexTest" time="0.107">
    <system-out><![CDATA[08:55:14.648 [main] INFO com.zephyr.storage.index.SparseIndex - SparseIndex initialized: interval=10, maxEntries=1000
08:55:14.648 [main] INFO com.zephyr.storage.index.SparseIndex - SparseIndex initialized: interval=100, maxEntries=200
08:55:14.649 [main] DEBUG com.zephyr.storage.index.SparseIndex - Added index entry: IndexEntry{logical=0, physical=1000, timestamp=1000000, size=100, topic='TestTopic', queueId=0}
08:55:14.649 [main] DEBUG com.zephyr.storage.index.SparseIndex - Added index entry: IndexEntry{logical=100, physical=11000, timestamp=1100000, size=100, topic='TestTopic', queueId=0}
08:55:14.649 [main] DEBUG com.zephyr.storage.index.SparseIndex - Added index entry: IndexEntry{logical=200, physical=21000, timestamp=1200000, size=100, topic='TestTopic', queueId=0}
08:55:14.650 [main] DEBUG com.zephyr.storage.index.SparseIndex - Added index entry: IndexEntry{logical=300, physical=31000, timestamp=1300000, size=100, topic='TestTopic', queueId=0}
08:55:14.650 [main] DEBUG com.zephyr.storage.index.SparseIndex - Added index entry: IndexEntry{logical=400, physical=41000, timestamp=1400000, size=100, topic='TestTopic', queueId=0}
08:55:14.650 [main] DEBUG com.zephyr.storage.index.SparseIndex - Added index entry: IndexEntry{logical=500, physical=51000, timestamp=1500000, size=100, topic='TestTopic', queueId=0}
08:55:14.650 [main] DEBUG com.zephyr.storage.index.SparseIndex - Added index entry: IndexEntry{logical=600, physical=61000, timestamp=1600000, size=100, topic='TestTopic', queueId=0}
08:55:14.651 [main] DEBUG com.zephyr.storage.index.SparseIndex - Added index entry: IndexEntry{logical=700, physical=71000, timestamp=1700000, size=100, topic='TestTopic', queueId=0}
08:55:14.651 [main] DEBUG com.zephyr.storage.index.SparseIndex - Added index entry: IndexEntry{logical=800, physical=81000, timestamp=1800000, size=100, topic='TestTopic', queueId=0}
08:55:14.651 [main] DEBUG com.zephyr.storage.index.SparseIndex - Added index entry: IndexEntry{logical=900, physical=91000, timestamp=1900000, size=100, topic='TestTopic', queueId=0}
08:55:14.651 [main] DEBUG com.zephyr.storage.index.SparseIndex - Added index entry: IndexEntry{logical=1000, physical=101000, timestamp=2000000, size=100, topic='TestTopic', queueId=0}
08:55:14.652 [main] DEBUG com.zephyr.storage.index.SparseIndex - Added index entry: IndexEntry{logical=1100, physical=111000, timestamp=2100000, size=100, topic='TestTopic', queueId=0}
08:55:14.652 [main] DEBUG com.zephyr.storage.index.SparseIndex - Added index entry: IndexEntry{logical=1200, physical=121000, timestamp=2200000, size=100, topic='TestTopic', queueId=0}
08:55:14.652 [main] DEBUG com.zephyr.storage.index.SparseIndex - Added index entry: IndexEntry{logical=1300, physical=131000, timestamp=2300000, size=100, topic='TestTopic', queueId=0}
08:55:14.652 [main] DEBUG com.zephyr.storage.index.SparseIndex - Added index entry: IndexEntry{logical=1400, physical=141000, timestamp=2400000, size=100, topic='TestTopic', queueId=0}
08:55:14.653 [main] DEBUG com.zephyr.storage.index.SparseIndex - Added index entry: IndexEntry{logical=1500, physical=151000, timestamp=2500000, size=100, topic='TestTopic', queueId=0}
08:55:14.653 [main] DEBUG com.zephyr.storage.index.SparseIndex - Added index entry: IndexEntry{logical=1600, physical=161000, timestamp=2600000, size=100, topic='TestTopic', queueId=0}
08:55:14.653 [main] DEBUG com.zephyr.storage.index.SparseIndex - Added index entry: IndexEntry{logical=1700, physical=171000, timestamp=2700000, size=100, topic='TestTopic', queueId=0}
08:55:14.653 [main] DEBUG com.zephyr.storage.index.SparseIndex - Added index entry: IndexEntry{logical=1800, physical=181000, timestamp=2800000, size=100, topic='TestTopic', queueId=0}
08:55:14.653 [main] DEBUG com.zephyr.storage.index.SparseIndex - Added index entry: IndexEntry{logical=1900, physical=191000, timestamp=2900000, size=100, topic='TestTopic', queueId=0}
08:55:14.654 [main] DEBUG com.zephyr.storage.index.SparseIndex - Added index entry: IndexEntry{logical=2000, physical=201000, timestamp=3000000, size=100, topic='TestTopic', queueId=0}
08:55:14.654 [main] DEBUG com.zephyr.storage.index.SparseIndex - Added index entry: IndexEntry{logical=2100, physical=211000, timestamp=3100000, size=100, topic='TestTopic', queueId=0}
08:55:14.654 [main] DEBUG com.zephyr.storage.index.SparseIndex - Added index entry: IndexEntry{logical=2200, physical=221000, timestamp=3200000, size=100, topic='TestTopic', queueId=0}
08:55:14.654 [main] DEBUG com.zephyr.storage.index.SparseIndex - Added index entry: IndexEntry{logical=2300, physical=231000, timestamp=3300000, size=100, topic='TestTopic', queueId=0}
08:55:14.655 [main] DEBUG com.zephyr.storage.index.SparseIndex - Added index entry: IndexEntry{logical=2400, physical=241000, timestamp=3400000, size=100, topic='TestTopic', queueId=0}
08:55:14.655 [main] DEBUG com.zephyr.storage.index.SparseIndex - Added index entry: IndexEntry{logical=2500, physical=251000, timestamp=3500000, size=100, topic='TestTopic', queueId=0}
08:55:14.655 [main] DEBUG com.zephyr.storage.index.SparseIndex - Added index entry: IndexEntry{logical=2600, physical=261000, timestamp=3600000, size=100, topic='TestTopic', queueId=0}
08:55:14.655 [main] DEBUG com.zephyr.storage.index.SparseIndex - Added index entry: IndexEntry{logical=2700, physical=271000, timestamp=3700000, size=100, topic='TestTopic', queueId=0}
08:55:14.656 [main] DEBUG com.zephyr.storage.index.SparseIndex - Added index entry: IndexEntry{logical=2800, physical=281000, timestamp=3800000, size=100, topic='TestTopic', queueId=0}
08:55:14.656 [main] DEBUG com.zephyr.storage.index.SparseIndex - Added index entry: IndexEntry{logical=2900, physical=291000, timestamp=3900000, size=100, topic='TestTopic', queueId=0}
08:55:14.656 [main] DEBUG com.zephyr.storage.index.SparseIndex - Added index entry: IndexEntry{logical=3000, physical=301000, timestamp=4000000, size=100, topic='TestTopic', queueId=0}
08:55:14.656 [main] DEBUG com.zephyr.storage.index.SparseIndex - Added index entry: IndexEntry{logical=3100, physical=311000, timestamp=4100000, size=100, topic='TestTopic', queueId=0}
08:55:14.657 [main] DEBUG com.zephyr.storage.index.SparseIndex - Added index entry: IndexEntry{logical=3200, physical=321000, timestamp=4200000, size=100, topic='TestTopic', queueId=0}
08:55:14.657 [main] DEBUG com.zephyr.storage.index.SparseIndex - Added index entry: IndexEntry{logical=3300, physical=331000, timestamp=4300000, size=100, topic='TestTopic', queueId=0}
08:55:14.658 [main] DEBUG com.zephyr.storage.index.SparseIndex - Added index entry: IndexEntry{logical=3400, physical=341000, timestamp=4400000, size=100, topic='TestTopic', queueId=0}
08:55:14.658 [main] DEBUG com.zephyr.storage.index.SparseIndex - Added index entry: IndexEntry{logical=3500, physical=351000, timestamp=4500000, size=100, topic='TestTopic', queueId=0}
08:55:14.658 [main] DEBUG com.zephyr.storage.index.SparseIndex - Added index entry: IndexEntry{logical=3600, physical=361000, timestamp=4600000, size=100, topic='TestTopic', queueId=0}
08:55:14.658 [main] DEBUG com.zephyr.storage.index.SparseIndex - Added index entry: IndexEntry{logical=3700, physical=371000, timestamp=4700000, size=100, topic='TestTopic', queueId=0}
08:55:14.659 [main] DEBUG com.zephyr.storage.index.SparseIndex - Added index entry: IndexEntry{logical=3800, physical=381000, timestamp=4800000, size=100, topic='TestTopic', queueId=0}
08:55:14.659 [main] DEBUG com.zephyr.storage.index.SparseIndex - Added index entry: IndexEntry{logical=3900, physical=391000, timestamp=4900000, size=100, topic='TestTopic', queueId=0}
08:55:14.659 [main] DEBUG com.zephyr.storage.index.SparseIndex - Added index entry: IndexEntry{logical=4000, physical=401000, timestamp=5000000, size=100, topic='TestTopic', queueId=0}
08:55:14.659 [main] DEBUG com.zephyr.storage.index.SparseIndex - Added index entry: IndexEntry{logical=4100, physical=411000, timestamp=5100000, size=100, topic='TestTopic', queueId=0}
08:55:14.659 [main] DEBUG com.zephyr.storage.index.SparseIndex - Added index entry: IndexEntry{logical=4200, physical=421000, timestamp=5200000, size=100, topic='TestTopic', queueId=0}
08:55:14.660 [main] DEBUG com.zephyr.storage.index.SparseIndex - Added index entry: IndexEntry{logical=4300, physical=431000, timestamp=5300000, size=100, topic='TestTopic', queueId=0}
08:55:14.660 [main] DEBUG com.zephyr.storage.index.SparseIndex - Added index entry: IndexEntry{logical=4400, physical=441000, timestamp=5400000, size=100, topic='TestTopic', queueId=0}
08:55:14.660 [main] DEBUG com.zephyr.storage.index.SparseIndex - Added index entry: IndexEntry{logical=4500, physical=451000, timestamp=5500000, size=100, topic='TestTopic', queueId=0}
08:55:14.660 [main] DEBUG com.zephyr.storage.index.SparseIndex - Added index entry: IndexEntry{logical=4600, physical=461000, timestamp=5600000, size=100, topic='TestTopic', queueId=0}
08:55:14.661 [main] DEBUG com.zephyr.storage.index.SparseIndex - Added index entry: IndexEntry{logical=4700, physical=471000, timestamp=5700000, size=100, topic='TestTopic', queueId=0}
08:55:14.661 [main] DEBUG com.zephyr.storage.index.SparseIndex - Added index entry: IndexEntry{logical=4800, physical=481000, timestamp=5800000, size=100, topic='TestTopic', queueId=0}
08:55:14.661 [main] DEBUG com.zephyr.storage.index.SparseIndex - Added index entry: IndexEntry{logical=4900, physical=491000, timestamp=5900000, size=100, topic='TestTopic', queueId=0}
08:55:14.661 [main] DEBUG com.zephyr.storage.index.SparseIndex - Added index entry: IndexEntry{logical=5000, physical=501000, timestamp=6000000, size=100, topic='TestTopic', queueId=0}
08:55:14.662 [main] DEBUG com.zephyr.storage.index.SparseIndex - Added index entry: IndexEntry{logical=5100, physical=511000, timestamp=6100000, size=100, topic='TestTopic', queueId=0}
08:55:14.662 [main] DEBUG com.zephyr.storage.index.SparseIndex - Added index entry: IndexEntry{logical=5200, physical=521000, timestamp=6200000, size=100, topic='TestTopic', queueId=0}
08:55:14.662 [main] DEBUG com.zephyr.storage.index.SparseIndex - Added index entry: IndexEntry{logical=5300, physical=531000, timestamp=6300000, size=100, topic='TestTopic', queueId=0}
08:55:14.662 [main] DEBUG com.zephyr.storage.index.SparseIndex - Added index entry: IndexEntry{logical=5400, physical=541000, timestamp=6400000, size=100, topic='TestTopic', queueId=0}
08:55:14.662 [main] DEBUG com.zephyr.storage.index.SparseIndex - Added index entry: IndexEntry{logical=5500, physical=551000, timestamp=6500000, size=100, topic='TestTopic', queueId=0}
08:55:14.663 [main] DEBUG com.zephyr.storage.index.SparseIndex - Added index entry: IndexEntry{logical=5600, physical=561000, timestamp=6600000, size=100, topic='TestTopic', queueId=0}
08:55:14.663 [main] DEBUG com.zephyr.storage.index.SparseIndex - Added index entry: IndexEntry{logical=5700, physical=571000, timestamp=6700000, size=100, topic='TestTopic', queueId=0}
08:55:14.663 [main] DEBUG com.zephyr.storage.index.SparseIndex - Added index entry: IndexEntry{logical=5800, physical=581000, timestamp=6800000, size=100, topic='TestTopic', queueId=0}
08:55:14.663 [main] DEBUG com.zephyr.storage.index.SparseIndex - Added index entry: IndexEntry{logical=5900, physical=591000, timestamp=6900000, size=100, topic='TestTopic', queueId=0}
08:55:14.664 [main] DEBUG com.zephyr.storage.index.SparseIndex - Added index entry: IndexEntry{logical=6000, physical=601000, timestamp=7000000, size=100, topic='TestTopic', queueId=0}
08:55:14.664 [main] DEBUG com.zephyr.storage.index.SparseIndex - Added index entry: IndexEntry{logical=6100, physical=611000, timestamp=7100000, size=100, topic='TestTopic', queueId=0}
08:55:14.664 [main] DEBUG com.zephyr.storage.index.SparseIndex - Added index entry: IndexEntry{logical=6200, physical=621000, timestamp=7200000, size=100, topic='TestTopic', queueId=0}
08:55:14.664 [main] DEBUG com.zephyr.storage.index.SparseIndex - Added index entry: IndexEntry{logical=6300, physical=631000, timestamp=7300000, size=100, topic='TestTopic', queueId=0}
08:55:14.665 [main] DEBUG com.zephyr.storage.index.SparseIndex - Added index entry: IndexEntry{logical=6400, physical=641000, timestamp=7400000, size=100, topic='TestTopic', queueId=0}
08:55:14.665 [main] DEBUG com.zephyr.storage.index.SparseIndex - Added index entry: IndexEntry{logical=6500, physical=651000, timestamp=7500000, size=100, topic='TestTopic', queueId=0}
08:55:14.665 [main] DEBUG com.zephyr.storage.index.SparseIndex - Added index entry: IndexEntry{logical=6600, physical=661000, timestamp=7600000, size=100, topic='TestTopic', queueId=0}
08:55:14.665 [main] DEBUG com.zephyr.storage.index.SparseIndex - Added index entry: IndexEntry{logical=6700, physical=671000, timestamp=7700000, size=100, topic='TestTopic', queueId=0}
08:55:14.665 [main] DEBUG com.zephyr.storage.index.SparseIndex - Added index entry: IndexEntry{logical=6800, physical=681000, timestamp=7800000, size=100, topic='TestTopic', queueId=0}
08:55:14.665 [main] DEBUG com.zephyr.storage.index.SparseIndex - Added index entry: IndexEntry{logical=6900, physical=691000, timestamp=7900000, size=100, topic='TestTopic', queueId=0}
08:55:14.666 [main] DEBUG com.zephyr.storage.index.SparseIndex - Added index entry: IndexEntry{logical=7000, physical=701000, timestamp=8000000, size=100, topic='TestTopic', queueId=0}
08:55:14.666 [main] DEBUG com.zephyr.storage.index.SparseIndex - Added index entry: IndexEntry{logical=7100, physical=711000, timestamp=8100000, size=100, topic='TestTopic', queueId=0}
08:55:14.666 [main] DEBUG com.zephyr.storage.index.SparseIndex - Added index entry: IndexEntry{logical=7200, physical=721000, timestamp=8200000, size=100, topic='TestTopic', queueId=0}
08:55:14.666 [main] DEBUG com.zephyr.storage.index.SparseIndex - Added index entry: IndexEntry{logical=7300, physical=731000, timestamp=8300000, size=100, topic='TestTopic', queueId=0}
08:55:14.666 [main] DEBUG com.zephyr.storage.index.SparseIndex - Added index entry: IndexEntry{logical=7400, physical=741000, timestamp=8400000, size=100, topic='TestTopic', queueId=0}
08:55:14.667 [main] DEBUG com.zephyr.storage.index.SparseIndex - Added index entry: IndexEntry{logical=7500, physical=751000, timestamp=8500000, size=100, topic='TestTopic', queueId=0}
08:55:14.667 [main] DEBUG com.zephyr.storage.index.SparseIndex - Added index entry: IndexEntry{logical=7600, physical=761000, timestamp=8600000, size=100, topic='TestTopic', queueId=0}
08:55:14.667 [main] DEBUG com.zephyr.storage.index.SparseIndex - Added index entry: IndexEntry{logical=7700, physical=771000, timestamp=8700000, size=100, topic='TestTopic', queueId=0}
08:55:14.667 [main] DEBUG com.zephyr.storage.index.SparseIndex - Added index entry: IndexEntry{logical=7800, physical=781000, timestamp=8800000, size=100, topic='TestTopic', queueId=0}
08:55:14.667 [main] DEBUG com.zephyr.storage.index.SparseIndex - Added index entry: IndexEntry{logical=7900, physical=791000, timestamp=8900000, size=100, topic='TestTopic', queueId=0}
08:55:14.668 [main] DEBUG com.zephyr.storage.index.SparseIndex - Added index entry: IndexEntry{logical=8000, physical=801000, timestamp=9000000, size=100, topic='TestTopic', queueId=0}
08:55:14.668 [main] DEBUG com.zephyr.storage.index.SparseIndex - Added index entry: IndexEntry{logical=8100, physical=811000, timestamp=9100000, size=100, topic='TestTopic', queueId=0}
08:55:14.668 [main] DEBUG com.zephyr.storage.index.SparseIndex - Added index entry: IndexEntry{logical=8200, physical=821000, timestamp=9200000, size=100, topic='TestTopic', queueId=0}
08:55:14.668 [main] DEBUG com.zephyr.storage.index.SparseIndex - Added index entry: IndexEntry{logical=8300, physical=831000, timestamp=9300000, size=100, topic='TestTopic', queueId=0}
08:55:14.668 [main] DEBUG com.zephyr.storage.index.SparseIndex - Added index entry: IndexEntry{logical=8400, physical=841000, timestamp=9400000, size=100, topic='TestTopic', queueId=0}
08:55:14.669 [main] DEBUG com.zephyr.storage.index.SparseIndex - Added index entry: IndexEntry{logical=8500, physical=851000, timestamp=9500000, size=100, topic='TestTopic', queueId=0}
08:55:14.669 [main] DEBUG com.zephyr.storage.index.SparseIndex - Added index entry: IndexEntry{logical=8600, physical=861000, timestamp=9600000, size=100, topic='TestTopic', queueId=0}
08:55:14.669 [main] DEBUG com.zephyr.storage.index.SparseIndex - Added index entry: IndexEntry{logical=8700, physical=871000, timestamp=9700000, size=100, topic='TestTopic', queueId=0}
08:55:14.669 [main] DEBUG com.zephyr.storage.index.SparseIndex - Added index entry: IndexEntry{logical=8800, physical=881000, timestamp=9800000, size=100, topic='TestTopic', queueId=0}
08:55:14.669 [main] DEBUG com.zephyr.storage.index.SparseIndex - Added index entry: IndexEntry{logical=8900, physical=891000, timestamp=9900000, size=100, topic='TestTopic', queueId=0}
08:55:14.669 [main] DEBUG com.zephyr.storage.index.SparseIndex - Added index entry: IndexEntry{logical=9000, physical=901000, timestamp=10000000, size=100, topic='TestTopic', queueId=0}
08:55:14.670 [main] DEBUG com.zephyr.storage.index.SparseIndex - Added index entry: IndexEntry{logical=9100, physical=911000, timestamp=10100000, size=100, topic='TestTopic', queueId=0}
08:55:14.670 [main] DEBUG com.zephyr.storage.index.SparseIndex - Added index entry: IndexEntry{logical=9200, physical=921000, timestamp=10200000, size=100, topic='TestTopic', queueId=0}
08:55:14.670 [main] DEBUG com.zephyr.storage.index.SparseIndex - Added index entry: IndexEntry{logical=9300, physical=931000, timestamp=10300000, size=100, topic='TestTopic', queueId=0}
08:55:14.670 [main] DEBUG com.zephyr.storage.index.SparseIndex - Added index entry: IndexEntry{logical=9400, physical=941000, timestamp=10400000, size=100, topic='TestTopic', queueId=0}
08:55:14.670 [main] DEBUG com.zephyr.storage.index.SparseIndex - Added index entry: IndexEntry{logical=9500, physical=951000, timestamp=10500000, size=100, topic='TestTopic', queueId=0}
08:55:14.670 [main] DEBUG com.zephyr.storage.index.SparseIndex - Added index entry: IndexEntry{logical=9600, physical=961000, timestamp=10600000, size=100, topic='TestTopic', queueId=0}
08:55:14.671 [main] DEBUG com.zephyr.storage.index.SparseIndex - Added index entry: IndexEntry{logical=9700, physical=971000, timestamp=10700000, size=100, topic='TestTopic', queueId=0}
08:55:14.671 [main] DEBUG com.zephyr.storage.index.SparseIndex - Added index entry: IndexEntry{logical=9800, physical=981000, timestamp=10800000, size=100, topic='TestTopic', queueId=0}
08:55:14.671 [main] DEBUG com.zephyr.storage.index.SparseIndex - Added index entry: IndexEntry{logical=9900, physical=991000, timestamp=10900000, size=100, topic='TestTopic', queueId=0}
08:55:14.671 [main] DEBUG com.zephyr.storage.index.SparseIndex - Index hit for logical offset 114: IndexEntry{logical=100, physical=11000, timestamp=1100000, size=100, topic='TestTopic', queueId=0}
08:55:14.672 [main] DEBUG com.zephyr.storage.index.SparseIndex - Index hit for logical offset 2135: IndexEntry{logical=2100, physical=211000, timestamp=3100000, size=100, topic='TestTopic', queueId=0}
08:55:14.672 [main] DEBUG com.zephyr.storage.index.SparseIndex - Index hit for logical offset 8170: IndexEntry{logical=8100, physical=811000, timestamp=9100000, size=100, topic='TestTopic', queueId=0}
08:55:14.672 [main] DEBUG com.zephyr.storage.index.SparseIndex - Index hit for logical offset 7190: IndexEntry{logical=7100, physical=711000, timestamp=8100000, size=100, topic='TestTopic', queueId=0}
08:55:14.672 [main] DEBUG com.zephyr.storage.index.SparseIndex - Index hit for logical offset 9428: IndexEntry{logical=9400, physical=941000, timestamp=10400000, size=100, topic='TestTopic', queueId=0}
08:55:14.673 [main] DEBUG com.zephyr.storage.index.SparseIndex - Index hit for logical offset 2104: IndexEntry{logical=2100, physical=211000, timestamp=3100000, size=100, topic='TestTopic', queueId=0}
08:55:14.673 [main] DEBUG com.zephyr.storage.index.SparseIndex - Index hit for logical offset 1197: IndexEntry{logical=1100, physical=111000, timestamp=2100000, size=100, topic='TestTopic', queueId=0}
08:55:14.673 [main] DEBUG com.zephyr.storage.index.SparseIndex - Index hit for logical offset 5253: IndexEntry{logical=5200, physical=521000, timestamp=6200000, size=100, topic='TestTopic', queueId=0}
08:55:14.673 [main] DEBUG com.zephyr.storage.index.SparseIndex - Index hit for logical offset 7013: IndexEntry{logical=7000, physical=701000, timestamp=8000000, size=100, topic='TestTopic', queueId=0}
08:55:14.673 [main] DEBUG com.zephyr.storage.index.SparseIndex - Index hit for logical offset 8863: IndexEntry{logical=8800, physical=881000, timestamp=9800000, size=100, topic='TestTopic', queueId=0}
08:55:14.673 [main] DEBUG com.zephyr.storage.index.SparseIndex - Index hit for logical offset 590: IndexEntry{logical=500, physical=51000, timestamp=1500000, size=100, topic='TestTopic', queueId=0}
08:55:14.673 [main] DEBUG com.zephyr.storage.index.SparseIndex - Index hit for logical offset 6224: IndexEntry{logical=6200, physical=621000, timestamp=7200000, size=100, topic='TestTopic', queueId=0}
08:55:14.674 [main] DEBUG com.zephyr.storage.index.SparseIndex - Index hit for logical offset 4239: IndexEntry{logical=4200, physical=421000, timestamp=5200000, size=100, topic='TestTopic', queueId=0}
08:55:14.674 [main] DEBUG com.zephyr.storage.index.SparseIndex - Index hit for logical offset 5417: IndexEntry{logical=5400, physical=541000, timestamp=6400000, size=100, topic='TestTopic', queueId=0}
08:55:14.674 [main] DEBUG com.zephyr.storage.index.SparseIndex - Index hit for logical offset 6608: IndexEntry{logical=6600, physical=661000, timestamp=7600000, size=100, topic='TestTopic', queueId=0}
08:55:14.674 [main] DEBUG com.zephyr.storage.index.SparseIndex - Index hit for logical offset 549: IndexEntry{logical=500, physical=51000, timestamp=1500000, size=100, topic='TestTopic', queueId=0}
08:55:14.674 [main] DEBUG com.zephyr.storage.index.SparseIndex - Index hit for logical offset 8103: IndexEntry{logical=8100, physical=811000, timestamp=9100000, size=100, topic='TestTopic', queueId=0}
08:55:14.675 [main] DEBUG com.zephyr.storage.index.SparseIndex - Index hit for logical offset 5330: IndexEntry{logical=5300, physical=531000, timestamp=6300000, size=100, topic='TestTopic', queueId=0}
08:55:14.675 [main] DEBUG com.zephyr.storage.index.SparseIndex - Index hit for logical offset 3186: IndexEntry{logical=3100, physical=311000, timestamp=4100000, size=100, topic='TestTopic', queueId=0}
08:55:14.675 [main] DEBUG com.zephyr.storage.index.SparseIndex - Index hit for logical offset 5445: IndexEntry{logical=5400, physical=541000, timestamp=6400000, size=100, topic='TestTopic', queueId=0}
08:55:14.675 [main] DEBUG com.zephyr.storage.index.SparseIndex - Index hit for logical offset 3468: IndexEntry{logical=3400, physical=341000, timestamp=4400000, size=100, topic='TestTopic', queueId=0}
08:55:14.675 [main] DEBUG com.zephyr.storage.index.SparseIndex - Index hit for logical offset 2509: IndexEntry{logical=2500, physical=251000, timestamp=3500000, size=100, topic='TestTopic', queueId=0}
08:55:14.675 [main] DEBUG com.zephyr.storage.index.SparseIndex - Index hit for logical offset 1992: IndexEntry{logical=1900, physical=191000, timestamp=2900000, size=100, topic='TestTopic', queueId=0}
08:55:14.676 [main] DEBUG com.zephyr.storage.index.SparseIndex - Index hit for logical offset 7853: IndexEntry{logical=7800, physical=781000, timestamp=8800000, size=100, topic='TestTopic', queueId=0}
08:55:14.676 [main] DEBUG com.zephyr.storage.index.SparseIndex - Index hit for logical offset 9146: IndexEntry{logical=9100, physical=911000, timestamp=10100000, size=100, topic='TestTopic', queueId=0}
08:55:14.676 [main] DEBUG com.zephyr.storage.index.SparseIndex - Index hit for logical offset 3839: IndexEntry{logical=3800, physical=381000, timestamp=4800000, size=100, topic='TestTopic', queueId=0}
08:55:14.676 [main] DEBUG com.zephyr.storage.index.SparseIndex - Index hit for logical offset 2497: IndexEntry{logical=2400, physical=241000, timestamp=3400000, size=100, topic='TestTopic', queueId=0}
08:55:14.676 [main] DEBUG com.zephyr.storage.index.SparseIndex - Index hit for logical offset 1069: IndexEntry{logical=1000, physical=101000, timestamp=2000000, size=100, topic='TestTopic', queueId=0}
08:55:14.676 [main] DEBUG com.zephyr.storage.index.SparseIndex - Index hit for logical offset 3525: IndexEntry{logical=3500, physical=351000, timestamp=4500000, size=100, topic='TestTopic', queueId=0}
08:55:14.677 [main] DEBUG com.zephyr.storage.index.SparseIndex - Index hit for logical offset 4296: IndexEntry{logical=4200, physical=421000, timestamp=5200000, size=100, topic='TestTopic', queueId=0}
08:55:14.677 [main] DEBUG com.zephyr.storage.index.SparseIndex - Index hit for logical offset 2460: IndexEntry{logical=2400, physical=241000, timestamp=3400000, size=100, topic='TestTopic', queueId=0}
08:55:14.677 [main] DEBUG com.zephyr.storage.index.SparseIndex - Index hit for logical offset 8223: IndexEntry{logical=8200, physical=821000, timestamp=9200000, size=100, topic='TestTopic', queueId=0}
08:55:14.677 [main] DEBUG com.zephyr.storage.index.SparseIndex - Index hit for logical offset 383: IndexEntry{logical=300, physical=31000, timestamp=1300000, size=100, topic='TestTopic', queueId=0}
08:55:14.677 [main] DEBUG com.zephyr.storage.index.SparseIndex - Index hit for logical offset 7026: IndexEntry{logical=7000, physical=701000, timestamp=8000000, size=100, topic='TestTopic', queueId=0}
08:55:14.678 [main] DEBUG com.zephyr.storage.index.SparseIndex - Index hit for logical offset 4519: IndexEntry{logical=4500, physical=451000, timestamp=5500000, size=100, topic='TestTopic', queueId=0}
08:55:14.678 [main] DEBUG com.zephyr.storage.index.SparseIndex - Index hit for logical offset 1311: IndexEntry{logical=1300, physical=131000, timestamp=2300000, size=100, topic='TestTopic', queueId=0}
08:55:14.678 [main] DEBUG com.zephyr.storage.index.SparseIndex - Index hit for logical offset 5763: IndexEntry{logical=5700, physical=571000, timestamp=6700000, size=100, topic='TestTopic', queueId=0}
08:55:14.678 [main] DEBUG com.zephyr.storage.index.SparseIndex - Index hit for logical offset 1461: IndexEntry{logical=1400, physical=141000, timestamp=2400000, size=100, topic='TestTopic', queueId=0}
08:55:14.678 [main] DEBUG com.zephyr.storage.index.SparseIndex - Index hit for logical offset 6275: IndexEntry{logical=6200, physical=621000, timestamp=7200000, size=100, topic='TestTopic', queueId=0}
08:55:14.678 [main] DEBUG com.zephyr.storage.index.SparseIndex - Index hit for logical offset 2736: IndexEntry{logical=2700, physical=271000, timestamp=3700000, size=100, topic='TestTopic', queueId=0}
08:55:14.679 [main] DEBUG com.zephyr.storage.index.SparseIndex - Index hit for logical offset 2337: IndexEntry{logical=2300, physical=231000, timestamp=3300000, size=100, topic='TestTopic', queueId=0}
08:55:14.679 [main] DEBUG com.zephyr.storage.index.SparseIndex - Index hit for logical offset 1036: IndexEntry{logical=1000, physical=101000, timestamp=2000000, size=100, topic='TestTopic', queueId=0}
08:55:14.679 [main] DEBUG com.zephyr.storage.index.SparseIndex - Index hit for logical offset 3192: IndexEntry{logical=3100, physical=311000, timestamp=4100000, size=100, topic='TestTopic', queueId=0}
08:55:14.679 [main] DEBUG com.zephyr.storage.index.SparseIndex - Index hit for logical offset 7432: IndexEntry{logical=7400, physical=741000, timestamp=8400000, size=100, topic='TestTopic', queueId=0}
08:55:14.679 [main] DEBUG com.zephyr.storage.index.SparseIndex - Index hit for logical offset 8584: IndexEntry{logical=8500, physical=851000, timestamp=9500000, size=100, topic='TestTopic', queueId=0}
08:55:14.679 [main] DEBUG com.zephyr.storage.index.SparseIndex - Index hit for logical offset 8312: IndexEntry{logical=8300, physical=831000, timestamp=9300000, size=100, topic='TestTopic', queueId=0}
08:55:14.680 [main] DEBUG com.zephyr.storage.index.SparseIndex - Index hit for logical offset 5924: IndexEntry{logical=5900, physical=591000, timestamp=6900000, size=100, topic='TestTopic', queueId=0}
08:55:14.680 [main] DEBUG com.zephyr.storage.index.SparseIndex - Index hit for logical offset 7576: IndexEntry{logical=7500, physical=751000, timestamp=8500000, size=100, topic='TestTopic', queueId=0}
08:55:14.680 [main] DEBUG com.zephyr.storage.index.SparseIndex - Index hit for logical offset 6247: IndexEntry{logical=6200, physical=621000, timestamp=7200000, size=100, topic='TestTopic', queueId=0}
08:55:14.680 [main] DEBUG com.zephyr.storage.index.SparseIndex - Index hit for logical offset 9367: IndexEntry{logical=9300, physical=931000, timestamp=10300000, size=100, topic='TestTopic', queueId=0}
08:55:14.680 [main] DEBUG com.zephyr.storage.index.SparseIndex - Index hit for logical offset 6258: IndexEntry{logical=6200, physical=621000, timestamp=7200000, size=100, topic='TestTopic', queueId=0}
08:55:14.680 [main] DEBUG com.zephyr.storage.index.SparseIndex - Index hit for logical offset 8585: IndexEntry{logical=8500, physical=851000, timestamp=9500000, size=100, topic='TestTopic', queueId=0}
08:55:14.681 [main] DEBUG com.zephyr.storage.index.SparseIndex - Index hit for logical offset 1065: IndexEntry{logical=1000, physical=101000, timestamp=2000000, size=100, topic='TestTopic', queueId=0}
08:55:14.681 [main] DEBUG com.zephyr.storage.index.SparseIndex - Index hit for logical offset 1242: IndexEntry{logical=1200, physical=121000, timestamp=2200000, size=100, topic='TestTopic', queueId=0}
08:55:14.681 [main] DEBUG com.zephyr.storage.index.SparseIndex - Index hit for logical offset 8776: IndexEntry{logical=8700, physical=871000, timestamp=9700000, size=100, topic='TestTopic', queueId=0}
08:55:14.681 [main] DEBUG com.zephyr.storage.index.SparseIndex - Index hit for logical offset 4676: IndexEntry{logical=4600, physical=461000, timestamp=5600000, size=100, topic='TestTopic', queueId=0}
08:55:14.681 [main] DEBUG com.zephyr.storage.index.SparseIndex - Index hit for logical offset 8558: IndexEntry{logical=8500, physical=851000, timestamp=9500000, size=100, topic='TestTopic', queueId=0}
08:55:14.681 [main] DEBUG com.zephyr.storage.index.SparseIndex - Index hit for logical offset 5875: IndexEntry{logical=5800, physical=581000, timestamp=6800000, size=100, topic='TestTopic', queueId=0}
08:55:14.681 [main] DEBUG com.zephyr.storage.index.SparseIndex - Index hit for logical offset 8535: IndexEntry{logical=8500, physical=851000, timestamp=9500000, size=100, topic='TestTopic', queueId=0}
08:55:14.682 [main] DEBUG com.zephyr.storage.index.SparseIndex - Index hit for logical offset 4589: IndexEntry{logical=4500, physical=451000, timestamp=5500000, size=100, topic='TestTopic', queueId=0}
08:55:14.682 [main] DEBUG com.zephyr.storage.index.SparseIndex - Index hit for logical offset 8780: IndexEntry{logical=8700, physical=871000, timestamp=9700000, size=100, topic='TestTopic', queueId=0}
08:55:14.682 [main] DEBUG com.zephyr.storage.index.SparseIndex - Index hit for logical offset 1514: IndexEntry{logical=1500, physical=151000, timestamp=2500000, size=100, topic='TestTopic', queueId=0}
08:55:14.682 [main] DEBUG com.zephyr.storage.index.SparseIndex - Index hit for logical offset 8610: IndexEntry{logical=8600, physical=861000, timestamp=9600000, size=100, topic='TestTopic', queueId=0}
08:55:14.682 [main] DEBUG com.zephyr.storage.index.SparseIndex - Index hit for logical offset 3258: IndexEntry{logical=3200, physical=321000, timestamp=4200000, size=100, topic='TestTopic', queueId=0}
08:55:14.682 [main] DEBUG com.zephyr.storage.index.SparseIndex - Index hit for logical offset 1366: IndexEntry{logical=1300, physical=131000, timestamp=2300000, size=100, topic='TestTopic', queueId=0}
08:55:14.682 [main] DEBUG com.zephyr.storage.index.SparseIndex - Index hit for logical offset 7895: IndexEntry{logical=7800, physical=781000, timestamp=8800000, size=100, topic='TestTopic', queueId=0}
08:55:14.682 [main] DEBUG com.zephyr.storage.index.SparseIndex - Index hit for logical offset 5153: IndexEntry{logical=5100, physical=511000, timestamp=6100000, size=100, topic='TestTopic', queueId=0}
08:55:14.683 [main] DEBUG com.zephyr.storage.index.SparseIndex - Index hit for logical offset 3195: IndexEntry{logical=3100, physical=311000, timestamp=4100000, size=100, topic='TestTopic', queueId=0}
08:55:14.683 [main] DEBUG com.zephyr.storage.index.SparseIndex - Index hit for logical offset 4974: IndexEntry{logical=4900, physical=491000, timestamp=5900000, size=100, topic='TestTopic', queueId=0}
08:55:14.683 [main] DEBUG com.zephyr.storage.index.SparseIndex - Index hit for logical offset 4597: IndexEntry{logical=4500, physical=451000, timestamp=5500000, size=100, topic='TestTopic', queueId=0}
08:55:14.683 [main] DEBUG com.zephyr.storage.index.SparseIndex - Index hit for logical offset 1814: IndexEntry{logical=1800, physical=181000, timestamp=2800000, size=100, topic='TestTopic', queueId=0}
08:55:14.683 [main] DEBUG com.zephyr.storage.index.SparseIndex - Index hit for logical offset 116: IndexEntry{logical=100, physical=11000, timestamp=1100000, size=100, topic='TestTopic', queueId=0}
08:55:14.683 [main] DEBUG com.zephyr.storage.index.SparseIndex - Index hit for logical offset 3239: IndexEntry{logical=3200, physical=321000, timestamp=4200000, size=100, topic='TestTopic', queueId=0}
08:55:14.683 [main] DEBUG com.zephyr.storage.index.SparseIndex - Index hit for logical offset 2976: IndexEntry{logical=2900, physical=291000, timestamp=3900000, size=100, topic='TestTopic', queueId=0}
08:55:14.684 [main] DEBUG com.zephyr.storage.index.SparseIndex - Index hit for logical offset 9782: IndexEntry{logical=9700, physical=971000, timestamp=10700000, size=100, topic='TestTopic', queueId=0}
08:55:14.684 [main] DEBUG com.zephyr.storage.index.SparseIndex - Index hit for logical offset 984: IndexEntry{logical=900, physical=91000, timestamp=1900000, size=100, topic='TestTopic', queueId=0}
08:55:14.684 [main] DEBUG com.zephyr.storage.index.SparseIndex - Index hit for logical offset 2767: IndexEntry{logical=2700, physical=271000, timestamp=3700000, size=100, topic='TestTopic', queueId=0}
08:55:14.684 [main] DEBUG com.zephyr.storage.index.SparseIndex - Index hit for logical offset 784: IndexEntry{logical=700, physical=71000, timestamp=1700000, size=100, topic='TestTopic', queueId=0}
08:55:14.684 [main] DEBUG com.zephyr.storage.index.SparseIndex - Index hit for logical offset 4531: IndexEntry{logical=4500, physical=451000, timestamp=5500000, size=100, topic='TestTopic', queueId=0}
08:55:14.684 [main] DEBUG com.zephyr.storage.index.SparseIndex - Index hit for logical offset 9016: IndexEntry{logical=9000, physical=901000, timestamp=10000000, size=100, topic='TestTopic', queueId=0}
08:55:14.685 [main] DEBUG com.zephyr.storage.index.SparseIndex - Index hit for logical offset 7340: IndexEntry{logical=7300, physical=731000, timestamp=8300000, size=100, topic='TestTopic', queueId=0}
08:55:14.685 [main] DEBUG com.zephyr.storage.index.SparseIndex - Index hit for logical offset 5193: IndexEntry{logical=5100, physical=511000, timestamp=6100000, size=100, topic='TestTopic', queueId=0}
08:55:14.685 [main] DEBUG com.zephyr.storage.index.SparseIndex - Index hit for logical offset 5396: IndexEntry{logical=5300, physical=531000, timestamp=6300000, size=100, topic='TestTopic', queueId=0}
08:55:14.685 [main] DEBUG com.zephyr.storage.index.SparseIndex - Index hit for logical offset 9469: IndexEntry{logical=9400, physical=941000, timestamp=10400000, size=100, topic='TestTopic', queueId=0}
08:55:14.685 [main] DEBUG com.zephyr.storage.index.SparseIndex - Index hit for logical offset 6536: IndexEntry{logical=6500, physical=651000, timestamp=7500000, size=100, topic='TestTopic', queueId=0}
08:55:14.685 [main] DEBUG com.zephyr.storage.index.SparseIndex - Index hit for logical offset 4319: IndexEntry{logical=4300, physical=431000, timestamp=5300000, size=100, topic='TestTopic', queueId=0}
08:55:14.685 [main] DEBUG com.zephyr.storage.index.SparseIndex - Index hit for logical offset 9549: IndexEntry{logical=9500, physical=951000, timestamp=10500000, size=100, topic='TestTopic', queueId=0}
08:55:14.686 [main] DEBUG com.zephyr.storage.index.SparseIndex - Index hit for logical offset 2033: IndexEntry{logical=2000, physical=201000, timestamp=3000000, size=100, topic='TestTopic', queueId=0}
08:55:14.686 [main] DEBUG com.zephyr.storage.index.SparseIndex - Index hit for logical offset 6238: IndexEntry{logical=6200, physical=621000, timestamp=7200000, size=100, topic='TestTopic', queueId=0}
08:55:14.686 [main] DEBUG com.zephyr.storage.index.SparseIndex - Index hit for logical offset 9514: IndexEntry{logical=9500, physical=951000, timestamp=10500000, size=100, topic='TestTopic', queueId=0}
08:55:14.686 [main] DEBUG com.zephyr.storage.index.SparseIndex - Index hit for logical offset 7614: IndexEntry{logical=7600, physical=761000, timestamp=8600000, size=100, topic='TestTopic', queueId=0}
08:55:14.686 [main] DEBUG com.zephyr.storage.index.SparseIndex - Index hit for logical offset 518: IndexEntry{logical=500, physical=51000, timestamp=1500000, size=100, topic='TestTopic', queueId=0}
08:55:14.687 [main] DEBUG com.zephyr.storage.index.SparseIndex - Index hit for logical offset 3148: IndexEntry{logical=3100, physical=311000, timestamp=4100000, size=100, topic='TestTopic', queueId=0}
08:55:14.687 [main] DEBUG com.zephyr.storage.index.SparseIndex - Index hit for logical offset 752: IndexEntry{logical=700, physical=71000, timestamp=1700000, size=100, topic='TestTopic', queueId=0}
08:55:14.687 [main] DEBUG com.zephyr.storage.index.SparseIndex - Index hit for logical offset 4224: IndexEntry{logical=4200, physical=421000, timestamp=5200000, size=100, topic='TestTopic', queueId=0}
08:55:14.687 [main] DEBUG com.zephyr.storage.index.SparseIndex - Index hit for logical offset 8207: IndexEntry{logical=8200, physical=821000, timestamp=9200000, size=100, topic='TestTopic', queueId=0}
08:55:14.687 [main] DEBUG com.zephyr.storage.index.SparseIndex - Index hit for logical offset 5352: IndexEntry{logical=5300, physical=531000, timestamp=6300000, size=100, topic='TestTopic', queueId=0}
08:55:14.687 [main] DEBUG com.zephyr.storage.index.SparseIndex - Index hit for logical offset 5202: IndexEntry{logical=5200, physical=521000, timestamp=6200000, size=100, topic='TestTopic', queueId=0}
08:55:14.688 [main] DEBUG com.zephyr.storage.index.SparseIndex - Index hit for logical offset 3144: IndexEntry{logical=3100, physical=311000, timestamp=4100000, size=100, topic='TestTopic', queueId=0}
08:55:14.688 [main] DEBUG com.zephyr.storage.index.SparseIndex - Index hit for logical offset 7695: IndexEntry{logical=7600, physical=761000, timestamp=8600000, size=100, topic='TestTopic', queueId=0}
08:55:14.688 [main] DEBUG com.zephyr.storage.index.SparseIndex - Index hit for logical offset 6209: IndexEntry{logical=6200, physical=621000, timestamp=7200000, size=100, topic='TestTopic', queueId=0}
08:55:14.688 [main] DEBUG com.zephyr.storage.index.SparseIndex - Index hit for logical offset 4759: IndexEntry{logical=4700, physical=471000, timestamp=5700000, size=100, topic='TestTopic', queueId=0}
08:55:14.688 [main] DEBUG com.zephyr.storage.index.SparseIndex - Index hit for logical offset 3217: IndexEntry{logical=3200, physical=321000, timestamp=4200000, size=100, topic='TestTopic', queueId=0}
08:55:14.688 [main] DEBUG com.zephyr.storage.index.SparseIndex - Index hit for logical offset 7350: IndexEntry{logical=7300, physical=731000, timestamp=8300000, size=100, topic='TestTopic', queueId=0}
08:55:14.689 [main] DEBUG com.zephyr.storage.index.SparseIndex - Index hit for logical offset 9421: IndexEntry{logical=9400, physical=941000, timestamp=10400000, size=100, topic='TestTopic', queueId=0}
08:55:14.690 [main] DEBUG com.zephyr.storage.index.SparseIndex - Index hit for logical offset 1732: IndexEntry{logical=1700, physical=171000, timestamp=2700000, size=100, topic='TestTopic', queueId=0}
08:55:14.691 [main] DEBUG com.zephyr.storage.index.SparseIndex - Index hit for logical offset 8394: IndexEntry{logical=8300, physical=831000, timestamp=9300000, size=100, topic='TestTopic', queueId=0}
08:55:14.691 [main] DEBUG com.zephyr.storage.index.SparseIndex - Index hit for logical offset 2623: IndexEntry{logical=2600, physical=261000, timestamp=3600000, size=100, topic='TestTopic', queueId=0}
08:55:14.691 [main] DEBUG com.zephyr.storage.index.SparseIndex - Index hit for logical offset 8985: IndexEntry{logical=8900, physical=891000, timestamp=9900000, size=100, topic='TestTopic', queueId=0}
08:55:14.691 [main] DEBUG com.zephyr.storage.index.SparseIndex - Index hit for logical offset 3143: IndexEntry{logical=3100, physical=311000, timestamp=4100000, size=100, topic='TestTopic', queueId=0}
08:55:14.691 [main] DEBUG com.zephyr.storage.index.SparseIndex - Index hit for logical offset 2345: IndexEntry{logical=2300, physical=231000, timestamp=3300000, size=100, topic='TestTopic', queueId=0}
08:55:14.692 [main] DEBUG com.zephyr.storage.index.SparseIndex - Index hit for logical offset 9357: IndexEntry{logical=9300, physical=931000, timestamp=10300000, size=100, topic='TestTopic', queueId=0}
08:55:14.692 [main] DEBUG com.zephyr.storage.index.SparseIndex - Index hit for logical offset 8921: IndexEntry{logical=8900, physical=891000, timestamp=9900000, size=100, topic='TestTopic', queueId=0}
08:55:14.692 [main] DEBUG com.zephyr.storage.index.SparseIndex - Index hit for logical offset 3187: IndexEntry{logical=3100, physical=311000, timestamp=4100000, size=100, topic='TestTopic', queueId=0}
08:55:14.692 [main] DEBUG com.zephyr.storage.index.SparseIndex - Index hit for logical offset 5759: IndexEntry{logical=5700, physical=571000, timestamp=6700000, size=100, topic='TestTopic', queueId=0}
08:55:14.692 [main] DEBUG com.zephyr.storage.index.SparseIndex - Index hit for logical offset 7963: IndexEntry{logical=7900, physical=791000, timestamp=8900000, size=100, topic='TestTopic', queueId=0}
08:55:14.692 [main] DEBUG com.zephyr.storage.index.SparseIndex - Index hit for logical offset 4171: IndexEntry{logical=4100, physical=411000, timestamp=5100000, size=100, topic='TestTopic', queueId=0}
08:55:14.692 [main] DEBUG com.zephyr.storage.index.SparseIndex - Index hit for logical offset 250: IndexEntry{logical=200, physical=21000, timestamp=1200000, size=100, topic='TestTopic', queueId=0}
08:55:14.692 [main] DEBUG com.zephyr.storage.index.SparseIndex - Index hit for logical offset 2330: IndexEntry{logical=2300, physical=231000, timestamp=3300000, size=100, topic='TestTopic', queueId=0}
08:55:14.692 [main] DEBUG com.zephyr.storage.index.SparseIndex - Index hit for logical offset 1887: IndexEntry{logical=1800, physical=181000, timestamp=2800000, size=100, topic='TestTopic', queueId=0}
08:55:14.693 [main] DEBUG com.zephyr.storage.index.SparseIndex - Index hit for logical offset 5846: IndexEntry{logical=5800, physical=581000, timestamp=6800000, size=100, topic='TestTopic', queueId=0}
08:55:14.693 [main] DEBUG com.zephyr.storage.index.SparseIndex - Index hit for logical offset 9624: IndexEntry{logical=9600, physical=961000, timestamp=10600000, size=100, topic='TestTopic', queueId=0}
08:55:14.693 [main] DEBUG com.zephyr.storage.index.SparseIndex - Index hit for logical offset 7649: IndexEntry{logical=7600, physical=761000, timestamp=8600000, size=100, topic='TestTopic', queueId=0}
08:55:14.693 [main] DEBUG com.zephyr.storage.index.SparseIndex - Index hit for logical offset 1126: IndexEntry{logical=1100, physical=111000, timestamp=2100000, size=100, topic='TestTopic', queueId=0}
08:55:14.693 [main] DEBUG com.zephyr.storage.index.SparseIndex - Index hit for logical offset 1159: IndexEntry{logical=1100, physical=111000, timestamp=2100000, size=100, topic='TestTopic', queueId=0}
08:55:14.693 [main] DEBUG com.zephyr.storage.index.SparseIndex - Index hit for logical offset 5525: IndexEntry{logical=5500, physical=551000, timestamp=6500000, size=100, topic='TestTopic', queueId=0}
08:55:14.693 [main] DEBUG com.zephyr.storage.index.SparseIndex - Index hit for logical offset 3733: IndexEntry{logical=3700, physical=371000, timestamp=4700000, size=100, topic='TestTopic', queueId=0}
08:55:14.693 [main] DEBUG com.zephyr.storage.index.SparseIndex - Index hit for logical offset 1747: IndexEntry{logical=1700, physical=171000, timestamp=2700000, size=100, topic='TestTopic', queueId=0}
08:55:14.693 [main] DEBUG com.zephyr.storage.index.SparseIndex - Index hit for logical offset 759: IndexEntry{logical=700, physical=71000, timestamp=1700000, size=100, topic='TestTopic', queueId=0}
08:55:14.694 [main] DEBUG com.zephyr.storage.index.SparseIndex - Index hit for logical offset 6378: IndexEntry{logical=6300, physical=631000, timestamp=7300000, size=100, topic='TestTopic', queueId=0}
08:55:14.694 [main] DEBUG com.zephyr.storage.index.SparseIndex - Index hit for logical offset 780: IndexEntry{logical=700, physical=71000, timestamp=1700000, size=100, topic='TestTopic', queueId=0}
08:55:14.694 [main] DEBUG com.zephyr.storage.index.SparseIndex - Index hit for logical offset 5300: IndexEntry{logical=5300, physical=531000, timestamp=6300000, size=100, topic='TestTopic', queueId=0}
08:55:14.694 [main] DEBUG com.zephyr.storage.index.SparseIndex - Index hit for logical offset 3981: IndexEntry{logical=3900, physical=391000, timestamp=4900000, size=100, topic='TestTopic', queueId=0}
08:55:14.694 [main] DEBUG com.zephyr.storage.index.SparseIndex - Index hit for logical offset 5435: IndexEntry{logical=5400, physical=541000, timestamp=6400000, size=100, topic='TestTopic', queueId=0}
08:55:14.694 [main] DEBUG com.zephyr.storage.index.SparseIndex - Index hit for logical offset 6864: IndexEntry{logical=6800, physical=681000, timestamp=7800000, size=100, topic='TestTopic', queueId=0}
08:55:14.694 [main] DEBUG com.zephyr.storage.index.SparseIndex - Index hit for logical offset 7846: IndexEntry{logical=7800, physical=781000, timestamp=8800000, size=100, topic='TestTopic', queueId=0}
08:55:14.695 [main] DEBUG com.zephyr.storage.index.SparseIndex - Index hit for logical offset 5539: IndexEntry{logical=5500, physical=551000, timestamp=6500000, size=100, topic='TestTopic', queueId=0}
08:55:14.695 [main] DEBUG com.zephyr.storage.index.SparseIndex - Index hit for logical offset 4779: IndexEntry{logical=4700, physical=471000, timestamp=5700000, size=100, topic='TestTopic', queueId=0}
08:55:14.695 [main] DEBUG com.zephyr.storage.index.SparseIndex - Index hit for logical offset 5776: IndexEntry{logical=5700, physical=571000, timestamp=6700000, size=100, topic='TestTopic', queueId=0}
08:55:14.695 [main] DEBUG com.zephyr.storage.index.SparseIndex - Index hit for logical offset 6907: IndexEntry{logical=6900, physical=691000, timestamp=7900000, size=100, topic='TestTopic', queueId=0}
08:55:14.695 [main] DEBUG com.zephyr.storage.index.SparseIndex - Index hit for logical offset 5584: IndexEntry{logical=5500, physical=551000, timestamp=6500000, size=100, topic='TestTopic', queueId=0}
08:55:14.695 [main] DEBUG com.zephyr.storage.index.SparseIndex - Index hit for logical offset 4478: IndexEntry{logical=4400, physical=441000, timestamp=5400000, size=100, topic='TestTopic', queueId=0}
08:55:14.695 [main] DEBUG com.zephyr.storage.index.SparseIndex - Index hit for logical offset 2961: IndexEntry{logical=2900, physical=291000, timestamp=3900000, size=100, topic='TestTopic', queueId=0}
08:55:14.696 [main] DEBUG com.zephyr.storage.index.SparseIndex - Index hit for logical offset 6055: IndexEntry{logical=6000, physical=601000, timestamp=7000000, size=100, topic='TestTopic', queueId=0}
08:55:14.696 [main] DEBUG com.zephyr.storage.index.SparseIndex - Index hit for logical offset 8726: IndexEntry{logical=8700, physical=871000, timestamp=9700000, size=100, topic='TestTopic', queueId=0}
08:55:14.696 [main] DEBUG com.zephyr.storage.index.SparseIndex - Index hit for logical offset 270: IndexEntry{logical=200, physical=21000, timestamp=1200000, size=100, topic='TestTopic', queueId=0}
08:55:14.696 [main] DEBUG com.zephyr.storage.index.SparseIndex - Index hit for logical offset 9619: IndexEntry{logical=9600, physical=961000, timestamp=10600000, size=100, topic='TestTopic', queueId=0}
08:55:14.697 [main] DEBUG com.zephyr.storage.index.SparseIndex - Index hit for logical offset 1094: IndexEntry{logical=1000, physical=101000, timestamp=2000000, size=100, topic='TestTopic', queueId=0}
08:55:14.697 [main] DEBUG com.zephyr.storage.index.SparseIndex - Index hit for logical offset 6599: IndexEntry{logical=6500, physical=651000, timestamp=7500000, size=100, topic='TestTopic', queueId=0}
08:55:14.697 [main] DEBUG com.zephyr.storage.index.SparseIndex - Index hit for logical offset 2521: IndexEntry{logical=2500, physical=251000, timestamp=3500000, size=100, topic='TestTopic', queueId=0}
08:55:14.697 [main] DEBUG com.zephyr.storage.index.SparseIndex - Index hit for logical offset 5417: IndexEntry{logical=5400, physical=541000, timestamp=6400000, size=100, topic='TestTopic', queueId=0}
08:55:14.697 [main] DEBUG com.zephyr.storage.index.SparseIndex - Index hit for logical offset 8841: IndexEntry{logical=8800, physical=881000, timestamp=9800000, size=100, topic='TestTopic', queueId=0}
08:55:14.697 [main] DEBUG com.zephyr.storage.index.SparseIndex - Index hit for logical offset 2882: IndexEntry{logical=2800, physical=281000, timestamp=3800000, size=100, topic='TestTopic', queueId=0}
08:55:14.697 [main] DEBUG com.zephyr.storage.index.SparseIndex - Index hit for logical offset 6389: IndexEntry{logical=6300, physical=631000, timestamp=7300000, size=100, topic='TestTopic', queueId=0}
08:55:14.697 [main] DEBUG com.zephyr.storage.index.SparseIndex - Index hit for logical offset 980: IndexEntry{logical=900, physical=91000, timestamp=1900000, size=100, topic='TestTopic', queueId=0}
08:55:14.698 [main] DEBUG com.zephyr.storage.index.SparseIndex - Index hit for logical offset 9339: IndexEntry{logical=9300, physical=931000, timestamp=10300000, size=100, topic='TestTopic', queueId=0}
08:55:14.698 [main] DEBUG com.zephyr.storage.index.SparseIndex - Index hit for logical offset 9275: IndexEntry{logical=9200, physical=921000, timestamp=10200000, size=100, topic='TestTopic', queueId=0}
08:55:14.698 [main] DEBUG com.zephyr.storage.index.SparseIndex - Index hit for logical offset 8173: IndexEntry{logical=8100, physical=811000, timestamp=9100000, size=100, topic='TestTopic', queueId=0}
08:55:14.698 [main] DEBUG com.zephyr.storage.index.SparseIndex - Index hit for logical offset 2356: IndexEntry{logical=2300, physical=231000, timestamp=3300000, size=100, topic='TestTopic', queueId=0}
08:55:14.698 [main] DEBUG com.zephyr.storage.index.SparseIndex - Index hit for logical offset 5018: IndexEntry{logical=5000, physical=501000, timestamp=6000000, size=100, topic='TestTopic', queueId=0}
08:55:14.698 [main] DEBUG com.zephyr.storage.index.SparseIndex - Index hit for logical offset 5890: IndexEntry{logical=5800, physical=581000, timestamp=6800000, size=100, topic='TestTopic', queueId=0}
08:55:14.698 [main] DEBUG com.zephyr.storage.index.SparseIndex - Index hit for logical offset 5593: IndexEntry{logical=5500, physical=551000, timestamp=6500000, size=100, topic='TestTopic', queueId=0}
08:55:14.698 [main] DEBUG com.zephyr.storage.index.SparseIndex - Index hit for logical offset 984: IndexEntry{logical=900, physical=91000, timestamp=1900000, size=100, topic='TestTopic', queueId=0}
08:55:14.699 [main] DEBUG com.zephyr.storage.index.SparseIndex - Index hit for logical offset 5807: IndexEntry{logical=5800, physical=581000, timestamp=6800000, size=100, topic='TestTopic', queueId=0}
08:55:14.699 [main] DEBUG com.zephyr.storage.index.SparseIndex - Index hit for logical offset 9743: IndexEntry{logical=9700, physical=971000, timestamp=10700000, size=100, topic='TestTopic', queueId=0}
08:55:14.699 [main] DEBUG com.zephyr.storage.index.SparseIndex - Index hit for logical offset 439: IndexEntry{logical=400, physical=41000, timestamp=1400000, size=100, topic='TestTopic', queueId=0}
08:55:14.699 [main] DEBUG com.zephyr.storage.index.SparseIndex - Index hit for logical offset 4342: IndexEntry{logical=4300, physical=431000, timestamp=5300000, size=100, topic='TestTopic', queueId=0}
08:55:14.699 [main] DEBUG com.zephyr.storage.index.SparseIndex - Index hit for logical offset 7462: IndexEntry{logical=7400, physical=741000, timestamp=8400000, size=100, topic='TestTopic', queueId=0}
08:55:14.699 [main] DEBUG com.zephyr.storage.index.SparseIndex - Index hit for logical offset 593: IndexEntry{logical=500, physical=51000, timestamp=1500000, size=100, topic='TestTopic', queueId=0}
08:55:14.699 [main] DEBUG com.zephyr.storage.index.SparseIndex - Index hit for logical offset 421: IndexEntry{logical=400, physical=41000, timestamp=1400000, size=100, topic='TestTopic', queueId=0}
08:55:14.699 [main] DEBUG com.zephyr.storage.index.SparseIndex - Index hit for logical offset 4431: IndexEntry{logical=4400, physical=441000, timestamp=5400000, size=100, topic='TestTopic', queueId=0}
08:55:14.700 [main] DEBUG com.zephyr.storage.index.SparseIndex - Index hit for logical offset 1520: IndexEntry{logical=1500, physical=151000, timestamp=2500000, size=100, topic='TestTopic', queueId=0}
08:55:14.700 [main] DEBUG com.zephyr.storage.index.SparseIndex - Index hit for logical offset 4258: IndexEntry{logical=4200, physical=421000, timestamp=5200000, size=100, topic='TestTopic', queueId=0}
08:55:14.700 [main] DEBUG com.zephyr.storage.index.SparseIndex - Index hit for logical offset 3368: IndexEntry{logical=3300, physical=331000, timestamp=4300000, size=100, topic='TestTopic', queueId=0}
08:55:14.700 [main] DEBUG com.zephyr.storage.index.SparseIndex - Index hit for logical offset 3500: IndexEntry{logical=3500, physical=351000, timestamp=4500000, size=100, topic='TestTopic', queueId=0}
08:55:14.700 [main] DEBUG com.zephyr.storage.index.SparseIndex - Index hit for logical offset 9152: IndexEntry{logical=9100, physical=911000, timestamp=10100000, size=100, topic='TestTopic', queueId=0}
08:55:14.700 [main] DEBUG com.zephyr.storage.index.SparseIndex - Index hit for logical offset 9690: IndexEntry{logical=9600, physical=961000, timestamp=10600000, size=100, topic='TestTopic', queueId=0}
08:55:14.700 [main] DEBUG com.zephyr.storage.index.SparseIndex - Index hit for logical offset 936: IndexEntry{logical=900, physical=91000, timestamp=1900000, size=100, topic='TestTopic', queueId=0}
08:55:14.701 [main] DEBUG com.zephyr.storage.index.SparseIndex - Index hit for logical offset 9028: IndexEntry{logical=9000, physical=901000, timestamp=10000000, size=100, topic='TestTopic', queueId=0}
08:55:14.701 [main] DEBUG com.zephyr.storage.index.SparseIndex - Index hit for logical offset 7977: IndexEntry{logical=7900, physical=791000, timestamp=8900000, size=100, topic='TestTopic', queueId=0}
08:55:14.701 [main] DEBUG com.zephyr.storage.index.SparseIndex - Index hit for logical offset 7612: IndexEntry{logical=7600, physical=761000, timestamp=8600000, size=100, topic='TestTopic', queueId=0}
08:55:14.701 [main] DEBUG com.zephyr.storage.index.SparseIndex - Index hit for logical offset 924: IndexEntry{logical=900, physical=91000, timestamp=1900000, size=100, topic='TestTopic', queueId=0}
08:55:14.701 [main] DEBUG com.zephyr.storage.index.SparseIndex - Index hit for logical offset 2864: IndexEntry{logical=2800, physical=281000, timestamp=3800000, size=100, topic='TestTopic', queueId=0}
08:55:14.701 [main] DEBUG com.zephyr.storage.index.SparseIndex - Index hit for logical offset 382: IndexEntry{logical=300, physical=31000, timestamp=1300000, size=100, topic='TestTopic', queueId=0}
08:55:14.701 [main] DEBUG com.zephyr.storage.index.SparseIndex - Index hit for logical offset 5316: IndexEntry{logical=5300, physical=531000, timestamp=6300000, size=100, topic='TestTopic', queueId=0}
08:55:14.701 [main] DEBUG com.zephyr.storage.index.SparseIndex - Index hit for logical offset 6957: IndexEntry{logical=6900, physical=691000, timestamp=7900000, size=100, topic='TestTopic', queueId=0}
08:55:14.701 [main] DEBUG com.zephyr.storage.index.SparseIndex - Index hit for logical offset 2657: IndexEntry{logical=2600, physical=261000, timestamp=3600000, size=100, topic='TestTopic', queueId=0}
08:55:14.702 [main] DEBUG com.zephyr.storage.index.SparseIndex - Index hit for logical offset 4296: IndexEntry{logical=4200, physical=421000, timestamp=5200000, size=100, topic='TestTopic', queueId=0}
08:55:14.702 [main] DEBUG com.zephyr.storage.index.SparseIndex - Index hit for logical offset 4344: IndexEntry{logical=4300, physical=431000, timestamp=5300000, size=100, topic='TestTopic', queueId=0}
08:55:14.702 [main] DEBUG com.zephyr.storage.index.SparseIndex - Index hit for logical offset 1817: IndexEntry{logical=1800, physical=181000, timestamp=2800000, size=100, topic='TestTopic', queueId=0}
08:55:14.702 [main] DEBUG com.zephyr.storage.index.SparseIndex - Index hit for logical offset 7206: IndexEntry{logical=7200, physical=721000, timestamp=8200000, size=100, topic='TestTopic', queueId=0}
08:55:14.702 [main] DEBUG com.zephyr.storage.index.SparseIndex - Index hit for logical offset 2495: IndexEntry{logical=2400, physical=241000, timestamp=3400000, size=100, topic='TestTopic', queueId=0}
08:55:14.702 [main] DEBUG com.zephyr.storage.index.SparseIndex - Index hit for logical offset 5195: IndexEntry{logical=5100, physical=511000, timestamp=6100000, size=100, topic='TestTopic', queueId=0}
08:55:14.702 [main] DEBUG com.zephyr.storage.index.SparseIndex - Index hit for logical offset 6041: IndexEntry{logical=6000, physical=601000, timestamp=7000000, size=100, topic='TestTopic', queueId=0}
08:55:14.702 [main] DEBUG com.zephyr.storage.index.SparseIndex - Index hit for logical offset 1228: IndexEntry{logical=1200, physical=121000, timestamp=2200000, size=100, topic='TestTopic', queueId=0}
08:55:14.703 [main] DEBUG com.zephyr.storage.index.SparseIndex - Index hit for logical offset 4508: IndexEntry{logical=4500, physical=451000, timestamp=5500000, size=100, topic='TestTopic', queueId=0}
08:55:14.703 [main] DEBUG com.zephyr.storage.index.SparseIndex - Index hit for logical offset 5954: IndexEntry{logical=5900, physical=591000, timestamp=6900000, size=100, topic='TestTopic', queueId=0}
08:55:14.703 [main] DEBUG com.zephyr.storage.index.SparseIndex - Index hit for logical offset 6503: IndexEntry{logical=6500, physical=651000, timestamp=7500000, size=100, topic='TestTopic', queueId=0}
08:55:14.703 [main] DEBUG com.zephyr.storage.index.SparseIndex - Index hit for logical offset 9168: IndexEntry{logical=9100, physical=911000, timestamp=10100000, size=100, topic='TestTopic', queueId=0}
08:55:14.703 [main] DEBUG com.zephyr.storage.index.SparseIndex - Index hit for logical offset 5998: IndexEntry{logical=5900, physical=591000, timestamp=6900000, size=100, topic='TestTopic', queueId=0}
08:55:14.703 [main] DEBUG com.zephyr.storage.index.SparseIndex - Index hit for logical offset 9807: IndexEntry{logical=9800, physical=981000, timestamp=10800000, size=100, topic='TestTopic', queueId=0}
08:55:14.703 [main] DEBUG com.zephyr.storage.index.SparseIndex - Index hit for logical offset 690: IndexEntry{logical=600, physical=61000, timestamp=1600000, size=100, topic='TestTopic', queueId=0}
08:55:14.703 [main] DEBUG com.zephyr.storage.index.SparseIndex - Index hit for logical offset 2154: IndexEntry{logical=2100, physical=211000, timestamp=3100000, size=100, topic='TestTopic', queueId=0}
08:55:14.703 [main] DEBUG com.zephyr.storage.index.SparseIndex - Index hit for logical offset 4072: IndexEntry{logical=4000, physical=401000, timestamp=5000000, size=100, topic='TestTopic', queueId=0}
08:55:14.703 [main] DEBUG com.zephyr.storage.index.SparseIndex - Index hit for logical offset 9745: IndexEntry{logical=9700, physical=971000, timestamp=10700000, size=100, topic='TestTopic', queueId=0}
08:55:14.704 [main] DEBUG com.zephyr.storage.index.SparseIndex - Index hit for logical offset 1095: IndexEntry{logical=1000, physical=101000, timestamp=2000000, size=100, topic='TestTopic', queueId=0}
08:55:14.704 [main] DEBUG com.zephyr.storage.index.SparseIndex - Index hit for logical offset 6966: IndexEntry{logical=6900, physical=691000, timestamp=7900000, size=100, topic='TestTopic', queueId=0}
08:55:14.704 [main] DEBUG com.zephyr.storage.index.SparseIndex - Index hit for logical offset 3399: IndexEntry{logical=3300, physical=331000, timestamp=4300000, size=100, topic='TestTopic', queueId=0}
08:55:14.704 [main] DEBUG com.zephyr.storage.index.SparseIndex - Index hit for logical offset 7466: IndexEntry{logical=7400, physical=741000, timestamp=8400000, size=100, topic='TestTopic', queueId=0}
08:55:14.704 [main] DEBUG com.zephyr.storage.index.SparseIndex - Index hit for logical offset 767: IndexEntry{logical=700, physical=71000, timestamp=1700000, size=100, topic='TestTopic', queueId=0}
08:55:14.704 [main] DEBUG com.zephyr.storage.index.SparseIndex - Index hit for logical offset 983: IndexEntry{logical=900, physical=91000, timestamp=1900000, size=100, topic='TestTopic', queueId=0}
08:55:14.704 [main] DEBUG com.zephyr.storage.index.SparseIndex - Index hit for logical offset 7251: IndexEntry{logical=7200, physical=721000, timestamp=8200000, size=100, topic='TestTopic', queueId=0}
08:55:14.704 [main] DEBUG com.zephyr.storage.index.SparseIndex - Index hit for logical offset 7485: IndexEntry{logical=7400, physical=741000, timestamp=8400000, size=100, topic='TestTopic', queueId=0}
08:55:14.705 [main] DEBUG com.zephyr.storage.index.SparseIndex - Index hit for logical offset 5402: IndexEntry{logical=5400, physical=541000, timestamp=6400000, size=100, topic='TestTopic', queueId=0}
08:55:14.705 [main] DEBUG com.zephyr.storage.index.SparseIndex - Index hit for logical offset 2462: IndexEntry{logical=2400, physical=241000, timestamp=3400000, size=100, topic='TestTopic', queueId=0}
08:55:14.705 [main] DEBUG com.zephyr.storage.index.SparseIndex - Index hit for logical offset 9621: IndexEntry{logical=9600, physical=961000, timestamp=10600000, size=100, topic='TestTopic', queueId=0}
08:55:14.705 [main] DEBUG com.zephyr.storage.index.SparseIndex - Index hit for logical offset 6725: IndexEntry{logical=6700, physical=671000, timestamp=7700000, size=100, topic='TestTopic', queueId=0}
08:55:14.705 [main] DEBUG com.zephyr.storage.index.SparseIndex - Index hit for logical offset 9593: IndexEntry{logical=9500, physical=951000, timestamp=10500000, size=100, topic='TestTopic', queueId=0}
08:55:14.705 [main] DEBUG com.zephyr.storage.index.SparseIndex - Index hit for logical offset 1231: IndexEntry{logical=1200, physical=121000, timestamp=2200000, size=100, topic='TestTopic', queueId=0}
08:55:14.705 [main] DEBUG com.zephyr.storage.index.SparseIndex - Index hit for logical offset 9409: IndexEntry{logical=9400, physical=941000, timestamp=10400000, size=100, topic='TestTopic', queueId=0}
08:55:14.705 [main] DEBUG com.zephyr.storage.index.SparseIndex - Index hit for logical offset 4544: IndexEntry{logical=4500, physical=451000, timestamp=5500000, size=100, topic='TestTopic', queueId=0}
08:55:14.705 [main] DEBUG com.zephyr.storage.index.SparseIndex - Index hit for logical offset 4830: IndexEntry{logical=4800, physical=481000, timestamp=5800000, size=100, topic='TestTopic', queueId=0}
08:55:14.706 [main] DEBUG com.zephyr.storage.index.SparseIndex - Index hit for logical offset 889: IndexEntry{logical=800, physical=81000, timestamp=1800000, size=100, topic='TestTopic', queueId=0}
08:55:14.706 [main] DEBUG com.zephyr.storage.index.SparseIndex - Index hit for logical offset 5356: IndexEntry{logical=5300, physical=531000, timestamp=6300000, size=100, topic='TestTopic', queueId=0}
08:55:14.706 [main] DEBUG com.zephyr.storage.index.SparseIndex - Index hit for logical offset 8028: IndexEntry{logical=8000, physical=801000, timestamp=9000000, size=100, topic='TestTopic', queueId=0}
08:55:14.706 [main] DEBUG com.zephyr.storage.index.SparseIndex - Index hit for logical offset 4705: IndexEntry{logical=4700, physical=471000, timestamp=5700000, size=100, topic='TestTopic', queueId=0}
08:55:14.706 [main] DEBUG com.zephyr.storage.index.SparseIndex - Index hit for logical offset 9950: IndexEntry{logical=9900, physical=991000, timestamp=10900000, size=100, topic='TestTopic', queueId=0}
08:55:14.706 [main] DEBUG com.zephyr.storage.index.SparseIndex - Index hit for logical offset 871: IndexEntry{logical=800, physical=81000, timestamp=1800000, size=100, topic='TestTopic', queueId=0}
08:55:14.706 [main] DEBUG com.zephyr.storage.index.SparseIndex - Index hit for logical offset 2660: IndexEntry{logical=2600, physical=261000, timestamp=3600000, size=100, topic='TestTopic', queueId=0}
08:55:14.706 [main] DEBUG com.zephyr.storage.index.SparseIndex - Index hit for logical offset 8364: IndexEntry{logical=8300, physical=831000, timestamp=9300000, size=100, topic='TestTopic', queueId=0}
08:55:14.707 [main] DEBUG com.zephyr.storage.index.SparseIndex - Index hit for logical offset 6024: IndexEntry{logical=6000, physical=601000, timestamp=7000000, size=100, topic='TestTopic', queueId=0}
08:55:14.707 [main] DEBUG com.zephyr.storage.index.SparseIndex - Index hit for logical offset 1191: IndexEntry{logical=1100, physical=111000, timestamp=2100000, size=100, topic='TestTopic', queueId=0}
08:55:14.707 [main] DEBUG com.zephyr.storage.index.SparseIndex - Index hit for logical offset 9019: IndexEntry{logical=9000, physical=901000, timestamp=10000000, size=100, topic='TestTopic', queueId=0}
08:55:14.707 [main] DEBUG com.zephyr.storage.index.SparseIndex - Index hit for logical offset 6745: IndexEntry{logical=6700, physical=671000, timestamp=7700000, size=100, topic='TestTopic', queueId=0}
08:55:14.709 [main] DEBUG com.zephyr.storage.index.SparseIndex - Index hit for logical offset 4077: IndexEntry{logical=4000, physical=401000, timestamp=5000000, size=100, topic='TestTopic', queueId=0}
08:55:14.710 [main] DEBUG com.zephyr.storage.index.SparseIndex - Index hit for logical offset 1414: IndexEntry{logical=1400, physical=141000, timestamp=2400000, size=100, topic='TestTopic', queueId=0}
08:55:14.710 [main] DEBUG com.zephyr.storage.index.SparseIndex - Index hit for logical offset 2022: IndexEntry{logical=2000, physical=201000, timestamp=3000000, size=100, topic='TestTopic', queueId=0}
08:55:14.710 [main] DEBUG com.zephyr.storage.index.SparseIndex - Index hit for logical offset 7360: IndexEntry{logical=7300, physical=731000, timestamp=8300000, size=100, topic='TestTopic', queueId=0}
08:55:14.710 [main] DEBUG com.zephyr.storage.index.SparseIndex - Index hit for logical offset 7097: IndexEntry{logical=7000, physical=701000, timestamp=8000000, size=100, topic='TestTopic', queueId=0}
08:55:14.710 [main] DEBUG com.zephyr.storage.index.SparseIndex - Index hit for logical offset 2869: IndexEntry{logical=2800, physical=281000, timestamp=3800000, size=100, topic='TestTopic', queueId=0}
08:55:14.711 [main] DEBUG com.zephyr.storage.index.SparseIndex - Index hit for logical offset 427: IndexEntry{logical=400, physical=41000, timestamp=1400000, size=100, topic='TestTopic', queueId=0}
08:55:14.711 [main] DEBUG com.zephyr.storage.index.SparseIndex - Index hit for logical offset 2468: IndexEntry{logical=2400, physical=241000, timestamp=3400000, size=100, topic='TestTopic', queueId=0}
08:55:14.711 [main] DEBUG com.zephyr.storage.index.SparseIndex - Index hit for logical offset 5094: IndexEntry{logical=5000, physical=501000, timestamp=6000000, size=100, topic='TestTopic', queueId=0}
08:55:14.711 [main] DEBUG com.zephyr.storage.index.SparseIndex - Index hit for logical offset 7009: IndexEntry{logical=7000, physical=701000, timestamp=8000000, size=100, topic='TestTopic', queueId=0}
08:55:14.711 [main] DEBUG com.zephyr.storage.index.SparseIndex - Index hit for logical offset 800: IndexEntry{logical=800, physical=81000, timestamp=1800000, size=100, topic='TestTopic', queueId=0}
08:55:14.711 [main] DEBUG com.zephyr.storage.index.SparseIndex - Index hit for logical offset 2382: IndexEntry{logical=2300, physical=231000, timestamp=3300000, size=100, topic='TestTopic', queueId=0}
08:55:14.711 [main] DEBUG com.zephyr.storage.index.SparseIndex - Index hit for logical offset 6217: IndexEntry{logical=6200, physical=621000, timestamp=7200000, size=100, topic='TestTopic', queueId=0}
08:55:14.711 [main] DEBUG com.zephyr.storage.index.SparseIndex - Index hit for logical offset 543: IndexEntry{logical=500, physical=51000, timestamp=1500000, size=100, topic='TestTopic', queueId=0}
08:55:14.711 [main] DEBUG com.zephyr.storage.index.SparseIndex - Index hit for logical offset 1927: IndexEntry{logical=1900, physical=191000, timestamp=2900000, size=100, topic='TestTopic', queueId=0}
08:55:14.712 [main] DEBUG com.zephyr.storage.index.SparseIndex - Index hit for logical offset 328: IndexEntry{logical=300, physical=31000, timestamp=1300000, size=100, topic='TestTopic', queueId=0}
08:55:14.712 [main] DEBUG com.zephyr.storage.index.SparseIndex - Index hit for logical offset 2050: IndexEntry{logical=2000, physical=201000, timestamp=3000000, size=100, topic='TestTopic', queueId=0}
08:55:14.712 [main] DEBUG com.zephyr.storage.index.SparseIndex - Index hit for logical offset 2916: IndexEntry{logical=2900, physical=291000, timestamp=3900000, size=100, topic='TestTopic', queueId=0}
08:55:14.712 [main] DEBUG com.zephyr.storage.index.SparseIndex - Index hit for logical offset 2828: IndexEntry{logical=2800, physical=281000, timestamp=3800000, size=100, topic='TestTopic', queueId=0}
08:55:14.712 [main] DEBUG com.zephyr.storage.index.SparseIndex - Index hit for logical offset 7794: IndexEntry{logical=7700, physical=771000, timestamp=8700000, size=100, topic='TestTopic', queueId=0}
08:55:14.712 [main] DEBUG com.zephyr.storage.index.SparseIndex - Index hit for logical offset 7614: IndexEntry{logical=7600, physical=761000, timestamp=8600000, size=100, topic='TestTopic', queueId=0}
08:55:14.712 [main] DEBUG com.zephyr.storage.index.SparseIndex - Index hit for logical offset 7354: IndexEntry{logical=7300, physical=731000, timestamp=8300000, size=100, topic='TestTopic', queueId=0}
08:55:14.712 [main] DEBUG com.zephyr.storage.index.SparseIndex - Index hit for logical offset 9909: IndexEntry{logical=9900, physical=991000, timestamp=10900000, size=100, topic='TestTopic', queueId=0}
08:55:14.712 [main] DEBUG com.zephyr.storage.index.SparseIndex - Index hit for logical offset 9640: IndexEntry{logical=9600, physical=961000, timestamp=10600000, size=100, topic='TestTopic', queueId=0}
08:55:14.713 [main] DEBUG com.zephyr.storage.index.SparseIndex - Index hit for logical offset 5472: IndexEntry{logical=5400, physical=541000, timestamp=6400000, size=100, topic='TestTopic', queueId=0}
08:55:14.713 [main] DEBUG com.zephyr.storage.index.SparseIndex - Index hit for logical offset 9722: IndexEntry{logical=9700, physical=971000, timestamp=10700000, size=100, topic='TestTopic', queueId=0}
08:55:14.713 [main] DEBUG com.zephyr.storage.index.SparseIndex - Index hit for logical offset 6561: IndexEntry{logical=6500, physical=651000, timestamp=7500000, size=100, topic='TestTopic', queueId=0}
08:55:14.713 [main] DEBUG com.zephyr.storage.index.SparseIndex - Index hit for logical offset 6349: IndexEntry{logical=6300, physical=631000, timestamp=7300000, size=100, topic='TestTopic', queueId=0}
08:55:14.713 [main] DEBUG com.zephyr.storage.index.SparseIndex - Index hit for logical offset 2484: IndexEntry{logical=2400, physical=241000, timestamp=3400000, size=100, topic='TestTopic', queueId=0}
08:55:14.713 [main] DEBUG com.zephyr.storage.index.SparseIndex - Index hit for logical offset 5207: IndexEntry{logical=5200, physical=521000, timestamp=6200000, size=100, topic='TestTopic', queueId=0}
08:55:14.713 [main] DEBUG com.zephyr.storage.index.SparseIndex - Index hit for logical offset 1562: IndexEntry{logical=1500, physical=151000, timestamp=2500000, size=100, topic='TestTopic', queueId=0}
08:55:14.713 [main] DEBUG com.zephyr.storage.index.SparseIndex - Index hit for logical offset 6777: IndexEntry{logical=6700, physical=671000, timestamp=7700000, size=100, topic='TestTopic', queueId=0}
08:55:14.714 [main] DEBUG com.zephyr.storage.index.SparseIndex - Index hit for logical offset 7208: IndexEntry{logical=7200, physical=721000, timestamp=8200000, size=100, topic='TestTopic', queueId=0}
08:55:14.714 [main] DEBUG com.zephyr.storage.index.SparseIndex - Index hit for logical offset 1435: IndexEntry{logical=1400, physical=141000, timestamp=2400000, size=100, topic='TestTopic', queueId=0}
08:55:14.714 [main] DEBUG com.zephyr.storage.index.SparseIndex - Index hit for logical offset 1007: IndexEntry{logical=1000, physical=101000, timestamp=2000000, size=100, topic='TestTopic', queueId=0}
08:55:14.714 [main] DEBUG com.zephyr.storage.index.SparseIndex - Index hit for logical offset 8493: IndexEntry{logical=8400, physical=841000, timestamp=9400000, size=100, topic='TestTopic', queueId=0}
08:55:14.714 [main] DEBUG com.zephyr.storage.index.SparseIndex - Index hit for logical offset 5721: IndexEntry{logical=5700, physical=571000, timestamp=6700000, size=100, topic='TestTopic', queueId=0}
08:55:14.714 [main] DEBUG com.zephyr.storage.index.SparseIndex - Index hit for logical offset 8084: IndexEntry{logical=8000, physical=801000, timestamp=9000000, size=100, topic='TestTopic', queueId=0}
08:55:14.714 [main] DEBUG com.zephyr.storage.index.SparseIndex - Index hit for logical offset 2180: IndexEntry{logical=2100, physical=211000, timestamp=3100000, size=100, topic='TestTopic', queueId=0}
08:55:14.714 [main] DEBUG com.zephyr.storage.index.SparseIndex - Index hit for logical offset 4388: IndexEntry{logical=4300, physical=431000, timestamp=5300000, size=100, topic='TestTopic', queueId=0}
08:55:14.714 [main] DEBUG com.zephyr.storage.index.SparseIndex - Index hit for logical offset 3746: IndexEntry{logical=3700, physical=371000, timestamp=4700000, size=100, topic='TestTopic', queueId=0}
08:55:14.715 [main] DEBUG com.zephyr.storage.index.SparseIndex - Index hit for logical offset 7228: IndexEntry{logical=7200, physical=721000, timestamp=8200000, size=100, topic='TestTopic', queueId=0}
08:55:14.715 [main] DEBUG com.zephyr.storage.index.SparseIndex - Index hit for logical offset 6767: IndexEntry{logical=6700, physical=671000, timestamp=7700000, size=100, topic='TestTopic', queueId=0}
08:55:14.715 [main] DEBUG com.zephyr.storage.index.SparseIndex - Index hit for logical offset 3615: IndexEntry{logical=3600, physical=361000, timestamp=4600000, size=100, topic='TestTopic', queueId=0}
08:55:14.715 [main] DEBUG com.zephyr.storage.index.SparseIndex - Index hit for logical offset 3325: IndexEntry{logical=3300, physical=331000, timestamp=4300000, size=100, topic='TestTopic', queueId=0}
08:55:14.715 [main] DEBUG com.zephyr.storage.index.SparseIndex - Index hit for logical offset 5746: IndexEntry{logical=5700, physical=571000, timestamp=6700000, size=100, topic='TestTopic', queueId=0}
08:55:14.715 [main] DEBUG com.zephyr.storage.index.SparseIndex - Index hit for logical offset 5116: IndexEntry{logical=5100, physical=511000, timestamp=6100000, size=100, topic='TestTopic', queueId=0}
08:55:14.715 [main] DEBUG com.zephyr.storage.index.SparseIndex - Index hit for logical offset 2109: IndexEntry{logical=2100, physical=211000, timestamp=3100000, size=100, topic='TestTopic', queueId=0}
08:55:14.715 [main] DEBUG com.zephyr.storage.index.SparseIndex - Index hit for logical offset 3044: IndexEntry{logical=3000, physical=301000, timestamp=4000000, size=100, topic='TestTopic', queueId=0}
08:55:14.716 [main] DEBUG com.zephyr.storage.index.SparseIndex - Index hit for logical offset 938: IndexEntry{logical=900, physical=91000, timestamp=1900000, size=100, topic='TestTopic', queueId=0}
08:55:14.716 [main] DEBUG com.zephyr.storage.index.SparseIndex - Index hit for logical offset 2877: IndexEntry{logical=2800, physical=281000, timestamp=3800000, size=100, topic='TestTopic', queueId=0}
08:55:14.716 [main] DEBUG com.zephyr.storage.index.SparseIndex - Index hit for logical offset 2963: IndexEntry{logical=2900, physical=291000, timestamp=3900000, size=100, topic='TestTopic', queueId=0}
08:55:14.716 [main] DEBUG com.zephyr.storage.index.SparseIndex - Index hit for logical offset 1791: IndexEntry{logical=1700, physical=171000, timestamp=2700000, size=100, topic='TestTopic', queueId=0}
08:55:14.716 [main] DEBUG com.zephyr.storage.index.SparseIndex - Index hit for logical offset 3180: IndexEntry{logical=3100, physical=311000, timestamp=4100000, size=100, topic='TestTopic', queueId=0}
08:55:14.716 [main] DEBUG com.zephyr.storage.index.SparseIndex - Index hit for logical offset 6285: IndexEntry{logical=6200, physical=621000, timestamp=7200000, size=100, topic='TestTopic', queueId=0}
08:55:14.716 [main] DEBUG com.zephyr.storage.index.SparseIndex - Index hit for logical offset 9744: IndexEntry{logical=9700, physical=971000, timestamp=10700000, size=100, topic='TestTopic', queueId=0}
08:55:14.716 [main] DEBUG com.zephyr.storage.index.SparseIndex - Index hit for logical offset 7412: IndexEntry{logical=7400, physical=741000, timestamp=8400000, size=100, topic='TestTopic', queueId=0}
08:55:14.716 [main] DEBUG com.zephyr.storage.index.SparseIndex - Index hit for logical offset 4924: IndexEntry{logical=4900, physical=491000, timestamp=5900000, size=100, topic='TestTopic', queueId=0}
08:55:14.717 [main] DEBUG com.zephyr.storage.index.SparseIndex - Index hit for logical offset 2584: IndexEntry{logical=2500, physical=251000, timestamp=3500000, size=100, topic='TestTopic', queueId=0}
08:55:14.717 [main] DEBUG com.zephyr.storage.index.SparseIndex - Index hit for logical offset 6466: IndexEntry{logical=6400, physical=641000, timestamp=7400000, size=100, topic='TestTopic', queueId=0}
08:55:14.717 [main] DEBUG com.zephyr.storage.index.SparseIndex - Index hit for logical offset 3240: IndexEntry{logical=3200, physical=321000, timestamp=4200000, size=100, topic='TestTopic', queueId=0}
08:55:14.717 [main] DEBUG com.zephyr.storage.index.SparseIndex - Index hit for logical offset 3638: IndexEntry{logical=3600, physical=361000, timestamp=4600000, size=100, topic='TestTopic', queueId=0}
08:55:14.717 [main] DEBUG com.zephyr.storage.index.SparseIndex - Index hit for logical offset 7649: IndexEntry{logical=7600, physical=761000, timestamp=8600000, size=100, topic='TestTopic', queueId=0}
08:55:14.717 [main] DEBUG com.zephyr.storage.index.SparseIndex - Index hit for logical offset 6402: IndexEntry{logical=6400, physical=641000, timestamp=7400000, size=100, topic='TestTopic', queueId=0}
08:55:14.717 [main] DEBUG com.zephyr.storage.index.SparseIndex - Index hit for logical offset 7472: IndexEntry{logical=7400, physical=741000, timestamp=8400000, size=100, topic='TestTopic', queueId=0}
08:55:14.717 [main] DEBUG com.zephyr.storage.index.SparseIndex - Index hit for logical offset 7379: IndexEntry{logical=7300, physical=731000, timestamp=8300000, size=100, topic='TestTopic', queueId=0}
08:55:14.717 [main] DEBUG com.zephyr.storage.index.SparseIndex - Index hit for logical offset 3755: IndexEntry{logical=3700, physical=371000, timestamp=4700000, size=100, topic='TestTopic', queueId=0}
08:55:14.718 [main] DEBUG com.zephyr.storage.index.SparseIndex - Index hit for logical offset 8165: IndexEntry{logical=8100, physical=811000, timestamp=9100000, size=100, topic='TestTopic', queueId=0}
08:55:14.718 [main] DEBUG com.zephyr.storage.index.SparseIndex - Index hit for logical offset 2606: IndexEntry{logical=2600, physical=261000, timestamp=3600000, size=100, topic='TestTopic', queueId=0}
08:55:14.718 [main] DEBUG com.zephyr.storage.index.SparseIndex - Index hit for logical offset 5626: IndexEntry{logical=5600, physical=561000, timestamp=6600000, size=100, topic='TestTopic', queueId=0}
08:55:14.718 [main] DEBUG com.zephyr.storage.index.SparseIndex - Index hit for logical offset 6575: IndexEntry{logical=6500, physical=651000, timestamp=7500000, size=100, topic='TestTopic', queueId=0}
08:55:14.718 [main] DEBUG com.zephyr.storage.index.SparseIndex - Index hit for logical offset 1545: IndexEntry{logical=1500, physical=151000, timestamp=2500000, size=100, topic='TestTopic', queueId=0}
08:55:14.718 [main] DEBUG com.zephyr.storage.index.SparseIndex - Index hit for logical offset 4768: IndexEntry{logical=4700, physical=471000, timestamp=5700000, size=100, topic='TestTopic', queueId=0}
08:55:14.718 [main] DEBUG com.zephyr.storage.index.SparseIndex - Index hit for logical offset 4704: IndexEntry{logical=4700, physical=471000, timestamp=5700000, size=100, topic='TestTopic', queueId=0}
08:55:14.718 [main] DEBUG com.zephyr.storage.index.SparseIndex - Index hit for logical offset 2049: IndexEntry{logical=2000, physical=201000, timestamp=3000000, size=100, topic='TestTopic', queueId=0}
08:55:14.719 [main] DEBUG com.zephyr.storage.index.SparseIndex - Index hit for logical offset 7512: IndexEntry{logical=7500, physical=751000, timestamp=8500000, size=100, topic='TestTopic', queueId=0}
08:55:14.719 [main] DEBUG com.zephyr.storage.index.SparseIndex - Index hit for logical offset 5656: IndexEntry{logical=5600, physical=561000, timestamp=6600000, size=100, topic='TestTopic', queueId=0}
08:55:14.719 [main] DEBUG com.zephyr.storage.index.SparseIndex - Index hit for logical offset 6689: IndexEntry{logical=6600, physical=661000, timestamp=7600000, size=100, topic='TestTopic', queueId=0}
08:55:14.719 [main] DEBUG com.zephyr.storage.index.SparseIndex - Index hit for logical offset 496: IndexEntry{logical=400, physical=41000, timestamp=1400000, size=100, topic='TestTopic', queueId=0}
08:55:14.719 [main] DEBUG com.zephyr.storage.index.SparseIndex - Index hit for logical offset 6450: IndexEntry{logical=6400, physical=641000, timestamp=7400000, size=100, topic='TestTopic', queueId=0}
08:55:14.719 [main] DEBUG com.zephyr.storage.index.SparseIndex - Index hit for logical offset 3019: IndexEntry{logical=3000, physical=301000, timestamp=4000000, size=100, topic='TestTopic', queueId=0}
08:55:14.719 [main] DEBUG com.zephyr.storage.index.SparseIndex - Index hit for logical offset 3038: IndexEntry{logical=3000, physical=301000, timestamp=4000000, size=100, topic='TestTopic', queueId=0}
08:55:14.719 [main] DEBUG com.zephyr.storage.index.SparseIndex - Index hit for logical offset 7542: IndexEntry{logical=7500, physical=751000, timestamp=8500000, size=100, topic='TestTopic', queueId=0}
08:55:14.719 [main] DEBUG com.zephyr.storage.index.SparseIndex - Index hit for logical offset 6231: IndexEntry{logical=6200, physical=621000, timestamp=7200000, size=100, topic='TestTopic', queueId=0}
08:55:14.720 [main] DEBUG com.zephyr.storage.index.SparseIndex - Index hit for logical offset 9137: IndexEntry{logical=9100, physical=911000, timestamp=10100000, size=100, topic='TestTopic', queueId=0}
08:55:14.720 [main] DEBUG com.zephyr.storage.index.SparseIndex - Index hit for logical offset 9339: IndexEntry{logical=9300, physical=931000, timestamp=10300000, size=100, topic='TestTopic', queueId=0}
08:55:14.720 [main] DEBUG com.zephyr.storage.index.SparseIndex - Index hit for logical offset 8787: IndexEntry{logical=8700, physical=871000, timestamp=9700000, size=100, topic='TestTopic', queueId=0}
08:55:14.720 [main] DEBUG com.zephyr.storage.index.SparseIndex - Index hit for logical offset 7038: IndexEntry{logical=7000, physical=701000, timestamp=8000000, size=100, topic='TestTopic', queueId=0}
08:55:14.720 [main] DEBUG com.zephyr.storage.index.SparseIndex - Index hit for logical offset 601: IndexEntry{logical=600, physical=61000, timestamp=1600000, size=100, topic='TestTopic', queueId=0}
08:55:14.720 [main] DEBUG com.zephyr.storage.index.SparseIndex - Index hit for logical offset 5560: IndexEntry{logical=5500, physical=551000, timestamp=6500000, size=100, topic='TestTopic', queueId=0}
08:55:14.720 [main] DEBUG com.zephyr.storage.index.SparseIndex - Index hit for logical offset 7954: IndexEntry{logical=7900, physical=791000, timestamp=8900000, size=100, topic='TestTopic', queueId=0}
08:55:14.720 [main] DEBUG com.zephyr.storage.index.SparseIndex - Index hit for logical offset 2991: IndexEntry{logical=2900, physical=291000, timestamp=3900000, size=100, topic='TestTopic', queueId=0}
08:55:14.720 [main] DEBUG com.zephyr.storage.index.SparseIndex - Index hit for logical offset 6831: IndexEntry{logical=6800, physical=681000, timestamp=7800000, size=100, topic='TestTopic', queueId=0}
08:55:14.720 [main] DEBUG com.zephyr.storage.index.SparseIndex - Index hit for logical offset 6994: IndexEntry{logical=6900, physical=691000, timestamp=7900000, size=100, topic='TestTopic', queueId=0}
08:55:14.721 [main] DEBUG com.zephyr.storage.index.SparseIndex - Index hit for logical offset 6261: IndexEntry{logical=6200, physical=621000, timestamp=7200000, size=100, topic='TestTopic', queueId=0}
08:55:14.721 [main] DEBUG com.zephyr.storage.index.SparseIndex - Index hit for logical offset 1569: IndexEntry{logical=1500, physical=151000, timestamp=2500000, size=100, topic='TestTopic', queueId=0}
08:55:14.721 [main] DEBUG com.zephyr.storage.index.SparseIndex - Index hit for logical offset 9256: IndexEntry{logical=9200, physical=921000, timestamp=10200000, size=100, topic='TestTopic', queueId=0}
08:55:14.721 [main] DEBUG com.zephyr.storage.index.SparseIndex - Index hit for logical offset 4642: IndexEntry{logical=4600, physical=461000, timestamp=5600000, size=100, topic='TestTopic', queueId=0}
08:55:14.721 [main] DEBUG com.zephyr.storage.index.SparseIndex - Index hit for logical offset 4151: IndexEntry{logical=4100, physical=411000, timestamp=5100000, size=100, topic='TestTopic', queueId=0}
08:55:14.721 [main] DEBUG com.zephyr.storage.index.SparseIndex - Index hit for logical offset 604: IndexEntry{logical=600, physical=61000, timestamp=1600000, size=100, topic='TestTopic', queueId=0}
08:55:14.721 [main] DEBUG com.zephyr.storage.index.SparseIndex - Index hit for logical offset 7818: IndexEntry{logical=7800, physical=781000, timestamp=8800000, size=100, topic='TestTopic', queueId=0}
08:55:14.721 [main] DEBUG com.zephyr.storage.index.SparseIndex - Index hit for logical offset 262: IndexEntry{logical=200, physical=21000, timestamp=1200000, size=100, topic='TestTopic', queueId=0}
08:55:14.721 [main] DEBUG com.zephyr.storage.index.SparseIndex - Index hit for logical offset 5214: IndexEntry{logical=5200, physical=521000, timestamp=6200000, size=100, topic='TestTopic', queueId=0}
08:55:14.721 [main] DEBUG com.zephyr.storage.index.SparseIndex - Index hit for logical offset 9153: IndexEntry{logical=9100, physical=911000, timestamp=10100000, size=100, topic='TestTopic', queueId=0}
08:55:14.722 [main] DEBUG com.zephyr.storage.index.SparseIndex - Index hit for logical offset 6600: IndexEntry{logical=6600, physical=661000, timestamp=7600000, size=100, topic='TestTopic', queueId=0}
08:55:14.722 [main] DEBUG com.zephyr.storage.index.SparseIndex - Index hit for logical offset 479: IndexEntry{logical=400, physical=41000, timestamp=1400000, size=100, topic='TestTopic', queueId=0}
08:55:14.722 [main] DEBUG com.zephyr.storage.index.SparseIndex - Index hit for logical offset 6078: IndexEntry{logical=6000, physical=601000, timestamp=7000000, size=100, topic='TestTopic', queueId=0}
08:55:14.722 [main] DEBUG com.zephyr.storage.index.SparseIndex - Index hit for logical offset 2985: IndexEntry{logical=2900, physical=291000, timestamp=3900000, size=100, topic='TestTopic', queueId=0}
08:55:14.722 [main] DEBUG com.zephyr.storage.index.SparseIndex - Index hit for logical offset 5729: IndexEntry{logical=5700, physical=571000, timestamp=6700000, size=100, topic='TestTopic', queueId=0}
08:55:14.722 [main] DEBUG com.zephyr.storage.index.SparseIndex - Index hit for logical offset 6432: IndexEntry{logical=6400, physical=641000, timestamp=7400000, size=100, topic='TestTopic', queueId=0}
08:55:14.722 [main] DEBUG com.zephyr.storage.index.SparseIndex - Index hit for logical offset 5419: IndexEntry{logical=5400, physical=541000, timestamp=6400000, size=100, topic='TestTopic', queueId=0}
08:55:14.722 [main] DEBUG com.zephyr.storage.index.SparseIndex - Index hit for logical offset 7582: IndexEntry{logical=7500, physical=751000, timestamp=8500000, size=100, topic='TestTopic', queueId=0}
08:55:14.723 [main] DEBUG com.zephyr.storage.index.SparseIndex - Index hit for logical offset 2449: IndexEntry{logical=2400, physical=241000, timestamp=3400000, size=100, topic='TestTopic', queueId=0}
08:55:14.723 [main] DEBUG com.zephyr.storage.index.SparseIndex - Index hit for logical offset 277: IndexEntry{logical=200, physical=21000, timestamp=1200000, size=100, topic='TestTopic', queueId=0}
08:55:14.723 [main] DEBUG com.zephyr.storage.index.SparseIndex - Index hit for logical offset 9794: IndexEntry{logical=9700, physical=971000, timestamp=10700000, size=100, topic='TestTopic', queueId=0}
08:55:14.723 [main] DEBUG com.zephyr.storage.index.SparseIndex - Index hit for logical offset 1588: IndexEntry{logical=1500, physical=151000, timestamp=2500000, size=100, topic='TestTopic', queueId=0}
08:55:14.723 [main] DEBUG com.zephyr.storage.index.SparseIndex - Index hit for logical offset 279: IndexEntry{logical=200, physical=21000, timestamp=1200000, size=100, topic='TestTopic', queueId=0}
08:55:14.723 [main] DEBUG com.zephyr.storage.index.SparseIndex - Index hit for logical offset 7515: IndexEntry{logical=7500, physical=751000, timestamp=8500000, size=100, topic='TestTopic', queueId=0}
08:55:14.723 [main] DEBUG com.zephyr.storage.index.SparseIndex - Index hit for logical offset 3989: IndexEntry{logical=3900, physical=391000, timestamp=4900000, size=100, topic='TestTopic', queueId=0}
08:55:14.723 [main] DEBUG com.zephyr.storage.index.SparseIndex - Index hit for logical offset 1436: IndexEntry{logical=1400, physical=141000, timestamp=2400000, size=100, topic='TestTopic', queueId=0}
08:55:14.723 [main] DEBUG com.zephyr.storage.index.SparseIndex - Index hit for logical offset 1502: IndexEntry{logical=1500, physical=151000, timestamp=2500000, size=100, topic='TestTopic', queueId=0}
08:55:14.723 [main] DEBUG com.zephyr.storage.index.SparseIndex - Index hit for logical offset 4617: IndexEntry{logical=4600, physical=461000, timestamp=5600000, size=100, topic='TestTopic', queueId=0}
08:55:14.724 [main] DEBUG com.zephyr.storage.index.SparseIndex - Index hit for logical offset 8770: IndexEntry{logical=8700, physical=871000, timestamp=9700000, size=100, topic='TestTopic', queueId=0}
08:55:14.724 [main] DEBUG com.zephyr.storage.index.SparseIndex - Index hit for logical offset 3555: IndexEntry{logical=3500, physical=351000, timestamp=4500000, size=100, topic='TestTopic', queueId=0}
08:55:14.724 [main] DEBUG com.zephyr.storage.index.SparseIndex - Index hit for logical offset 4875: IndexEntry{logical=4800, physical=481000, timestamp=5800000, size=100, topic='TestTopic', queueId=0}
08:55:14.724 [main] DEBUG com.zephyr.storage.index.SparseIndex - Index hit for logical offset 4699: IndexEntry{logical=4600, physical=461000, timestamp=5600000, size=100, topic='TestTopic', queueId=0}
08:55:14.724 [main] DEBUG com.zephyr.storage.index.SparseIndex - Index hit for logical offset 9525: IndexEntry{logical=9500, physical=951000, timestamp=10500000, size=100, topic='TestTopic', queueId=0}
08:55:14.724 [main] DEBUG com.zephyr.storage.index.SparseIndex - Index hit for logical offset 3956: IndexEntry{logical=3900, physical=391000, timestamp=4900000, size=100, topic='TestTopic', queueId=0}
08:55:14.724 [main] DEBUG com.zephyr.storage.index.SparseIndex - Index hit for logical offset 7442: IndexEntry{logical=7400, physical=741000, timestamp=8400000, size=100, topic='TestTopic', queueId=0}
08:55:14.724 [main] DEBUG com.zephyr.storage.index.SparseIndex - Index hit for logical offset 87: IndexEntry{logical=0, physical=1000, timestamp=1000000, size=100, topic='TestTopic', queueId=0}
08:55:14.724 [main] DEBUG com.zephyr.storage.index.SparseIndex - Index hit for logical offset 5114: IndexEntry{logical=5100, physical=511000, timestamp=6100000, size=100, topic='TestTopic', queueId=0}
08:55:14.725 [main] DEBUG com.zephyr.storage.index.SparseIndex - Index hit for logical offset 6307: IndexEntry{logical=6300, physical=631000, timestamp=7300000, size=100, topic='TestTopic', queueId=0}
08:55:14.725 [main] DEBUG com.zephyr.storage.index.SparseIndex - Index hit for logical offset 6572: IndexEntry{logical=6500, physical=651000, timestamp=7500000, size=100, topic='TestTopic', queueId=0}
08:55:14.725 [main] DEBUG com.zephyr.storage.index.SparseIndex - Index hit for logical offset 9562: IndexEntry{logical=9500, physical=951000, timestamp=10500000, size=100, topic='TestTopic', queueId=0}
08:55:14.725 [main] DEBUG com.zephyr.storage.index.SparseIndex - Index hit for logical offset 7460: IndexEntry{logical=7400, physical=741000, timestamp=8400000, size=100, topic='TestTopic', queueId=0}
08:55:14.725 [main] DEBUG com.zephyr.storage.index.SparseIndex - Index hit for logical offset 8648: IndexEntry{logical=8600, physical=861000, timestamp=9600000, size=100, topic='TestTopic', queueId=0}
08:55:14.725 [main] DEBUG com.zephyr.storage.index.SparseIndex - Index hit for logical offset 5957: IndexEntry{logical=5900, physical=591000, timestamp=6900000, size=100, topic='TestTopic', queueId=0}
08:55:14.725 [main] DEBUG com.zephyr.storage.index.SparseIndex - Index hit for logical offset 9778: IndexEntry{logical=9700, physical=971000, timestamp=10700000, size=100, topic='TestTopic', queueId=0}
08:55:14.725 [main] DEBUG com.zephyr.storage.index.SparseIndex - Index hit for logical offset 8886: IndexEntry{logical=8800, physical=881000, timestamp=9800000, size=100, topic='TestTopic', queueId=0}
08:55:14.725 [main] DEBUG com.zephyr.storage.index.SparseIndex - Index hit for logical offset 5784: IndexEntry{logical=5700, physical=571000, timestamp=6700000, size=100, topic='TestTopic', queueId=0}
08:55:14.725 [main] DEBUG com.zephyr.storage.index.SparseIndex - Index hit for logical offset 7189: IndexEntry{logical=7100, physical=711000, timestamp=8100000, size=100, topic='TestTopic', queueId=0}
08:55:14.725 [main] DEBUG com.zephyr.storage.index.SparseIndex - Index hit for logical offset 4885: IndexEntry{logical=4800, physical=481000, timestamp=5800000, size=100, topic='TestTopic', queueId=0}
08:55:14.726 [main] DEBUG com.zephyr.storage.index.SparseIndex - Index hit for logical offset 6014: IndexEntry{logical=6000, physical=601000, timestamp=7000000, size=100, topic='TestTopic', queueId=0}
08:55:14.726 [main] DEBUG com.zephyr.storage.index.SparseIndex - Index hit for logical offset 9106: IndexEntry{logical=9100, physical=911000, timestamp=10100000, size=100, topic='TestTopic', queueId=0}
08:55:14.726 [main] DEBUG com.zephyr.storage.index.SparseIndex - Index hit for logical offset 6762: IndexEntry{logical=6700, physical=671000, timestamp=7700000, size=100, topic='TestTopic', queueId=0}
08:55:14.726 [main] DEBUG com.zephyr.storage.index.SparseIndex - Index hit for logical offset 5767: IndexEntry{logical=5700, physical=571000, timestamp=6700000, size=100, topic='TestTopic', queueId=0}
08:55:14.726 [main] DEBUG com.zephyr.storage.index.SparseIndex - Index hit for logical offset 6172: IndexEntry{logical=6100, physical=611000, timestamp=7100000, size=100, topic='TestTopic', queueId=0}
08:55:14.726 [main] DEBUG com.zephyr.storage.index.SparseIndex - Index hit for logical offset 8088: IndexEntry{logical=8000, physical=801000, timestamp=9000000, size=100, topic='TestTopic', queueId=0}
08:55:14.726 [main] DEBUG com.zephyr.storage.index.SparseIndex - Index hit for logical offset 6858: IndexEntry{logical=6800, physical=681000, timestamp=7800000, size=100, topic='TestTopic', queueId=0}
08:55:14.726 [main] DEBUG com.zephyr.storage.index.SparseIndex - Index hit for logical offset 441: IndexEntry{logical=400, physical=41000, timestamp=1400000, size=100, topic='TestTopic', queueId=0}
08:55:14.726 [main] DEBUG com.zephyr.storage.index.SparseIndex - Index hit for logical offset 4673: IndexEntry{logical=4600, physical=461000, timestamp=5600000, size=100, topic='TestTopic', queueId=0}
08:55:14.726 [main] DEBUG com.zephyr.storage.index.SparseIndex - Index hit for logical offset 8024: IndexEntry{logical=8000, physical=801000, timestamp=9000000, size=100, topic='TestTopic', queueId=0}
08:55:14.726 [main] DEBUG com.zephyr.storage.index.SparseIndex - Index hit for logical offset 7124: IndexEntry{logical=7100, physical=711000, timestamp=8100000, size=100, topic='TestTopic', queueId=0}
08:55:14.727 [main] DEBUG com.zephyr.storage.index.SparseIndex - Index hit for logical offset 165: IndexEntry{logical=100, physical=11000, timestamp=1100000, size=100, topic='TestTopic', queueId=0}
08:55:14.727 [main] DEBUG com.zephyr.storage.index.SparseIndex - Index hit for logical offset 9075: IndexEntry{logical=9000, physical=901000, timestamp=10000000, size=100, topic='TestTopic', queueId=0}
08:55:14.727 [main] DEBUG com.zephyr.storage.index.SparseIndex - Index hit for logical offset 6735: IndexEntry{logical=6700, physical=671000, timestamp=7700000, size=100, topic='TestTopic', queueId=0}
08:55:14.727 [main] DEBUG com.zephyr.storage.index.SparseIndex - Index hit for logical offset 3793: IndexEntry{logical=3700, physical=371000, timestamp=4700000, size=100, topic='TestTopic', queueId=0}
08:55:14.727 [main] DEBUG com.zephyr.storage.index.SparseIndex - Index hit for logical offset 1584: IndexEntry{logical=1500, physical=151000, timestamp=2500000, size=100, topic='TestTopic', queueId=0}
08:55:14.727 [main] DEBUG com.zephyr.storage.index.SparseIndex - Index hit for logical offset 9608: IndexEntry{logical=9600, physical=961000, timestamp=10600000, size=100, topic='TestTopic', queueId=0}
08:55:14.727 [main] DEBUG com.zephyr.storage.index.SparseIndex - Index hit for logical offset 8870: IndexEntry{logical=8800, physical=881000, timestamp=9800000, size=100, topic='TestTopic', queueId=0}
08:55:14.727 [main] DEBUG com.zephyr.storage.index.SparseIndex - Index hit for logical offset 1954: IndexEntry{logical=1900, physical=191000, timestamp=2900000, size=100, topic='TestTopic', queueId=0}
08:55:14.727 [main] DEBUG com.zephyr.storage.index.SparseIndex - Index hit for logical offset 3842: IndexEntry{logical=3800, physical=381000, timestamp=4800000, size=100, topic='TestTopic', queueId=0}
08:55:14.727 [main] DEBUG com.zephyr.storage.index.SparseIndex - Index hit for logical offset 3288: IndexEntry{logical=3200, physical=321000, timestamp=4200000, size=100, topic='TestTopic', queueId=0}
08:55:14.727 [main] DEBUG com.zephyr.storage.index.SparseIndex - Index hit for logical offset 250: IndexEntry{logical=200, physical=21000, timestamp=1200000, size=100, topic='TestTopic', queueId=0}
08:55:14.728 [main] DEBUG com.zephyr.storage.index.SparseIndex - Index hit for logical offset 6584: IndexEntry{logical=6500, physical=651000, timestamp=7500000, size=100, topic='TestTopic', queueId=0}
08:55:14.728 [main] DEBUG com.zephyr.storage.index.SparseIndex - Index hit for logical offset 1014: IndexEntry{logical=1000, physical=101000, timestamp=2000000, size=100, topic='TestTopic', queueId=0}
08:55:14.728 [main] DEBUG com.zephyr.storage.index.SparseIndex - Index hit for logical offset 2950: IndexEntry{logical=2900, physical=291000, timestamp=3900000, size=100, topic='TestTopic', queueId=0}
08:55:14.728 [main] DEBUG com.zephyr.storage.index.SparseIndex - Index hit for logical offset 6208: IndexEntry{logical=6200, physical=621000, timestamp=7200000, size=100, topic='TestTopic', queueId=0}
08:55:14.728 [main] DEBUG com.zephyr.storage.index.SparseIndex - Index hit for logical offset 7994: IndexEntry{logical=7900, physical=791000, timestamp=8900000, size=100, topic='TestTopic', queueId=0}
08:55:14.728 [main] DEBUG com.zephyr.storage.index.SparseIndex - Index hit for logical offset 4436: IndexEntry{logical=4400, physical=441000, timestamp=5400000, size=100, topic='TestTopic', queueId=0}
08:55:14.728 [main] DEBUG com.zephyr.storage.index.SparseIndex - Index hit for logical offset 1420: IndexEntry{logical=1400, physical=141000, timestamp=2400000, size=100, topic='TestTopic', queueId=0}
08:55:14.729 [main] DEBUG com.zephyr.storage.index.SparseIndex - Index hit for logical offset 7331: IndexEntry{logical=7300, physical=731000, timestamp=8300000, size=100, topic='TestTopic', queueId=0}
08:55:14.729 [main] DEBUG com.zephyr.storage.index.SparseIndex - Index hit for logical offset 7792: IndexEntry{logical=7700, physical=771000, timestamp=8700000, size=100, topic='TestTopic', queueId=0}
08:55:14.729 [main] DEBUG com.zephyr.storage.index.SparseIndex - Index hit for logical offset 6549: IndexEntry{logical=6500, physical=651000, timestamp=7500000, size=100, topic='TestTopic', queueId=0}
08:55:14.729 [main] DEBUG com.zephyr.storage.index.SparseIndex - Index hit for logical offset 5327: IndexEntry{logical=5300, physical=531000, timestamp=6300000, size=100, topic='TestTopic', queueId=0}
08:55:14.729 [main] DEBUG com.zephyr.storage.index.SparseIndex - Index hit for logical offset 3138: IndexEntry{logical=3100, physical=311000, timestamp=4100000, size=100, topic='TestTopic', queueId=0}
08:55:14.729 [main] DEBUG com.zephyr.storage.index.SparseIndex - Index hit for logical offset 2139: IndexEntry{logical=2100, physical=211000, timestamp=3100000, size=100, topic='TestTopic', queueId=0}
08:55:14.729 [main] DEBUG com.zephyr.storage.index.SparseIndex - Index hit for logical offset 7734: IndexEntry{logical=7700, physical=771000, timestamp=8700000, size=100, topic='TestTopic', queueId=0}
08:55:14.729 [main] DEBUG com.zephyr.storage.index.SparseIndex - Index hit for logical offset 2727: IndexEntry{logical=2700, physical=271000, timestamp=3700000, size=100, topic='TestTopic', queueId=0}
08:55:14.729 [main] DEBUG com.zephyr.storage.index.SparseIndex - Index hit for logical offset 9310: IndexEntry{logical=9300, physical=931000, timestamp=10300000, size=100, topic='TestTopic', queueId=0}
08:55:14.729 [main] DEBUG com.zephyr.storage.index.SparseIndex - Index hit for logical offset 130: IndexEntry{logical=100, physical=11000, timestamp=1100000, size=100, topic='TestTopic', queueId=0}
08:55:14.729 [main] DEBUG com.zephyr.storage.index.SparseIndex - Index hit for logical offset 269: IndexEntry{logical=200, physical=21000, timestamp=1200000, size=100, topic='TestTopic', queueId=0}
08:55:14.730 [main] DEBUG com.zephyr.storage.index.SparseIndex - Index hit for logical offset 3582: IndexEntry{logical=3500, physical=351000, timestamp=4500000, size=100, topic='TestTopic', queueId=0}
08:55:14.730 [main] DEBUG com.zephyr.storage.index.SparseIndex - Index hit for logical offset 6834: IndexEntry{logical=6800, physical=681000, timestamp=7800000, size=100, topic='TestTopic', queueId=0}
08:55:14.730 [main] DEBUG com.zephyr.storage.index.SparseIndex - Index hit for logical offset 6437: IndexEntry{logical=6400, physical=641000, timestamp=7400000, size=100, topic='TestTopic', queueId=0}
08:55:14.730 [main] DEBUG com.zephyr.storage.index.SparseIndex - Index hit for logical offset 9038: IndexEntry{logical=9000, physical=901000, timestamp=10000000, size=100, topic='TestTopic', queueId=0}
08:55:14.730 [main] DEBUG com.zephyr.storage.index.SparseIndex - Index hit for logical offset 2426: IndexEntry{logical=2400, physical=241000, timestamp=3400000, size=100, topic='TestTopic', queueId=0}
08:55:14.730 [main] DEBUG com.zephyr.storage.index.SparseIndex - Index hit for logical offset 2136: IndexEntry{logical=2100, physical=211000, timestamp=3100000, size=100, topic='TestTopic', queueId=0}
08:55:14.730 [main] DEBUG com.zephyr.storage.index.SparseIndex - Index hit for logical offset 9040: IndexEntry{logical=9000, physical=901000, timestamp=10000000, size=100, topic='TestTopic', queueId=0}
08:55:14.730 [main] DEBUG com.zephyr.storage.index.SparseIndex - Index hit for logical offset 6881: IndexEntry{logical=6800, physical=681000, timestamp=7800000, size=100, topic='TestTopic', queueId=0}
08:55:14.730 [main] DEBUG com.zephyr.storage.index.SparseIndex - Index hit for logical offset 8094: IndexEntry{logical=8000, physical=801000, timestamp=9000000, size=100, topic='TestTopic', queueId=0}
08:55:14.730 [main] DEBUG com.zephyr.storage.index.SparseIndex - Index hit for logical offset 5652: IndexEntry{logical=5600, physical=561000, timestamp=6600000, size=100, topic='TestTopic', queueId=0}
08:55:14.730 [main] DEBUG com.zephyr.storage.index.SparseIndex - Index hit for logical offset 4800: IndexEntry{logical=4800, physical=481000, timestamp=5800000, size=100, topic='TestTopic', queueId=0}
08:55:14.730 [main] DEBUG com.zephyr.storage.index.SparseIndex - Index hit for logical offset 3616: IndexEntry{logical=3600, physical=361000, timestamp=4600000, size=100, topic='TestTopic', queueId=0}
08:55:14.731 [main] DEBUG com.zephyr.storage.index.SparseIndex - Index hit for logical offset 6243: IndexEntry{logical=6200, physical=621000, timestamp=7200000, size=100, topic='TestTopic', queueId=0}
08:55:14.731 [main] DEBUG com.zephyr.storage.index.SparseIndex - Index hit for logical offset 2604: IndexEntry{logical=2600, physical=261000, timestamp=3600000, size=100, topic='TestTopic', queueId=0}
08:55:14.731 [main] DEBUG com.zephyr.storage.index.SparseIndex - Index hit for logical offset 7929: IndexEntry{logical=7900, physical=791000, timestamp=8900000, size=100, topic='TestTopic', queueId=0}
08:55:14.731 [main] DEBUG com.zephyr.storage.index.SparseIndex - Index hit for logical offset 1651: IndexEntry{logical=1600, physical=161000, timestamp=2600000, size=100, topic='TestTopic', queueId=0}
08:55:14.731 [main] DEBUG com.zephyr.storage.index.SparseIndex - Index hit for logical offset 6603: IndexEntry{logical=6600, physical=661000, timestamp=7600000, size=100, topic='TestTopic', queueId=0}
08:55:14.731 [main] DEBUG com.zephyr.storage.index.SparseIndex - Index hit for logical offset 3788: IndexEntry{logical=3700, physical=371000, timestamp=4700000, size=100, topic='TestTopic', queueId=0}
08:55:14.731 [main] DEBUG com.zephyr.storage.index.SparseIndex - Index hit for logical offset 8975: IndexEntry{logical=8900, physical=891000, timestamp=9900000, size=100, topic='TestTopic', queueId=0}
08:55:14.731 [main] DEBUG com.zephyr.storage.index.SparseIndex - Index hit for logical offset 7833: IndexEntry{logical=7800, physical=781000, timestamp=8800000, size=100, topic='TestTopic', queueId=0}
08:55:14.731 [main] DEBUG com.zephyr.storage.index.SparseIndex - Index hit for logical offset 8367: IndexEntry{logical=8300, physical=831000, timestamp=9300000, size=100, topic='TestTopic', queueId=0}
08:55:14.731 [main] DEBUG com.zephyr.storage.index.SparseIndex - Index hit for logical offset 6063: IndexEntry{logical=6000, physical=601000, timestamp=7000000, size=100, topic='TestTopic', queueId=0}
08:55:14.732 [main] DEBUG com.zephyr.storage.index.SparseIndex - Index hit for logical offset 4875: IndexEntry{logical=4800, physical=481000, timestamp=5800000, size=100, topic='TestTopic', queueId=0}
08:55:14.732 [main] DEBUG com.zephyr.storage.index.SparseIndex - Index hit for logical offset 760: IndexEntry{logical=700, physical=71000, timestamp=1700000, size=100, topic='TestTopic', queueId=0}
08:55:14.732 [main] DEBUG com.zephyr.storage.index.SparseIndex - Index hit for logical offset 3953: IndexEntry{logical=3900, physical=391000, timestamp=4900000, size=100, topic='TestTopic', queueId=0}
08:55:14.732 [main] DEBUG com.zephyr.storage.index.SparseIndex - Index hit for logical offset 1965: IndexEntry{logical=1900, physical=191000, timestamp=2900000, size=100, topic='TestTopic', queueId=0}
08:55:14.732 [main] DEBUG com.zephyr.storage.index.SparseIndex - Index hit for logical offset 3798: IndexEntry{logical=3700, physical=371000, timestamp=4700000, size=100, topic='TestTopic', queueId=0}
08:55:14.732 [main] DEBUG com.zephyr.storage.index.SparseIndex - Index hit for logical offset 5067: IndexEntry{logical=5000, physical=501000, timestamp=6000000, size=100, topic='TestTopic', queueId=0}
08:55:14.732 [main] DEBUG com.zephyr.storage.index.SparseIndex - Index hit for logical offset 3471: IndexEntry{logical=3400, physical=341000, timestamp=4400000, size=100, topic='TestTopic', queueId=0}
08:55:14.732 [main] DEBUG com.zephyr.storage.index.SparseIndex - Index hit for logical offset 5321: IndexEntry{logical=5300, physical=531000, timestamp=6300000, size=100, topic='TestTopic', queueId=0}
08:55:14.732 [main] DEBUG com.zephyr.storage.index.SparseIndex - Index hit for logical offset 2074: IndexEntry{logical=2000, physical=201000, timestamp=3000000, size=100, topic='TestTopic', queueId=0}
08:55:14.732 [main] DEBUG com.zephyr.storage.index.SparseIndex - Index hit for logical offset 9439: IndexEntry{logical=9400, physical=941000, timestamp=10400000, size=100, topic='TestTopic', queueId=0}
08:55:14.732 [main] DEBUG com.zephyr.storage.index.SparseIndex - Index hit for logical offset 9685: IndexEntry{logical=9600, physical=961000, timestamp=10600000, size=100, topic='TestTopic', queueId=0}
08:55:14.733 [main] DEBUG com.zephyr.storage.index.SparseIndex - Index hit for logical offset 5120: IndexEntry{logical=5100, physical=511000, timestamp=6100000, size=100, topic='TestTopic', queueId=0}
08:55:14.733 [main] DEBUG com.zephyr.storage.index.SparseIndex - Index hit for logical offset 4289: IndexEntry{logical=4200, physical=421000, timestamp=5200000, size=100, topic='TestTopic', queueId=0}
08:55:14.733 [main] DEBUG com.zephyr.storage.index.SparseIndex - Index hit for logical offset 3018: IndexEntry{logical=3000, physical=301000, timestamp=4000000, size=100, topic='TestTopic', queueId=0}
08:55:14.733 [main] DEBUG com.zephyr.storage.index.SparseIndex - Index hit for logical offset 5972: IndexEntry{logical=5900, physical=591000, timestamp=6900000, size=100, topic='TestTopic', queueId=0}
08:55:14.733 [main] DEBUG com.zephyr.storage.index.SparseIndex - Index hit for logical offset 2985: IndexEntry{logical=2900, physical=291000, timestamp=3900000, size=100, topic='TestTopic', queueId=0}
08:55:14.733 [main] DEBUG com.zephyr.storage.index.SparseIndex - Index hit for logical offset 1834: IndexEntry{logical=1800, physical=181000, timestamp=2800000, size=100, topic='TestTopic', queueId=0}
08:55:14.733 [main] DEBUG com.zephyr.storage.index.SparseIndex - Index hit for logical offset 5716: IndexEntry{logical=5700, physical=571000, timestamp=6700000, size=100, topic='TestTopic', queueId=0}
08:55:14.733 [main] DEBUG com.zephyr.storage.index.SparseIndex - Index hit for logical offset 7873: IndexEntry{logical=7800, physical=781000, timestamp=8800000, size=100, topic='TestTopic', queueId=0}
08:55:14.733 [main] DEBUG com.zephyr.storage.index.SparseIndex - Index hit for logical offset 570: IndexEntry{logical=500, physical=51000, timestamp=1500000, size=100, topic='TestTopic', queueId=0}
08:55:14.733 [main] DEBUG com.zephyr.storage.index.SparseIndex - Index hit for logical offset 9609: IndexEntry{logical=9600, physical=961000, timestamp=10600000, size=100, topic='TestTopic', queueId=0}
08:55:14.733 [main] DEBUG com.zephyr.storage.index.SparseIndex - Index hit for logical offset 1499: IndexEntry{logical=1400, physical=141000, timestamp=2400000, size=100, topic='TestTopic', queueId=0}
08:55:14.733 [main] DEBUG com.zephyr.storage.index.SparseIndex - Index hit for logical offset 2172: IndexEntry{logical=2100, physical=211000, timestamp=3100000, size=100, topic='TestTopic', queueId=0}
08:55:14.734 [main] DEBUG com.zephyr.storage.index.SparseIndex - Index hit for logical offset 1949: IndexEntry{logical=1900, physical=191000, timestamp=2900000, size=100, topic='TestTopic', queueId=0}
08:55:14.734 [main] DEBUG com.zephyr.storage.index.SparseIndex - Index hit for logical offset 5390: IndexEntry{logical=5300, physical=531000, timestamp=6300000, size=100, topic='TestTopic', queueId=0}
08:55:14.734 [main] DEBUG com.zephyr.storage.index.SparseIndex - Index hit for logical offset 161: IndexEntry{logical=100, physical=11000, timestamp=1100000, size=100, topic='TestTopic', queueId=0}
08:55:14.734 [main] DEBUG com.zephyr.storage.index.SparseIndex - Index hit for logical offset 6126: IndexEntry{logical=6100, physical=611000, timestamp=7100000, size=100, topic='TestTopic', queueId=0}
08:55:14.734 [main] DEBUG com.zephyr.storage.index.SparseIndex - Index hit for logical offset 2635: IndexEntry{logical=2600, physical=261000, timestamp=3600000, size=100, topic='TestTopic', queueId=0}
08:55:14.734 [main] DEBUG com.zephyr.storage.index.SparseIndex - Index hit for logical offset 1438: IndexEntry{logical=1400, physical=141000, timestamp=2400000, size=100, topic='TestTopic', queueId=0}
08:55:14.734 [main] DEBUG com.zephyr.storage.index.SparseIndex - Index hit for logical offset 2324: IndexEntry{logical=2300, physical=231000, timestamp=3300000, size=100, topic='TestTopic', queueId=0}
08:55:14.734 [main] DEBUG com.zephyr.storage.index.SparseIndex - Index hit for logical offset 3477: IndexEntry{logical=3400, physical=341000, timestamp=4400000, size=100, topic='TestTopic', queueId=0}
08:55:14.734 [main] DEBUG com.zephyr.storage.index.SparseIndex - Index hit for logical offset 1268: IndexEntry{logical=1200, physical=121000, timestamp=2200000, size=100, topic='TestTopic', queueId=0}
08:55:14.734 [main] DEBUG com.zephyr.storage.index.SparseIndex - Index hit for logical offset 3342: IndexEntry{logical=3300, physical=331000, timestamp=4300000, size=100, topic='TestTopic', queueId=0}
08:55:14.734 [main] DEBUG com.zephyr.storage.index.SparseIndex - Index hit for logical offset 4436: IndexEntry{logical=4400, physical=441000, timestamp=5400000, size=100, topic='TestTopic', queueId=0}
08:55:14.734 [main] DEBUG com.zephyr.storage.index.SparseIndex - Index hit for logical offset 3171: IndexEntry{logical=3100, physical=311000, timestamp=4100000, size=100, topic='TestTopic', queueId=0}
08:55:14.735 [main] DEBUG com.zephyr.storage.index.SparseIndex - Index hit for logical offset 2190: IndexEntry{logical=2100, physical=211000, timestamp=3100000, size=100, topic='TestTopic', queueId=0}
08:55:14.735 [main] DEBUG com.zephyr.storage.index.SparseIndex - Index hit for logical offset 6789: IndexEntry{logical=6700, physical=671000, timestamp=7700000, size=100, topic='TestTopic', queueId=0}
08:55:14.735 [main] DEBUG com.zephyr.storage.index.SparseIndex - Index hit for logical offset 5384: IndexEntry{logical=5300, physical=531000, timestamp=6300000, size=100, topic='TestTopic', queueId=0}
08:55:14.735 [main] DEBUG com.zephyr.storage.index.SparseIndex - Index hit for logical offset 1327: IndexEntry{logical=1300, physical=131000, timestamp=2300000, size=100, topic='TestTopic', queueId=0}
08:55:14.735 [main] DEBUG com.zephyr.storage.index.SparseIndex - Index hit for logical offset 7139: IndexEntry{logical=7100, physical=711000, timestamp=8100000, size=100, topic='TestTopic', queueId=0}
08:55:14.735 [main] DEBUG com.zephyr.storage.index.SparseIndex - Index hit for logical offset 8992: IndexEntry{logical=8900, physical=891000, timestamp=9900000, size=100, topic='TestTopic', queueId=0}
08:55:14.735 [main] DEBUG com.zephyr.storage.index.SparseIndex - Index hit for logical offset 4045: IndexEntry{logical=4000, physical=401000, timestamp=5000000, size=100, topic='TestTopic', queueId=0}
08:55:14.735 [main] DEBUG com.zephyr.storage.index.SparseIndex - Index hit for logical offset 6935: IndexEntry{logical=6900, physical=691000, timestamp=7900000, size=100, topic='TestTopic', queueId=0}
08:55:14.735 [main] DEBUG com.zephyr.storage.index.SparseIndex - Index hit for logical offset 2132: IndexEntry{logical=2100, physical=211000, timestamp=3100000, size=100, topic='TestTopic', queueId=0}
08:55:14.735 [main] DEBUG com.zephyr.storage.index.SparseIndex - Index hit for logical offset 7822: IndexEntry{logical=7800, physical=781000, timestamp=8800000, size=100, topic='TestTopic', queueId=0}
08:55:14.735 [main] DEBUG com.zephyr.storage.index.SparseIndex - Index hit for logical offset 7516: IndexEntry{logical=7500, physical=751000, timestamp=8500000, size=100, topic='TestTopic', queueId=0}
08:55:14.736 [main] DEBUG com.zephyr.storage.index.SparseIndex - Index hit for logical offset 7019: IndexEntry{logical=7000, physical=701000, timestamp=8000000, size=100, topic='TestTopic', queueId=0}
08:55:14.736 [main] DEBUG com.zephyr.storage.index.SparseIndex - Index hit for logical offset 1215: IndexEntry{logical=1200, physical=121000, timestamp=2200000, size=100, topic='TestTopic', queueId=0}
08:55:14.736 [main] DEBUG com.zephyr.storage.index.SparseIndex - Index hit for logical offset 8382: IndexEntry{logical=8300, physical=831000, timestamp=9300000, size=100, topic='TestTopic', queueId=0}
08:55:14.736 [main] DEBUG com.zephyr.storage.index.SparseIndex - Index hit for logical offset 3108: IndexEntry{logical=3100, physical=311000, timestamp=4100000, size=100, topic='TestTopic', queueId=0}
08:55:14.736 [main] DEBUG com.zephyr.storage.index.SparseIndex - Index hit for logical offset 7523: IndexEntry{logical=7500, physical=751000, timestamp=8500000, size=100, topic='TestTopic', queueId=0}
08:55:14.736 [main] DEBUG com.zephyr.storage.index.SparseIndex - Index hit for logical offset 2228: IndexEntry{logical=2200, physical=221000, timestamp=3200000, size=100, topic='TestTopic', queueId=0}
08:55:14.736 [main] DEBUG com.zephyr.storage.index.SparseIndex - Index hit for logical offset 3672: IndexEntry{logical=3600, physical=361000, timestamp=4600000, size=100, topic='TestTopic', queueId=0}
08:55:14.736 [main] DEBUG com.zephyr.storage.index.SparseIndex - Index hit for logical offset 3270: IndexEntry{logical=3200, physical=321000, timestamp=4200000, size=100, topic='TestTopic', queueId=0}
08:55:14.736 [main] DEBUG com.zephyr.storage.index.SparseIndex - Index hit for logical offset 2086: IndexEntry{logical=2000, physical=201000, timestamp=3000000, size=100, topic='TestTopic', queueId=0}
08:55:14.736 [main] DEBUG com.zephyr.storage.index.SparseIndex - Index hit for logical offset 982: IndexEntry{logical=900, physical=91000, timestamp=1900000, size=100, topic='TestTopic', queueId=0}
08:55:14.736 [main] DEBUG com.zephyr.storage.index.SparseIndex - Index hit for logical offset 3313: IndexEntry{logical=3300, physical=331000, timestamp=4300000, size=100, topic='TestTopic', queueId=0}
08:55:14.736 [main] DEBUG com.zephyr.storage.index.SparseIndex - Index hit for logical offset 1514: IndexEntry{logical=1500, physical=151000, timestamp=2500000, size=100, topic='TestTopic', queueId=0}
08:55:14.737 [main] DEBUG com.zephyr.storage.index.SparseIndex - Index hit for logical offset 2030: IndexEntry{logical=2000, physical=201000, timestamp=3000000, size=100, topic='TestTopic', queueId=0}
08:55:14.737 [main] DEBUG com.zephyr.storage.index.SparseIndex - Index hit for logical offset 9322: IndexEntry{logical=9300, physical=931000, timestamp=10300000, size=100, topic='TestTopic', queueId=0}
08:55:14.737 [main] DEBUG com.zephyr.storage.index.SparseIndex - Index hit for logical offset 1858: IndexEntry{logical=1800, physical=181000, timestamp=2800000, size=100, topic='TestTopic', queueId=0}
08:55:14.737 [main] DEBUG com.zephyr.storage.index.SparseIndex - Index hit for logical offset 9170: IndexEntry{logical=9100, physical=911000, timestamp=10100000, size=100, topic='TestTopic', queueId=0}
08:55:14.737 [main] DEBUG com.zephyr.storage.index.SparseIndex - Index hit for logical offset 7385: IndexEntry{logical=7300, physical=731000, timestamp=8300000, size=100, topic='TestTopic', queueId=0}
08:55:14.737 [main] DEBUG com.zephyr.storage.index.SparseIndex - Index hit for logical offset 9423: IndexEntry{logical=9400, physical=941000, timestamp=10400000, size=100, topic='TestTopic', queueId=0}
08:55:14.737 [main] DEBUG com.zephyr.storage.index.SparseIndex - Index hit for logical offset 6137: IndexEntry{logical=6100, physical=611000, timestamp=7100000, size=100, topic='TestTopic', queueId=0}
08:55:14.737 [main] DEBUG com.zephyr.storage.index.SparseIndex - Index hit for logical offset 7316: IndexEntry{logical=7300, physical=731000, timestamp=8300000, size=100, topic='TestTopic', queueId=0}
08:55:14.737 [main] DEBUG com.zephyr.storage.index.SparseIndex - Index hit for logical offset 582: IndexEntry{logical=500, physical=51000, timestamp=1500000, size=100, topic='TestTopic', queueId=0}
08:55:14.737 [main] DEBUG com.zephyr.storage.index.SparseIndex - Index hit for logical offset 1388: IndexEntry{logical=1300, physical=131000, timestamp=2300000, size=100, topic='TestTopic', queueId=0}
08:55:14.737 [main] DEBUG com.zephyr.storage.index.SparseIndex - Index hit for logical offset 9283: IndexEntry{logical=9200, physical=921000, timestamp=10200000, size=100, topic='TestTopic', queueId=0}
08:55:14.737 [main] DEBUG com.zephyr.storage.index.SparseIndex - Index hit for logical offset 5579: IndexEntry{logical=5500, physical=551000, timestamp=6500000, size=100, topic='TestTopic', queueId=0}
08:55:14.738 [main] DEBUG com.zephyr.storage.index.SparseIndex - Index hit for logical offset 1570: IndexEntry{logical=1500, physical=151000, timestamp=2500000, size=100, topic='TestTopic', queueId=0}
08:55:14.738 [main] DEBUG com.zephyr.storage.index.SparseIndex - Index hit for logical offset 3696: IndexEntry{logical=3600, physical=361000, timestamp=4600000, size=100, topic='TestTopic', queueId=0}
08:55:14.738 [main] DEBUG com.zephyr.storage.index.SparseIndex - Index hit for logical offset 7613: IndexEntry{logical=7600, physical=761000, timestamp=8600000, size=100, topic='TestTopic', queueId=0}
08:55:14.738 [main] DEBUG com.zephyr.storage.index.SparseIndex - Index hit for logical offset 9711: IndexEntry{logical=9700, physical=971000, timestamp=10700000, size=100, topic='TestTopic', queueId=0}
08:55:14.738 [main] DEBUG com.zephyr.storage.index.SparseIndex - Index hit for logical offset 5528: IndexEntry{logical=5500, physical=551000, timestamp=6500000, size=100, topic='TestTopic', queueId=0}
08:55:14.738 [main] DEBUG com.zephyr.storage.index.SparseIndex - Index hit for logical offset 6395: IndexEntry{logical=6300, physical=631000, timestamp=7300000, size=100, topic='TestTopic', queueId=0}
08:55:14.738 [main] DEBUG com.zephyr.storage.index.SparseIndex - Index hit for logical offset 5389: IndexEntry{logical=5300, physical=531000, timestamp=6300000, size=100, topic='TestTopic', queueId=0}
08:55:14.738 [main] DEBUG com.zephyr.storage.index.SparseIndex - Index hit for logical offset 2752: IndexEntry{logical=2700, physical=271000, timestamp=3700000, size=100, topic='TestTopic', queueId=0}
08:55:14.738 [main] DEBUG com.zephyr.storage.index.SparseIndex - Index hit for logical offset 2110: IndexEntry{logical=2100, physical=211000, timestamp=3100000, size=100, topic='TestTopic', queueId=0}
08:55:14.738 [main] DEBUG com.zephyr.storage.index.SparseIndex - Index hit for logical offset 5055: IndexEntry{logical=5000, physical=501000, timestamp=6000000, size=100, topic='TestTopic', queueId=0}
08:55:14.739 [main] DEBUG com.zephyr.storage.index.SparseIndex - Index hit for logical offset 1612: IndexEntry{logical=1600, physical=161000, timestamp=2600000, size=100, topic='TestTopic', queueId=0}
08:55:14.739 [main] DEBUG com.zephyr.storage.index.SparseIndex - Index hit for logical offset 456: IndexEntry{logical=400, physical=41000, timestamp=1400000, size=100, topic='TestTopic', queueId=0}
08:55:14.739 [main] DEBUG com.zephyr.storage.index.SparseIndex - Index hit for logical offset 8198: IndexEntry{logical=8100, physical=811000, timestamp=9100000, size=100, topic='TestTopic', queueId=0}
08:55:14.739 [main] DEBUG com.zephyr.storage.index.SparseIndex - Index hit for logical offset 9458: IndexEntry{logical=9400, physical=941000, timestamp=10400000, size=100, topic='TestTopic', queueId=0}
08:55:14.739 [main] DEBUG com.zephyr.storage.index.SparseIndex - Index hit for logical offset 2488: IndexEntry{logical=2400, physical=241000, timestamp=3400000, size=100, topic='TestTopic', queueId=0}
08:55:14.739 [main] DEBUG com.zephyr.storage.index.SparseIndex - Index hit for logical offset 204: IndexEntry{logical=200, physical=21000, timestamp=1200000, size=100, topic='TestTopic', queueId=0}
08:55:14.739 [main] DEBUG com.zephyr.storage.index.SparseIndex - Index hit for logical offset 4515: IndexEntry{logical=4500, physical=451000, timestamp=5500000, size=100, topic='TestTopic', queueId=0}
08:55:14.739 [main] DEBUG com.zephyr.storage.index.SparseIndex - Index hit for logical offset 4735: IndexEntry{logical=4700, physical=471000, timestamp=5700000, size=100, topic='TestTopic', queueId=0}
08:55:14.739 [main] DEBUG com.zephyr.storage.index.SparseIndex - Index hit for logical offset 2962: IndexEntry{logical=2900, physical=291000, timestamp=3900000, size=100, topic='TestTopic', queueId=0}
08:55:14.739 [main] DEBUG com.zephyr.storage.index.SparseIndex - Index hit for logical offset 4076: IndexEntry{logical=4000, physical=401000, timestamp=5000000, size=100, topic='TestTopic', queueId=0}
08:55:14.739 [main] DEBUG com.zephyr.storage.index.SparseIndex - Index hit for logical offset 138: IndexEntry{logical=100, physical=11000, timestamp=1100000, size=100, topic='TestTopic', queueId=0}
08:55:14.740 [main] DEBUG com.zephyr.storage.index.SparseIndex - Index hit for logical offset 4267: IndexEntry{logical=4200, physical=421000, timestamp=5200000, size=100, topic='TestTopic', queueId=0}
08:55:14.740 [main] DEBUG com.zephyr.storage.index.SparseIndex - Index hit for logical offset 818: IndexEntry{logical=800, physical=81000, timestamp=1800000, size=100, topic='TestTopic', queueId=0}
08:55:14.740 [main] DEBUG com.zephyr.storage.index.SparseIndex - Index hit for logical offset 972: IndexEntry{logical=900, physical=91000, timestamp=1900000, size=100, topic='TestTopic', queueId=0}
08:55:14.740 [main] DEBUG com.zephyr.storage.index.SparseIndex - Index hit for logical offset 7932: IndexEntry{logical=7900, physical=791000, timestamp=8900000, size=100, topic='TestTopic', queueId=0}
08:55:14.740 [main] DEBUG com.zephyr.storage.index.SparseIndex - Index hit for logical offset 3030: IndexEntry{logical=3000, physical=301000, timestamp=4000000, size=100, topic='TestTopic', queueId=0}
08:55:14.740 [main] DEBUG com.zephyr.storage.index.SparseIndex - Index hit for logical offset 7228: IndexEntry{logical=7200, physical=721000, timestamp=8200000, size=100, topic='TestTopic', queueId=0}
08:55:14.740 [main] DEBUG com.zephyr.storage.index.SparseIndex - Index hit for logical offset 9709: IndexEntry{logical=9700, physical=971000, timestamp=10700000, size=100, topic='TestTopic', queueId=0}
08:55:14.740 [main] DEBUG com.zephyr.storage.index.SparseIndex - Index hit for logical offset 8238: IndexEntry{logical=8200, physical=821000, timestamp=9200000, size=100, topic='TestTopic', queueId=0}
08:55:14.740 [main] DEBUG com.zephyr.storage.index.SparseIndex - Index hit for logical offset 7253: IndexEntry{logical=7200, physical=721000, timestamp=8200000, size=100, topic='TestTopic', queueId=0}
08:55:14.740 [main] DEBUG com.zephyr.storage.index.SparseIndex - Index hit for logical offset 8364: IndexEntry{logical=8300, physical=831000, timestamp=9300000, size=100, topic='TestTopic', queueId=0}
08:55:14.740 [main] DEBUG com.zephyr.storage.index.SparseIndex - Index hit for logical offset 4885: IndexEntry{logical=4800, physical=481000, timestamp=5800000, size=100, topic='TestTopic', queueId=0}
08:55:14.740 [main] DEBUG com.zephyr.storage.index.SparseIndex - Index hit for logical offset 7781: IndexEntry{logical=7700, physical=771000, timestamp=8700000, size=100, topic='TestTopic', queueId=0}
08:55:14.740 [main] DEBUG com.zephyr.storage.index.SparseIndex - Index hit for logical offset 1301: IndexEntry{logical=1300, physical=131000, timestamp=2300000, size=100, topic='TestTopic', queueId=0}
08:55:14.741 [main] DEBUG com.zephyr.storage.index.SparseIndex - Index hit for logical offset 3700: IndexEntry{logical=3700, physical=371000, timestamp=4700000, size=100, topic='TestTopic', queueId=0}
08:55:14.741 [main] DEBUG com.zephyr.storage.index.SparseIndex - Index hit for logical offset 9952: IndexEntry{logical=9900, physical=991000, timestamp=10900000, size=100, topic='TestTopic', queueId=0}
08:55:14.741 [main] DEBUG com.zephyr.storage.index.SparseIndex - Index hit for logical offset 5663: IndexEntry{logical=5600, physical=561000, timestamp=6600000, size=100, topic='TestTopic', queueId=0}
08:55:14.741 [main] DEBUG com.zephyr.storage.index.SparseIndex - Index hit for logical offset 5479: IndexEntry{logical=5400, physical=541000, timestamp=6400000, size=100, topic='TestTopic', queueId=0}
08:55:14.741 [main] DEBUG com.zephyr.storage.index.SparseIndex - Index hit for logical offset 7969: IndexEntry{logical=7900, physical=791000, timestamp=8900000, size=100, topic='TestTopic', queueId=0}
08:55:14.741 [main] DEBUG com.zephyr.storage.index.SparseIndex - Index hit for logical offset 7439: IndexEntry{logical=7400, physical=741000, timestamp=8400000, size=100, topic='TestTopic', queueId=0}
08:55:14.741 [main] DEBUG com.zephyr.storage.index.SparseIndex - Index hit for logical offset 8591: IndexEntry{logical=8500, physical=851000, timestamp=9500000, size=100, topic='TestTopic', queueId=0}
08:55:14.741 [main] DEBUG com.zephyr.storage.index.SparseIndex - Index hit for logical offset 9117: IndexEntry{logical=9100, physical=911000, timestamp=10100000, size=100, topic='TestTopic', queueId=0}
08:55:14.741 [main] DEBUG com.zephyr.storage.index.SparseIndex - Index hit for logical offset 5398: IndexEntry{logical=5300, physical=531000, timestamp=6300000, size=100, topic='TestTopic', queueId=0}
08:55:14.741 [main] DEBUG com.zephyr.storage.index.SparseIndex - Index hit for logical offset 4539: IndexEntry{logical=4500, physical=451000, timestamp=5500000, size=100, topic='TestTopic', queueId=0}
08:55:14.741 [main] DEBUG com.zephyr.storage.index.SparseIndex - Index hit for logical offset 3009: IndexEntry{logical=3000, physical=301000, timestamp=4000000, size=100, topic='TestTopic', queueId=0}
08:55:14.741 [main] DEBUG com.zephyr.storage.index.SparseIndex - Index hit for logical offset 1727: IndexEntry{logical=1700, physical=171000, timestamp=2700000, size=100, topic='TestTopic', queueId=0}
08:55:14.741 [main] DEBUG com.zephyr.storage.index.SparseIndex - Index hit for logical offset 6799: IndexEntry{logical=6700, physical=671000, timestamp=7700000, size=100, topic='TestTopic', queueId=0}
08:55:14.741 [main] DEBUG com.zephyr.storage.index.SparseIndex - Index hit for logical offset 3381: IndexEntry{logical=3300, physical=331000, timestamp=4300000, size=100, topic='TestTopic', queueId=0}
08:55:14.741 [main] DEBUG com.zephyr.storage.index.SparseIndex - Index hit for logical offset 2701: IndexEntry{logical=2700, physical=271000, timestamp=3700000, size=100, topic='TestTopic', queueId=0}
08:55:14.741 [main] DEBUG com.zephyr.storage.index.SparseIndex - Index hit for logical offset 1283: IndexEntry{logical=1200, physical=121000, timestamp=2200000, size=100, topic='TestTopic', queueId=0}
08:55:14.741 [main] DEBUG com.zephyr.storage.index.SparseIndex - Index hit for logical offset 2372: IndexEntry{logical=2300, physical=231000, timestamp=3300000, size=100, topic='TestTopic', queueId=0}
08:55:14.741 [main] DEBUG com.zephyr.storage.index.SparseIndex - Index hit for logical offset 9232: IndexEntry{logical=9200, physical=921000, timestamp=10200000, size=100, topic='TestTopic', queueId=0}
08:55:14.741 [main] DEBUG com.zephyr.storage.index.SparseIndex - Index hit for logical offset 6592: IndexEntry{logical=6500, physical=651000, timestamp=7500000, size=100, topic='TestTopic', queueId=0}
08:55:14.741 [main] DEBUG com.zephyr.storage.index.SparseIndex - Index hit for logical offset 2764: IndexEntry{logical=2700, physical=271000, timestamp=3700000, size=100, topic='TestTopic', queueId=0}
08:55:14.741 [main] DEBUG com.zephyr.storage.index.SparseIndex - Index hit for logical offset 5672: IndexEntry{logical=5600, physical=561000, timestamp=6600000, size=100, topic='TestTopic', queueId=0}
08:55:14.741 [main] DEBUG com.zephyr.storage.index.SparseIndex - Index hit for logical offset 6599: IndexEntry{logical=6500, physical=651000, timestamp=7500000, size=100, topic='TestTopic', queueId=0}
08:55:14.742 [main] DEBUG com.zephyr.storage.index.SparseIndex - Index hit for logical offset 2988: IndexEntry{logical=2900, physical=291000, timestamp=3900000, size=100, topic='TestTopic', queueId=0}
08:55:14.742 [main] DEBUG com.zephyr.storage.index.SparseIndex - Index hit for logical offset 1957: IndexEntry{logical=1900, physical=191000, timestamp=2900000, size=100, topic='TestTopic', queueId=0}
08:55:14.742 [main] DEBUG com.zephyr.storage.index.SparseIndex - Index hit for logical offset 7078: IndexEntry{logical=7000, physical=701000, timestamp=8000000, size=100, topic='TestTopic', queueId=0}
08:55:14.742 [main] DEBUG com.zephyr.storage.index.SparseIndex - Index hit for logical offset 2738: IndexEntry{logical=2700, physical=271000, timestamp=3700000, size=100, topic='TestTopic', queueId=0}
08:55:14.742 [main] DEBUG com.zephyr.storage.index.SparseIndex - Index hit for logical offset 3281: IndexEntry{logical=3200, physical=321000, timestamp=4200000, size=100, topic='TestTopic', queueId=0}
08:55:14.742 [main] DEBUG com.zephyr.storage.index.SparseIndex - Index hit for logical offset 9248: IndexEntry{logical=9200, physical=921000, timestamp=10200000, size=100, topic='TestTopic', queueId=0}
08:55:14.742 [main] DEBUG com.zephyr.storage.index.SparseIndex - Index hit for logical offset 8318: IndexEntry{logical=8300, physical=831000, timestamp=9300000, size=100, topic='TestTopic', queueId=0}
08:55:14.742 [main] DEBUG com.zephyr.storage.index.SparseIndex - Index hit for logical offset 428: IndexEntry{logical=400, physical=41000, timestamp=1400000, size=100, topic='TestTopic', queueId=0}
08:55:14.742 [main] DEBUG com.zephyr.storage.index.SparseIndex - Index hit for logical offset 290: IndexEntry{logical=200, physical=21000, timestamp=1200000, size=100, topic='TestTopic', queueId=0}
08:55:14.742 [main] DEBUG com.zephyr.storage.index.SparseIndex - Index hit for logical offset 5601: IndexEntry{logical=5600, physical=561000, timestamp=6600000, size=100, topic='TestTopic', queueId=0}
08:55:14.742 [main] DEBUG com.zephyr.storage.index.SparseIndex - Index hit for logical offset 3146: IndexEntry{logical=3100, physical=311000, timestamp=4100000, size=100, topic='TestTopic', queueId=0}
08:55:14.742 [main] DEBUG com.zephyr.storage.index.SparseIndex - Index hit for logical offset 7049: IndexEntry{logical=7000, physical=701000, timestamp=8000000, size=100, topic='TestTopic', queueId=0}
08:55:14.742 [main] DEBUG com.zephyr.storage.index.SparseIndex - Index hit for logical offset 3803: IndexEntry{logical=3800, physical=381000, timestamp=4800000, size=100, topic='TestTopic', queueId=0}
08:55:14.742 [main] DEBUG com.zephyr.storage.index.SparseIndex - Index hit for logical offset 8279: IndexEntry{logical=8200, physical=821000, timestamp=9200000, size=100, topic='TestTopic', queueId=0}
08:55:14.742 [main] DEBUG com.zephyr.storage.index.SparseIndex - Index hit for logical offset 3082: IndexEntry{logical=3000, physical=301000, timestamp=4000000, size=100, topic='TestTopic', queueId=0}
08:55:14.742 [main] DEBUG com.zephyr.storage.index.SparseIndex - Index hit for logical offset 4963: IndexEntry{logical=4900, physical=491000, timestamp=5900000, size=100, topic='TestTopic', queueId=0}
08:55:14.742 [main] DEBUG com.zephyr.storage.index.SparseIndex - Index hit for logical offset 8686: IndexEntry{logical=8600, physical=861000, timestamp=9600000, size=100, topic='TestTopic', queueId=0}
08:55:14.742 [main] DEBUG com.zephyr.storage.index.SparseIndex - Index hit for logical offset 6984: IndexEntry{logical=6900, physical=691000, timestamp=7900000, size=100, topic='TestTopic', queueId=0}
08:55:14.742 [main] DEBUG com.zephyr.storage.index.SparseIndex - Index hit for logical offset 1291: IndexEntry{logical=1200, physical=121000, timestamp=2200000, size=100, topic='TestTopic', queueId=0}
08:55:14.742 [main] DEBUG com.zephyr.storage.index.SparseIndex - Index hit for logical offset 9008: IndexEntry{logical=9000, physical=901000, timestamp=10000000, size=100, topic='TestTopic', queueId=0}
08:55:14.742 [main] DEBUG com.zephyr.storage.index.SparseIndex - Index hit for logical offset 8913: IndexEntry{logical=8900, physical=891000, timestamp=9900000, size=100, topic='TestTopic', queueId=0}
08:55:14.742 [main] DEBUG com.zephyr.storage.index.SparseIndex - Index hit for logical offset 2034: IndexEntry{logical=2000, physical=201000, timestamp=3000000, size=100, topic='TestTopic', queueId=0}
08:55:14.742 [main] DEBUG com.zephyr.storage.index.SparseIndex - Index hit for logical offset 2135: IndexEntry{logical=2100, physical=211000, timestamp=3100000, size=100, topic='TestTopic', queueId=0}
08:55:14.742 [main] DEBUG com.zephyr.storage.index.SparseIndex - Index hit for logical offset 489: IndexEntry{logical=400, physical=41000, timestamp=1400000, size=100, topic='TestTopic', queueId=0}
08:55:14.742 [main] DEBUG com.zephyr.storage.index.SparseIndex - Index hit for logical offset 4298: IndexEntry{logical=4200, physical=421000, timestamp=5200000, size=100, topic='TestTopic', queueId=0}
08:55:14.742 [main] DEBUG com.zephyr.storage.index.SparseIndex - Index hit for logical offset 4964: IndexEntry{logical=4900, physical=491000, timestamp=5900000, size=100, topic='TestTopic', queueId=0}
08:55:14.742 [main] DEBUG com.zephyr.storage.index.SparseIndex - Index hit for logical offset 8699: IndexEntry{logical=8600, physical=861000, timestamp=9600000, size=100, topic='TestTopic', queueId=0}
08:55:14.742 [main] DEBUG com.zephyr.storage.index.SparseIndex - Index hit for logical offset 3501: IndexEntry{logical=3500, physical=351000, timestamp=4500000, size=100, topic='TestTopic', queueId=0}
08:55:14.742 [main] DEBUG com.zephyr.storage.index.SparseIndex - Index hit for logical offset 5364: IndexEntry{logical=5300, physical=531000, timestamp=6300000, size=100, topic='TestTopic', queueId=0}
08:55:14.742 [main] DEBUG com.zephyr.storage.index.SparseIndex - Index hit for logical offset 8502: IndexEntry{logical=8500, physical=851000, timestamp=9500000, size=100, topic='TestTopic', queueId=0}
08:55:14.742 [main] DEBUG com.zephyr.storage.index.SparseIndex - Index hit for logical offset 5712: IndexEntry{logical=5700, physical=571000, timestamp=6700000, size=100, topic='TestTopic', queueId=0}
08:55:14.742 [main] DEBUG com.zephyr.storage.index.SparseIndex - Index hit for logical offset 8624: IndexEntry{logical=8600, physical=861000, timestamp=9600000, size=100, topic='TestTopic', queueId=0}
08:55:14.742 [main] DEBUG com.zephyr.storage.index.SparseIndex - Index hit for logical offset 5774: IndexEntry{logical=5700, physical=571000, timestamp=6700000, size=100, topic='TestTopic', queueId=0}
08:55:14.742 [main] DEBUG com.zephyr.storage.index.SparseIndex - Index hit for logical offset 7274: IndexEntry{logical=7200, physical=721000, timestamp=8200000, size=100, topic='TestTopic', queueId=0}
08:55:14.742 [main] DEBUG com.zephyr.storage.index.SparseIndex - Index hit for logical offset 632: IndexEntry{logical=600, physical=61000, timestamp=1600000, size=100, topic='TestTopic', queueId=0}
08:55:14.742 [main] DEBUG com.zephyr.storage.index.SparseIndex - Index hit for logical offset 1081: IndexEntry{logical=1000, physical=101000, timestamp=2000000, size=100, topic='TestTopic', queueId=0}
08:55:14.742 [main] DEBUG com.zephyr.storage.index.SparseIndex - Index hit for logical offset 1078: IndexEntry{logical=1000, physical=101000, timestamp=2000000, size=100, topic='TestTopic', queueId=0}
08:55:14.742 [main] DEBUG com.zephyr.storage.index.SparseIndex - Index hit for logical offset 2758: IndexEntry{logical=2700, physical=271000, timestamp=3700000, size=100, topic='TestTopic', queueId=0}
08:55:14.743 [main] DEBUG com.zephyr.storage.index.SparseIndex - Index hit for logical offset 1429: IndexEntry{logical=1400, physical=141000, timestamp=2400000, size=100, topic='TestTopic', queueId=0}
08:55:14.743 [main] DEBUG com.zephyr.storage.index.SparseIndex - Index hit for logical offset 5286: IndexEntry{logical=5200, physical=521000, timestamp=6200000, size=100, topic='TestTopic', queueId=0}
08:55:14.743 [main] DEBUG com.zephyr.storage.index.SparseIndex - Index hit for logical offset 7124: IndexEntry{logical=7100, physical=711000, timestamp=8100000, size=100, topic='TestTopic', queueId=0}
08:55:14.743 [main] DEBUG com.zephyr.storage.index.SparseIndex - Index hit for logical offset 6047: IndexEntry{logical=6000, physical=601000, timestamp=7000000, size=100, topic='TestTopic', queueId=0}
08:55:14.743 [main] DEBUG com.zephyr.storage.index.SparseIndex - Index hit for logical offset 5585: IndexEntry{logical=5500, physical=551000, timestamp=6500000, size=100, topic='TestTopic', queueId=0}
08:55:14.743 [main] DEBUG com.zephyr.storage.index.SparseIndex - Index hit for logical offset 5416: IndexEntry{logical=5400, physical=541000, timestamp=6400000, size=100, topic='TestTopic', queueId=0}
08:55:14.743 [main] DEBUG com.zephyr.storage.index.SparseIndex - Index hit for logical offset 1434: IndexEntry{logical=1400, physical=141000, timestamp=2400000, size=100, topic='TestTopic', queueId=0}
08:55:14.743 [main] DEBUG com.zephyr.storage.index.SparseIndex - Index hit for logical offset 9788: IndexEntry{logical=9700, physical=971000, timestamp=10700000, size=100, topic='TestTopic', queueId=0}
08:55:14.743 [main] DEBUG com.zephyr.storage.index.SparseIndex - Index hit for logical offset 1206: IndexEntry{logical=1200, physical=121000, timestamp=2200000, size=100, topic='TestTopic', queueId=0}
08:55:14.743 [main] DEBUG com.zephyr.storage.index.SparseIndex - Index hit for logical offset 2065: IndexEntry{logical=2000, physical=201000, timestamp=3000000, size=100, topic='TestTopic', queueId=0}
08:55:14.743 [main] DEBUG com.zephyr.storage.index.SparseIndex - Index hit for logical offset 6070: IndexEntry{logical=6000, physical=601000, timestamp=7000000, size=100, topic='TestTopic', queueId=0}
08:55:14.743 [main] DEBUG com.zephyr.storage.index.SparseIndex - Index hit for logical offset 6297: IndexEntry{logical=6200, physical=621000, timestamp=7200000, size=100, topic='TestTopic', queueId=0}
08:55:14.743 [main] DEBUG com.zephyr.storage.index.SparseIndex - Index hit for logical offset 7747: IndexEntry{logical=7700, physical=771000, timestamp=8700000, size=100, topic='TestTopic', queueId=0}
08:55:14.743 [main] DEBUG com.zephyr.storage.index.SparseIndex - Index hit for logical offset 8379: IndexEntry{logical=8300, physical=831000, timestamp=9300000, size=100, topic='TestTopic', queueId=0}
08:55:14.743 [main] DEBUG com.zephyr.storage.index.SparseIndex - Index hit for logical offset 1093: IndexEntry{logical=1000, physical=101000, timestamp=2000000, size=100, topic='TestTopic', queueId=0}
08:55:14.743 [main] DEBUG com.zephyr.storage.index.SparseIndex - Index hit for logical offset 2311: IndexEntry{logical=2300, physical=231000, timestamp=3300000, size=100, topic='TestTopic', queueId=0}
08:55:14.743 [main] DEBUG com.zephyr.storage.index.SparseIndex - Index hit for logical offset 853: IndexEntry{logical=800, physical=81000, timestamp=1800000, size=100, topic='TestTopic', queueId=0}
08:55:14.743 [main] DEBUG com.zephyr.storage.index.SparseIndex - Index hit for logical offset 5132: IndexEntry{logical=5100, physical=511000, timestamp=6100000, size=100, topic='TestTopic', queueId=0}
08:55:14.743 [main] DEBUG com.zephyr.storage.index.SparseIndex - Index hit for logical offset 3569: IndexEntry{logical=3500, physical=351000, timestamp=4500000, size=100, topic='TestTopic', queueId=0}
08:55:14.743 [main] DEBUG com.zephyr.storage.index.SparseIndex - Index hit for logical offset 2082: IndexEntry{logical=2000, physical=201000, timestamp=3000000, size=100, topic='TestTopic', queueId=0}
08:55:14.743 [main] DEBUG com.zephyr.storage.index.SparseIndex - Index hit for logical offset 3079: IndexEntry{logical=3000, physical=301000, timestamp=4000000, size=100, topic='TestTopic', queueId=0}
08:55:14.743 [main] DEBUG com.zephyr.storage.index.SparseIndex - Index hit for logical offset 3158: IndexEntry{logical=3100, physical=311000, timestamp=4100000, size=100, topic='TestTopic', queueId=0}
08:55:14.743 [main] DEBUG com.zephyr.storage.index.SparseIndex - Index hit for logical offset 8268: IndexEntry{logical=8200, physical=821000, timestamp=9200000, size=100, topic='TestTopic', queueId=0}
08:55:14.743 [main] DEBUG com.zephyr.storage.index.SparseIndex - Index hit for logical offset 9596: IndexEntry{logical=9500, physical=951000, timestamp=10500000, size=100, topic='TestTopic', queueId=0}
08:55:14.743 [main] DEBUG com.zephyr.storage.index.SparseIndex - Index hit for logical offset 9832: IndexEntry{logical=9800, physical=981000, timestamp=10800000, size=100, topic='TestTopic', queueId=0}
08:55:14.743 [main] DEBUG com.zephyr.storage.index.SparseIndex - Index hit for logical offset 3253: IndexEntry{logical=3200, physical=321000, timestamp=4200000, size=100, topic='TestTopic', queueId=0}
08:55:14.743 [main] DEBUG com.zephyr.storage.index.SparseIndex - Index hit for logical offset 2685: IndexEntry{logical=2600, physical=261000, timestamp=3600000, size=100, topic='TestTopic', queueId=0}
08:55:14.743 [main] DEBUG com.zephyr.storage.index.SparseIndex - Index hit for logical offset 7591: IndexEntry{logical=7500, physical=751000, timestamp=8500000, size=100, topic='TestTopic', queueId=0}
08:55:14.743 [main] DEBUG com.zephyr.storage.index.SparseIndex - Index hit for logical offset 7789: IndexEntry{logical=7700, physical=771000, timestamp=8700000, size=100, topic='TestTopic', queueId=0}
08:55:14.743 [main] DEBUG com.zephyr.storage.index.SparseIndex - Index hit for logical offset 8215: IndexEntry{logical=8200, physical=821000, timestamp=9200000, size=100, topic='TestTopic', queueId=0}
08:55:14.743 [main] DEBUG com.zephyr.storage.index.SparseIndex - Index hit for logical offset 851: IndexEntry{logical=800, physical=81000, timestamp=1800000, size=100, topic='TestTopic', queueId=0}
08:55:14.743 [main] DEBUG com.zephyr.storage.index.SparseIndex - Index hit for logical offset 5737: IndexEntry{logical=5700, physical=571000, timestamp=6700000, size=100, topic='TestTopic', queueId=0}
08:55:14.743 [main] DEBUG com.zephyr.storage.index.SparseIndex - Index hit for logical offset 1264: IndexEntry{logical=1200, physical=121000, timestamp=2200000, size=100, topic='TestTopic', queueId=0}
08:55:14.743 [main] DEBUG com.zephyr.storage.index.SparseIndex - Index hit for logical offset 9041: IndexEntry{logical=9000, physical=901000, timestamp=10000000, size=100, topic='TestTopic', queueId=0}
08:55:14.743 [main] DEBUG com.zephyr.storage.index.SparseIndex - Index hit for logical offset 7456: IndexEntry{logical=7400, physical=741000, timestamp=8400000, size=100, topic='TestTopic', queueId=0}
08:55:14.743 [main] DEBUG com.zephyr.storage.index.SparseIndex - Index hit for logical offset 2856: IndexEntry{logical=2800, physical=281000, timestamp=3800000, size=100, topic='TestTopic', queueId=0}
08:55:14.744 [main] DEBUG com.zephyr.storage.index.SparseIndex - Index hit for logical offset 494: IndexEntry{logical=400, physical=41000, timestamp=1400000, size=100, topic='TestTopic', queueId=0}
08:55:14.744 [main] DEBUG com.zephyr.storage.index.SparseIndex - Index hit for logical offset 7469: IndexEntry{logical=7400, physical=741000, timestamp=8400000, size=100, topic='TestTopic', queueId=0}
08:55:14.744 [main] DEBUG com.zephyr.storage.index.SparseIndex - Index hit for logical offset 6323: IndexEntry{logical=6300, physical=631000, timestamp=7300000, size=100, topic='TestTopic', queueId=0}
08:55:14.744 [main] DEBUG com.zephyr.storage.index.SparseIndex - Index hit for logical offset 8374: IndexEntry{logical=8300, physical=831000, timestamp=9300000, size=100, topic='TestTopic', queueId=0}
08:55:14.744 [main] DEBUG com.zephyr.storage.index.SparseIndex - Index hit for logical offset 4696: IndexEntry{logical=4600, physical=461000, timestamp=5600000, size=100, topic='TestTopic', queueId=0}
08:55:14.744 [main] DEBUG com.zephyr.storage.index.SparseIndex - Index hit for logical offset 24: IndexEntry{logical=0, physical=1000, timestamp=1000000, size=100, topic='TestTopic', queueId=0}
08:55:14.744 [main] DEBUG com.zephyr.storage.index.SparseIndex - Index hit for logical offset 4938: IndexEntry{logical=4900, physical=491000, timestamp=5900000, size=100, topic='TestTopic', queueId=0}
08:55:14.744 [main] DEBUG com.zephyr.storage.index.SparseIndex - Index hit for logical offset 6344: IndexEntry{logical=6300, physical=631000, timestamp=7300000, size=100, topic='TestTopic', queueId=0}
08:55:14.744 [main] DEBUG com.zephyr.storage.index.SparseIndex - Index hit for logical offset 1853: IndexEntry{logical=1800, physical=181000, timestamp=2800000, size=100, topic='TestTopic', queueId=0}
08:55:14.744 [main] DEBUG com.zephyr.storage.index.SparseIndex - Index hit for logical offset 4529: IndexEntry{logical=4500, physical=451000, timestamp=5500000, size=100, topic='TestTopic', queueId=0}
08:55:14.744 [main] DEBUG com.zephyr.storage.index.SparseIndex - Index hit for logical offset 9847: IndexEntry{logical=9800, physical=981000, timestamp=10800000, size=100, topic='TestTopic', queueId=0}
08:55:14.744 [main] DEBUG com.zephyr.storage.index.SparseIndex - Index hit for logical offset 1324: IndexEntry{logical=1300, physical=131000, timestamp=2300000, size=100, topic='TestTopic', queueId=0}
08:55:14.744 [main] DEBUG com.zephyr.storage.index.SparseIndex - Index hit for logical offset 6680: IndexEntry{logical=6600, physical=661000, timestamp=7600000, size=100, topic='TestTopic', queueId=0}
08:55:14.744 [main] DEBUG com.zephyr.storage.index.SparseIndex - Index hit for logical offset 8637: IndexEntry{logical=8600, physical=861000, timestamp=9600000, size=100, topic='TestTopic', queueId=0}
08:55:14.744 [main] DEBUG com.zephyr.storage.index.SparseIndex - Index hit for logical offset 6084: IndexEntry{logical=6000, physical=601000, timestamp=7000000, size=100, topic='TestTopic', queueId=0}
08:55:14.744 [main] DEBUG com.zephyr.storage.index.SparseIndex - Index hit for logical offset 9131: IndexEntry{logical=9100, physical=911000, timestamp=10100000, size=100, topic='TestTopic', queueId=0}
08:55:14.744 [main] DEBUG com.zephyr.storage.index.SparseIndex - Index hit for logical offset 7978: IndexEntry{logical=7900, physical=791000, timestamp=8900000, size=100, topic='TestTopic', queueId=0}
08:55:14.744 [main] DEBUG com.zephyr.storage.index.SparseIndex - Index hit for logical offset 1353: IndexEntry{logical=1300, physical=131000, timestamp=2300000, size=100, topic='TestTopic', queueId=0}
08:55:14.744 [main] DEBUG com.zephyr.storage.index.SparseIndex - Index hit for logical offset 7466: IndexEntry{logical=7400, physical=741000, timestamp=8400000, size=100, topic='TestTopic', queueId=0}
08:55:14.744 [main] DEBUG com.zephyr.storage.index.SparseIndex - Index hit for logical offset 7111: IndexEntry{logical=7100, physical=711000, timestamp=8100000, size=100, topic='TestTopic', queueId=0}
08:55:14.744 [main] DEBUG com.zephyr.storage.index.SparseIndex - Index hit for logical offset 6697: IndexEntry{logical=6600, physical=661000, timestamp=7600000, size=100, topic='TestTopic', queueId=0}
08:55:14.744 [main] DEBUG com.zephyr.storage.index.SparseIndex - Index hit for logical offset 2756: IndexEntry{logical=2700, physical=271000, timestamp=3700000, size=100, topic='TestTopic', queueId=0}
08:55:14.744 [main] DEBUG com.zephyr.storage.index.SparseIndex - Index hit for logical offset 3613: IndexEntry{logical=3600, physical=361000, timestamp=4600000, size=100, topic='TestTopic', queueId=0}
08:55:14.744 [main] DEBUG com.zephyr.storage.index.SparseIndex - Index hit for logical offset 7897: IndexEntry{logical=7800, physical=781000, timestamp=8800000, size=100, topic='TestTopic', queueId=0}
08:55:14.744 [main] DEBUG com.zephyr.storage.index.SparseIndex - Index hit for logical offset 6384: IndexEntry{logical=6300, physical=631000, timestamp=7300000, size=100, topic='TestTopic', queueId=0}
08:55:14.744 [main] DEBUG com.zephyr.storage.index.SparseIndex - Index hit for logical offset 4165: IndexEntry{logical=4100, physical=411000, timestamp=5100000, size=100, topic='TestTopic', queueId=0}
08:55:14.744 [main] DEBUG com.zephyr.storage.index.SparseIndex - Index hit for logical offset 3818: IndexEntry{logical=3800, physical=381000, timestamp=4800000, size=100, topic='TestTopic', queueId=0}
08:55:14.744 [main] DEBUG com.zephyr.storage.index.SparseIndex - Index hit for logical offset 7862: IndexEntry{logical=7800, physical=781000, timestamp=8800000, size=100, topic='TestTopic', queueId=0}
08:55:14.744 [main] DEBUG com.zephyr.storage.index.SparseIndex - Index hit for logical offset 8468: IndexEntry{logical=8400, physical=841000, timestamp=9400000, size=100, topic='TestTopic', queueId=0}
08:55:14.744 [main] DEBUG com.zephyr.storage.index.SparseIndex - Index hit for logical offset 842: IndexEntry{logical=800, physical=81000, timestamp=1800000, size=100, topic='TestTopic', queueId=0}
08:55:14.744 [main] DEBUG com.zephyr.storage.index.SparseIndex - Index hit for logical offset 7550: IndexEntry{logical=7500, physical=751000, timestamp=8500000, size=100, topic='TestTopic', queueId=0}
08:55:14.744 [main] DEBUG com.zephyr.storage.index.SparseIndex - Index hit for logical offset 6472: IndexEntry{logical=6400, physical=641000, timestamp=7400000, size=100, topic='TestTopic', queueId=0}
08:55:14.744 [main] DEBUG com.zephyr.storage.index.SparseIndex - Index hit for logical offset 5791: IndexEntry{logical=5700, physical=571000, timestamp=6700000, size=100, topic='TestTopic', queueId=0}
08:55:14.744 [main] DEBUG com.zephyr.storage.index.SparseIndex - Index hit for logical offset 1996: IndexEntry{logical=1900, physical=191000, timestamp=2900000, size=100, topic='TestTopic', queueId=0}
08:55:14.744 [main] DEBUG com.zephyr.storage.index.SparseIndex - Index hit for logical offset 6282: IndexEntry{logical=6200, physical=621000, timestamp=7200000, size=100, topic='TestTopic', queueId=0}
08:55:14.744 [main] DEBUG com.zephyr.storage.index.SparseIndex - Index hit for logical offset 5553: IndexEntry{logical=5500, physical=551000, timestamp=6500000, size=100, topic='TestTopic', queueId=0}
08:55:14.744 [main] DEBUG com.zephyr.storage.index.SparseIndex - Index hit for logical offset 9193: IndexEntry{logical=9100, physical=911000, timestamp=10100000, size=100, topic='TestTopic', queueId=0}
08:55:14.744 [main] DEBUG com.zephyr.storage.index.SparseIndex - Index hit for logical offset 8334: IndexEntry{logical=8300, physical=831000, timestamp=9300000, size=100, topic='TestTopic', queueId=0}
08:55:14.745 [main] DEBUG com.zephyr.storage.index.SparseIndex - Index hit for logical offset 1582: IndexEntry{logical=1500, physical=151000, timestamp=2500000, size=100, topic='TestTopic', queueId=0}
08:55:14.745 [main] DEBUG com.zephyr.storage.index.SparseIndex - Index hit for logical offset 8150: IndexEntry{logical=8100, physical=811000, timestamp=9100000, size=100, topic='TestTopic', queueId=0}
08:55:14.745 [main] DEBUG com.zephyr.storage.index.SparseIndex - Index hit for logical offset 3561: IndexEntry{logical=3500, physical=351000, timestamp=4500000, size=100, topic='TestTopic', queueId=0}
08:55:14.745 [main] DEBUG com.zephyr.storage.index.SparseIndex - Index hit for logical offset 5689: IndexEntry{logical=5600, physical=561000, timestamp=6600000, size=100, topic='TestTopic', queueId=0}
08:55:14.745 [main] DEBUG com.zephyr.storage.index.SparseIndex - Index hit for logical offset 9971: IndexEntry{logical=9900, physical=991000, timestamp=10900000, size=100, topic='TestTopic', queueId=0}
08:55:14.745 [main] DEBUG com.zephyr.storage.index.SparseIndex - Index hit for logical offset 5071: IndexEntry{logical=5000, physical=501000, timestamp=6000000, size=100, topic='TestTopic', queueId=0}
08:55:14.745 [main] DEBUG com.zephyr.storage.index.SparseIndex - Index hit for logical offset 1752: IndexEntry{logical=1700, physical=171000, timestamp=2700000, size=100, topic='TestTopic', queueId=0}
08:55:14.745 [main] DEBUG com.zephyr.storage.index.SparseIndex - Index hit for logical offset 4362: IndexEntry{logical=4300, physical=431000, timestamp=5300000, size=100, topic='TestTopic', queueId=0}
08:55:14.745 [main] DEBUG com.zephyr.storage.index.SparseIndex - Index hit for logical offset 5912: IndexEntry{logical=5900, physical=591000, timestamp=6900000, size=100, topic='TestTopic', queueId=0}
08:55:14.745 [main] DEBUG com.zephyr.storage.index.SparseIndex - Index hit for logical offset 3497: IndexEntry{logical=3400, physical=341000, timestamp=4400000, size=100, topic='TestTopic', queueId=0}
08:55:14.745 [main] DEBUG com.zephyr.storage.index.SparseIndex - Index hit for logical offset 7047: IndexEntry{logical=7000, physical=701000, timestamp=8000000, size=100, topic='TestTopic', queueId=0}
08:55:14.745 [main] DEBUG com.zephyr.storage.index.SparseIndex - Index hit for logical offset 7729: IndexEntry{logical=7700, physical=771000, timestamp=8700000, size=100, topic='TestTopic', queueId=0}
08:55:14.745 [main] DEBUG com.zephyr.storage.index.SparseIndex - Index hit for logical offset 483: IndexEntry{logical=400, physical=41000, timestamp=1400000, size=100, topic='TestTopic', queueId=0}
08:55:14.745 [main] DEBUG com.zephyr.storage.index.SparseIndex - Index hit for logical offset 6084: IndexEntry{logical=6000, physical=601000, timestamp=7000000, size=100, topic='TestTopic', queueId=0}
08:55:14.745 [main] DEBUG com.zephyr.storage.index.SparseIndex - Index hit for logical offset 7407: IndexEntry{logical=7400, physical=741000, timestamp=8400000, size=100, topic='TestTopic', queueId=0}
08:55:14.745 [main] DEBUG com.zephyr.storage.index.SparseIndex - Index hit for logical offset 400: IndexEntry{logical=400, physical=41000, timestamp=1400000, size=100, topic='TestTopic', queueId=0}
08:55:14.745 [main] DEBUG com.zephyr.storage.index.SparseIndex - Index hit for logical offset 4766: IndexEntry{logical=4700, physical=471000, timestamp=5700000, size=100, topic='TestTopic', queueId=0}
08:55:14.745 [main] DEBUG com.zephyr.storage.index.SparseIndex - Index hit for logical offset 896: IndexEntry{logical=800, physical=81000, timestamp=1800000, size=100, topic='TestTopic', queueId=0}
08:55:14.745 [main] DEBUG com.zephyr.storage.index.SparseIndex - Index hit for logical offset 7664: IndexEntry{logical=7600, physical=761000, timestamp=8600000, size=100, topic='TestTopic', queueId=0}
08:55:14.745 [main] DEBUG com.zephyr.storage.index.SparseIndex - Index hit for logical offset 5743: IndexEntry{logical=5700, physical=571000, timestamp=6700000, size=100, topic='TestTopic', queueId=0}
08:55:14.745 [main] DEBUG com.zephyr.storage.index.SparseIndex - Index hit for logical offset 3824: IndexEntry{logical=3800, physical=381000, timestamp=4800000, size=100, topic='TestTopic', queueId=0}
08:55:14.745 [main] DEBUG com.zephyr.storage.index.SparseIndex - Index hit for logical offset 2181: IndexEntry{logical=2100, physical=211000, timestamp=3100000, size=100, topic='TestTopic', queueId=0}
08:55:14.745 [main] DEBUG com.zephyr.storage.index.SparseIndex - Index hit for logical offset 9053: IndexEntry{logical=9000, physical=901000, timestamp=10000000, size=100, topic='TestTopic', queueId=0}
08:55:14.745 [main] DEBUG com.zephyr.storage.index.SparseIndex - Index hit for logical offset 4956: IndexEntry{logical=4900, physical=491000, timestamp=5900000, size=100, topic='TestTopic', queueId=0}
08:55:14.745 [main] DEBUG com.zephyr.storage.index.SparseIndex - Index hit for logical offset 9209: IndexEntry{logical=9200, physical=921000, timestamp=10200000, size=100, topic='TestTopic', queueId=0}
08:55:14.745 [main] DEBUG com.zephyr.storage.index.SparseIndex - Index hit for logical offset 9531: IndexEntry{logical=9500, physical=951000, timestamp=10500000, size=100, topic='TestTopic', queueId=0}
08:55:14.745 [main] DEBUG com.zephyr.storage.index.SparseIndex - Index hit for logical offset 8947: IndexEntry{logical=8900, physical=891000, timestamp=9900000, size=100, topic='TestTopic', queueId=0}
08:55:14.745 [main] DEBUG com.zephyr.storage.index.SparseIndex - Index hit for logical offset 5026: IndexEntry{logical=5000, physical=501000, timestamp=6000000, size=100, topic='TestTopic', queueId=0}
08:55:14.745 [main] DEBUG com.zephyr.storage.index.SparseIndex - Index hit for logical offset 5423: IndexEntry{logical=5400, physical=541000, timestamp=6400000, size=100, topic='TestTopic', queueId=0}
08:55:14.745 [main] DEBUG com.zephyr.storage.index.SparseIndex - Index hit for logical offset 8267: IndexEntry{logical=8200, physical=821000, timestamp=9200000, size=100, topic='TestTopic', queueId=0}
08:55:14.745 [main] DEBUG com.zephyr.storage.index.SparseIndex - Index hit for logical offset 7547: IndexEntry{logical=7500, physical=751000, timestamp=8500000, size=100, topic='TestTopic', queueId=0}
08:55:14.745 [main] DEBUG com.zephyr.storage.index.SparseIndex - Index hit for logical offset 894: IndexEntry{logical=800, physical=81000, timestamp=1800000, size=100, topic='TestTopic', queueId=0}
08:55:14.745 [main] DEBUG com.zephyr.storage.index.SparseIndex - Index hit for logical offset 8459: IndexEntry{logical=8400, physical=841000, timestamp=9400000, size=100, topic='TestTopic', queueId=0}
08:55:14.745 [main] DEBUG com.zephyr.storage.index.SparseIndex - Index hit for logical offset 7058: IndexEntry{logical=7000, physical=701000, timestamp=8000000, size=100, topic='TestTopic', queueId=0}
08:55:14.745 [main] DEBUG com.zephyr.storage.index.SparseIndex - Index hit for logical offset 2410: IndexEntry{logical=2400, physical=241000, timestamp=3400000, size=100, topic='TestTopic', queueId=0}
08:55:14.745 [main] DEBUG com.zephyr.storage.index.SparseIndex - Index hit for logical offset 7940: IndexEntry{logical=7900, physical=791000, timestamp=8900000, size=100, topic='TestTopic', queueId=0}
08:55:14.745 [main] DEBUG com.zephyr.storage.index.SparseIndex - Index hit for logical offset 2642: IndexEntry{logical=2600, physical=261000, timestamp=3600000, size=100, topic='TestTopic', queueId=0}
08:55:14.745 [main] DEBUG com.zephyr.storage.index.SparseIndex - Index hit for logical offset 9687: IndexEntry{logical=9600, physical=961000, timestamp=10600000, size=100, topic='TestTopic', queueId=0}
08:55:14.745 [main] DEBUG com.zephyr.storage.index.SparseIndex - Index hit for logical offset 6155: IndexEntry{logical=6100, physical=611000, timestamp=7100000, size=100, topic='TestTopic', queueId=0}
08:55:14.745 [main] DEBUG com.zephyr.storage.index.SparseIndex - Index hit for logical offset 4499: IndexEntry{logical=4400, physical=441000, timestamp=5400000, size=100, topic='TestTopic', queueId=0}
08:55:14.745 [main] DEBUG com.zephyr.storage.index.SparseIndex - Index hit for logical offset 5328: IndexEntry{logical=5300, physical=531000, timestamp=6300000, size=100, topic='TestTopic', queueId=0}
08:55:14.745 [main] DEBUG com.zephyr.storage.index.SparseIndex - Index hit for logical offset 6680: IndexEntry{logical=6600, physical=661000, timestamp=7600000, size=100, topic='TestTopic', queueId=0}
08:55:14.745 [main] DEBUG com.zephyr.storage.index.SparseIndex - Index hit for logical offset 7475: IndexEntry{logical=7400, physical=741000, timestamp=8400000, size=100, topic='TestTopic', queueId=0}
08:55:14.745 [main] DEBUG com.zephyr.storage.index.SparseIndex - Index hit for logical offset 543: IndexEntry{logical=500, physical=51000, timestamp=1500000, size=100, topic='TestTopic', queueId=0}
08:55:14.746 [main] DEBUG com.zephyr.storage.index.SparseIndex - Index hit for logical offset 7710: IndexEntry{logical=7700, physical=771000, timestamp=8700000, size=100, topic='TestTopic', queueId=0}
08:55:14.746 [main] DEBUG com.zephyr.storage.index.SparseIndex - Index hit for logical offset 9055: IndexEntry{logical=9000, physical=901000, timestamp=10000000, size=100, topic='TestTopic', queueId=0}
08:55:14.746 [main] DEBUG com.zephyr.storage.index.SparseIndex - Index hit for logical offset 664: IndexEntry{logical=600, physical=61000, timestamp=1600000, size=100, topic='TestTopic', queueId=0}
08:55:14.746 [main] DEBUG com.zephyr.storage.index.SparseIndex - Index hit for logical offset 7882: IndexEntry{logical=7800, physical=781000, timestamp=8800000, size=100, topic='TestTopic', queueId=0}
08:55:14.746 [main] DEBUG com.zephyr.storage.index.SparseIndex - Index hit for logical offset 3993: IndexEntry{logical=3900, physical=391000, timestamp=4900000, size=100, topic='TestTopic', queueId=0}
08:55:14.746 [main] DEBUG com.zephyr.storage.index.SparseIndex - Index hit for logical offset 847: IndexEntry{logical=800, physical=81000, timestamp=1800000, size=100, topic='TestTopic', queueId=0}
08:55:14.746 [main] DEBUG com.zephyr.storage.index.SparseIndex - Index hit for logical offset 4270: IndexEntry{logical=4200, physical=421000, timestamp=5200000, size=100, topic='TestTopic', queueId=0}
08:55:14.746 [main] DEBUG com.zephyr.storage.index.SparseIndex - Index hit for logical offset 9295: IndexEntry{logical=9200, physical=921000, timestamp=10200000, size=100, topic='TestTopic', queueId=0}
08:55:14.746 [main] DEBUG com.zephyr.storage.index.SparseIndex - Index hit for logical offset 477: IndexEntry{logical=400, physical=41000, timestamp=1400000, size=100, topic='TestTopic', queueId=0}
08:55:14.746 [main] DEBUG com.zephyr.storage.index.SparseIndex - Index hit for logical offset 9263: IndexEntry{logical=9200, physical=921000, timestamp=10200000, size=100, topic='TestTopic', queueId=0}
08:55:14.746 [main] DEBUG com.zephyr.storage.index.SparseIndex - Index hit for logical offset 5191: IndexEntry{logical=5100, physical=511000, timestamp=6100000, size=100, topic='TestTopic', queueId=0}
08:55:14.746 [main] DEBUG com.zephyr.storage.index.SparseIndex - Index hit for logical offset 8828: IndexEntry{logical=8800, physical=881000, timestamp=9800000, size=100, topic='TestTopic', queueId=0}
08:55:14.746 [main] DEBUG com.zephyr.storage.index.SparseIndex - Index hit for logical offset 725: IndexEntry{logical=700, physical=71000, timestamp=1700000, size=100, topic='TestTopic', queueId=0}
08:55:14.746 [main] DEBUG com.zephyr.storage.index.SparseIndex - Index hit for logical offset 1321: IndexEntry{logical=1300, physical=131000, timestamp=2300000, size=100, topic='TestTopic', queueId=0}
08:55:14.746 [main] DEBUG com.zephyr.storage.index.SparseIndex - Index hit for logical offset 582: IndexEntry{logical=500, physical=51000, timestamp=1500000, size=100, topic='TestTopic', queueId=0}
08:55:14.746 [main] DEBUG com.zephyr.storage.index.SparseIndex - Index hit for logical offset 3196: IndexEntry{logical=3100, physical=311000, timestamp=4100000, size=100, topic='TestTopic', queueId=0}
08:55:14.746 [main] DEBUG com.zephyr.storage.index.SparseIndex - Index hit for logical offset 2921: IndexEntry{logical=2900, physical=291000, timestamp=3900000, size=100, topic='TestTopic', queueId=0}
08:55:14.746 [main] DEBUG com.zephyr.storage.index.SparseIndex - Index hit for logical offset 3658: IndexEntry{logical=3600, physical=361000, timestamp=4600000, size=100, topic='TestTopic', queueId=0}
08:55:14.746 [main] DEBUG com.zephyr.storage.index.SparseIndex - Index hit for logical offset 6229: IndexEntry{logical=6200, physical=621000, timestamp=7200000, size=100, topic='TestTopic', queueId=0}
08:55:14.746 [main] DEBUG com.zephyr.storage.index.SparseIndex - Index hit for logical offset 4681: IndexEntry{logical=4600, physical=461000, timestamp=5600000, size=100, topic='TestTopic', queueId=0}
08:55:14.746 [main] DEBUG com.zephyr.storage.index.SparseIndex - Index hit for logical offset 765: IndexEntry{logical=700, physical=71000, timestamp=1700000, size=100, topic='TestTopic', queueId=0}
08:55:14.746 [main] DEBUG com.zephyr.storage.index.SparseIndex - Index hit for logical offset 7826: IndexEntry{logical=7800, physical=781000, timestamp=8800000, size=100, topic='TestTopic', queueId=0}
08:55:14.746 [main] DEBUG com.zephyr.storage.index.SparseIndex - Index hit for logical offset 6759: IndexEntry{logical=6700, physical=671000, timestamp=7700000, size=100, topic='TestTopic', queueId=0}
08:55:14.746 [main] DEBUG com.zephyr.storage.index.SparseIndex - Index hit for logical offset 9203: IndexEntry{logical=9200, physical=921000, timestamp=10200000, size=100, topic='TestTopic', queueId=0}
08:55:14.746 [main] DEBUG com.zephyr.storage.index.SparseIndex - Index hit for logical offset 9807: IndexEntry{logical=9800, physical=981000, timestamp=10800000, size=100, topic='TestTopic', queueId=0}
08:55:14.746 [main] DEBUG com.zephyr.storage.index.SparseIndex - Index hit for logical offset 6841: IndexEntry{logical=6800, physical=681000, timestamp=7800000, size=100, topic='TestTopic', queueId=0}
08:55:14.746 [main] DEBUG com.zephyr.storage.index.SparseIndex - Index hit for logical offset 9968: IndexEntry{logical=9900, physical=991000, timestamp=10900000, size=100, topic='TestTopic', queueId=0}
08:55:14.746 [main] DEBUG com.zephyr.storage.index.SparseIndex - Index hit for logical offset 9383: IndexEntry{logical=9300, physical=931000, timestamp=10300000, size=100, topic='TestTopic', queueId=0}
08:55:14.746 [main] DEBUG com.zephyr.storage.index.SparseIndex - Index hit for logical offset 7001: IndexEntry{logical=7000, physical=701000, timestamp=8000000, size=100, topic='TestTopic', queueId=0}
08:55:14.746 [main] DEBUG com.zephyr.storage.index.SparseIndex - Index hit for logical offset 1: IndexEntry{logical=0, physical=1000, timestamp=1000000, size=100, topic='TestTopic', queueId=0}
08:55:14.746 [main] DEBUG com.zephyr.storage.index.SparseIndex - Index hit for logical offset 4840: IndexEntry{logical=4800, physical=481000, timestamp=5800000, size=100, topic='TestTopic', queueId=0}
08:55:14.747 [main] DEBUG com.zephyr.storage.index.SparseIndex - Index hit for logical offset 1281: IndexEntry{logical=1200, physical=121000, timestamp=2200000, size=100, topic='TestTopic', queueId=0}
08:55:14.747 [main] DEBUG com.zephyr.storage.index.SparseIndex - Index hit for logical offset 2420: IndexEntry{logical=2400, physical=241000, timestamp=3400000, size=100, topic='TestTopic', queueId=0}
08:55:14.747 [main] DEBUG com.zephyr.storage.index.SparseIndex - Index hit for logical offset 2086: IndexEntry{logical=2000, physical=201000, timestamp=3000000, size=100, topic='TestTopic', queueId=0}
08:55:14.747 [main] DEBUG com.zephyr.storage.index.SparseIndex - Index hit for logical offset 438: IndexEntry{logical=400, physical=41000, timestamp=1400000, size=100, topic='TestTopic', queueId=0}
08:55:14.747 [main] DEBUG com.zephyr.storage.index.SparseIndex - Index hit for logical offset 5258: IndexEntry{logical=5200, physical=521000, timestamp=6200000, size=100, topic='TestTopic', queueId=0}
08:55:14.747 [main] DEBUG com.zephyr.storage.index.SparseIndex - Index hit for logical offset 8607: IndexEntry{logical=8600, physical=861000, timestamp=9600000, size=100, topic='TestTopic', queueId=0}
08:55:14.747 [main] DEBUG com.zephyr.storage.index.SparseIndex - Index hit for logical offset 9900: IndexEntry{logical=9900, physical=991000, timestamp=10900000, size=100, topic='TestTopic', queueId=0}
08:55:14.747 [main] DEBUG com.zephyr.storage.index.SparseIndex - Index hit for logical offset 711: IndexEntry{logical=700, physical=71000, timestamp=1700000, size=100, topic='TestTopic', queueId=0}
08:55:14.747 [main] DEBUG com.zephyr.storage.index.SparseIndex - Index hit for logical offset 5944: IndexEntry{logical=5900, physical=591000, timestamp=6900000, size=100, topic='TestTopic', queueId=0}
08:55:14.747 [main] DEBUG com.zephyr.storage.index.SparseIndex - Index hit for logical offset 4782: IndexEntry{logical=4700, physical=471000, timestamp=5700000, size=100, topic='TestTopic', queueId=0}
08:55:14.747 [main] DEBUG com.zephyr.storage.index.SparseIndex - Index hit for logical offset 3851: IndexEntry{logical=3800, physical=381000, timestamp=4800000, size=100, topic='TestTopic', queueId=0}
08:55:14.747 [main] DEBUG com.zephyr.storage.index.SparseIndex - Index hit for logical offset 8504: IndexEntry{logical=8500, physical=851000, timestamp=9500000, size=100, topic='TestTopic', queueId=0}
08:55:14.747 [main] DEBUG com.zephyr.storage.index.SparseIndex - Index hit for logical offset 3635: IndexEntry{logical=3600, physical=361000, timestamp=4600000, size=100, topic='TestTopic', queueId=0}
08:55:14.747 [main] DEBUG com.zephyr.storage.index.SparseIndex - Index hit for logical offset 321: IndexEntry{logical=300, physical=31000, timestamp=1300000, size=100, topic='TestTopic', queueId=0}
08:55:14.747 [main] DEBUG com.zephyr.storage.index.SparseIndex - Index hit for logical offset 4751: IndexEntry{logical=4700, physical=471000, timestamp=5700000, size=100, topic='TestTopic', queueId=0}
08:55:14.747 [main] DEBUG com.zephyr.storage.index.SparseIndex - Index hit for logical offset 574: IndexEntry{logical=500, physical=51000, timestamp=1500000, size=100, topic='TestTopic', queueId=0}
08:55:14.747 [main] DEBUG com.zephyr.storage.index.SparseIndex - Index hit for logical offset 9624: IndexEntry{logical=9600, physical=961000, timestamp=10600000, size=100, topic='TestTopic', queueId=0}
08:55:14.747 [main] DEBUG com.zephyr.storage.index.SparseIndex - Index hit for logical offset 4274: IndexEntry{logical=4200, physical=421000, timestamp=5200000, size=100, topic='TestTopic', queueId=0}
08:55:14.747 [main] DEBUG com.zephyr.storage.index.SparseIndex - Index hit for logical offset 6344: IndexEntry{logical=6300, physical=631000, timestamp=7300000, size=100, topic='TestTopic', queueId=0}
08:55:14.747 [main] DEBUG com.zephyr.storage.index.SparseIndex - Index hit for logical offset 4249: IndexEntry{logical=4200, physical=421000, timestamp=5200000, size=100, topic='TestTopic', queueId=0}
08:55:14.747 [main] DEBUG com.zephyr.storage.index.SparseIndex - Index hit for logical offset 936: IndexEntry{logical=900, physical=91000, timestamp=1900000, size=100, topic='TestTopic', queueId=0}
08:55:14.747 [main] DEBUG com.zephyr.storage.index.SparseIndex - Index hit for logical offset 5509: IndexEntry{logical=5500, physical=551000, timestamp=6500000, size=100, topic='TestTopic', queueId=0}
08:55:14.747 [main] DEBUG com.zephyr.storage.index.SparseIndex - Index hit for logical offset 2208: IndexEntry{logical=2200, physical=221000, timestamp=3200000, size=100, topic='TestTopic', queueId=0}
08:55:14.747 [main] DEBUG com.zephyr.storage.index.SparseIndex - Index hit for logical offset 5516: IndexEntry{logical=5500, physical=551000, timestamp=6500000, size=100, topic='TestTopic', queueId=0}
08:55:14.747 [main] DEBUG com.zephyr.storage.index.SparseIndex - Index hit for logical offset 5738: IndexEntry{logical=5700, physical=571000, timestamp=6700000, size=100, topic='TestTopic', queueId=0}
08:55:14.747 [main] DEBUG com.zephyr.storage.index.SparseIndex - Index hit for logical offset 1065: IndexEntry{logical=1000, physical=101000, timestamp=2000000, size=100, topic='TestTopic', queueId=0}
08:55:14.747 [main] DEBUG com.zephyr.storage.index.SparseIndex - Index hit for logical offset 1635: IndexEntry{logical=1600, physical=161000, timestamp=2600000, size=100, topic='TestTopic', queueId=0}
08:55:14.747 [main] DEBUG com.zephyr.storage.index.SparseIndex - Index hit for logical offset 7803: IndexEntry{logical=7800, physical=781000, timestamp=8800000, size=100, topic='TestTopic', queueId=0}
08:55:14.747 [main] DEBUG com.zephyr.storage.index.SparseIndex - Index hit for logical offset 9300: IndexEntry{logical=9300, physical=931000, timestamp=10300000, size=100, topic='TestTopic', queueId=0}
08:55:14.747 [main] DEBUG com.zephyr.storage.index.SparseIndex - Index hit for logical offset 8695: IndexEntry{logical=8600, physical=861000, timestamp=9600000, size=100, topic='TestTopic', queueId=0}
08:55:14.747 [main] DEBUG com.zephyr.storage.index.SparseIndex - Index hit for logical offset 2818: IndexEntry{logical=2800, physical=281000, timestamp=3800000, size=100, topic='TestTopic', queueId=0}
08:55:14.747 [main] DEBUG com.zephyr.storage.index.SparseIndex - Index hit for logical offset 469: IndexEntry{logical=400, physical=41000, timestamp=1400000, size=100, topic='TestTopic', queueId=0}
08:55:14.747 [main] DEBUG com.zephyr.storage.index.SparseIndex - Index hit for logical offset 1783: IndexEntry{logical=1700, physical=171000, timestamp=2700000, size=100, topic='TestTopic', queueId=0}
08:55:14.747 [main] DEBUG com.zephyr.storage.index.SparseIndex - Index hit for logical offset 3274: IndexEntry{logical=3200, physical=321000, timestamp=4200000, size=100, topic='TestTopic', queueId=0}
08:55:14.747 [main] DEBUG com.zephyr.storage.index.SparseIndex - Index hit for logical offset 3294: IndexEntry{logical=3200, physical=321000, timestamp=4200000, size=100, topic='TestTopic', queueId=0}
08:55:14.747 [main] DEBUG com.zephyr.storage.index.SparseIndex - Index hit for logical offset 6133: IndexEntry{logical=6100, physical=611000, timestamp=7100000, size=100, topic='TestTopic', queueId=0}
08:55:14.747 [main] DEBUG com.zephyr.storage.index.SparseIndex - Index hit for logical offset 3374: IndexEntry{logical=3300, physical=331000, timestamp=4300000, size=100, topic='TestTopic', queueId=0}
08:55:14.747 [main] DEBUG com.zephyr.storage.index.SparseIndex - Index hit for logical offset 5703: IndexEntry{logical=5700, physical=571000, timestamp=6700000, size=100, topic='TestTopic', queueId=0}
08:55:14.747 [main] DEBUG com.zephyr.storage.index.SparseIndex - Index hit for logical offset 6936: IndexEntry{logical=6900, physical=691000, timestamp=7900000, size=100, topic='TestTopic', queueId=0}
08:55:14.747 [main] DEBUG com.zephyr.storage.index.SparseIndex - Index hit for logical offset 6348: IndexEntry{logical=6300, physical=631000, timestamp=7300000, size=100, topic='TestTopic', queueId=0}
08:55:14.747 [main] DEBUG com.zephyr.storage.index.SparseIndex - Index hit for logical offset 9333: IndexEntry{logical=9300, physical=931000, timestamp=10300000, size=100, topic='TestTopic', queueId=0}
08:55:14.747 [main] DEBUG com.zephyr.storage.index.SparseIndex - Index hit for logical offset 7277: IndexEntry{logical=7200, physical=721000, timestamp=8200000, size=100, topic='TestTopic', queueId=0}
08:55:14.747 [main] DEBUG com.zephyr.storage.index.SparseIndex - Index hit for logical offset 4010: IndexEntry{logical=4000, physical=401000, timestamp=5000000, size=100, topic='TestTopic', queueId=0}
08:55:14.748 [main] DEBUG com.zephyr.storage.index.SparseIndex - Index hit for logical offset 5852: IndexEntry{logical=5800, physical=581000, timestamp=6800000, size=100, topic='TestTopic', queueId=0}
08:55:14.748 [main] DEBUG com.zephyr.storage.index.SparseIndex - Index hit for logical offset 7347: IndexEntry{logical=7300, physical=731000, timestamp=8300000, size=100, topic='TestTopic', queueId=0}
08:55:14.748 [main] DEBUG com.zephyr.storage.index.SparseIndex - Index hit for logical offset 2101: IndexEntry{logical=2100, physical=211000, timestamp=3100000, size=100, topic='TestTopic', queueId=0}
08:55:14.748 [main] DEBUG com.zephyr.storage.index.SparseIndex - Index hit for logical offset 5807: IndexEntry{logical=5800, physical=581000, timestamp=6800000, size=100, topic='TestTopic', queueId=0}
08:55:14.748 [main] DEBUG com.zephyr.storage.index.SparseIndex - Index hit for logical offset 6658: IndexEntry{logical=6600, physical=661000, timestamp=7600000, size=100, topic='TestTopic', queueId=0}
08:55:14.748 [main] DEBUG com.zephyr.storage.index.SparseIndex - Index hit for logical offset 2275: IndexEntry{logical=2200, physical=221000, timestamp=3200000, size=100, topic='TestTopic', queueId=0}
08:55:14.748 [main] DEBUG com.zephyr.storage.index.SparseIndex - Index hit for logical offset 5059: IndexEntry{logical=5000, physical=501000, timestamp=6000000, size=100, topic='TestTopic', queueId=0}
08:55:14.748 [main] DEBUG com.zephyr.storage.index.SparseIndex - Index hit for logical offset 8192: IndexEntry{logical=8100, physical=811000, timestamp=9100000, size=100, topic='TestTopic', queueId=0}
08:55:14.748 [main] DEBUG com.zephyr.storage.index.SparseIndex - Index hit for logical offset 4570: IndexEntry{logical=4500, physical=451000, timestamp=5500000, size=100, topic='TestTopic', queueId=0}
08:55:14.748 [main] DEBUG com.zephyr.storage.index.SparseIndex - Index hit for logical offset 8846: IndexEntry{logical=8800, physical=881000, timestamp=9800000, size=100, topic='TestTopic', queueId=0}
08:55:14.748 [main] DEBUG com.zephyr.storage.index.SparseIndex - Index hit for logical offset 3082: IndexEntry{logical=3000, physical=301000, timestamp=4000000, size=100, topic='TestTopic', queueId=0}
08:55:14.748 [main] DEBUG com.zephyr.storage.index.SparseIndex - Index hit for logical offset 9044: IndexEntry{logical=9000, physical=901000, timestamp=10000000, size=100, topic='TestTopic', queueId=0}
08:55:14.748 [main] DEBUG com.zephyr.storage.index.SparseIndex - Index hit for logical offset 2361: IndexEntry{logical=2300, physical=231000, timestamp=3300000, size=100, topic='TestTopic', queueId=0}
08:55:14.748 [main] DEBUG com.zephyr.storage.index.SparseIndex - Index hit for logical offset 1135: IndexEntry{logical=1100, physical=111000, timestamp=2100000, size=100, topic='TestTopic', queueId=0}
08:55:14.748 [main] DEBUG com.zephyr.storage.index.SparseIndex - Index hit for logical offset 3049: IndexEntry{logical=3000, physical=301000, timestamp=4000000, size=100, topic='TestTopic', queueId=0}
08:55:14.748 [main] DEBUG com.zephyr.storage.index.SparseIndex - Index hit for logical offset 3010: IndexEntry{logical=3000, physical=301000, timestamp=4000000, size=100, topic='TestTopic', queueId=0}
08:55:14.748 [main] DEBUG com.zephyr.storage.index.SparseIndex - Index hit for logical offset 5844: IndexEntry{logical=5800, physical=581000, timestamp=6800000, size=100, topic='TestTopic', queueId=0}
08:55:14.748 [main] DEBUG com.zephyr.storage.index.SparseIndex - Index hit for logical offset 8791: IndexEntry{logical=8700, physical=871000, timestamp=9700000, size=100, topic='TestTopic', queueId=0}
08:55:14.748 [main] DEBUG com.zephyr.storage.index.SparseIndex - Index hit for logical offset 468: IndexEntry{logical=400, physical=41000, timestamp=1400000, size=100, topic='TestTopic', queueId=0}
08:55:14.748 [main] DEBUG com.zephyr.storage.index.SparseIndex - Index hit for logical offset 3238: IndexEntry{logical=3200, physical=321000, timestamp=4200000, size=100, topic='TestTopic', queueId=0}
08:55:14.748 [main] DEBUG com.zephyr.storage.index.SparseIndex - Index hit for logical offset 1284: IndexEntry{logical=1200, physical=121000, timestamp=2200000, size=100, topic='TestTopic', queueId=0}
08:55:14.748 [main] DEBUG com.zephyr.storage.index.SparseIndex - Index hit for logical offset 3857: IndexEntry{logical=3800, physical=381000, timestamp=4800000, size=100, topic='TestTopic', queueId=0}
08:55:14.748 [main] DEBUG com.zephyr.storage.index.SparseIndex - Index hit for logical offset 9333: IndexEntry{logical=9300, physical=931000, timestamp=10300000, size=100, topic='TestTopic', queueId=0}
08:55:14.748 [main] DEBUG com.zephyr.storage.index.SparseIndex - Index hit for logical offset 3869: IndexEntry{logical=3800, physical=381000, timestamp=4800000, size=100, topic='TestTopic', queueId=0}
08:55:14.748 [main] DEBUG com.zephyr.storage.index.SparseIndex - Index hit for logical offset 5251: IndexEntry{logical=5200, physical=521000, timestamp=6200000, size=100, topic='TestTopic', queueId=0}
08:55:14.748 [main] DEBUG com.zephyr.storage.index.SparseIndex - Index hit for logical offset 8802: IndexEntry{logical=8800, physical=881000, timestamp=9800000, size=100, topic='TestTopic', queueId=0}
08:55:14.748 [main] DEBUG com.zephyr.storage.index.SparseIndex - Index hit for logical offset 4987: IndexEntry{logical=4900, physical=491000, timestamp=5900000, size=100, topic='TestTopic', queueId=0}
08:55:14.748 [main] DEBUG com.zephyr.storage.index.SparseIndex - Index hit for logical offset 8903: IndexEntry{logical=8900, physical=891000, timestamp=9900000, size=100, topic='TestTopic', queueId=0}
08:55:14.748 [main] DEBUG com.zephyr.storage.index.SparseIndex - Index hit for logical offset 867: IndexEntry{logical=800, physical=81000, timestamp=1800000, size=100, topic='TestTopic', queueId=0}
08:55:14.748 [main] DEBUG com.zephyr.storage.index.SparseIndex - Index hit for logical offset 5874: IndexEntry{logical=5800, physical=581000, timestamp=6800000, size=100, topic='TestTopic', queueId=0}
08:55:14.748 [main] DEBUG com.zephyr.storage.index.SparseIndex - Index hit for logical offset 8665: IndexEntry{logical=8600, physical=861000, timestamp=9600000, size=100, topic='TestTopic', queueId=0}
08:55:14.748 [main] DEBUG com.zephyr.storage.index.SparseIndex - Index hit for logical offset 2779: IndexEntry{logical=2700, physical=271000, timestamp=3700000, size=100, topic='TestTopic', queueId=0}
08:55:14.748 [main] DEBUG com.zephyr.storage.index.SparseIndex - Index hit for logical offset 7629: IndexEntry{logical=7600, physical=761000, timestamp=8600000, size=100, topic='TestTopic', queueId=0}
08:55:14.748 [main] DEBUG com.zephyr.storage.index.SparseIndex - Index hit for logical offset 278: IndexEntry{logical=200, physical=21000, timestamp=1200000, size=100, topic='TestTopic', queueId=0}
08:55:14.748 [main] DEBUG com.zephyr.storage.index.SparseIndex - Index hit for logical offset 4500: IndexEntry{logical=4500, physical=451000, timestamp=5500000, size=100, topic='TestTopic', queueId=0}
08:55:14.748 [main] DEBUG com.zephyr.storage.index.SparseIndex - Index hit for logical offset 5518: IndexEntry{logical=5500, physical=551000, timestamp=6500000, size=100, topic='TestTopic', queueId=0}
08:55:14.748 [main] DEBUG com.zephyr.storage.index.SparseIndex - Index hit for logical offset 5534: IndexEntry{logical=5500, physical=551000, timestamp=6500000, size=100, topic='TestTopic', queueId=0}
08:55:14.748 [main] DEBUG com.zephyr.storage.index.SparseIndex - Index hit for logical offset 4831: IndexEntry{logical=4800, physical=481000, timestamp=5800000, size=100, topic='TestTopic', queueId=0}
08:55:14.748 [main] DEBUG com.zephyr.storage.index.SparseIndex - Index hit for logical offset 7195: IndexEntry{logical=7100, physical=711000, timestamp=8100000, size=100, topic='TestTopic', queueId=0}
08:55:14.748 [main] DEBUG com.zephyr.storage.index.SparseIndex - Index hit for logical offset 597: IndexEntry{logical=500, physical=51000, timestamp=1500000, size=100, topic='TestTopic', queueId=0}
08:55:14.748 [main] DEBUG com.zephyr.storage.index.SparseIndex - Index hit for logical offset 8026: IndexEntry{logical=8000, physical=801000, timestamp=9000000, size=100, topic='TestTopic', queueId=0}
08:55:14.748 [main] DEBUG com.zephyr.storage.index.SparseIndex - Index hit for logical offset 1724: IndexEntry{logical=1700, physical=171000, timestamp=2700000, size=100, topic='TestTopic', queueId=0}
08:55:14.748 [main] DEBUG com.zephyr.storage.index.SparseIndex - Index hit for logical offset 1332: IndexEntry{logical=1300, physical=131000, timestamp=2300000, size=100, topic='TestTopic', queueId=0}
08:55:14.749 [main] DEBUG com.zephyr.storage.index.SparseIndex - Index hit for logical offset 6850: IndexEntry{logical=6800, physical=681000, timestamp=7800000, size=100, topic='TestTopic', queueId=0}
08:55:14.749 [main] DEBUG com.zephyr.storage.index.SparseIndex - Index hit for logical offset 2482: IndexEntry{logical=2400, physical=241000, timestamp=3400000, size=100, topic='TestTopic', queueId=0}
08:55:14.749 [main] DEBUG com.zephyr.storage.index.SparseIndex - Index hit for logical offset 7810: IndexEntry{logical=7800, physical=781000, timestamp=8800000, size=100, topic='TestTopic', queueId=0}
08:55:14.749 [main] DEBUG com.zephyr.storage.index.SparseIndex - Index hit for logical offset 1317: IndexEntry{logical=1300, physical=131000, timestamp=2300000, size=100, topic='TestTopic', queueId=0}
08:55:14.749 [main] DEBUG com.zephyr.storage.index.SparseIndex - Index hit for logical offset 6639: IndexEntry{logical=6600, physical=661000, timestamp=7600000, size=100, topic='TestTopic', queueId=0}
08:55:14.749 [main] DEBUG com.zephyr.storage.index.SparseIndex - Index hit for logical offset 1392: IndexEntry{logical=1300, physical=131000, timestamp=2300000, size=100, topic='TestTopic', queueId=0}
08:55:14.749 [main] DEBUG com.zephyr.storage.index.SparseIndex - Index hit for logical offset 3458: IndexEntry{logical=3400, physical=341000, timestamp=4400000, size=100, topic='TestTopic', queueId=0}
08:55:14.749 [main] DEBUG com.zephyr.storage.index.SparseIndex - Index hit for logical offset 4366: IndexEntry{logical=4300, physical=431000, timestamp=5300000, size=100, topic='TestTopic', queueId=0}
08:55:14.749 [main] DEBUG com.zephyr.storage.index.SparseIndex - Index hit for logical offset 1327: IndexEntry{logical=1300, physical=131000, timestamp=2300000, size=100, topic='TestTopic', queueId=0}
08:55:14.749 [main] DEBUG com.zephyr.storage.index.SparseIndex - Index hit for logical offset 2161: IndexEntry{logical=2100, physical=211000, timestamp=3100000, size=100, topic='TestTopic', queueId=0}
08:55:14.749 [main] DEBUG com.zephyr.storage.index.SparseIndex - Index hit for logical offset 1402: IndexEntry{logical=1400, physical=141000, timestamp=2400000, size=100, topic='TestTopic', queueId=0}
08:55:14.749 [main] DEBUG com.zephyr.storage.index.SparseIndex - Index hit for logical offset 7564: IndexEntry{logical=7500, physical=751000, timestamp=8500000, size=100, topic='TestTopic', queueId=0}
08:55:14.749 [main] DEBUG com.zephyr.storage.index.SparseIndex - Index hit for logical offset 1604: IndexEntry{logical=1600, physical=161000, timestamp=2600000, size=100, topic='TestTopic', queueId=0}
08:55:14.749 [main] DEBUG com.zephyr.storage.index.SparseIndex - Index hit for logical offset 8561: IndexEntry{logical=8500, physical=851000, timestamp=9500000, size=100, topic='TestTopic', queueId=0}
08:55:14.749 [main] DEBUG com.zephyr.storage.index.SparseIndex - Index hit for logical offset 1268: IndexEntry{logical=1200, physical=121000, timestamp=2200000, size=100, topic='TestTopic', queueId=0}
08:55:14.749 [main] DEBUG com.zephyr.storage.index.SparseIndex - Index hit for logical offset 4091: IndexEntry{logical=4000, physical=401000, timestamp=5000000, size=100, topic='TestTopic', queueId=0}
08:55:14.749 [main] DEBUG com.zephyr.storage.index.SparseIndex - Index hit for logical offset 4654: IndexEntry{logical=4600, physical=461000, timestamp=5600000, size=100, topic='TestTopic', queueId=0}
08:55:14.749 [main] DEBUG com.zephyr.storage.index.SparseIndex - Index hit for logical offset 2260: IndexEntry{logical=2200, physical=221000, timestamp=3200000, size=100, topic='TestTopic', queueId=0}
08:55:14.749 [main] DEBUG com.zephyr.storage.index.SparseIndex - Index hit for logical offset 7484: IndexEntry{logical=7400, physical=741000, timestamp=8400000, size=100, topic='TestTopic', queueId=0}
08:55:14.749 [main] DEBUG com.zephyr.storage.index.SparseIndex - Index hit for logical offset 2954: IndexEntry{logical=2900, physical=291000, timestamp=3900000, size=100, topic='TestTopic', queueId=0}
08:55:14.749 [main] DEBUG com.zephyr.storage.index.SparseIndex - Index hit for logical offset 2318: IndexEntry{logical=2300, physical=231000, timestamp=3300000, size=100, topic='TestTopic', queueId=0}
08:55:14.749 [main] DEBUG com.zephyr.storage.index.SparseIndex - Index hit for logical offset 8553: IndexEntry{logical=8500, physical=851000, timestamp=9500000, size=100, topic='TestTopic', queueId=0}
08:55:14.749 [main] DEBUG com.zephyr.storage.index.SparseIndex - Index hit for logical offset 3147: IndexEntry{logical=3100, physical=311000, timestamp=4100000, size=100, topic='TestTopic', queueId=0}
08:55:14.749 [main] DEBUG com.zephyr.storage.index.SparseIndex - Index hit for logical offset 1227: IndexEntry{logical=1200, physical=121000, timestamp=2200000, size=100, topic='TestTopic', queueId=0}
08:55:14.749 [main] DEBUG com.zephyr.storage.index.SparseIndex - Index hit for logical offset 4418: IndexEntry{logical=4400, physical=441000, timestamp=5400000, size=100, topic='TestTopic', queueId=0}
08:55:14.749 [main] DEBUG com.zephyr.storage.index.SparseIndex - Index hit for logical offset 6467: IndexEntry{logical=6400, physical=641000, timestamp=7400000, size=100, topic='TestTopic', queueId=0}
08:55:14.749 [main] DEBUG com.zephyr.storage.index.SparseIndex - Index hit for logical offset 61: IndexEntry{logical=0, physical=1000, timestamp=1000000, size=100, topic='TestTopic', queueId=0}
08:55:14.749 [main] DEBUG com.zephyr.storage.index.SparseIndex - Index hit for logical offset 7704: IndexEntry{logical=7700, physical=771000, timestamp=8700000, size=100, topic='TestTopic', queueId=0}
08:55:14.749 [main] DEBUG com.zephyr.storage.index.SparseIndex - Index hit for logical offset 9258: IndexEntry{logical=9200, physical=921000, timestamp=10200000, size=100, topic='TestTopic', queueId=0}
08:55:14.749 [main] DEBUG com.zephyr.storage.index.SparseIndex - Index hit for logical offset 9737: IndexEntry{logical=9700, physical=971000, timestamp=10700000, size=100, topic='TestTopic', queueId=0}
08:55:14.749 [main] DEBUG com.zephyr.storage.index.SparseIndex - Index hit for logical offset 5692: IndexEntry{logical=5600, physical=561000, timestamp=6600000, size=100, topic='TestTopic', queueId=0}
08:55:14.749 [main] DEBUG com.zephyr.storage.index.SparseIndex - Index hit for logical offset 2132: IndexEntry{logical=2100, physical=211000, timestamp=3100000, size=100, topic='TestTopic', queueId=0}
08:55:14.749 [main] DEBUG com.zephyr.storage.index.SparseIndex - Index hit for logical offset 8901: IndexEntry{logical=8900, physical=891000, timestamp=9900000, size=100, topic='TestTopic', queueId=0}
08:55:14.749 [main] DEBUG com.zephyr.storage.index.SparseIndex - Index hit for logical offset 1797: IndexEntry{logical=1700, physical=171000, timestamp=2700000, size=100, topic='TestTopic', queueId=0}
08:55:14.749 [main] DEBUG com.zephyr.storage.index.SparseIndex - Index hit for logical offset 998: IndexEntry{logical=900, physical=91000, timestamp=1900000, size=100, topic='TestTopic', queueId=0}
08:55:14.749 [main] DEBUG com.zephyr.storage.index.SparseIndex - Index hit for logical offset 4734: IndexEntry{logical=4700, physical=471000, timestamp=5700000, size=100, topic='TestTopic', queueId=0}
08:55:14.749 [main] DEBUG com.zephyr.storage.index.SparseIndex - Index hit for logical offset 335: IndexEntry{logical=300, physical=31000, timestamp=1300000, size=100, topic='TestTopic', queueId=0}
08:55:14.749 [main] DEBUG com.zephyr.storage.index.SparseIndex - Index hit for logical offset 4902: IndexEntry{logical=4900, physical=491000, timestamp=5900000, size=100, topic='TestTopic', queueId=0}
08:55:14.749 [main] DEBUG com.zephyr.storage.index.SparseIndex - Index hit for logical offset 9275: IndexEntry{logical=9200, physical=921000, timestamp=10200000, size=100, topic='TestTopic', queueId=0}
08:55:14.749 [main] DEBUG com.zephyr.storage.index.SparseIndex - Index hit for logical offset 6623: IndexEntry{logical=6600, physical=661000, timestamp=7600000, size=100, topic='TestTopic', queueId=0}
08:55:14.749 [main] DEBUG com.zephyr.storage.index.SparseIndex - Index hit for logical offset 4830: IndexEntry{logical=4800, physical=481000, timestamp=5800000, size=100, topic='TestTopic', queueId=0}
08:55:14.749 [main] DEBUG com.zephyr.storage.index.SparseIndex - Index hit for logical offset 780: IndexEntry{logical=700, physical=71000, timestamp=1700000, size=100, topic='TestTopic', queueId=0}
08:55:14.750 [main] DEBUG com.zephyr.storage.index.SparseIndex - Index hit for logical offset 5023: IndexEntry{logical=5000, physical=501000, timestamp=6000000, size=100, topic='TestTopic', queueId=0}
08:55:14.750 [main] DEBUG com.zephyr.storage.index.SparseIndex - Index hit for logical offset 2856: IndexEntry{logical=2800, physical=281000, timestamp=3800000, size=100, topic='TestTopic', queueId=0}
08:55:14.750 [main] DEBUG com.zephyr.storage.index.SparseIndex - Index hit for logical offset 6918: IndexEntry{logical=6900, physical=691000, timestamp=7900000, size=100, topic='TestTopic', queueId=0}
08:55:14.750 [main] DEBUG com.zephyr.storage.index.SparseIndex - Index hit for logical offset 7764: IndexEntry{logical=7700, physical=771000, timestamp=8700000, size=100, topic='TestTopic', queueId=0}
08:55:14.750 [main] DEBUG com.zephyr.storage.index.SparseIndex - Index hit for logical offset 3583: IndexEntry{logical=3500, physical=351000, timestamp=4500000, size=100, topic='TestTopic', queueId=0}
08:55:14.750 [main] DEBUG com.zephyr.storage.index.SparseIndex - Index hit for logical offset 6400: IndexEntry{logical=6400, physical=641000, timestamp=7400000, size=100, topic='TestTopic', queueId=0}
08:55:14.750 [main] DEBUG com.zephyr.storage.index.SparseIndex - Index hit for logical offset 1286: IndexEntry{logical=1200, physical=121000, timestamp=2200000, size=100, topic='TestTopic', queueId=0}
08:55:14.750 [main] DEBUG com.zephyr.storage.index.SparseIndex - Index hit for logical offset 7306: IndexEntry{logical=7300, physical=731000, timestamp=8300000, size=100, topic='TestTopic', queueId=0}
08:55:14.750 [main] DEBUG com.zephyr.storage.index.SparseIndex - Index hit for logical offset 6839: IndexEntry{logical=6800, physical=681000, timestamp=7800000, size=100, topic='TestTopic', queueId=0}
08:55:14.750 [main] DEBUG com.zephyr.storage.index.SparseIndex - Index hit for logical offset 3085: IndexEntry{logical=3000, physical=301000, timestamp=4000000, size=100, topic='TestTopic', queueId=0}
08:55:14.750 [main] DEBUG com.zephyr.storage.index.SparseIndex - Index hit for logical offset 564: IndexEntry{logical=500, physical=51000, timestamp=1500000, size=100, topic='TestTopic', queueId=0}
08:55:14.750 [main] DEBUG com.zephyr.storage.index.SparseIndex - Index hit for logical offset 954: IndexEntry{logical=900, physical=91000, timestamp=1900000, size=100, topic='TestTopic', queueId=0}
08:55:14.750 [main] DEBUG com.zephyr.storage.index.SparseIndex - Index hit for logical offset 7632: IndexEntry{logical=7600, physical=761000, timestamp=8600000, size=100, topic='TestTopic', queueId=0}
08:55:14.750 [main] DEBUG com.zephyr.storage.index.SparseIndex - Index hit for logical offset 4713: IndexEntry{logical=4700, physical=471000, timestamp=5700000, size=100, topic='TestTopic', queueId=0}
08:55:14.750 [main] DEBUG com.zephyr.storage.index.SparseIndex - Index hit for logical offset 9513: IndexEntry{logical=9500, physical=951000, timestamp=10500000, size=100, topic='TestTopic', queueId=0}
08:55:14.750 [main] DEBUG com.zephyr.storage.index.SparseIndex - Index hit for logical offset 7392: IndexEntry{logical=7300, physical=731000, timestamp=8300000, size=100, topic='TestTopic', queueId=0}
08:55:14.750 [main] DEBUG com.zephyr.storage.index.SparseIndex - Index hit for logical offset 5689: IndexEntry{logical=5600, physical=561000, timestamp=6600000, size=100, topic='TestTopic', queueId=0}
08:55:14.750 [main] DEBUG com.zephyr.storage.index.SparseIndex - Index hit for logical offset 9967: IndexEntry{logical=9900, physical=991000, timestamp=10900000, size=100, topic='TestTopic', queueId=0}
08:55:14.750 [main] DEBUG com.zephyr.storage.index.SparseIndex - Index hit for logical offset 1446: IndexEntry{logical=1400, physical=141000, timestamp=2400000, size=100, topic='TestTopic', queueId=0}
08:55:14.750 [main] DEBUG com.zephyr.storage.index.SparseIndex - Index hit for logical offset 8027: IndexEntry{logical=8000, physical=801000, timestamp=9000000, size=100, topic='TestTopic', queueId=0}
08:55:14.750 [main] DEBUG com.zephyr.storage.index.SparseIndex - Index hit for logical offset 861: IndexEntry{logical=800, physical=81000, timestamp=1800000, size=100, topic='TestTopic', queueId=0}
08:55:14.750 [main] DEBUG com.zephyr.storage.index.SparseIndex - Index hit for logical offset 459: IndexEntry{logical=400, physical=41000, timestamp=1400000, size=100, topic='TestTopic', queueId=0}
08:55:14.750 [main] DEBUG com.zephyr.storage.index.SparseIndex - Index hit for logical offset 825: IndexEntry{logical=800, physical=81000, timestamp=1800000, size=100, topic='TestTopic', queueId=0}
08:55:14.750 [main] DEBUG com.zephyr.storage.index.SparseIndex - Index hit for logical offset 8686: IndexEntry{logical=8600, physical=861000, timestamp=9600000, size=100, topic='TestTopic', queueId=0}
08:55:14.750 [main] DEBUG com.zephyr.storage.index.SparseIndex - Index hit for logical offset 5246: IndexEntry{logical=5200, physical=521000, timestamp=6200000, size=100, topic='TestTopic', queueId=0}
08:55:14.750 [main] DEBUG com.zephyr.storage.index.SparseIndex - Index hit for logical offset 2354: IndexEntry{logical=2300, physical=231000, timestamp=3300000, size=100, topic='TestTopic', queueId=0}
08:55:14.750 [main] DEBUG com.zephyr.storage.index.SparseIndex - Index hit for logical offset 1946: IndexEntry{logical=1900, physical=191000, timestamp=2900000, size=100, topic='TestTopic', queueId=0}
08:55:14.750 [main] DEBUG com.zephyr.storage.index.SparseIndex - Index hit for logical offset 4528: IndexEntry{logical=4500, physical=451000, timestamp=5500000, size=100, topic='TestTopic', queueId=0}
08:55:14.750 [main] DEBUG com.zephyr.storage.index.SparseIndex - Index hit for logical offset 4391: IndexEntry{logical=4300, physical=431000, timestamp=5300000, size=100, topic='TestTopic', queueId=0}
08:55:14.750 [main] DEBUG com.zephyr.storage.index.SparseIndex - Index hit for logical offset 2357: IndexEntry{logical=2300, physical=231000, timestamp=3300000, size=100, topic='TestTopic', queueId=0}
08:55:14.750 [main] DEBUG com.zephyr.storage.index.SparseIndex - Index hit for logical offset 7375: IndexEntry{logical=7300, physical=731000, timestamp=8300000, size=100, topic='TestTopic', queueId=0}
08:55:14.750 [main] DEBUG com.zephyr.storage.index.SparseIndex - Index hit for logical offset 4983: IndexEntry{logical=4900, physical=491000, timestamp=5900000, size=100, topic='TestTopic', queueId=0}
08:55:14.750 [main] DEBUG com.zephyr.storage.index.SparseIndex - Index hit for logical offset 9156: IndexEntry{logical=9100, physical=911000, timestamp=10100000, size=100, topic='TestTopic', queueId=0}
08:55:14.750 [main] DEBUG com.zephyr.storage.index.SparseIndex - Index hit for logical offset 523: IndexEntry{logical=500, physical=51000, timestamp=1500000, size=100, topic='TestTopic', queueId=0}
08:55:14.750 [main] DEBUG com.zephyr.storage.index.SparseIndex - Index hit for logical offset 1383: IndexEntry{logical=1300, physical=131000, timestamp=2300000, size=100, topic='TestTopic', queueId=0}
08:55:14.750 [main] DEBUG com.zephyr.storage.index.SparseIndex - Index hit for logical offset 5658: IndexEntry{logical=5600, physical=561000, timestamp=6600000, size=100, topic='TestTopic', queueId=0}
08:55:14.750 [main] DEBUG com.zephyr.storage.index.SparseIndex - Index hit for logical offset 4079: IndexEntry{logical=4000, physical=401000, timestamp=5000000, size=100, topic='TestTopic', queueId=0}
08:55:14.750 [main] DEBUG com.zephyr.storage.index.SparseIndex - Index hit for logical offset 1374: IndexEntry{logical=1300, physical=131000, timestamp=2300000, size=100, topic='TestTopic', queueId=0}
08:55:14.750 [main] DEBUG com.zephyr.storage.index.SparseIndex - Index hit for logical offset 2978: IndexEntry{logical=2900, physical=291000, timestamp=3900000, size=100, topic='TestTopic', queueId=0}
08:55:14.750 [main] DEBUG com.zephyr.storage.index.SparseIndex - Index hit for logical offset 4545: IndexEntry{logical=4500, physical=451000, timestamp=5500000, size=100, topic='TestTopic', queueId=0}
08:55:14.750 [main] DEBUG com.zephyr.storage.index.SparseIndex - Index hit for logical offset 5109: IndexEntry{logical=5100, physical=511000, timestamp=6100000, size=100, topic='TestTopic', queueId=0}
08:55:14.750 [main] DEBUG com.zephyr.storage.index.SparseIndex - Index hit for logical offset 9072: IndexEntry{logical=9000, physical=901000, timestamp=10000000, size=100, topic='TestTopic', queueId=0}
08:55:14.750 [main] DEBUG com.zephyr.storage.index.SparseIndex - Index hit for logical offset 377: IndexEntry{logical=300, physical=31000, timestamp=1300000, size=100, topic='TestTopic', queueId=0}
08:55:14.750 [main] DEBUG com.zephyr.storage.index.SparseIndex - Index hit for logical offset 566: IndexEntry{logical=500, physical=51000, timestamp=1500000, size=100, topic='TestTopic', queueId=0}
08:55:14.750 [main] DEBUG com.zephyr.storage.index.SparseIndex - Index hit for logical offset 9430: IndexEntry{logical=9400, physical=941000, timestamp=10400000, size=100, topic='TestTopic', queueId=0}
08:55:14.751 [main] DEBUG com.zephyr.storage.index.SparseIndex - Index hit for logical offset 2060: IndexEntry{logical=2000, physical=201000, timestamp=3000000, size=100, topic='TestTopic', queueId=0}
08:55:14.751 [main] DEBUG com.zephyr.storage.index.SparseIndex - Index hit for logical offset 3736: IndexEntry{logical=3700, physical=371000, timestamp=4700000, size=100, topic='TestTopic', queueId=0}
08:55:14.751 [main] DEBUG com.zephyr.storage.index.SparseIndex - Index hit for logical offset 3517: IndexEntry{logical=3500, physical=351000, timestamp=4500000, size=100, topic='TestTopic', queueId=0}
08:55:14.751 [main] DEBUG com.zephyr.storage.index.SparseIndex - Index hit for logical offset 2764: IndexEntry{logical=2700, physical=271000, timestamp=3700000, size=100, topic='TestTopic', queueId=0}
08:55:14.751 [main] DEBUG com.zephyr.storage.index.SparseIndex - Index hit for logical offset 7485: IndexEntry{logical=7400, physical=741000, timestamp=8400000, size=100, topic='TestTopic', queueId=0}
08:55:14.751 [main] DEBUG com.zephyr.storage.index.SparseIndex - Index hit for logical offset 5789: IndexEntry{logical=5700, physical=571000, timestamp=6700000, size=100, topic='TestTopic', queueId=0}
08:55:14.751 [main] DEBUG com.zephyr.storage.index.SparseIndex - Index hit for logical offset 5834: IndexEntry{logical=5800, physical=581000, timestamp=6800000, size=100, topic='TestTopic', queueId=0}
08:55:14.751 [main] DEBUG com.zephyr.storage.index.SparseIndex - Index hit for logical offset 5013: IndexEntry{logical=5000, physical=501000, timestamp=6000000, size=100, topic='TestTopic', queueId=0}
08:55:14.751 [main] DEBUG com.zephyr.storage.index.SparseIndex - Index hit for logical offset 5960: IndexEntry{logical=5900, physical=591000, timestamp=6900000, size=100, topic='TestTopic', queueId=0}
08:55:14.751 [main] DEBUG com.zephyr.storage.index.SparseIndex - Index hit for logical offset 686: IndexEntry{logical=600, physical=61000, timestamp=1600000, size=100, topic='TestTopic', queueId=0}
08:55:14.751 [main] DEBUG com.zephyr.storage.index.SparseIndex - Index hit for logical offset 8220: IndexEntry{logical=8200, physical=821000, timestamp=9200000, size=100, topic='TestTopic', queueId=0}
08:55:14.751 [main] DEBUG com.zephyr.storage.index.SparseIndex - Index hit for logical offset 3410: IndexEntry{logical=3400, physical=341000, timestamp=4400000, size=100, topic='TestTopic', queueId=0}
08:55:14.751 [main] DEBUG com.zephyr.storage.index.SparseIndex - Index hit for logical offset 2808: IndexEntry{logical=2800, physical=281000, timestamp=3800000, size=100, topic='TestTopic', queueId=0}
08:55:14.751 [main] DEBUG com.zephyr.storage.index.SparseIndex - Index hit for logical offset 9755: IndexEntry{logical=9700, physical=971000, timestamp=10700000, size=100, topic='TestTopic', queueId=0}
08:55:14.751 [main] DEBUG com.zephyr.storage.index.SparseIndex - Index hit for logical offset 3161: IndexEntry{logical=3100, physical=311000, timestamp=4100000, size=100, topic='TestTopic', queueId=0}
08:55:14.751 [main] DEBUG com.zephyr.storage.index.SparseIndex - Index hit for logical offset 3438: IndexEntry{logical=3400, physical=341000, timestamp=4400000, size=100, topic='TestTopic', queueId=0}
08:55:14.751 [main] DEBUG com.zephyr.storage.index.SparseIndex - Index hit for logical offset 2765: IndexEntry{logical=2700, physical=271000, timestamp=3700000, size=100, topic='TestTopic', queueId=0}
08:55:14.751 [main] DEBUG com.zephyr.storage.index.SparseIndex - Index hit for logical offset 9195: IndexEntry{logical=9100, physical=911000, timestamp=10100000, size=100, topic='TestTopic', queueId=0}
08:55:14.751 [main] DEBUG com.zephyr.storage.index.SparseIndex - Index hit for logical offset 2621: IndexEntry{logical=2600, physical=261000, timestamp=3600000, size=100, topic='TestTopic', queueId=0}
08:55:14.751 [main] DEBUG com.zephyr.storage.index.SparseIndex - Index hit for logical offset 1681: IndexEntry{logical=1600, physical=161000, timestamp=2600000, size=100, topic='TestTopic', queueId=0}
08:55:14.751 [main] DEBUG com.zephyr.storage.index.SparseIndex - Index hit for logical offset 1320: IndexEntry{logical=1300, physical=131000, timestamp=2300000, size=100, topic='TestTopic', queueId=0}
08:55:14.751 [main] DEBUG com.zephyr.storage.index.SparseIndex - Index hit for logical offset 8750: IndexEntry{logical=8700, physical=871000, timestamp=9700000, size=100, topic='TestTopic', queueId=0}
08:55:14.751 [main] DEBUG com.zephyr.storage.index.SparseIndex - Index hit for logical offset 8804: IndexEntry{logical=8800, physical=881000, timestamp=9800000, size=100, topic='TestTopic', queueId=0}
08:55:14.751 [main] DEBUG com.zephyr.storage.index.SparseIndex - Index hit for logical offset 1535: IndexEntry{logical=1500, physical=151000, timestamp=2500000, size=100, topic='TestTopic', queueId=0}
08:55:14.751 [main] DEBUG com.zephyr.storage.index.SparseIndex - Index hit for logical offset 7368: IndexEntry{logical=7300, physical=731000, timestamp=8300000, size=100, topic='TestTopic', queueId=0}
08:55:14.751 [main] DEBUG com.zephyr.storage.index.SparseIndex - Index hit for logical offset 2326: IndexEntry{logical=2300, physical=231000, timestamp=3300000, size=100, topic='TestTopic', queueId=0}
08:55:14.751 [main] DEBUG com.zephyr.storage.index.SparseIndex - Index hit for logical offset 9759: IndexEntry{logical=9700, physical=971000, timestamp=10700000, size=100, topic='TestTopic', queueId=0}
08:55:14.751 [main] DEBUG com.zephyr.storage.index.SparseIndex - Index hit for logical offset 2207: IndexEntry{logical=2200, physical=221000, timestamp=3200000, size=100, topic='TestTopic', queueId=0}
08:55:14.751 [main] DEBUG com.zephyr.storage.index.SparseIndex - Index hit for logical offset 8635: IndexEntry{logical=8600, physical=861000, timestamp=9600000, size=100, topic='TestTopic', queueId=0}
08:55:14.751 [main] DEBUG com.zephyr.storage.index.SparseIndex - Index hit for logical offset 1191: IndexEntry{logical=1100, physical=111000, timestamp=2100000, size=100, topic='TestTopic', queueId=0}
08:55:14.751 [main] DEBUG com.zephyr.storage.index.SparseIndex - Index hit for logical offset 4822: IndexEntry{logical=4800, physical=481000, timestamp=5800000, size=100, topic='TestTopic', queueId=0}
08:55:14.751 [main] DEBUG com.zephyr.storage.index.SparseIndex - Index hit for logical offset 3810: IndexEntry{logical=3800, physical=381000, timestamp=4800000, size=100, topic='TestTopic', queueId=0}
08:55:14.751 [main] DEBUG com.zephyr.storage.index.SparseIndex - Index hit for logical offset 3489: IndexEntry{logical=3400, physical=341000, timestamp=4400000, size=100, topic='TestTopic', queueId=0}
08:55:14.751 [main] DEBUG com.zephyr.storage.index.SparseIndex - Index hit for logical offset 7917: IndexEntry{logical=7900, physical=791000, timestamp=8900000, size=100, topic='TestTopic', queueId=0}
08:55:14.751 [main] DEBUG com.zephyr.storage.index.SparseIndex - Index hit for logical offset 8428: IndexEntry{logical=8400, physical=841000, timestamp=9400000, size=100, topic='TestTopic', queueId=0}
08:55:14.751 [main] DEBUG com.zephyr.storage.index.SparseIndex - Index hit for logical offset 6529: IndexEntry{logical=6500, physical=651000, timestamp=7500000, size=100, topic='TestTopic', queueId=0}
08:55:14.751 [main] DEBUG com.zephyr.storage.index.SparseIndex - Index hit for logical offset 141: IndexEntry{logical=100, physical=11000, timestamp=1100000, size=100, topic='TestTopic', queueId=0}
08:55:14.751 [main] DEBUG com.zephyr.storage.index.SparseIndex - Index hit for logical offset 4542: IndexEntry{logical=4500, physical=451000, timestamp=5500000, size=100, topic='TestTopic', queueId=0}
08:55:14.751 [main] DEBUG com.zephyr.storage.index.SparseIndex - Index hit for logical offset 4635: IndexEntry{logical=4600, physical=461000, timestamp=5600000, size=100, topic='TestTopic', queueId=0}
08:55:14.751 [main] DEBUG com.zephyr.storage.index.SparseIndex - Index hit for logical offset 9784: IndexEntry{logical=9700, physical=971000, timestamp=10700000, size=100, topic='TestTopic', queueId=0}
08:55:14.751 [main] DEBUG com.zephyr.storage.index.SparseIndex - Index hit for logical offset 7029: IndexEntry{logical=7000, physical=701000, timestamp=8000000, size=100, topic='TestTopic', queueId=0}
08:55:14.751 [main] DEBUG com.zephyr.storage.index.SparseIndex - Index hit for logical offset 1574: IndexEntry{logical=1500, physical=151000, timestamp=2500000, size=100, topic='TestTopic', queueId=0}
08:55:14.751 [main] DEBUG com.zephyr.storage.index.SparseIndex - Index hit for logical offset 8888: IndexEntry{logical=8800, physical=881000, timestamp=9800000, size=100, topic='TestTopic', queueId=0}
08:55:14.751 [main] DEBUG com.zephyr.storage.index.SparseIndex - Index hit for logical offset 8148: IndexEntry{logical=8100, physical=811000, timestamp=9100000, size=100, topic='TestTopic', queueId=0}
08:55:14.751 [main] DEBUG com.zephyr.storage.index.SparseIndex - Index hit for logical offset 6189: IndexEntry{logical=6100, physical=611000, timestamp=7100000, size=100, topic='TestTopic', queueId=0}
08:55:14.751 [main] DEBUG com.zephyr.storage.index.SparseIndex - Index hit for logical offset 5386: IndexEntry{logical=5300, physical=531000, timestamp=6300000, size=100, topic='TestTopic', queueId=0}
08:55:14.751 [main] DEBUG com.zephyr.storage.index.SparseIndex - Index hit for logical offset 7968: IndexEntry{logical=7900, physical=791000, timestamp=8900000, size=100, topic='TestTopic', queueId=0}
08:55:14.751 [main] DEBUG com.zephyr.storage.index.SparseIndex - Index hit for logical offset 4335: IndexEntry{logical=4300, physical=431000, timestamp=5300000, size=100, topic='TestTopic', queueId=0}
08:55:14.751 [main] DEBUG com.zephyr.storage.index.SparseIndex - Index hit for logical offset 4824: IndexEntry{logical=4800, physical=481000, timestamp=5800000, size=100, topic='TestTopic', queueId=0}
08:55:14.751 [main] DEBUG com.zephyr.storage.index.SparseIndex - Index hit for logical offset 331: IndexEntry{logical=300, physical=31000, timestamp=1300000, size=100, topic='TestTopic', queueId=0}
08:55:14.752 [main] DEBUG com.zephyr.storage.index.SparseIndex - Index hit for logical offset 3912: IndexEntry{logical=3900, physical=391000, timestamp=4900000, size=100, topic='TestTopic', queueId=0}
08:55:14.752 [main] DEBUG com.zephyr.storage.index.SparseIndex - Index hit for logical offset 6045: IndexEntry{logical=6000, physical=601000, timestamp=7000000, size=100, topic='TestTopic', queueId=0}
08:55:14.752 [main] DEBUG com.zephyr.storage.index.SparseIndex - Index hit for logical offset 8947: IndexEntry{logical=8900, physical=891000, timestamp=9900000, size=100, topic='TestTopic', queueId=0}
08:55:14.752 [main] DEBUG com.zephyr.storage.index.SparseIndex - Index hit for logical offset 8470: IndexEntry{logical=8400, physical=841000, timestamp=9400000, size=100, topic='TestTopic', queueId=0}
08:55:14.752 [main] DEBUG com.zephyr.storage.index.SparseIndex - Index hit for logical offset 2696: IndexEntry{logical=2600, physical=261000, timestamp=3600000, size=100, topic='TestTopic', queueId=0}
08:55:14.752 [main] DEBUG com.zephyr.storage.index.SparseIndex - Index hit for logical offset 2615: IndexEntry{logical=2600, physical=261000, timestamp=3600000, size=100, topic='TestTopic', queueId=0}
08:55:14.752 [main] DEBUG com.zephyr.storage.index.SparseIndex - Index hit for logical offset 6955: IndexEntry{logical=6900, physical=691000, timestamp=7900000, size=100, topic='TestTopic', queueId=0}
08:55:14.752 [main] DEBUG com.zephyr.storage.index.SparseIndex - Index hit for logical offset 4186: IndexEntry{logical=4100, physical=411000, timestamp=5100000, size=100, topic='TestTopic', queueId=0}
08:55:14.752 [main] DEBUG com.zephyr.storage.index.SparseIndex - Index hit for logical offset 3949: IndexEntry{logical=3900, physical=391000, timestamp=4900000, size=100, topic='TestTopic', queueId=0}
08:55:14.752 [main] DEBUG com.zephyr.storage.index.SparseIndex - Index hit for logical offset 9533: IndexEntry{logical=9500, physical=951000, timestamp=10500000, size=100, topic='TestTopic', queueId=0}
08:55:14.752 [main] DEBUG com.zephyr.storage.index.SparseIndex - Index hit for logical offset 335: IndexEntry{logical=300, physical=31000, timestamp=1300000, size=100, topic='TestTopic', queueId=0}
08:55:14.752 [main] DEBUG com.zephyr.storage.index.SparseIndex - Index hit for logical offset 3168: IndexEntry{logical=3100, physical=311000, timestamp=4100000, size=100, topic='TestTopic', queueId=0}
08:55:14.752 [main] DEBUG com.zephyr.storage.index.SparseIndex - Index hit for logical offset 3640: IndexEntry{logical=3600, physical=361000, timestamp=4600000, size=100, topic='TestTopic', queueId=0}
08:55:14.752 [main] DEBUG com.zephyr.storage.index.SparseIndex - Index hit for logical offset 3670: IndexEntry{logical=3600, physical=361000, timestamp=4600000, size=100, topic='TestTopic', queueId=0}
08:55:14.752 [main] DEBUG com.zephyr.storage.index.SparseIndex - Index hit for logical offset 3282: IndexEntry{logical=3200, physical=321000, timestamp=4200000, size=100, topic='TestTopic', queueId=0}
08:55:14.752 [main] DEBUG com.zephyr.storage.index.SparseIndex - Index hit for logical offset 5242: IndexEntry{logical=5200, physical=521000, timestamp=6200000, size=100, topic='TestTopic', queueId=0}
08:55:14.752 [main] DEBUG com.zephyr.storage.index.SparseIndex - Index hit for logical offset 7689: IndexEntry{logical=7600, physical=761000, timestamp=8600000, size=100, topic='TestTopic', queueId=0}
08:55:14.752 [main] DEBUG com.zephyr.storage.index.SparseIndex - Index hit for logical offset 9788: IndexEntry{logical=9700, physical=971000, timestamp=10700000, size=100, topic='TestTopic', queueId=0}
08:55:14.752 [main] DEBUG com.zephyr.storage.index.SparseIndex - Index hit for logical offset 2958: IndexEntry{logical=2900, physical=291000, timestamp=3900000, size=100, topic='TestTopic', queueId=0}
08:55:14.752 [main] DEBUG com.zephyr.storage.index.SparseIndex - Index hit for logical offset 8361: IndexEntry{logical=8300, physical=831000, timestamp=9300000, size=100, topic='TestTopic', queueId=0}
08:55:14.752 [main] DEBUG com.zephyr.storage.index.SparseIndex - Index hit for logical offset 855: IndexEntry{logical=800, physical=81000, timestamp=1800000, size=100, topic='TestTopic', queueId=0}
08:55:14.752 [main] DEBUG com.zephyr.storage.index.SparseIndex - Index hit for logical offset 9346: IndexEntry{logical=9300, physical=931000, timestamp=10300000, size=100, topic='TestTopic', queueId=0}
08:55:14.752 [main] DEBUG com.zephyr.storage.index.SparseIndex - Index hit for logical offset 7376: IndexEntry{logical=7300, physical=731000, timestamp=8300000, size=100, topic='TestTopic', queueId=0}
08:55:14.752 [main] DEBUG com.zephyr.storage.index.SparseIndex - Index hit for logical offset 6693: IndexEntry{logical=6600, physical=661000, timestamp=7600000, size=100, topic='TestTopic', queueId=0}
08:55:14.752 [main] DEBUG com.zephyr.storage.index.SparseIndex - Index hit for logical offset 1823: IndexEntry{logical=1800, physical=181000, timestamp=2800000, size=100, topic='TestTopic', queueId=0}
08:55:14.752 [main] DEBUG com.zephyr.storage.index.SparseIndex - Index hit for logical offset 5912: IndexEntry{logical=5900, physical=591000, timestamp=6900000, size=100, topic='TestTopic', queueId=0}
Large data test: 100 entries added in 23ms, 1000 queries in 81ms, hit ratio: 100.00%
]]></system-out>
  </testcase>
  <testcase name="testIndexEntryToString" classname="com.zephyr.storage.index.SparseIndexTest" time="0.001">
    <system-out><![CDATA[08:55:14.756 [main] INFO com.zephyr.storage.index.SparseIndex - SparseIndex initialized: interval=10, maxEntries=1000
]]></system-out>
  </testcase>
  <testcase name="testTimeRangeQuery" classname="com.zephyr.storage.index.SparseIndexTest" time="0.002">
    <system-out><![CDATA[08:55:14.757 [main] INFO com.zephyr.storage.index.SparseIndex - SparseIndex initialized: interval=10, maxEntries=1000
08:55:14.758 [main] DEBUG com.zephyr.storage.index.SparseIndex - Added index entry: IndexEntry{logical=0, physical=1000, timestamp=1000000, size=100, topic='TestTopic', queueId=0}
08:55:14.758 [main] DEBUG com.zephyr.storage.index.SparseIndex - Added index entry: IndexEntry{logical=10, physical=2000, timestamp=1010000, size=100, topic='TestTopic', queueId=0}
08:55:14.758 [main] DEBUG com.zephyr.storage.index.SparseIndex - Added index entry: IndexEntry{logical=20, physical=3000, timestamp=1020000, size=100, topic='TestTopic', queueId=0}
08:55:14.758 [main] DEBUG com.zephyr.storage.index.SparseIndex - Added index entry: IndexEntry{logical=30, physical=4000, timestamp=1030000, size=100, topic='TestTopic', queueId=0}
08:55:14.758 [main] DEBUG com.zephyr.storage.index.SparseIndex - Index hit for timestamp 1005000: IndexEntry{logical=0, physical=1000, timestamp=1000000, size=100, topic='TestTopic', queueId=0}
08:55:14.759 [main] DEBUG com.zephyr.storage.index.SparseIndex - Time range query [1005000, 1025000]: QueryRange{start=1000, end=4000, entries=[IndexEntry{logical=0, physical=1000, timestamp=1000000, size=100, topic='TestTopic', queueId=0}, IndexEntry{logical=30, physical=4000, timestamp=1030000, size=100, topic='TestTopic', queueId=0}]}
]]></system-out>
  </testcase>
  <testcase name="testSparseIndexInterval" classname="com.zephyr.storage.index.SparseIndexTest" time="0.001">
    <system-out><![CDATA[08:55:14.760 [main] INFO com.zephyr.storage.index.SparseIndex - SparseIndex initialized: interval=10, maxEntries=1000
08:55:14.760 [main] DEBUG com.zephyr.storage.index.SparseIndex - Added index entry: IndexEntry{logical=0, physical=1000, timestamp=1000000, size=100, topic='TestTopic', queueId=0}
08:55:14.760 [main] DEBUG com.zephyr.storage.index.SparseIndex - Added index entry: IndexEntry{logical=10, physical=2000, timestamp=1010000, size=100, topic='TestTopic', queueId=0}
08:55:14.760 [main] DEBUG com.zephyr.storage.index.SparseIndex - Added index entry: IndexEntry{logical=20, physical=3000, timestamp=1020000, size=100, topic='TestTopic', queueId=0}
08:55:14.760 [main] DEBUG com.zephyr.storage.index.SparseIndex - Added index entry: IndexEntry{logical=30, physical=4000, timestamp=1030000, size=100, topic='TestTopic', queueId=0}
08:55:14.760 [main] DEBUG com.zephyr.storage.index.SparseIndex - Added index entry: IndexEntry{logical=40, physical=5000, timestamp=1040000, size=100, topic='TestTopic', queueId=0}
08:55:14.760 [main] DEBUG com.zephyr.storage.index.SparseIndex - Index hit for logical offset 25: IndexEntry{logical=20, physical=3000, timestamp=1020000, size=100, topic='TestTopic', queueId=0}
08:55:14.760 [main] DEBUG com.zephyr.storage.index.SparseIndex - Index hit for logical offset 35: IndexEntry{logical=30, physical=4000, timestamp=1030000, size=100, topic='TestTopic', queueId=0}
]]></system-out>
  </testcase>
  <testcase name="testIndexNotFound" classname="com.zephyr.storage.index.SparseIndexTest" time="0.001">
    <system-out><![CDATA[08:55:14.761 [main] INFO com.zephyr.storage.index.SparseIndex - SparseIndex initialized: interval=10, maxEntries=1000
08:55:14.762 [main] DEBUG com.zephyr.storage.index.SparseIndex - No index found for logical offset: 100
08:55:14.762 [main] DEBUG com.zephyr.storage.index.SparseIndex - No index found for physical offset: 5000
08:55:14.762 [main] DEBUG com.zephyr.storage.index.SparseIndex - No index found for timestamp: 2000000
08:55:14.762 [main] DEBUG com.zephyr.storage.index.SparseIndex - Added index entry: IndexEntry{logical=100, physical=10000, timestamp=2000000, size=100, topic='TestTopic', queueId=0}
08:55:14.762 [main] DEBUG com.zephyr.storage.index.SparseIndex - No index found for logical offset: 50
08:55:14.762 [main] DEBUG com.zephyr.storage.index.SparseIndex - No index found for physical offset: 5000
08:55:14.762 [main] DEBUG com.zephyr.storage.index.SparseIndex - No index found for timestamp: 1500000
]]></system-out>
  </testcase>
  <testcase name="testPhysicalRangeQuery" classname="com.zephyr.storage.index.SparseIndexTest" time="0.001">
    <system-out><![CDATA[08:55:14.763 [main] INFO com.zephyr.storage.index.SparseIndex - SparseIndex initialized: interval=10, maxEntries=1000
08:55:14.763 [main] DEBUG com.zephyr.storage.index.SparseIndex - Added index entry: IndexEntry{logical=0, physical=1000, timestamp=1000000, size=100, topic='TestTopic', queueId=0}
08:55:14.763 [main] DEBUG com.zephyr.storage.index.SparseIndex - Added index entry: IndexEntry{logical=10, physical=2000, timestamp=1001000, size=100, topic='TestTopic', queueId=0}
08:55:14.763 [main] DEBUG com.zephyr.storage.index.SparseIndex - Added index entry: IndexEntry{logical=20, physical=3000, timestamp=1002000, size=100, topic='TestTopic', queueId=0}
08:55:14.763 [main] DEBUG com.zephyr.storage.index.SparseIndex - Added index entry: IndexEntry{logical=30, physical=4000, timestamp=1003000, size=100, topic='TestTopic', queueId=0}
08:55:14.763 [main] DEBUG com.zephyr.storage.index.SparseIndex - Index hit for physical offset 1500: IndexEntry{logical=0, physical=1000, timestamp=1000000, size=100, topic='TestTopic', queueId=0}
08:55:14.763 [main] DEBUG com.zephyr.storage.index.SparseIndex - Physical range query [1500, 3500]: QueryRange{start=1000, end=4000, entries=[IndexEntry{logical=0, physical=1000, timestamp=1000000, size=100, topic='TestTopic', queueId=0}, IndexEntry{logical=30, physical=4000, timestamp=1003000, size=100, topic='TestTopic', queueId=0}]}
]]></system-out>
  </testcase>
  <testcase name="testEarliestAndLatestEntries" classname="com.zephyr.storage.index.SparseIndexTest" time="0.001">
    <system-out><![CDATA[08:55:14.764 [main] INFO com.zephyr.storage.index.SparseIndex - SparseIndex initialized: interval=10, maxEntries=1000
08:55:14.764 [main] DEBUG com.zephyr.storage.index.SparseIndex - Added index entry: IndexEntry{logical=10, physical=2000, timestamp=1001000, size=100, topic='TestTopic', queueId=0}
08:55:14.764 [main] DEBUG com.zephyr.storage.index.SparseIndex - Added index entry: IndexEntry{logical=0, physical=1000, timestamp=1000000, size=100, topic='TestTopic', queueId=0}
08:55:14.764 [main] DEBUG com.zephyr.storage.index.SparseIndex - Added index entry: IndexEntry{logical=20, physical=3000, timestamp=1002000, size=100, topic='TestTopic', queueId=0}
]]></system-out>
  </testcase>
  <testcase name="testLogicalRangeQuery" classname="com.zephyr.storage.index.SparseIndexTest" time="0.001">
    <system-out><![CDATA[08:55:14.765 [main] INFO com.zephyr.storage.index.SparseIndex - SparseIndex initialized: interval=10, maxEntries=1000
08:55:14.765 [main] DEBUG com.zephyr.storage.index.SparseIndex - Added index entry: IndexEntry{logical=0, physical=1000, timestamp=1000000, size=100, topic='TestTopic', queueId=0}
08:55:14.765 [main] DEBUG com.zephyr.storage.index.SparseIndex - Added index entry: IndexEntry{logical=10, physical=2000, timestamp=1001000, size=100, topic='TestTopic', queueId=0}
08:55:14.765 [main] DEBUG com.zephyr.storage.index.SparseIndex - Added index entry: IndexEntry{logical=20, physical=3000, timestamp=1002000, size=100, topic='TestTopic', queueId=0}
08:55:14.765 [main] DEBUG com.zephyr.storage.index.SparseIndex - Added index entry: IndexEntry{logical=30, physical=4000, timestamp=1003000, size=100, topic='TestTopic', queueId=0}
08:55:14.765 [main] DEBUG com.zephyr.storage.index.SparseIndex - Index hit for logical offset 5: IndexEntry{logical=0, physical=1000, timestamp=1000000, size=100, topic='TestTopic', queueId=0}
08:55:14.765 [main] DEBUG com.zephyr.storage.index.SparseIndex - Logical range query [5, 25]: QueryRange{start=1000, end=4000, entries=[IndexEntry{logical=0, physical=1000, timestamp=1000000, size=100, topic='TestTopic', queueId=0}, IndexEntry{logical=30, physical=4000, timestamp=1003000, size=100, topic='TestTopic', queueId=0}]}
]]></system-out>
  </testcase>
  <testcase name="testQueryRangeOperations" classname="com.zephyr.storage.index.SparseIndexTest" time="0.001">
    <system-out><![CDATA[08:55:14.766 [main] INFO com.zephyr.storage.index.SparseIndex - SparseIndex initialized: interval=10, maxEntries=1000
]]></system-out>
  </testcase>
  <testcase name="testIndexStatistics" classname="com.zephyr.storage.index.SparseIndexTest" time="0.001">
    <system-out><![CDATA[08:55:14.767 [main] INFO com.zephyr.storage.index.SparseIndex - SparseIndex initialized: interval=10, maxEntries=1000
08:55:14.767 [main] DEBUG com.zephyr.storage.index.SparseIndex - Added index entry: IndexEntry{logical=0, physical=1000, timestamp=1000000, size=100, topic='TestTopic', queueId=0}
08:55:14.767 [main] DEBUG com.zephyr.storage.index.SparseIndex - Added index entry: IndexEntry{logical=10, physical=2000, timestamp=1001000, size=100, topic='TestTopic', queueId=0}
08:55:14.767 [main] DEBUG com.zephyr.storage.index.SparseIndex - Index hit for logical offset 5: IndexEntry{logical=0, physical=1000, timestamp=1000000, size=100, topic='TestTopic', queueId=0}
08:55:14.767 [main] DEBUG com.zephyr.storage.index.SparseIndex - Index hit for logical offset 15: IndexEntry{logical=10, physical=2000, timestamp=1001000, size=100, topic='TestTopic', queueId=0}
08:55:14.767 [main] DEBUG com.zephyr.storage.index.SparseIndex - Index hit for logical offset 50: IndexEntry{logical=10, physical=2000, timestamp=1001000, size=100, topic='TestTopic', queueId=0}
]]></system-out>
  </testcase>
</testsuite>