<?xml version="1.0" encoding="UTF-8"?>
<testsuite xmlns:xsi="http://www.w3.org/2001/XMLSchema-instance" xsi:noNamespaceSchemaLocation="https://maven.apache.org/surefire/maven-surefire-plugin/xsd/surefire-test-report-3.0.xsd" version="3.0" name="com.zephyr.storage.commitlog.FileRollingServiceTest" time="0.44" tests="7" errors="0" skipped="0" failures="0">
  <properties>
    <property name="java.specification.version" value="17"/>
    <property name="sun.jnu.encoding" value="UTF-8"/>
    <property name="java.class.path" value="/home/wuqisen/DevelopMaterial/ZephyrMQ/zephyr-storage/target/test-classes:/home/wuqisen/DevelopMaterial/ZephyrMQ/zephyr-storage/target/classes:/home/wuqisen/DevelopMaterial/ZephyrMQ/zephyr-common/target/classes:/home/wuqisen/.m2/repository/org/slf4j/slf4j-api/1.7.36/slf4j-api-1.7.36.jar:/home/wuqisen/.m2/repository/ch/qos/logback/logback-classic/1.2.12/logback-classic-1.2.12.jar:/home/wuqisen/.m2/repository/ch/qos/logback/logback-core/1.2.12/logback-core-1.2.12.jar:/home/wuqisen/.m2/repository/com/google/guava/guava/32.1.3-jre/guava-32.1.3-jre.jar:/home/wuqisen/.m2/repository/com/google/guava/failureaccess/1.0.1/failureaccess-1.0.1.jar:/home/wuqisen/.m2/repository/com/google/guava/listenablefuture/9999.0-empty-to-avoid-conflict-with-guava/listenablefuture-9999.0-empty-to-avoid-conflict-with-guava.jar:/home/wuqisen/.m2/repository/com/google/code/findbugs/jsr305/3.0.2/jsr305-3.0.2.jar:/home/wuqisen/.m2/repository/org/checkerframework/checker-qual/3.37.0/checker-qual-3.37.0.jar:/home/wuqisen/.m2/repository/com/google/errorprone/error_prone_annotations/2.21.1/error_prone_annotations-2.21.1.jar:/home/wuqisen/.m2/repository/com/google/j2objc/j2objc-annotations/2.8/j2objc-annotations-2.8.jar:/home/wuqisen/.m2/repository/org/apache/commons/commons-lang3/3.13.0/commons-lang3-3.13.0.jar:/home/wuqisen/DevelopMaterial/ZephyrMQ/zephyr-protocol/target/classes:/home/wuqisen/.m2/repository/com/google/protobuf/protobuf-java/3.25.1/protobuf-java-3.25.1.jar:/home/wuqisen/.m2/repository/com/fasterxml/jackson/core/jackson-databind/2.16.0/jackson-databind-2.16.0.jar:/home/wuqisen/.m2/repository/com/fasterxml/jackson/core/jackson-core/2.16.0/jackson-core-2.16.0.jar:/home/wuqisen/.m2/repository/com/fasterxml/jackson/core/jackson-annotations/2.16.0/jackson-annotations-2.16.0.jar:/home/wuqisen/.m2/repository/io/netty/netty-all/4.1.104.Final/netty-all-4.1.104.Final.jar:/home/wuqisen/.m2/repository/io/netty/netty-buffer/4.1.104.Final/netty-buffer-4.1.104.Final.jar:/home/wuqisen/.m2/repository/io/netty/netty-codec/4.1.104.Final/netty-codec-4.1.104.Final.jar:/home/wuqisen/.m2/repository/io/netty/netty-codec-dns/4.1.104.Final/netty-codec-dns-4.1.104.Final.jar:/home/wuqisen/.m2/repository/io/netty/netty-codec-haproxy/4.1.104.Final/netty-codec-haproxy-4.1.104.Final.jar:/home/wuqisen/.m2/repository/io/netty/netty-codec-http/4.1.104.Final/netty-codec-http-4.1.104.Final.jar:/home/wuqisen/.m2/repository/io/netty/netty-codec-http2/4.1.104.Final/netty-codec-http2-4.1.104.Final.jar:/home/wuqisen/.m2/repository/io/netty/netty-codec-memcache/4.1.104.Final/netty-codec-memcache-4.1.104.Final.jar:/home/wuqisen/.m2/repository/io/netty/netty-codec-mqtt/4.1.104.Final/netty-codec-mqtt-4.1.104.Final.jar:/home/wuqisen/.m2/repository/io/netty/netty-codec-redis/4.1.104.Final/netty-codec-redis-4.1.104.Final.jar:/home/wuqisen/.m2/repository/io/netty/netty-codec-smtp/4.1.104.Final/netty-codec-smtp-4.1.104.Final.jar:/home/wuqisen/.m2/repository/io/netty/netty-codec-socks/4.1.104.Final/netty-codec-socks-4.1.104.Final.jar:/home/wuqisen/.m2/repository/io/netty/netty-codec-stomp/4.1.104.Final/netty-codec-stomp-4.1.104.Final.jar:/home/wuqisen/.m2/repository/io/netty/netty-codec-xml/4.1.104.Final/netty-codec-xml-4.1.104.Final.jar:/home/wuqisen/.m2/repository/io/netty/netty-common/4.1.104.Final/netty-common-4.1.104.Final.jar:/home/wuqisen/.m2/repository/io/netty/netty-handler/4.1.104.Final/netty-handler-4.1.104.Final.jar:/home/wuqisen/.m2/repository/io/netty/netty-transport-native-unix-common/4.1.104.Final/netty-transport-native-unix-common-4.1.104.Final.jar:/home/wuqisen/.m2/repository/io/netty/netty-handler-proxy/4.1.104.Final/netty-handler-proxy-4.1.104.Final.jar:/home/wuqisen/.m2/repository/io/netty/netty-handler-ssl-ocsp/4.1.104.Final/netty-handler-ssl-ocsp-4.1.104.Final.jar:/home/wuqisen/.m2/repository/io/netty/netty-resolver/4.1.104.Final/netty-resolver-4.1.104.Final.jar:/home/wuqisen/.m2/repository/io/netty/netty-resolver-dns/4.1.104.Final/netty-resolver-dns-4.1.104.Final.jar:/home/wuqisen/.m2/repository/io/netty/netty-transport/4.1.104.Final/netty-transport-4.1.104.Final.jar:/home/wuqisen/.m2/repository/io/netty/netty-transport-rxtx/4.1.104.Final/netty-transport-rxtx-4.1.104.Final.jar:/home/wuqisen/.m2/repository/io/netty/netty-transport-sctp/4.1.104.Final/netty-transport-sctp-4.1.104.Final.jar:/home/wuqisen/.m2/repository/io/netty/netty-transport-udt/4.1.104.Final/netty-transport-udt-4.1.104.Final.jar:/home/wuqisen/.m2/repository/io/netty/netty-transport-classes-epoll/4.1.104.Final/netty-transport-classes-epoll-4.1.104.Final.jar:/home/wuqisen/.m2/repository/io/netty/netty-transport-classes-kqueue/4.1.104.Final/netty-transport-classes-kqueue-4.1.104.Final.jar:/home/wuqisen/.m2/repository/io/netty/netty-resolver-dns-classes-macos/4.1.104.Final/netty-resolver-dns-classes-macos-4.1.104.Final.jar:/home/wuqisen/.m2/repository/io/netty/netty-transport-native-epoll/4.1.104.Final/netty-transport-native-epoll-4.1.104.Final-linux-x86_64.jar:/home/wuqisen/.m2/repository/io/netty/netty-transport-native-epoll/4.1.104.Final/netty-transport-native-epoll-4.1.104.Final-linux-aarch_64.jar:/home/wuqisen/.m2/repository/io/netty/netty-transport-native-epoll/4.1.104.Final/netty-transport-native-epoll-4.1.104.Final-linux-riscv64.jar:/home/wuqisen/.m2/repository/io/netty/netty-transport-native-kqueue/4.1.104.Final/netty-transport-native-kqueue-4.1.104.Final-osx-x86_64.jar:/home/wuqisen/.m2/repository/io/netty/netty-transport-native-kqueue/4.1.104.Final/netty-transport-native-kqueue-4.1.104.Final-osx-aarch_64.jar:/home/wuqisen/.m2/repository/io/netty/netty-resolver-dns-native-macos/4.1.104.Final/netty-resolver-dns-native-macos-4.1.104.Final-osx-x86_64.jar:/home/wuqisen/.m2/repository/io/netty/netty-resolver-dns-native-macos/4.1.104.Final/netty-resolver-dns-native-macos-4.1.104.Final-osx-aarch_64.jar:/home/wuqisen/.m2/repository/org/lz4/lz4-java/1.8.0/lz4-java-1.8.0.jar:/home/wuqisen/.m2/repository/org/xerial/snappy/snappy-java/1.1.10.4/snappy-java-1.1.10.4.jar:/home/wuqisen/.m2/repository/org/junit/jupiter/junit-jupiter/5.10.1/junit-jupiter-5.10.1.jar:/home/wuqisen/.m2/repository/org/junit/jupiter/junit-jupiter-api/5.10.1/junit-jupiter-api-5.10.1.jar:/home/wuqisen/.m2/repository/org/opentest4j/opentest4j/1.3.0/opentest4j-1.3.0.jar:/home/wuqisen/.m2/repository/org/junit/platform/junit-platform-commons/1.10.1/junit-platform-commons-1.10.1.jar:/home/wuqisen/.m2/repository/org/apiguardian/apiguardian-api/1.1.2/apiguardian-api-1.1.2.jar:/home/wuqisen/.m2/repository/org/junit/jupiter/junit-jupiter-params/5.10.1/junit-jupiter-params-5.10.1.jar:/home/wuqisen/.m2/repository/org/junit/jupiter/junit-jupiter-engine/5.10.1/junit-jupiter-engine-5.10.1.jar:/home/wuqisen/.m2/repository/org/junit/platform/junit-platform-engine/1.10.1/junit-platform-engine-1.10.1.jar:/home/wuqisen/.m2/repository/org/assertj/assertj-core/3.24.2/assertj-core-3.24.2.jar:/home/wuqisen/.m2/repository/net/bytebuddy/byte-buddy/1.12.21/byte-buddy-1.12.21.jar:"/>
    <property name="java.vm.vendor" value="Ubuntu"/>
    <property name="sun.arch.data.model" value="64"/>
    <property name="java.vendor.url" value="https://ubuntu.com/"/>
    <property name="user.timezone" value="Asia/Shanghai"/>
    <property name="os.name" value="Linux"/>
    <property name="java.vm.specification.version" value="17"/>
    <property name="user.country" value="CN"/>
    <property name="sun.java.launcher" value="SUN_STANDARD"/>
    <property name="sun.boot.library.path" value="/usr/lib/jvm/java-17-openjdk-amd64/lib"/>
    <property name="sun.java.command" value="/home/wuqisen/DevelopMaterial/ZephyrMQ/zephyr-storage/target/surefire/surefirebooter-20250926083854770_3.jar /home/wuqisen/DevelopMaterial/ZephyrMQ/zephyr-storage/target/surefire 2025-09-26T08-38-52_801-jvmRun1 surefire-20250926083854770_1tmp surefire_0-20250926083854770_2tmp"/>
    <property name="jdk.debug" value="release"/>
    <property name="surefire.test.class.path" value="/home/wuqisen/DevelopMaterial/ZephyrMQ/zephyr-storage/target/test-classes:/home/wuqisen/DevelopMaterial/ZephyrMQ/zephyr-storage/target/classes:/home/wuqisen/DevelopMaterial/ZephyrMQ/zephyr-common/target/classes:/home/wuqisen/.m2/repository/org/slf4j/slf4j-api/1.7.36/slf4j-api-1.7.36.jar:/home/wuqisen/.m2/repository/ch/qos/logback/logback-classic/1.2.12/logback-classic-1.2.12.jar:/home/wuqisen/.m2/repository/ch/qos/logback/logback-core/1.2.12/logback-core-1.2.12.jar:/home/wuqisen/.m2/repository/com/google/guava/guava/32.1.3-jre/guava-32.1.3-jre.jar:/home/wuqisen/.m2/repository/com/google/guava/failureaccess/1.0.1/failureaccess-1.0.1.jar:/home/wuqisen/.m2/repository/com/google/guava/listenablefuture/9999.0-empty-to-avoid-conflict-with-guava/listenablefuture-9999.0-empty-to-avoid-conflict-with-guava.jar:/home/wuqisen/.m2/repository/com/google/code/findbugs/jsr305/3.0.2/jsr305-3.0.2.jar:/home/wuqisen/.m2/repository/org/checkerframework/checker-qual/3.37.0/checker-qual-3.37.0.jar:/home/wuqisen/.m2/repository/com/google/errorprone/error_prone_annotations/2.21.1/error_prone_annotations-2.21.1.jar:/home/wuqisen/.m2/repository/com/google/j2objc/j2objc-annotations/2.8/j2objc-annotations-2.8.jar:/home/wuqisen/.m2/repository/org/apache/commons/commons-lang3/3.13.0/commons-lang3-3.13.0.jar:/home/wuqisen/DevelopMaterial/ZephyrMQ/zephyr-protocol/target/classes:/home/wuqisen/.m2/repository/com/google/protobuf/protobuf-java/3.25.1/protobuf-java-3.25.1.jar:/home/wuqisen/.m2/repository/com/fasterxml/jackson/core/jackson-databind/2.16.0/jackson-databind-2.16.0.jar:/home/wuqisen/.m2/repository/com/fasterxml/jackson/core/jackson-core/2.16.0/jackson-core-2.16.0.jar:/home/wuqisen/.m2/repository/com/fasterxml/jackson/core/jackson-annotations/2.16.0/jackson-annotations-2.16.0.jar:/home/wuqisen/.m2/repository/io/netty/netty-all/4.1.104.Final/netty-all-4.1.104.Final.jar:/home/wuqisen/.m2/repository/io/netty/netty-buffer/4.1.104.Final/netty-buffer-4.1.104.Final.jar:/home/wuqisen/.m2/repository/io/netty/netty-codec/4.1.104.Final/netty-codec-4.1.104.Final.jar:/home/wuqisen/.m2/repository/io/netty/netty-codec-dns/4.1.104.Final/netty-codec-dns-4.1.104.Final.jar:/home/wuqisen/.m2/repository/io/netty/netty-codec-haproxy/4.1.104.Final/netty-codec-haproxy-4.1.104.Final.jar:/home/wuqisen/.m2/repository/io/netty/netty-codec-http/4.1.104.Final/netty-codec-http-4.1.104.Final.jar:/home/wuqisen/.m2/repository/io/netty/netty-codec-http2/4.1.104.Final/netty-codec-http2-4.1.104.Final.jar:/home/wuqisen/.m2/repository/io/netty/netty-codec-memcache/4.1.104.Final/netty-codec-memcache-4.1.104.Final.jar:/home/wuqisen/.m2/repository/io/netty/netty-codec-mqtt/4.1.104.Final/netty-codec-mqtt-4.1.104.Final.jar:/home/wuqisen/.m2/repository/io/netty/netty-codec-redis/4.1.104.Final/netty-codec-redis-4.1.104.Final.jar:/home/wuqisen/.m2/repository/io/netty/netty-codec-smtp/4.1.104.Final/netty-codec-smtp-4.1.104.Final.jar:/home/wuqisen/.m2/repository/io/netty/netty-codec-socks/4.1.104.Final/netty-codec-socks-4.1.104.Final.jar:/home/wuqisen/.m2/repository/io/netty/netty-codec-stomp/4.1.104.Final/netty-codec-stomp-4.1.104.Final.jar:/home/wuqisen/.m2/repository/io/netty/netty-codec-xml/4.1.104.Final/netty-codec-xml-4.1.104.Final.jar:/home/wuqisen/.m2/repository/io/netty/netty-common/4.1.104.Final/netty-common-4.1.104.Final.jar:/home/wuqisen/.m2/repository/io/netty/netty-handler/4.1.104.Final/netty-handler-4.1.104.Final.jar:/home/wuqisen/.m2/repository/io/netty/netty-transport-native-unix-common/4.1.104.Final/netty-transport-native-unix-common-4.1.104.Final.jar:/home/wuqisen/.m2/repository/io/netty/netty-handler-proxy/4.1.104.Final/netty-handler-proxy-4.1.104.Final.jar:/home/wuqisen/.m2/repository/io/netty/netty-handler-ssl-ocsp/4.1.104.Final/netty-handler-ssl-ocsp-4.1.104.Final.jar:/home/wuqisen/.m2/repository/io/netty/netty-resolver/4.1.104.Final/netty-resolver-4.1.104.Final.jar:/home/wuqisen/.m2/repository/io/netty/netty-resolver-dns/4.1.104.Final/netty-resolver-dns-4.1.104.Final.jar:/home/wuqisen/.m2/repository/io/netty/netty-transport/4.1.104.Final/netty-transport-4.1.104.Final.jar:/home/wuqisen/.m2/repository/io/netty/netty-transport-rxtx/4.1.104.Final/netty-transport-rxtx-4.1.104.Final.jar:/home/wuqisen/.m2/repository/io/netty/netty-transport-sctp/4.1.104.Final/netty-transport-sctp-4.1.104.Final.jar:/home/wuqisen/.m2/repository/io/netty/netty-transport-udt/4.1.104.Final/netty-transport-udt-4.1.104.Final.jar:/home/wuqisen/.m2/repository/io/netty/netty-transport-classes-epoll/4.1.104.Final/netty-transport-classes-epoll-4.1.104.Final.jar:/home/wuqisen/.m2/repository/io/netty/netty-transport-classes-kqueue/4.1.104.Final/netty-transport-classes-kqueue-4.1.104.Final.jar:/home/wuqisen/.m2/repository/io/netty/netty-resolver-dns-classes-macos/4.1.104.Final/netty-resolver-dns-classes-macos-4.1.104.Final.jar:/home/wuqisen/.m2/repository/io/netty/netty-transport-native-epoll/4.1.104.Final/netty-transport-native-epoll-4.1.104.Final-linux-x86_64.jar:/home/wuqisen/.m2/repository/io/netty/netty-transport-native-epoll/4.1.104.Final/netty-transport-native-epoll-4.1.104.Final-linux-aarch_64.jar:/home/wuqisen/.m2/repository/io/netty/netty-transport-native-epoll/4.1.104.Final/netty-transport-native-epoll-4.1.104.Final-linux-riscv64.jar:/home/wuqisen/.m2/repository/io/netty/netty-transport-native-kqueue/4.1.104.Final/netty-transport-native-kqueue-4.1.104.Final-osx-x86_64.jar:/home/wuqisen/.m2/repository/io/netty/netty-transport-native-kqueue/4.1.104.Final/netty-transport-native-kqueue-4.1.104.Final-osx-aarch_64.jar:/home/wuqisen/.m2/repository/io/netty/netty-resolver-dns-native-macos/4.1.104.Final/netty-resolver-dns-native-macos-4.1.104.Final-osx-x86_64.jar:/home/wuqisen/.m2/repository/io/netty/netty-resolver-dns-native-macos/4.1.104.Final/netty-resolver-dns-native-macos-4.1.104.Final-osx-aarch_64.jar:/home/wuqisen/.m2/repository/org/lz4/lz4-java/1.8.0/lz4-java-1.8.0.jar:/home/wuqisen/.m2/repository/org/xerial/snappy/snappy-java/1.1.10.4/snappy-java-1.1.10.4.jar:/home/wuqisen/.m2/repository/org/junit/jupiter/junit-jupiter/5.10.1/junit-jupiter-5.10.1.jar:/home/wuqisen/.m2/repository/org/junit/jupiter/junit-jupiter-api/5.10.1/junit-jupiter-api-5.10.1.jar:/home/wuqisen/.m2/repository/org/opentest4j/opentest4j/1.3.0/opentest4j-1.3.0.jar:/home/wuqisen/.m2/repository/org/junit/platform/junit-platform-commons/1.10.1/junit-platform-commons-1.10.1.jar:/home/wuqisen/.m2/repository/org/apiguardian/apiguardian-api/1.1.2/apiguardian-api-1.1.2.jar:/home/wuqisen/.m2/repository/org/junit/jupiter/junit-jupiter-params/5.10.1/junit-jupiter-params-5.10.1.jar:/home/wuqisen/.m2/repository/org/junit/jupiter/junit-jupiter-engine/5.10.1/junit-jupiter-engine-5.10.1.jar:/home/wuqisen/.m2/repository/org/junit/platform/junit-platform-engine/1.10.1/junit-platform-engine-1.10.1.jar:/home/wuqisen/.m2/repository/org/assertj/assertj-core/3.24.2/assertj-core-3.24.2.jar:/home/wuqisen/.m2/repository/net/bytebuddy/byte-buddy/1.12.21/byte-buddy-1.12.21.jar:"/>
    <property name="sun.cpu.endian" value="little"/>
    <property name="user.home" value="/home/wuqisen"/>
    <property name="user.language" value="zh"/>
    <property name="java.specification.vendor" value="Oracle Corporation"/>
    <property name="java.version.date" value="2025-07-15"/>
    <property name="java.home" value="/usr/lib/jvm/java-17-openjdk-amd64"/>
    <property name="file.separator" value="/"/>
    <property name="style.color" value="always"/>
    <property name="basedir" value="/home/wuqisen/DevelopMaterial/ZephyrMQ/zephyr-storage"/>
    <property name="java.vm.compressedOopsMode" value="Zero based"/>
    <property name="line.separator" value="&#10;"/>
    <property name="java.specification.name" value="Java Platform API Specification"/>
    <property name="java.vm.specification.vendor" value="Oracle Corporation"/>
    <property name="surefire.real.class.path" value="/home/wuqisen/DevelopMaterial/ZephyrMQ/zephyr-storage/target/surefire/surefirebooter-20250926083854770_3.jar"/>
    <property name="sun.management.compiler" value="HotSpot 64-Bit Tiered Compilers"/>
    <property name="java.runtime.version" value="17.0.16+8-Ubuntu-0ubuntu124.04.1"/>
    <property name="user.name" value="wuqisen"/>
    <property name="path.separator" value=":"/>
    <property name="os.version" value="6.14.0-29-generic"/>
    <property name="java.runtime.name" value="OpenJDK Runtime Environment"/>
    <property name="file.encoding" value="UTF-8"/>
    <property name="java.vm.name" value="OpenJDK 64-Bit Server VM"/>
    <property name="maven.ext.class.path" value="/snap/intellij-idea-ultimate/658/plugins/maven/lib/maven-event-listener.jar"/>
    <property name="localRepository" value="/home/wuqisen/.m2/repository"/>
    <property name="java.vendor.url.bug" value="https://bugs.launchpad.net/ubuntu/+source/openjdk-17"/>
    <property name="java.io.tmpdir" value="/tmp"/>
    <property name="idea.version" value="2025.2.2"/>
    <property name="java.version" value="17.0.16"/>
    <property name="user.dir" value="/home/wuqisen/DevelopMaterial/ZephyrMQ/zephyr-storage"/>
    <property name="os.arch" value="amd64"/>
    <property name="jansi.passthrough" value="true"/>
    <property name="java.vm.specification.name" value="Java Virtual Machine Specification"/>
    <property name="native.encoding" value="UTF-8"/>
    <property name="java.library.path" value="/usr/java/packages/lib:/usr/lib/x86_64-linux-gnu/jni:/lib/x86_64-linux-gnu:/usr/lib/x86_64-linux-gnu:/usr/lib/jni:/lib:/usr/lib"/>
    <property name="java.vm.info" value="mixed mode, sharing"/>
    <property name="java.vendor" value="Ubuntu"/>
    <property name="java.vm.version" value="17.0.16+8-Ubuntu-0ubuntu124.04.1"/>
    <property name="java.specification.maintenance.version" value="1"/>
    <property name="sun.io.unicode.encoding" value="UnicodeLittle"/>
    <property name="maven.repo.local" value="/home/wuqisen/.m2/repository"/>
    <property name="java.class.version" value="61.0"/>
  </properties>
  <testcase name="testFileRollingDisabled" classname="com.zephyr.storage.commitlog.FileRollingServiceTest" time="0.091">
    <system-out><![CDATA[08:38:55.442 [main] INFO com.zephyr.storage.commitlog.MappedFileQueue - Loaded 0 mapped files from /tmp/junit18187791208526830715
08:38:55.453 [main] INFO com.zephyr.storage.commitlog.MappedFile - Mapped file created: /tmp/junit18187791208526830715/00000000000000000000, size: 1024
08:38:55.453 [main] INFO com.zephyr.storage.commitlog.MappedFileQueue - Created new mapped file: /tmp/junit18187791208526830715/00000000000000000000
08:38:55.453 [main] WARN com.zephyr.storage.commitlog.MappedFile - Mapped file is full: /tmp/junit18187791208526830715/00000000000000000000, currentPos: 0, dataLength: 5120, fileSize: 1024
08:38:55.457 [main] INFO com.zephyr.storage.commitlog.MappedFile - Delete mapped file: /tmp/junit18187791208526830715/00000000000000000000, result: true, time: 0ms
]]></system-out>
  </testcase>
  <testcase name="testFileRollingStats" classname="com.zephyr.storage.commitlog.FileRollingServiceTest" time="0.006">
    <system-out><![CDATA[08:38:55.468 [main] INFO com.zephyr.storage.commitlog.FileRollingService - File rolling service started with auto cleanup enabled
08:38:55.468 [main] INFO com.zephyr.storage.commitlog.MappedFileQueue - Loaded 0 mapped files from /tmp/junit8169070128017753368
08:38:55.469 [main] INFO com.zephyr.storage.commitlog.MappedFile - Mapped file created: /tmp/junit8169070128017753368/00000000000000000000, size: 1024
08:38:55.469 [main] INFO com.zephyr.storage.commitlog.MappedFileQueue - Created new mapped file: /tmp/junit8169070128017753368/00000000000000000000
08:38:55.470 [main] INFO com.zephyr.storage.commitlog.MappedFileQueue - Rolling file /tmp/junit8169070128017753368/00000000000000000000 due to FILE_SIZE_EXCEEDED
08:38:55.470 [main] INFO com.zephyr.storage.commitlog.MappedFile - Mapped file created: /tmp/junit8169070128017753368/00000000000000001024, size: 1024
08:38:55.470 [main] INFO com.zephyr.storage.commitlog.MappedFileQueue - Created new mapped file: /tmp/junit8169070128017753368/00000000000000001024
08:38:55.471 [FileCleanup] INFO com.zephyr.storage.commitlog.FileRollingService - File /tmp/junit8169070128017753368/00000000000000000000 expired by time, age: 488568 hours
08:38:55.471 [FileCleanup] WARN com.zephyr.storage.commitlog.FileRollingService - Cannot clean file /tmp/junit8169070128017753368/00000000000000000000 - still in use
08:38:55.471 [main] INFO com.zephyr.storage.commitlog.FileRollingService - File rolling service shut down
08:38:55.472 [main] INFO com.zephyr.storage.commitlog.MappedFile - Delete mapped file: /tmp/junit8169070128017753368/00000000000000000000, result: true, time: 0ms
08:38:55.472 [main] INFO com.zephyr.storage.commitlog.MappedFile - Delete mapped file: /tmp/junit8169070128017753368/00000000000000001024, result: true, time: 0ms
]]></system-out>
  </testcase>
  <testcase name="testServiceLifecycle" classname="com.zephyr.storage.commitlog.FileRollingServiceTest" time="0.003">
    <system-out><![CDATA[08:38:55.475 [main] INFO com.zephyr.storage.commitlog.FileRollingService - File rolling service started with auto cleanup enabled
08:38:55.475 [main] INFO com.zephyr.storage.commitlog.FileRollingService - File rolling service shut down
]]></system-out>
  </testcase>
  <testcase name="testFileRollingBySize" classname="com.zephyr.storage.commitlog.FileRollingServiceTest" time="0.117">
    <system-out><![CDATA[08:38:55.478 [main] INFO com.zephyr.storage.commitlog.FileRollingService - File rolling service started with auto cleanup enabled
08:38:55.479 [main] INFO com.zephyr.storage.commitlog.MappedFileQueue - Loaded 0 mapped files from /tmp/junit8601505208860538498
08:38:55.479 [main] INFO com.zephyr.storage.commitlog.FileRollingService - File rolling service started with auto cleanup enabled
08:38:55.479 [main] INFO com.zephyr.storage.commitlog.MappedFile - Mapped file created: /tmp/junit8601505208860538498/00000000000000000000, size: 1024
08:38:55.479 [main] INFO com.zephyr.storage.commitlog.MappedFileQueue - Created new mapped file: /tmp/junit8601505208860538498/00000000000000000000
08:38:55.479 [main] INFO com.zephyr.storage.commitlog.MappedFileQueue - Rolling file /tmp/junit8601505208860538498/00000000000000000000 due to FILE_SIZE_EXCEEDED
08:38:55.480 [main] INFO com.zephyr.storage.commitlog.MappedFile - Mapped file created: /tmp/junit8601505208860538498/00000000000000001024, size: 1024
08:38:55.480 [main] INFO com.zephyr.storage.commitlog.MappedFileQueue - Created new mapped file: /tmp/junit8601505208860538498/00000000000000001024
08:38:55.480 [main] WARN com.zephyr.storage.commitlog.MappedFile - Mapped file is full: /tmp/junit8601505208860538498/00000000000000001024, currentPos: 0, dataLength: 2048, fileSize: 1024
08:38:55.480 [FileCleanup] INFO com.zephyr.storage.commitlog.FileRollingService - File /tmp/junit8601505208860538498/00000000000000000000 expired by time, age: 488568 hours
08:38:55.480 [FileCleanup] WARN com.zephyr.storage.commitlog.FileRollingService - Cannot clean file /tmp/junit8601505208860538498/00000000000000000000 - still in use
08:38:55.580 [main] INFO com.zephyr.storage.commitlog.MappedFileQueue - Rolling file /tmp/junit8601505208860538498/00000000000000001024 due to FILE_SIZE_EXCEEDED
08:38:55.582 [main] INFO com.zephyr.storage.commitlog.MappedFile - Mapped file created: /tmp/junit8601505208860538498/00000000000000002048, size: 1024
08:38:55.582 [main] INFO com.zephyr.storage.commitlog.MappedFileQueue - Created new mapped file: /tmp/junit8601505208860538498/00000000000000002048
08:38:55.582 [main] WARN com.zephyr.storage.commitlog.MappedFile - Mapped file is full: /tmp/junit8601505208860538498/00000000000000002048, currentPos: 0, dataLength: 2048, fileSize: 1024
08:38:55.586 [FileCleanup] INFO com.zephyr.storage.commitlog.FileRollingService - File /tmp/junit8601505208860538498/00000000000000000000 expired by time, age: 488568 hours
08:38:55.586 [FileCleanup] INFO com.zephyr.storage.commitlog.FileRollingService - File /tmp/junit8601505208860538498/00000000000000001024 expired by time, age: 488568 hours
08:38:55.586 [FileCleanup] WARN com.zephyr.storage.commitlog.FileRollingService - Cannot clean file /tmp/junit8601505208860538498/00000000000000000000 - still in use
08:38:55.587 [FileCleanup] WARN com.zephyr.storage.commitlog.FileRollingService - Cannot clean file /tmp/junit8601505208860538498/00000000000000001024 - still in use
08:38:55.587 [main] INFO com.zephyr.storage.commitlog.FileRollingService - File rolling service shut down
08:38:55.588 [main] INFO com.zephyr.storage.commitlog.MappedFile - Delete mapped file: /tmp/junit8601505208860538498/00000000000000000000, result: true, time: 0ms
08:38:55.588 [main] INFO com.zephyr.storage.commitlog.MappedFile - Delete mapped file: /tmp/junit8601505208860538498/00000000000000001024, result: true, time: 0ms
08:38:55.589 [main] INFO com.zephyr.storage.commitlog.MappedFile - Delete mapped file: /tmp/junit8601505208860538498/00000000000000002048, result: true, time: 0ms
08:38:55.590 [main] INFO com.zephyr.storage.commitlog.FileRollingService - File rolling service shut down
]]></system-out>
  </testcase>
  <testcase name="testFileRollingByTime" classname="com.zephyr.storage.commitlog.FileRollingServiceTest" time="0.118">
    <system-out><![CDATA[08:38:55.601 [main] INFO com.zephyr.storage.commitlog.FileRollingService - File rolling service started with auto cleanup enabled
08:38:55.602 [main] INFO com.zephyr.storage.commitlog.MappedFileQueue - Loaded 0 mapped files from /tmp/junit3421226096603718887
08:38:55.603 [main] INFO com.zephyr.storage.commitlog.FileRollingService - File rolling service started with auto cleanup enabled
08:38:55.605 [main] INFO com.zephyr.storage.commitlog.MappedFile - Mapped file created: /tmp/junit3421226096603718887/00000000000000000000, size: 1024
08:38:55.605 [main] INFO com.zephyr.storage.commitlog.MappedFileQueue - Created new mapped file: /tmp/junit3421226096603718887/00000000000000000000
08:38:55.605 [main] INFO com.zephyr.storage.commitlog.MappedFileQueue - Rolling file /tmp/junit3421226096603718887/00000000000000000000 due to FILE_SIZE_EXCEEDED
08:38:55.606 [main] INFO com.zephyr.storage.commitlog.MappedFile - Mapped file created: /tmp/junit3421226096603718887/00000000000000001024, size: 1024
08:38:55.607 [main] INFO com.zephyr.storage.commitlog.MappedFileQueue - Created new mapped file: /tmp/junit3421226096603718887/00000000000000001024
08:38:55.608 [FileCleanup] INFO com.zephyr.storage.commitlog.FileRollingService - File /tmp/junit3421226096603718887/00000000000000000000 expired by time, age: 488568 hours
08:38:55.608 [FileCleanup] WARN com.zephyr.storage.commitlog.FileRollingService - Cannot clean file /tmp/junit3421226096603718887/00000000000000000000 - still in use
08:38:55.708 [main] INFO com.zephyr.storage.commitlog.MappedFileQueue - Rolling file /tmp/junit3421226096603718887/00000000000000001024 due to FILE_SIZE_EXCEEDED
08:38:55.710 [main] INFO com.zephyr.storage.commitlog.MappedFile - Mapped file created: /tmp/junit3421226096603718887/00000000000000002048, size: 1024
08:38:55.710 [main] INFO com.zephyr.storage.commitlog.MappedFileQueue - Created new mapped file: /tmp/junit3421226096603718887/00000000000000002048
08:38:55.711 [FileCleanup] INFO com.zephyr.storage.commitlog.FileRollingService - File /tmp/junit3421226096603718887/00000000000000000000 expired by time, age: 488568 hours
08:38:55.711 [FileCleanup] WARN com.zephyr.storage.commitlog.FileRollingService - Cannot clean file /tmp/junit3421226096603718887/00000000000000000000 - still in use
08:38:55.712 [main] INFO com.zephyr.storage.commitlog.FileRollingService - File rolling service shut down
08:38:55.712 [main] INFO com.zephyr.storage.commitlog.MappedFile - Delete mapped file: /tmp/junit3421226096603718887/00000000000000000000, result: true, time: 0ms
08:38:55.712 [main] INFO com.zephyr.storage.commitlog.MappedFile - Delete mapped file: /tmp/junit3421226096603718887/00000000000000001024, result: true, time: 0ms
08:38:55.713 [main] INFO com.zephyr.storage.commitlog.MappedFile - Delete mapped file: /tmp/junit3421226096603718887/00000000000000002048, result: true, time: 0ms
08:38:55.713 [main] INFO com.zephyr.storage.commitlog.FileRollingService - File rolling service shut down
]]></system-out>
  </testcase>
  <testcase name="testRollingStrategyParsing" classname="com.zephyr.storage.commitlog.FileRollingServiceTest" time="0.004"/>
  <testcase name="testFileCleanup" classname="com.zephyr.storage.commitlog.FileRollingServiceTest" time="0.071">
    <system-out><![CDATA[08:38:55.726 [main] INFO com.zephyr.storage.commitlog.FileRollingService - File rolling service started with auto cleanup enabled
08:38:55.726 [main] INFO com.zephyr.storage.commitlog.MappedFileQueue - Loaded 0 mapped files from /tmp/junit16536508881250282427
08:38:55.726 [main] INFO com.zephyr.storage.commitlog.FileRollingService - File rolling service started with auto cleanup enabled
08:38:55.727 [main] INFO com.zephyr.storage.commitlog.MappedFile - Mapped file created: /tmp/junit16536508881250282427/00000000000000000000, size: 1024
08:38:55.727 [main] INFO com.zephyr.storage.commitlog.MappedFileQueue - Created new mapped file: /tmp/junit16536508881250282427/00000000000000000000
08:38:55.727 [main] INFO com.zephyr.storage.commitlog.MappedFileQueue - Rolling file /tmp/junit16536508881250282427/00000000000000000000 due to FILE_SIZE_EXCEEDED
08:38:55.728 [main] INFO com.zephyr.storage.commitlog.MappedFile - Mapped file created: /tmp/junit16536508881250282427/00000000000000001024, size: 1024
08:38:55.728 [main] INFO com.zephyr.storage.commitlog.MappedFileQueue - Created new mapped file: /tmp/junit16536508881250282427/00000000000000001024
08:38:55.728 [FileCleanup] INFO com.zephyr.storage.commitlog.FileRollingService - File /tmp/junit16536508881250282427/00000000000000000000 expired by time, age: 488568 hours
08:38:55.728 [FileCleanup] WARN com.zephyr.storage.commitlog.FileRollingService - Cannot clean file /tmp/junit16536508881250282427/00000000000000000000 - still in use
08:38:55.738 [main] INFO com.zephyr.storage.commitlog.MappedFileQueue - Rolling file /tmp/junit16536508881250282427/00000000000000001024 due to FILE_SIZE_EXCEEDED
08:38:55.739 [main] INFO com.zephyr.storage.commitlog.MappedFile - Mapped file created: /tmp/junit16536508881250282427/00000000000000002048, size: 1024
08:38:55.740 [main] INFO com.zephyr.storage.commitlog.MappedFileQueue - Created new mapped file: /tmp/junit16536508881250282427/00000000000000002048
08:38:55.740 [FileCleanup] INFO com.zephyr.storage.commitlog.FileRollingService - File /tmp/junit16536508881250282427/00000000000000000000 expired by time, age: 488568 hours
08:38:55.741 [FileCleanup] INFO com.zephyr.storage.commitlog.FileRollingService - File /tmp/junit16536508881250282427/00000000000000001024 expired by time, age: 0 hours
08:38:55.741 [FileCleanup] WARN com.zephyr.storage.commitlog.FileRollingService - Cannot clean file /tmp/junit16536508881250282427/00000000000000000000 - still in use
08:38:55.741 [FileCleanup] WARN com.zephyr.storage.commitlog.FileRollingService - Cannot clean file /tmp/junit16536508881250282427/00000000000000001024 - still in use
08:38:55.750 [main] INFO com.zephyr.storage.commitlog.MappedFileQueue - Rolling file /tmp/junit16536508881250282427/00000000000000002048 due to FILE_SIZE_EXCEEDED
08:38:55.752 [main] INFO com.zephyr.storage.commitlog.MappedFile - Mapped file created: /tmp/junit16536508881250282427/00000000000000003072, size: 1024
08:38:55.753 [main] INFO com.zephyr.storage.commitlog.MappedFileQueue - Created new mapped file: /tmp/junit16536508881250282427/00000000000000003072
08:38:55.753 [FileCleanup] INFO com.zephyr.storage.commitlog.FileRollingService - File /tmp/junit16536508881250282427/00000000000000000000 expired by time, age: 488568 hours
08:38:55.754 [FileCleanup] INFO com.zephyr.storage.commitlog.FileRollingService - File /tmp/junit16536508881250282427/00000000000000001024 expired by time, age: 0 hours
08:38:55.754 [FileCleanup] INFO com.zephyr.storage.commitlog.FileRollingService - File /tmp/junit16536508881250282427/00000000000000002048 expired by time, age: 0 hours
08:38:55.754 [FileCleanup] WARN com.zephyr.storage.commitlog.FileRollingService - Cannot clean file /tmp/junit16536508881250282427/00000000000000000000 - still in use
08:38:55.754 [FileCleanup] WARN com.zephyr.storage.commitlog.FileRollingService - Cannot clean file /tmp/junit16536508881250282427/00000000000000001024 - still in use
08:38:55.754 [FileCleanup] WARN com.zephyr.storage.commitlog.FileRollingService - Cannot clean file /tmp/junit16536508881250282427/00000000000000002048 - still in use
08:38:55.763 [main] INFO com.zephyr.storage.commitlog.MappedFileQueue - Rolling file /tmp/junit16536508881250282427/00000000000000003072 due to FILE_SIZE_EXCEEDED
08:38:55.764 [main] INFO com.zephyr.storage.commitlog.MappedFile - Mapped file created: /tmp/junit16536508881250282427/00000000000000004096, size: 1024
08:38:55.765 [main] INFO com.zephyr.storage.commitlog.MappedFileQueue - Created new mapped file: /tmp/junit16536508881250282427/00000000000000004096
08:38:55.765 [FileCleanup] INFO com.zephyr.storage.commitlog.FileRollingService - File /tmp/junit16536508881250282427/00000000000000000000 expired by time, age: 488568 hours
08:38:55.765 [FileCleanup] INFO com.zephyr.storage.commitlog.FileRollingService - File /tmp/junit16536508881250282427/00000000000000001024 expired by time, age: 0 hours
08:38:55.765 [FileCleanup] INFO com.zephyr.storage.commitlog.FileRollingService - File /tmp/junit16536508881250282427/00000000000000002048 expired by time, age: 0 hours
08:38:55.765 [FileCleanup] INFO com.zephyr.storage.commitlog.FileRollingService - File /tmp/junit16536508881250282427/00000000000000003072 expired by time, age: 0 hours
08:38:55.766 [FileCleanup] WARN com.zephyr.storage.commitlog.FileRollingService - Cannot clean file /tmp/junit16536508881250282427/00000000000000000000 - still in use
08:38:55.766 [FileCleanup] WARN com.zephyr.storage.commitlog.FileRollingService - Cannot clean file /tmp/junit16536508881250282427/00000000000000001024 - still in use
08:38:55.766 [FileCleanup] WARN com.zephyr.storage.commitlog.FileRollingService - Cannot clean file /tmp/junit16536508881250282427/00000000000000002048 - still in use
08:38:55.766 [FileCleanup] WARN com.zephyr.storage.commitlog.FileRollingService - Cannot clean file /tmp/junit16536508881250282427/00000000000000003072 - still in use
08:38:55.775 [main] INFO com.zephyr.storage.commitlog.MappedFileQueue - Rolling file /tmp/junit16536508881250282427/00000000000000004096 due to FILE_SIZE_EXCEEDED
08:38:55.776 [main] INFO com.zephyr.storage.commitlog.MappedFile - Mapped file created: /tmp/junit16536508881250282427/00000000000000005120, size: 1024
08:38:55.776 [main] INFO com.zephyr.storage.commitlog.MappedFileQueue - Created new mapped file: /tmp/junit16536508881250282427/00000000000000005120
08:38:55.777 [FileCleanup] INFO com.zephyr.storage.commitlog.FileRollingService - File /tmp/junit16536508881250282427/00000000000000000000 expired by time, age: 488568 hours
08:38:55.777 [FileCleanup] INFO com.zephyr.storage.commitlog.FileRollingService - File /tmp/junit16536508881250282427/00000000000000001024 expired by time, age: 0 hours
08:38:55.777 [FileCleanup] INFO com.zephyr.storage.commitlog.FileRollingService - File /tmp/junit16536508881250282427/00000000000000002048 expired by time, age: 0 hours
08:38:55.778 [FileCleanup] INFO com.zephyr.storage.commitlog.FileRollingService - File /tmp/junit16536508881250282427/00000000000000003072 expired by time, age: 0 hours
08:38:55.778 [FileCleanup] INFO com.zephyr.storage.commitlog.FileRollingService - File /tmp/junit16536508881250282427/00000000000000004096 expired by time, age: 0 hours
08:38:55.778 [FileCleanup] WARN com.zephyr.storage.commitlog.FileRollingService - Cannot clean file /tmp/junit16536508881250282427/00000000000000000000 - still in use
08:38:55.778 [FileCleanup] WARN com.zephyr.storage.commitlog.FileRollingService - Cannot clean file /tmp/junit16536508881250282427/00000000000000001024 - still in use
08:38:55.778 [FileCleanup] WARN com.zephyr.storage.commitlog.FileRollingService - Cannot clean file /tmp/junit16536508881250282427/00000000000000002048 - still in use
08:38:55.778 [FileCleanup] WARN com.zephyr.storage.commitlog.FileRollingService - Cannot clean file /tmp/junit16536508881250282427/00000000000000003072 - still in use
08:38:55.778 [FileCleanup] WARN com.zephyr.storage.commitlog.FileRollingService - Cannot clean file /tmp/junit16536508881250282427/00000000000000004096 - still in use
08:38:55.787 [main] INFO com.zephyr.storage.commitlog.FileRollingService - File /tmp/junit16536508881250282427/00000000000000000000 expired by time, age: 488568 hours
08:38:55.788 [main] INFO com.zephyr.storage.commitlog.FileRollingService - File /tmp/junit16536508881250282427/00000000000000001024 expired by time, age: 0 hours
08:38:55.788 [main] INFO com.zephyr.storage.commitlog.FileRollingService - File /tmp/junit16536508881250282427/00000000000000002048 expired by time, age: 0 hours
08:38:55.788 [main] INFO com.zephyr.storage.commitlog.FileRollingService - File /tmp/junit16536508881250282427/00000000000000003072 expired by time, age: 0 hours
08:38:55.788 [main] INFO com.zephyr.storage.commitlog.FileRollingService - File /tmp/junit16536508881250282427/00000000000000004096 expired by time, age: 0 hours
08:38:55.788 [main] WARN com.zephyr.storage.commitlog.FileRollingService - Cannot clean file /tmp/junit16536508881250282427/00000000000000000000 - still in use
08:38:55.788 [main] WARN com.zephyr.storage.commitlog.FileRollingService - Cannot clean file /tmp/junit16536508881250282427/00000000000000001024 - still in use
08:38:55.788 [main] WARN com.zephyr.storage.commitlog.FileRollingService - Cannot clean file /tmp/junit16536508881250282427/00000000000000002048 - still in use
08:38:55.789 [main] WARN com.zephyr.storage.commitlog.FileRollingService - Cannot clean file /tmp/junit16536508881250282427/00000000000000003072 - still in use
08:38:55.789 [main] WARN com.zephyr.storage.commitlog.FileRollingService - Cannot clean file /tmp/junit16536508881250282427/00000000000000004096 - still in use
08:38:55.790 [main] INFO com.zephyr.storage.commitlog.FileRollingService - File rolling service shut down
08:38:55.791 [main] INFO com.zephyr.storage.commitlog.MappedFile - Delete mapped file: /tmp/junit16536508881250282427/00000000000000000000, result: true, time: 0ms
08:38:55.791 [main] INFO com.zephyr.storage.commitlog.MappedFile - Delete mapped file: /tmp/junit16536508881250282427/00000000000000001024, result: true, time: 0ms
08:38:55.791 [main] INFO com.zephyr.storage.commitlog.MappedFile - Delete mapped file: /tmp/junit16536508881250282427/00000000000000002048, result: true, time: 0ms
08:38:55.792 [main] INFO com.zephyr.storage.commitlog.MappedFile - Delete mapped file: /tmp/junit16536508881250282427/00000000000000003072, result: true, time: 0ms
08:38:55.792 [main] INFO com.zephyr.storage.commitlog.MappedFile - Delete mapped file: /tmp/junit16536508881250282427/00000000000000004096, result: true, time: 0ms
08:38:55.792 [main] INFO com.zephyr.storage.commitlog.MappedFile - Delete mapped file: /tmp/junit16536508881250282427/00000000000000005120, result: true, time: 0ms
08:38:55.793 [main] INFO com.zephyr.storage.commitlog.FileRollingService - File rolling service shut down
]]></system-out>
  </testcase>
</testsuite>