<?xml version="1.0" encoding="UTF-8"?>
<testsuite xmlns:xsi="http://www.w3.org/2001/XMLSchema-instance" xsi:noNamespaceSchemaLocation="https://maven.apache.org/surefire/maven-surefire-plugin/xsd/surefire-test-report-3.0.xsd" version="3.0" name="com.zephyr.storage.index.SparseIndexTest" time="0.098" tests="15" errors="0" skipped="0" failures="0">
  <properties>
    <property name="java.specification.version" value="17"/>
    <property name="sun.jnu.encoding" value="UTF-8"/>
    <property name="java.class.path" value="/home/wuqisen/DevelopMaterial/ZephyrMQ/zephyr-storage/target/test-classes:/home/wuqisen/DevelopMaterial/ZephyrMQ/zephyr-storage/target/classes:/home/wuqisen/DevelopMaterial/ZephyrMQ/zephyr-common/target/classes:/home/wuqisen/.m2/repository/org/slf4j/slf4j-api/1.7.36/slf4j-api-1.7.36.jar:/home/wuqisen/.m2/repository/ch/qos/logback/logback-classic/1.2.12/logback-classic-1.2.12.jar:/home/wuqisen/.m2/repository/ch/qos/logback/logback-core/1.2.12/logback-core-1.2.12.jar:/home/wuqisen/.m2/repository/com/google/guava/guava/32.1.3-jre/guava-32.1.3-jre.jar:/home/wuqisen/.m2/repository/com/google/guava/failureaccess/1.0.1/failureaccess-1.0.1.jar:/home/wuqisen/.m2/repository/com/google/guava/listenablefuture/9999.0-empty-to-avoid-conflict-with-guava/listenablefuture-9999.0-empty-to-avoid-conflict-with-guava.jar:/home/wuqisen/.m2/repository/com/google/code/findbugs/jsr305/3.0.2/jsr305-3.0.2.jar:/home/wuqisen/.m2/repository/org/checkerframework/checker-qual/3.37.0/checker-qual-3.37.0.jar:/home/wuqisen/.m2/repository/com/google/errorprone/error_prone_annotations/2.21.1/error_prone_annotations-2.21.1.jar:/home/wuqisen/.m2/repository/com/google/j2objc/j2objc-annotations/2.8/j2objc-annotations-2.8.jar:/home/wuqisen/.m2/repository/org/apache/commons/commons-lang3/3.13.0/commons-lang3-3.13.0.jar:/home/wuqisen/DevelopMaterial/ZephyrMQ/zephyr-protocol/target/classes:/home/wuqisen/.m2/repository/com/google/protobuf/protobuf-java/3.25.1/protobuf-java-3.25.1.jar:/home/wuqisen/.m2/repository/com/fasterxml/jackson/core/jackson-databind/2.16.0/jackson-databind-2.16.0.jar:/home/wuqisen/.m2/repository/com/fasterxml/jackson/core/jackson-core/2.16.0/jackson-core-2.16.0.jar:/home/wuqisen/.m2/repository/com/fasterxml/jackson/core/jackson-annotations/2.16.0/jackson-annotations-2.16.0.jar:/home/wuqisen/.m2/repository/io/netty/netty-all/4.1.104.Final/netty-all-4.1.104.Final.jar:/home/wuqisen/.m2/repository/io/netty/netty-buffer/4.1.104.Final/netty-buffer-4.1.104.Final.jar:/home/wuqisen/.m2/repository/io/netty/netty-codec/4.1.104.Final/netty-codec-4.1.104.Final.jar:/home/wuqisen/.m2/repository/io/netty/netty-codec-dns/4.1.104.Final/netty-codec-dns-4.1.104.Final.jar:/home/wuqisen/.m2/repository/io/netty/netty-codec-haproxy/4.1.104.Final/netty-codec-haproxy-4.1.104.Final.jar:/home/wuqisen/.m2/repository/io/netty/netty-codec-http/4.1.104.Final/netty-codec-http-4.1.104.Final.jar:/home/wuqisen/.m2/repository/io/netty/netty-codec-http2/4.1.104.Final/netty-codec-http2-4.1.104.Final.jar:/home/wuqisen/.m2/repository/io/netty/netty-codec-memcache/4.1.104.Final/netty-codec-memcache-4.1.104.Final.jar:/home/wuqisen/.m2/repository/io/netty/netty-codec-mqtt/4.1.104.Final/netty-codec-mqtt-4.1.104.Final.jar:/home/wuqisen/.m2/repository/io/netty/netty-codec-redis/4.1.104.Final/netty-codec-redis-4.1.104.Final.jar:/home/wuqisen/.m2/repository/io/netty/netty-codec-smtp/4.1.104.Final/netty-codec-smtp-4.1.104.Final.jar:/home/wuqisen/.m2/repository/io/netty/netty-codec-socks/4.1.104.Final/netty-codec-socks-4.1.104.Final.jar:/home/wuqisen/.m2/repository/io/netty/netty-codec-stomp/4.1.104.Final/netty-codec-stomp-4.1.104.Final.jar:/home/wuqisen/.m2/repository/io/netty/netty-codec-xml/4.1.104.Final/netty-codec-xml-4.1.104.Final.jar:/home/wuqisen/.m2/repository/io/netty/netty-common/4.1.104.Final/netty-common-4.1.104.Final.jar:/home/wuqisen/.m2/repository/io/netty/netty-handler/4.1.104.Final/netty-handler-4.1.104.Final.jar:/home/wuqisen/.m2/repository/io/netty/netty-transport-native-unix-common/4.1.104.Final/netty-transport-native-unix-common-4.1.104.Final.jar:/home/wuqisen/.m2/repository/io/netty/netty-handler-proxy/4.1.104.Final/netty-handler-proxy-4.1.104.Final.jar:/home/wuqisen/.m2/repository/io/netty/netty-handler-ssl-ocsp/4.1.104.Final/netty-handler-ssl-ocsp-4.1.104.Final.jar:/home/wuqisen/.m2/repository/io/netty/netty-resolver/4.1.104.Final/netty-resolver-4.1.104.Final.jar:/home/wuqisen/.m2/repository/io/netty/netty-resolver-dns/4.1.104.Final/netty-resolver-dns-4.1.104.Final.jar:/home/wuqisen/.m2/repository/io/netty/netty-transport/4.1.104.Final/netty-transport-4.1.104.Final.jar:/home/wuqisen/.m2/repository/io/netty/netty-transport-rxtx/4.1.104.Final/netty-transport-rxtx-4.1.104.Final.jar:/home/wuqisen/.m2/repository/io/netty/netty-transport-sctp/4.1.104.Final/netty-transport-sctp-4.1.104.Final.jar:/home/wuqisen/.m2/repository/io/netty/netty-transport-udt/4.1.104.Final/netty-transport-udt-4.1.104.Final.jar:/home/wuqisen/.m2/repository/io/netty/netty-transport-classes-epoll/4.1.104.Final/netty-transport-classes-epoll-4.1.104.Final.jar:/home/wuqisen/.m2/repository/io/netty/netty-transport-classes-kqueue/4.1.104.Final/netty-transport-classes-kqueue-4.1.104.Final.jar:/home/wuqisen/.m2/repository/io/netty/netty-resolver-dns-classes-macos/4.1.104.Final/netty-resolver-dns-classes-macos-4.1.104.Final.jar:/home/wuqisen/.m2/repository/io/netty/netty-transport-native-epoll/4.1.104.Final/netty-transport-native-epoll-4.1.104.Final-linux-x86_64.jar:/home/wuqisen/.m2/repository/io/netty/netty-transport-native-epoll/4.1.104.Final/netty-transport-native-epoll-4.1.104.Final-linux-aarch_64.jar:/home/wuqisen/.m2/repository/io/netty/netty-transport-native-epoll/4.1.104.Final/netty-transport-native-epoll-4.1.104.Final-linux-riscv64.jar:/home/wuqisen/.m2/repository/io/netty/netty-transport-native-kqueue/4.1.104.Final/netty-transport-native-kqueue-4.1.104.Final-osx-x86_64.jar:/home/wuqisen/.m2/repository/io/netty/netty-transport-native-kqueue/4.1.104.Final/netty-transport-native-kqueue-4.1.104.Final-osx-aarch_64.jar:/home/wuqisen/.m2/repository/io/netty/netty-resolver-dns-native-macos/4.1.104.Final/netty-resolver-dns-native-macos-4.1.104.Final-osx-x86_64.jar:/home/wuqisen/.m2/repository/io/netty/netty-resolver-dns-native-macos/4.1.104.Final/netty-resolver-dns-native-macos-4.1.104.Final-osx-aarch_64.jar:/home/wuqisen/.m2/repository/org/lz4/lz4-java/1.8.0/lz4-java-1.8.0.jar:/home/wuqisen/.m2/repository/org/xerial/snappy/snappy-java/1.1.10.4/snappy-java-1.1.10.4.jar:/home/wuqisen/.m2/repository/org/junit/jupiter/junit-jupiter/5.10.1/junit-jupiter-5.10.1.jar:/home/wuqisen/.m2/repository/org/junit/jupiter/junit-jupiter-api/5.10.1/junit-jupiter-api-5.10.1.jar:/home/wuqisen/.m2/repository/org/opentest4j/opentest4j/1.3.0/opentest4j-1.3.0.jar:/home/wuqisen/.m2/repository/org/junit/platform/junit-platform-commons/1.10.1/junit-platform-commons-1.10.1.jar:/home/wuqisen/.m2/repository/org/apiguardian/apiguardian-api/1.1.2/apiguardian-api-1.1.2.jar:/home/wuqisen/.m2/repository/org/junit/jupiter/junit-jupiter-params/5.10.1/junit-jupiter-params-5.10.1.jar:/home/wuqisen/.m2/repository/org/junit/jupiter/junit-jupiter-engine/5.10.1/junit-jupiter-engine-5.10.1.jar:/home/wuqisen/.m2/repository/org/junit/platform/junit-platform-engine/1.10.1/junit-platform-engine-1.10.1.jar:/home/wuqisen/.m2/repository/org/assertj/assertj-core/3.24.2/assertj-core-3.24.2.jar:/home/wuqisen/.m2/repository/net/bytebuddy/byte-buddy/1.12.21/byte-buddy-1.12.21.jar:"/>
    <property name="java.vm.vendor" value="Ubuntu"/>
    <property name="sun.arch.data.model" value="64"/>
    <property name="java.vendor.url" value="https://ubuntu.com/"/>
    <property name="user.timezone" value="Asia/Shanghai"/>
    <property name="os.name" value="Linux"/>
    <property name="java.vm.specification.version" value="17"/>
    <property name="user.country" value="CN"/>
    <property name="sun.java.launcher" value="SUN_STANDARD"/>
    <property name="sun.boot.library.path" value="/usr/lib/jvm/java-17-openjdk-amd64/lib"/>
    <property name="sun.java.command" value="/home/wuqisen/DevelopMaterial/ZephyrMQ/zephyr-storage/target/surefire/surefirebooter-20250926083854770_3.jar /home/wuqisen/DevelopMaterial/ZephyrMQ/zephyr-storage/target/surefire 2025-09-26T08-38-52_801-jvmRun1 surefire-20250926083854770_1tmp surefire_0-20250926083854770_2tmp"/>
    <property name="jdk.debug" value="release"/>
    <property name="surefire.test.class.path" value="/home/wuqisen/DevelopMaterial/ZephyrMQ/zephyr-storage/target/test-classes:/home/wuqisen/DevelopMaterial/ZephyrMQ/zephyr-storage/target/classes:/home/wuqisen/DevelopMaterial/ZephyrMQ/zephyr-common/target/classes:/home/wuqisen/.m2/repository/org/slf4j/slf4j-api/1.7.36/slf4j-api-1.7.36.jar:/home/wuqisen/.m2/repository/ch/qos/logback/logback-classic/1.2.12/logback-classic-1.2.12.jar:/home/wuqisen/.m2/repository/ch/qos/logback/logback-core/1.2.12/logback-core-1.2.12.jar:/home/wuqisen/.m2/repository/com/google/guava/guava/32.1.3-jre/guava-32.1.3-jre.jar:/home/wuqisen/.m2/repository/com/google/guava/failureaccess/1.0.1/failureaccess-1.0.1.jar:/home/wuqisen/.m2/repository/com/google/guava/listenablefuture/9999.0-empty-to-avoid-conflict-with-guava/listenablefuture-9999.0-empty-to-avoid-conflict-with-guava.jar:/home/wuqisen/.m2/repository/com/google/code/findbugs/jsr305/3.0.2/jsr305-3.0.2.jar:/home/wuqisen/.m2/repository/org/checkerframework/checker-qual/3.37.0/checker-qual-3.37.0.jar:/home/wuqisen/.m2/repository/com/google/errorprone/error_prone_annotations/2.21.1/error_prone_annotations-2.21.1.jar:/home/wuqisen/.m2/repository/com/google/j2objc/j2objc-annotations/2.8/j2objc-annotations-2.8.jar:/home/wuqisen/.m2/repository/org/apache/commons/commons-lang3/3.13.0/commons-lang3-3.13.0.jar:/home/wuqisen/DevelopMaterial/ZephyrMQ/zephyr-protocol/target/classes:/home/wuqisen/.m2/repository/com/google/protobuf/protobuf-java/3.25.1/protobuf-java-3.25.1.jar:/home/wuqisen/.m2/repository/com/fasterxml/jackson/core/jackson-databind/2.16.0/jackson-databind-2.16.0.jar:/home/wuqisen/.m2/repository/com/fasterxml/jackson/core/jackson-core/2.16.0/jackson-core-2.16.0.jar:/home/wuqisen/.m2/repository/com/fasterxml/jackson/core/jackson-annotations/2.16.0/jackson-annotations-2.16.0.jar:/home/wuqisen/.m2/repository/io/netty/netty-all/4.1.104.Final/netty-all-4.1.104.Final.jar:/home/wuqisen/.m2/repository/io/netty/netty-buffer/4.1.104.Final/netty-buffer-4.1.104.Final.jar:/home/wuqisen/.m2/repository/io/netty/netty-codec/4.1.104.Final/netty-codec-4.1.104.Final.jar:/home/wuqisen/.m2/repository/io/netty/netty-codec-dns/4.1.104.Final/netty-codec-dns-4.1.104.Final.jar:/home/wuqisen/.m2/repository/io/netty/netty-codec-haproxy/4.1.104.Final/netty-codec-haproxy-4.1.104.Final.jar:/home/wuqisen/.m2/repository/io/netty/netty-codec-http/4.1.104.Final/netty-codec-http-4.1.104.Final.jar:/home/wuqisen/.m2/repository/io/netty/netty-codec-http2/4.1.104.Final/netty-codec-http2-4.1.104.Final.jar:/home/wuqisen/.m2/repository/io/netty/netty-codec-memcache/4.1.104.Final/netty-codec-memcache-4.1.104.Final.jar:/home/wuqisen/.m2/repository/io/netty/netty-codec-mqtt/4.1.104.Final/netty-codec-mqtt-4.1.104.Final.jar:/home/wuqisen/.m2/repository/io/netty/netty-codec-redis/4.1.104.Final/netty-codec-redis-4.1.104.Final.jar:/home/wuqisen/.m2/repository/io/netty/netty-codec-smtp/4.1.104.Final/netty-codec-smtp-4.1.104.Final.jar:/home/wuqisen/.m2/repository/io/netty/netty-codec-socks/4.1.104.Final/netty-codec-socks-4.1.104.Final.jar:/home/wuqisen/.m2/repository/io/netty/netty-codec-stomp/4.1.104.Final/netty-codec-stomp-4.1.104.Final.jar:/home/wuqisen/.m2/repository/io/netty/netty-codec-xml/4.1.104.Final/netty-codec-xml-4.1.104.Final.jar:/home/wuqisen/.m2/repository/io/netty/netty-common/4.1.104.Final/netty-common-4.1.104.Final.jar:/home/wuqisen/.m2/repository/io/netty/netty-handler/4.1.104.Final/netty-handler-4.1.104.Final.jar:/home/wuqisen/.m2/repository/io/netty/netty-transport-native-unix-common/4.1.104.Final/netty-transport-native-unix-common-4.1.104.Final.jar:/home/wuqisen/.m2/repository/io/netty/netty-handler-proxy/4.1.104.Final/netty-handler-proxy-4.1.104.Final.jar:/home/wuqisen/.m2/repository/io/netty/netty-handler-ssl-ocsp/4.1.104.Final/netty-handler-ssl-ocsp-4.1.104.Final.jar:/home/wuqisen/.m2/repository/io/netty/netty-resolver/4.1.104.Final/netty-resolver-4.1.104.Final.jar:/home/wuqisen/.m2/repository/io/netty/netty-resolver-dns/4.1.104.Final/netty-resolver-dns-4.1.104.Final.jar:/home/wuqisen/.m2/repository/io/netty/netty-transport/4.1.104.Final/netty-transport-4.1.104.Final.jar:/home/wuqisen/.m2/repository/io/netty/netty-transport-rxtx/4.1.104.Final/netty-transport-rxtx-4.1.104.Final.jar:/home/wuqisen/.m2/repository/io/netty/netty-transport-sctp/4.1.104.Final/netty-transport-sctp-4.1.104.Final.jar:/home/wuqisen/.m2/repository/io/netty/netty-transport-udt/4.1.104.Final/netty-transport-udt-4.1.104.Final.jar:/home/wuqisen/.m2/repository/io/netty/netty-transport-classes-epoll/4.1.104.Final/netty-transport-classes-epoll-4.1.104.Final.jar:/home/wuqisen/.m2/repository/io/netty/netty-transport-classes-kqueue/4.1.104.Final/netty-transport-classes-kqueue-4.1.104.Final.jar:/home/wuqisen/.m2/repository/io/netty/netty-resolver-dns-classes-macos/4.1.104.Final/netty-resolver-dns-classes-macos-4.1.104.Final.jar:/home/wuqisen/.m2/repository/io/netty/netty-transport-native-epoll/4.1.104.Final/netty-transport-native-epoll-4.1.104.Final-linux-x86_64.jar:/home/wuqisen/.m2/repository/io/netty/netty-transport-native-epoll/4.1.104.Final/netty-transport-native-epoll-4.1.104.Final-linux-aarch_64.jar:/home/wuqisen/.m2/repository/io/netty/netty-transport-native-epoll/4.1.104.Final/netty-transport-native-epoll-4.1.104.Final-linux-riscv64.jar:/home/wuqisen/.m2/repository/io/netty/netty-transport-native-kqueue/4.1.104.Final/netty-transport-native-kqueue-4.1.104.Final-osx-x86_64.jar:/home/wuqisen/.m2/repository/io/netty/netty-transport-native-kqueue/4.1.104.Final/netty-transport-native-kqueue-4.1.104.Final-osx-aarch_64.jar:/home/wuqisen/.m2/repository/io/netty/netty-resolver-dns-native-macos/4.1.104.Final/netty-resolver-dns-native-macos-4.1.104.Final-osx-x86_64.jar:/home/wuqisen/.m2/repository/io/netty/netty-resolver-dns-native-macos/4.1.104.Final/netty-resolver-dns-native-macos-4.1.104.Final-osx-aarch_64.jar:/home/wuqisen/.m2/repository/org/lz4/lz4-java/1.8.0/lz4-java-1.8.0.jar:/home/wuqisen/.m2/repository/org/xerial/snappy/snappy-java/1.1.10.4/snappy-java-1.1.10.4.jar:/home/wuqisen/.m2/repository/org/junit/jupiter/junit-jupiter/5.10.1/junit-jupiter-5.10.1.jar:/home/wuqisen/.m2/repository/org/junit/jupiter/junit-jupiter-api/5.10.1/junit-jupiter-api-5.10.1.jar:/home/wuqisen/.m2/repository/org/opentest4j/opentest4j/1.3.0/opentest4j-1.3.0.jar:/home/wuqisen/.m2/repository/org/junit/platform/junit-platform-commons/1.10.1/junit-platform-commons-1.10.1.jar:/home/wuqisen/.m2/repository/org/apiguardian/apiguardian-api/1.1.2/apiguardian-api-1.1.2.jar:/home/wuqisen/.m2/repository/org/junit/jupiter/junit-jupiter-params/5.10.1/junit-jupiter-params-5.10.1.jar:/home/wuqisen/.m2/repository/org/junit/jupiter/junit-jupiter-engine/5.10.1/junit-jupiter-engine-5.10.1.jar:/home/wuqisen/.m2/repository/org/junit/platform/junit-platform-engine/1.10.1/junit-platform-engine-1.10.1.jar:/home/wuqisen/.m2/repository/org/assertj/assertj-core/3.24.2/assertj-core-3.24.2.jar:/home/wuqisen/.m2/repository/net/bytebuddy/byte-buddy/1.12.21/byte-buddy-1.12.21.jar:"/>
    <property name="sun.cpu.endian" value="little"/>
    <property name="user.home" value="/home/wuqisen"/>
    <property name="user.language" value="zh"/>
    <property name="java.specification.vendor" value="Oracle Corporation"/>
    <property name="java.version.date" value="2025-07-15"/>
    <property name="java.home" value="/usr/lib/jvm/java-17-openjdk-amd64"/>
    <property name="file.separator" value="/"/>
    <property name="style.color" value="always"/>
    <property name="basedir" value="/home/wuqisen/DevelopMaterial/ZephyrMQ/zephyr-storage"/>
    <property name="java.vm.compressedOopsMode" value="Zero based"/>
    <property name="line.separator" value="&#10;"/>
    <property name="java.specification.name" value="Java Platform API Specification"/>
    <property name="java.vm.specification.vendor" value="Oracle Corporation"/>
    <property name="surefire.real.class.path" value="/home/wuqisen/DevelopMaterial/ZephyrMQ/zephyr-storage/target/surefire/surefirebooter-20250926083854770_3.jar"/>
    <property name="sun.management.compiler" value="HotSpot 64-Bit Tiered Compilers"/>
    <property name="java.runtime.version" value="17.0.16+8-Ubuntu-0ubuntu124.04.1"/>
    <property name="user.name" value="wuqisen"/>
    <property name="path.separator" value=":"/>
    <property name="os.version" value="6.14.0-29-generic"/>
    <property name="java.runtime.name" value="OpenJDK Runtime Environment"/>
    <property name="file.encoding" value="UTF-8"/>
    <property name="java.vm.name" value="OpenJDK 64-Bit Server VM"/>
    <property name="maven.ext.class.path" value="/snap/intellij-idea-ultimate/658/plugins/maven/lib/maven-event-listener.jar"/>
    <property name="localRepository" value="/home/wuqisen/.m2/repository"/>
    <property name="java.vendor.url.bug" value="https://bugs.launchpad.net/ubuntu/+source/openjdk-17"/>
    <property name="java.io.tmpdir" value="/tmp"/>
    <property name="idea.version" value="2025.2.2"/>
    <property name="java.version" value="17.0.16"/>
    <property name="user.dir" value="/home/wuqisen/DevelopMaterial/ZephyrMQ/zephyr-storage"/>
    <property name="os.arch" value="amd64"/>
    <property name="jansi.passthrough" value="true"/>
    <property name="java.vm.specification.name" value="Java Virtual Machine Specification"/>
    <property name="native.encoding" value="UTF-8"/>
    <property name="java.library.path" value="/usr/java/packages/lib:/usr/lib/x86_64-linux-gnu/jni:/lib/x86_64-linux-gnu:/usr/lib/x86_64-linux-gnu:/usr/lib/jni:/lib:/usr/lib"/>
    <property name="java.vm.info" value="mixed mode, sharing"/>
    <property name="java.vendor" value="Ubuntu"/>
    <property name="java.vm.version" value="17.0.16+8-Ubuntu-0ubuntu124.04.1"/>
    <property name="java.specification.maintenance.version" value="1"/>
    <property name="sun.io.unicode.encoding" value="UnicodeLittle"/>
    <property name="maven.repo.local" value="/home/wuqisen/.m2/repository"/>
    <property name="java.class.version" value="61.0"/>
  </properties>
  <testcase name="testDeserializeEmptyData" classname="com.zephyr.storage.index.SparseIndexTest" time="0.002">
    <system-out><![CDATA[08:38:55.870 [main] INFO com.zephyr.storage.index.SparseIndex - SparseIndex initialized: interval=10, maxEntries=1000
]]></system-out>
  </testcase>
  <testcase name="testIndexCleanup" classname="com.zephyr.storage.index.SparseIndexTest" time="0.009">
    <system-out><![CDATA[08:38:55.872 [main] INFO com.zephyr.storage.index.SparseIndex - SparseIndex initialized: interval=10, maxEntries=1000
08:38:55.872 [main] INFO com.zephyr.storage.index.SparseIndex - SparseIndex initialized: interval=1, maxEntries=100
08:38:55.877 [main] DEBUG com.zephyr.storage.index.SparseIndex - Added index entry: IndexEntry{logical=0, physical=1000, timestamp=1000000, size=100, topic='TestTopic', queueId=0}
08:38:55.877 [main] DEBUG com.zephyr.storage.index.SparseIndex - Added index entry: IndexEntry{logical=1, physical=1100, timestamp=1001000, size=100, topic='TestTopic', queueId=0}
08:38:55.877 [main] DEBUG com.zephyr.storage.index.SparseIndex - Added index entry: IndexEntry{logical=2, physical=1200, timestamp=1002000, size=100, topic='TestTopic', queueId=0}
08:38:55.878 [main] DEBUG com.zephyr.storage.index.SparseIndex - Added index entry: IndexEntry{logical=3, physical=1300, timestamp=1003000, size=100, topic='TestTopic', queueId=0}
08:38:55.878 [main] DEBUG com.zephyr.storage.index.SparseIndex - Added index entry: IndexEntry{logical=4, physical=1400, timestamp=1004000, size=100, topic='TestTopic', queueId=0}
08:38:55.878 [main] DEBUG com.zephyr.storage.index.SparseIndex - Added index entry: IndexEntry{logical=5, physical=1500, timestamp=1005000, size=100, topic='TestTopic', queueId=0}
08:38:55.878 [main] DEBUG com.zephyr.storage.index.SparseIndex - Added index entry: IndexEntry{logical=6, physical=1600, timestamp=1006000, size=100, topic='TestTopic', queueId=0}
08:38:55.878 [main] DEBUG com.zephyr.storage.index.SparseIndex - Added index entry: IndexEntry{logical=7, physical=1700, timestamp=1007000, size=100, topic='TestTopic', queueId=0}
08:38:55.878 [main] DEBUG com.zephyr.storage.index.SparseIndex - Added index entry: IndexEntry{logical=8, physical=1800, timestamp=1008000, size=100, topic='TestTopic', queueId=0}
08:38:55.878 [main] DEBUG com.zephyr.storage.index.SparseIndex - Added index entry: IndexEntry{logical=9, physical=1900, timestamp=1009000, size=100, topic='TestTopic', queueId=0}
08:38:55.878 [main] DEBUG com.zephyr.storage.index.SparseIndex - Added index entry: IndexEntry{logical=10, physical=2000, timestamp=1010000, size=100, topic='TestTopic', queueId=0}
08:38:55.878 [main] DEBUG com.zephyr.storage.index.SparseIndex - Added index entry: IndexEntry{logical=11, physical=2100, timestamp=1011000, size=100, topic='TestTopic', queueId=0}
08:38:55.878 [main] DEBUG com.zephyr.storage.index.SparseIndex - Added index entry: IndexEntry{logical=12, physical=2200, timestamp=1012000, size=100, topic='TestTopic', queueId=0}
08:38:55.879 [main] DEBUG com.zephyr.storage.index.SparseIndex - Added index entry: IndexEntry{logical=13, physical=2300, timestamp=1013000, size=100, topic='TestTopic', queueId=0}
08:38:55.879 [main] DEBUG com.zephyr.storage.index.SparseIndex - Added index entry: IndexEntry{logical=14, physical=2400, timestamp=1014000, size=100, topic='TestTopic', queueId=0}
08:38:55.879 [main] DEBUG com.zephyr.storage.index.SparseIndex - Added index entry: IndexEntry{logical=15, physical=2500, timestamp=1015000, size=100, topic='TestTopic', queueId=0}
08:38:55.879 [main] DEBUG com.zephyr.storage.index.SparseIndex - Added index entry: IndexEntry{logical=16, physical=2600, timestamp=1016000, size=100, topic='TestTopic', queueId=0}
08:38:55.879 [main] DEBUG com.zephyr.storage.index.SparseIndex - Added index entry: IndexEntry{logical=17, physical=2700, timestamp=1017000, size=100, topic='TestTopic', queueId=0}
08:38:55.879 [main] DEBUG com.zephyr.storage.index.SparseIndex - Added index entry: IndexEntry{logical=18, physical=2800, timestamp=1018000, size=100, topic='TestTopic', queueId=0}
08:38:55.879 [main] DEBUG com.zephyr.storage.index.SparseIndex - Added index entry: IndexEntry{logical=19, physical=2900, timestamp=1019000, size=100, topic='TestTopic', queueId=0}
]]></system-out>
  </testcase>
  <testcase name="testBasicIndexAddAndQuery" classname="com.zephyr.storage.index.SparseIndexTest" time="0.003">
    <system-out><![CDATA[08:38:55.881 [main] INFO com.zephyr.storage.index.SparseIndex - SparseIndex initialized: interval=10, maxEntries=1000
08:38:55.881 [main] DEBUG com.zephyr.storage.index.SparseIndex - Added index entry: IndexEntry{logical=0, physical=1000, timestamp=1000000, size=100, topic='TestTopic', queueId=0}
08:38:55.881 [main] DEBUG com.zephyr.storage.index.SparseIndex - Added index entry: IndexEntry{logical=10, physical=2000, timestamp=1001000, size=120, topic='TestTopic', queueId=0}
08:38:55.881 [main] DEBUG com.zephyr.storage.index.SparseIndex - Added index entry: IndexEntry{logical=20, physical=3000, timestamp=1002000, size=110, topic='TestTopic', queueId=1}
08:38:55.882 [main] DEBUG com.zephyr.storage.index.SparseIndex - Index hit for logical offset 15: IndexEntry{logical=10, physical=2000, timestamp=1001000, size=120, topic='TestTopic', queueId=0}
08:38:55.882 [main] DEBUG com.zephyr.storage.index.SparseIndex - Index hit for physical offset 2500: IndexEntry{logical=10, physical=2000, timestamp=1001000, size=120, topic='TestTopic', queueId=0}
08:38:55.883 [main] DEBUG com.zephyr.storage.index.SparseIndex - Index hit for timestamp 1001500: IndexEntry{logical=10, physical=2000, timestamp=1001000, size=120, topic='TestTopic', queueId=0}
]]></system-out>
  </testcase>
  <testcase name="testClearIndex" classname="com.zephyr.storage.index.SparseIndexTest" time="0.002">
    <system-out><![CDATA[08:38:55.885 [main] INFO com.zephyr.storage.index.SparseIndex - SparseIndex initialized: interval=10, maxEntries=1000
08:38:55.886 [main] DEBUG com.zephyr.storage.index.SparseIndex - Added index entry: IndexEntry{logical=0, physical=1000, timestamp=1000000, size=100, topic='TestTopic', queueId=0}
08:38:55.886 [main] DEBUG com.zephyr.storage.index.SparseIndex - Added index entry: IndexEntry{logical=10, physical=2000, timestamp=1001000, size=100, topic='TestTopic', queueId=0}
08:38:55.886 [main] DEBUG com.zephyr.storage.index.SparseIndex - Index hit for logical offset 5: IndexEntry{logical=0, physical=1000, timestamp=1000000, size=100, topic='TestTopic', queueId=0}
08:38:55.887 [main] INFO com.zephyr.storage.index.SparseIndex - SparseIndex cleared
]]></system-out>
  </testcase>
  <testcase name="testIndexSerialization" classname="com.zephyr.storage.index.SparseIndexTest" time="0.004">
    <system-out><![CDATA[08:38:55.888 [main] INFO com.zephyr.storage.index.SparseIndex - SparseIndex initialized: interval=10, maxEntries=1000
08:38:55.889 [main] DEBUG com.zephyr.storage.index.SparseIndex - Added index entry: IndexEntry{logical=0, physical=1000, timestamp=1000000, size=100, topic='TestTopic1', queueId=0}
08:38:55.889 [main] DEBUG com.zephyr.storage.index.SparseIndex - Added index entry: IndexEntry{logical=10, physical=2000, timestamp=1001000, size=120, topic='TestTopic2', queueId=1}
08:38:55.889 [main] DEBUG com.zephyr.storage.index.SparseIndex - Added index entry: IndexEntry{logical=20, physical=3000, timestamp=1002000, size=110, topic='LongTopicName', queueId=2}
08:38:55.890 [main] INFO com.zephyr.storage.index.SparseIndex - Serialized 3 index entries to 145 bytes
08:38:55.890 [main] INFO com.zephyr.storage.index.SparseIndex - SparseIndex initialized: interval=10, maxEntries=1000
08:38:55.890 [main] INFO com.zephyr.storage.index.SparseIndex - SparseIndex cleared
08:38:55.890 [main] INFO com.zephyr.storage.index.SparseIndex - Deserializing 3 index entries from 145 bytes
08:38:55.891 [main] INFO com.zephyr.storage.index.SparseIndex - Successfully deserialized 3 index entries
08:38:55.891 [main] DEBUG com.zephyr.storage.index.SparseIndex - Index hit for logical offset 15: IndexEntry{logical=10, physical=2000, timestamp=1001000, size=120, topic='TestTopic2', queueId=1}
]]></system-out>
  </testcase>
  <testcase name="testLargeDataPerformance" classname="com.zephyr.storage.index.SparseIndexTest" time="0.057">
    <system-out><![CDATA[08:38:55.893 [main] INFO com.zephyr.storage.index.SparseIndex - SparseIndex initialized: interval=10, maxEntries=1000
08:38:55.894 [main] INFO com.zephyr.storage.index.SparseIndex - SparseIndex initialized: interval=100, maxEntries=200
08:38:55.894 [main] DEBUG com.zephyr.storage.index.SparseIndex - Added index entry: IndexEntry{logical=0, physical=1000, timestamp=1000000, size=100, topic='TestTopic', queueId=0}
08:38:55.894 [main] DEBUG com.zephyr.storage.index.SparseIndex - Added index entry: IndexEntry{logical=100, physical=11000, timestamp=1100000, size=100, topic='TestTopic', queueId=0}
08:38:55.894 [main] DEBUG com.zephyr.storage.index.SparseIndex - Added index entry: IndexEntry{logical=200, physical=21000, timestamp=1200000, size=100, topic='TestTopic', queueId=0}
08:38:55.894 [main] DEBUG com.zephyr.storage.index.SparseIndex - Added index entry: IndexEntry{logical=300, physical=31000, timestamp=1300000, size=100, topic='TestTopic', queueId=0}
08:38:55.895 [main] DEBUG com.zephyr.storage.index.SparseIndex - Added index entry: IndexEntry{logical=400, physical=41000, timestamp=1400000, size=100, topic='TestTopic', queueId=0}
08:38:55.895 [main] DEBUG com.zephyr.storage.index.SparseIndex - Added index entry: IndexEntry{logical=500, physical=51000, timestamp=1500000, size=100, topic='TestTopic', queueId=0}
08:38:55.895 [main] DEBUG com.zephyr.storage.index.SparseIndex - Added index entry: IndexEntry{logical=600, physical=61000, timestamp=1600000, size=100, topic='TestTopic', queueId=0}
08:38:55.895 [main] DEBUG com.zephyr.storage.index.SparseIndex - Added index entry: IndexEntry{logical=700, physical=71000, timestamp=1700000, size=100, topic='TestTopic', queueId=0}
08:38:55.895 [main] DEBUG com.zephyr.storage.index.SparseIndex - Added index entry: IndexEntry{logical=800, physical=81000, timestamp=1800000, size=100, topic='TestTopic', queueId=0}
08:38:55.896 [main] DEBUG com.zephyr.storage.index.SparseIndex - Added index entry: IndexEntry{logical=900, physical=91000, timestamp=1900000, size=100, topic='TestTopic', queueId=0}
08:38:55.896 [main] DEBUG com.zephyr.storage.index.SparseIndex - Added index entry: IndexEntry{logical=1000, physical=101000, timestamp=2000000, size=100, topic='TestTopic', queueId=0}
08:38:55.896 [main] DEBUG com.zephyr.storage.index.SparseIndex - Added index entry: IndexEntry{logical=1100, physical=111000, timestamp=2100000, size=100, topic='TestTopic', queueId=0}
08:38:55.896 [main] DEBUG com.zephyr.storage.index.SparseIndex - Added index entry: IndexEntry{logical=1200, physical=121000, timestamp=2200000, size=100, topic='TestTopic', queueId=0}
08:38:55.896 [main] DEBUG com.zephyr.storage.index.SparseIndex - Added index entry: IndexEntry{logical=1300, physical=131000, timestamp=2300000, size=100, topic='TestTopic', queueId=0}
08:38:55.897 [main] DEBUG com.zephyr.storage.index.SparseIndex - Added index entry: IndexEntry{logical=1400, physical=141000, timestamp=2400000, size=100, topic='TestTopic', queueId=0}
08:38:55.897 [main] DEBUG com.zephyr.storage.index.SparseIndex - Added index entry: IndexEntry{logical=1500, physical=151000, timestamp=2500000, size=100, topic='TestTopic', queueId=0}
08:38:55.897 [main] DEBUG com.zephyr.storage.index.SparseIndex - Added index entry: IndexEntry{logical=1600, physical=161000, timestamp=2600000, size=100, topic='TestTopic', queueId=0}
08:38:55.897 [main] DEBUG com.zephyr.storage.index.SparseIndex - Added index entry: IndexEntry{logical=1700, physical=171000, timestamp=2700000, size=100, topic='TestTopic', queueId=0}
08:38:55.897 [main] DEBUG com.zephyr.storage.index.SparseIndex - Added index entry: IndexEntry{logical=1800, physical=181000, timestamp=2800000, size=100, topic='TestTopic', queueId=0}
08:38:55.897 [main] DEBUG com.zephyr.storage.index.SparseIndex - Added index entry: IndexEntry{logical=1900, physical=191000, timestamp=2900000, size=100, topic='TestTopic', queueId=0}
08:38:55.898 [main] DEBUG com.zephyr.storage.index.SparseIndex - Added index entry: IndexEntry{logical=2000, physical=201000, timestamp=3000000, size=100, topic='TestTopic', queueId=0}
08:38:55.898 [main] DEBUG com.zephyr.storage.index.SparseIndex - Added index entry: IndexEntry{logical=2100, physical=211000, timestamp=3100000, size=100, topic='TestTopic', queueId=0}
08:38:55.898 [main] DEBUG com.zephyr.storage.index.SparseIndex - Added index entry: IndexEntry{logical=2200, physical=221000, timestamp=3200000, size=100, topic='TestTopic', queueId=0}
08:38:55.898 [main] DEBUG com.zephyr.storage.index.SparseIndex - Added index entry: IndexEntry{logical=2300, physical=231000, timestamp=3300000, size=100, topic='TestTopic', queueId=0}
08:38:55.898 [main] DEBUG com.zephyr.storage.index.SparseIndex - Added index entry: IndexEntry{logical=2400, physical=241000, timestamp=3400000, size=100, topic='TestTopic', queueId=0}
08:38:55.898 [main] DEBUG com.zephyr.storage.index.SparseIndex - Added index entry: IndexEntry{logical=2500, physical=251000, timestamp=3500000, size=100, topic='TestTopic', queueId=0}
08:38:55.899 [main] DEBUG com.zephyr.storage.index.SparseIndex - Added index entry: IndexEntry{logical=2600, physical=261000, timestamp=3600000, size=100, topic='TestTopic', queueId=0}
08:38:55.899 [main] DEBUG com.zephyr.storage.index.SparseIndex - Added index entry: IndexEntry{logical=2700, physical=271000, timestamp=3700000, size=100, topic='TestTopic', queueId=0}
08:38:55.899 [main] DEBUG com.zephyr.storage.index.SparseIndex - Added index entry: IndexEntry{logical=2800, physical=281000, timestamp=3800000, size=100, topic='TestTopic', queueId=0}
08:38:55.899 [main] DEBUG com.zephyr.storage.index.SparseIndex - Added index entry: IndexEntry{logical=2900, physical=291000, timestamp=3900000, size=100, topic='TestTopic', queueId=0}
08:38:55.899 [main] DEBUG com.zephyr.storage.index.SparseIndex - Added index entry: IndexEntry{logical=3000, physical=301000, timestamp=4000000, size=100, topic='TestTopic', queueId=0}
08:38:55.899 [main] DEBUG com.zephyr.storage.index.SparseIndex - Added index entry: IndexEntry{logical=3100, physical=311000, timestamp=4100000, size=100, topic='TestTopic', queueId=0}
08:38:55.899 [main] DEBUG com.zephyr.storage.index.SparseIndex - Added index entry: IndexEntry{logical=3200, physical=321000, timestamp=4200000, size=100, topic='TestTopic', queueId=0}
08:38:55.900 [main] DEBUG com.zephyr.storage.index.SparseIndex - Added index entry: IndexEntry{logical=3300, physical=331000, timestamp=4300000, size=100, topic='TestTopic', queueId=0}
08:38:55.900 [main] DEBUG com.zephyr.storage.index.SparseIndex - Added index entry: IndexEntry{logical=3400, physical=341000, timestamp=4400000, size=100, topic='TestTopic', queueId=0}
08:38:55.900 [main] DEBUG com.zephyr.storage.index.SparseIndex - Added index entry: IndexEntry{logical=3500, physical=351000, timestamp=4500000, size=100, topic='TestTopic', queueId=0}
08:38:55.900 [main] DEBUG com.zephyr.storage.index.SparseIndex - Added index entry: IndexEntry{logical=3600, physical=361000, timestamp=4600000, size=100, topic='TestTopic', queueId=0}
08:38:55.900 [main] DEBUG com.zephyr.storage.index.SparseIndex - Added index entry: IndexEntry{logical=3700, physical=371000, timestamp=4700000, size=100, topic='TestTopic', queueId=0}
08:38:55.900 [main] DEBUG com.zephyr.storage.index.SparseIndex - Added index entry: IndexEntry{logical=3800, physical=381000, timestamp=4800000, size=100, topic='TestTopic', queueId=0}
08:38:55.900 [main] DEBUG com.zephyr.storage.index.SparseIndex - Added index entry: IndexEntry{logical=3900, physical=391000, timestamp=4900000, size=100, topic='TestTopic', queueId=0}
08:38:55.901 [main] DEBUG com.zephyr.storage.index.SparseIndex - Added index entry: IndexEntry{logical=4000, physical=401000, timestamp=5000000, size=100, topic='TestTopic', queueId=0}
08:38:55.901 [main] DEBUG com.zephyr.storage.index.SparseIndex - Added index entry: IndexEntry{logical=4100, physical=411000, timestamp=5100000, size=100, topic='TestTopic', queueId=0}
08:38:55.901 [main] DEBUG com.zephyr.storage.index.SparseIndex - Added index entry: IndexEntry{logical=4200, physical=421000, timestamp=5200000, size=100, topic='TestTopic', queueId=0}
08:38:55.901 [main] DEBUG com.zephyr.storage.index.SparseIndex - Added index entry: IndexEntry{logical=4300, physical=431000, timestamp=5300000, size=100, topic='TestTopic', queueId=0}
08:38:55.901 [main] DEBUG com.zephyr.storage.index.SparseIndex - Added index entry: IndexEntry{logical=4400, physical=441000, timestamp=5400000, size=100, topic='TestTopic', queueId=0}
08:38:55.901 [main] DEBUG com.zephyr.storage.index.SparseIndex - Added index entry: IndexEntry{logical=4500, physical=451000, timestamp=5500000, size=100, topic='TestTopic', queueId=0}
08:38:55.901 [main] DEBUG com.zephyr.storage.index.SparseIndex - Added index entry: IndexEntry{logical=4600, physical=461000, timestamp=5600000, size=100, topic='TestTopic', queueId=0}
08:38:55.902 [main] DEBUG com.zephyr.storage.index.SparseIndex - Added index entry: IndexEntry{logical=4700, physical=471000, timestamp=5700000, size=100, topic='TestTopic', queueId=0}
08:38:55.902 [main] DEBUG com.zephyr.storage.index.SparseIndex - Added index entry: IndexEntry{logical=4800, physical=481000, timestamp=5800000, size=100, topic='TestTopic', queueId=0}
08:38:55.902 [main] DEBUG com.zephyr.storage.index.SparseIndex - Added index entry: IndexEntry{logical=4900, physical=491000, timestamp=5900000, size=100, topic='TestTopic', queueId=0}
08:38:55.902 [main] DEBUG com.zephyr.storage.index.SparseIndex - Added index entry: IndexEntry{logical=5000, physical=501000, timestamp=6000000, size=100, topic='TestTopic', queueId=0}
08:38:55.902 [main] DEBUG com.zephyr.storage.index.SparseIndex - Added index entry: IndexEntry{logical=5100, physical=511000, timestamp=6100000, size=100, topic='TestTopic', queueId=0}
08:38:55.902 [main] DEBUG com.zephyr.storage.index.SparseIndex - Added index entry: IndexEntry{logical=5200, physical=521000, timestamp=6200000, size=100, topic='TestTopic', queueId=0}
08:38:55.902 [main] DEBUG com.zephyr.storage.index.SparseIndex - Added index entry: IndexEntry{logical=5300, physical=531000, timestamp=6300000, size=100, topic='TestTopic', queueId=0}
08:38:55.903 [main] DEBUG com.zephyr.storage.index.SparseIndex - Added index entry: IndexEntry{logical=5400, physical=541000, timestamp=6400000, size=100, topic='TestTopic', queueId=0}
08:38:55.903 [main] DEBUG com.zephyr.storage.index.SparseIndex - Added index entry: IndexEntry{logical=5500, physical=551000, timestamp=6500000, size=100, topic='TestTopic', queueId=0}
08:38:55.903 [main] DEBUG com.zephyr.storage.index.SparseIndex - Added index entry: IndexEntry{logical=5600, physical=561000, timestamp=6600000, size=100, topic='TestTopic', queueId=0}
08:38:55.903 [main] DEBUG com.zephyr.storage.index.SparseIndex - Added index entry: IndexEntry{logical=5700, physical=571000, timestamp=6700000, size=100, topic='TestTopic', queueId=0}
08:38:55.903 [main] DEBUG com.zephyr.storage.index.SparseIndex - Added index entry: IndexEntry{logical=5800, physical=581000, timestamp=6800000, size=100, topic='TestTopic', queueId=0}
08:38:55.903 [main] DEBUG com.zephyr.storage.index.SparseIndex - Added index entry: IndexEntry{logical=5900, physical=591000, timestamp=6900000, size=100, topic='TestTopic', queueId=0}
08:38:55.903 [main] DEBUG com.zephyr.storage.index.SparseIndex - Added index entry: IndexEntry{logical=6000, physical=601000, timestamp=7000000, size=100, topic='TestTopic', queueId=0}
08:38:55.903 [main] DEBUG com.zephyr.storage.index.SparseIndex - Added index entry: IndexEntry{logical=6100, physical=611000, timestamp=7100000, size=100, topic='TestTopic', queueId=0}
08:38:55.904 [main] DEBUG com.zephyr.storage.index.SparseIndex - Added index entry: IndexEntry{logical=6200, physical=621000, timestamp=7200000, size=100, topic='TestTopic', queueId=0}
08:38:55.904 [main] DEBUG com.zephyr.storage.index.SparseIndex - Added index entry: IndexEntry{logical=6300, physical=631000, timestamp=7300000, size=100, topic='TestTopic', queueId=0}
08:38:55.904 [main] DEBUG com.zephyr.storage.index.SparseIndex - Added index entry: IndexEntry{logical=6400, physical=641000, timestamp=7400000, size=100, topic='TestTopic', queueId=0}
08:38:55.904 [main] DEBUG com.zephyr.storage.index.SparseIndex - Added index entry: IndexEntry{logical=6500, physical=651000, timestamp=7500000, size=100, topic='TestTopic', queueId=0}
08:38:55.904 [main] DEBUG com.zephyr.storage.index.SparseIndex - Added index entry: IndexEntry{logical=6600, physical=661000, timestamp=7600000, size=100, topic='TestTopic', queueId=0}
08:38:55.904 [main] DEBUG com.zephyr.storage.index.SparseIndex - Added index entry: IndexEntry{logical=6700, physical=671000, timestamp=7700000, size=100, topic='TestTopic', queueId=0}
08:38:55.904 [main] DEBUG com.zephyr.storage.index.SparseIndex - Added index entry: IndexEntry{logical=6800, physical=681000, timestamp=7800000, size=100, topic='TestTopic', queueId=0}
08:38:55.904 [main] DEBUG com.zephyr.storage.index.SparseIndex - Added index entry: IndexEntry{logical=6900, physical=691000, timestamp=7900000, size=100, topic='TestTopic', queueId=0}
08:38:55.905 [main] DEBUG com.zephyr.storage.index.SparseIndex - Added index entry: IndexEntry{logical=7000, physical=701000, timestamp=8000000, size=100, topic='TestTopic', queueId=0}
08:38:55.905 [main] DEBUG com.zephyr.storage.index.SparseIndex - Added index entry: IndexEntry{logical=7100, physical=711000, timestamp=8100000, size=100, topic='TestTopic', queueId=0}
08:38:55.905 [main] DEBUG com.zephyr.storage.index.SparseIndex - Added index entry: IndexEntry{logical=7200, physical=721000, timestamp=8200000, size=100, topic='TestTopic', queueId=0}
08:38:55.905 [main] DEBUG com.zephyr.storage.index.SparseIndex - Added index entry: IndexEntry{logical=7300, physical=731000, timestamp=8300000, size=100, topic='TestTopic', queueId=0}
08:38:55.905 [main] DEBUG com.zephyr.storage.index.SparseIndex - Added index entry: IndexEntry{logical=7400, physical=741000, timestamp=8400000, size=100, topic='TestTopic', queueId=0}
08:38:55.905 [main] DEBUG com.zephyr.storage.index.SparseIndex - Added index entry: IndexEntry{logical=7500, physical=751000, timestamp=8500000, size=100, topic='TestTopic', queueId=0}
08:38:55.905 [main] DEBUG com.zephyr.storage.index.SparseIndex - Added index entry: IndexEntry{logical=7600, physical=761000, timestamp=8600000, size=100, topic='TestTopic', queueId=0}
08:38:55.905 [main] DEBUG com.zephyr.storage.index.SparseIndex - Added index entry: IndexEntry{logical=7700, physical=771000, timestamp=8700000, size=100, topic='TestTopic', queueId=0}
08:38:55.906 [main] DEBUG com.zephyr.storage.index.SparseIndex - Added index entry: IndexEntry{logical=7800, physical=781000, timestamp=8800000, size=100, topic='TestTopic', queueId=0}
08:38:55.906 [main] DEBUG com.zephyr.storage.index.SparseIndex - Added index entry: IndexEntry{logical=7900, physical=791000, timestamp=8900000, size=100, topic='TestTopic', queueId=0}
08:38:55.906 [main] DEBUG com.zephyr.storage.index.SparseIndex - Added index entry: IndexEntry{logical=8000, physical=801000, timestamp=9000000, size=100, topic='TestTopic', queueId=0}
08:38:55.906 [main] DEBUG com.zephyr.storage.index.SparseIndex - Added index entry: IndexEntry{logical=8100, physical=811000, timestamp=9100000, size=100, topic='TestTopic', queueId=0}
08:38:55.906 [main] DEBUG com.zephyr.storage.index.SparseIndex - Added index entry: IndexEntry{logical=8200, physical=821000, timestamp=9200000, size=100, topic='TestTopic', queueId=0}
08:38:55.906 [main] DEBUG com.zephyr.storage.index.SparseIndex - Added index entry: IndexEntry{logical=8300, physical=831000, timestamp=9300000, size=100, topic='TestTopic', queueId=0}
08:38:55.906 [main] DEBUG com.zephyr.storage.index.SparseIndex - Added index entry: IndexEntry{logical=8400, physical=841000, timestamp=9400000, size=100, topic='TestTopic', queueId=0}
08:38:55.906 [main] DEBUG com.zephyr.storage.index.SparseIndex - Added index entry: IndexEntry{logical=8500, physical=851000, timestamp=9500000, size=100, topic='TestTopic', queueId=0}
08:38:55.906 [main] DEBUG com.zephyr.storage.index.SparseIndex - Added index entry: IndexEntry{logical=8600, physical=861000, timestamp=9600000, size=100, topic='TestTopic', queueId=0}
08:38:55.906 [main] DEBUG com.zephyr.storage.index.SparseIndex - Added index entry: IndexEntry{logical=8700, physical=871000, timestamp=9700000, size=100, topic='TestTopic', queueId=0}
08:38:55.907 [main] DEBUG com.zephyr.storage.index.SparseIndex - Added index entry: IndexEntry{logical=8800, physical=881000, timestamp=9800000, size=100, topic='TestTopic', queueId=0}
08:38:55.907 [main] DEBUG com.zephyr.storage.index.SparseIndex - Added index entry: IndexEntry{logical=8900, physical=891000, timestamp=9900000, size=100, topic='TestTopic', queueId=0}
08:38:55.907 [main] DEBUG com.zephyr.storage.index.SparseIndex - Added index entry: IndexEntry{logical=9000, physical=901000, timestamp=10000000, size=100, topic='TestTopic', queueId=0}
08:38:55.907 [main] DEBUG com.zephyr.storage.index.SparseIndex - Added index entry: IndexEntry{logical=9100, physical=911000, timestamp=10100000, size=100, topic='TestTopic', queueId=0}
08:38:55.907 [main] DEBUG com.zephyr.storage.index.SparseIndex - Added index entry: IndexEntry{logical=9200, physical=921000, timestamp=10200000, size=100, topic='TestTopic', queueId=0}
08:38:55.907 [main] DEBUG com.zephyr.storage.index.SparseIndex - Added index entry: IndexEntry{logical=9300, physical=931000, timestamp=10300000, size=100, topic='TestTopic', queueId=0}
08:38:55.907 [main] DEBUG com.zephyr.storage.index.SparseIndex - Added index entry: IndexEntry{logical=9400, physical=941000, timestamp=10400000, size=100, topic='TestTopic', queueId=0}
08:38:55.907 [main] DEBUG com.zephyr.storage.index.SparseIndex - Added index entry: IndexEntry{logical=9500, physical=951000, timestamp=10500000, size=100, topic='TestTopic', queueId=0}
08:38:55.907 [main] DEBUG com.zephyr.storage.index.SparseIndex - Added index entry: IndexEntry{logical=9600, physical=961000, timestamp=10600000, size=100, topic='TestTopic', queueId=0}
08:38:55.907 [main] DEBUG com.zephyr.storage.index.SparseIndex - Added index entry: IndexEntry{logical=9700, physical=971000, timestamp=10700000, size=100, topic='TestTopic', queueId=0}
08:38:55.907 [main] DEBUG com.zephyr.storage.index.SparseIndex - Added index entry: IndexEntry{logical=9800, physical=981000, timestamp=10800000, size=100, topic='TestTopic', queueId=0}
08:38:55.908 [main] DEBUG com.zephyr.storage.index.SparseIndex - Added index entry: IndexEntry{logical=9900, physical=991000, timestamp=10900000, size=100, topic='TestTopic', queueId=0}
08:38:55.908 [main] DEBUG com.zephyr.storage.index.SparseIndex - Index hit for logical offset 3214: IndexEntry{logical=3200, physical=321000, timestamp=4200000, size=100, topic='TestTopic', queueId=0}
08:38:55.908 [main] DEBUG com.zephyr.storage.index.SparseIndex - Index hit for logical offset 1183: IndexEntry{logical=1100, physical=111000, timestamp=2100000, size=100, topic='TestTopic', queueId=0}
08:38:55.908 [main] DEBUG com.zephyr.storage.index.SparseIndex - Index hit for logical offset 2731: IndexEntry{logical=2700, physical=271000, timestamp=3700000, size=100, topic='TestTopic', queueId=0}
08:38:55.908 [main] DEBUG com.zephyr.storage.index.SparseIndex - Index hit for logical offset 287: IndexEntry{logical=200, physical=21000, timestamp=1200000, size=100, topic='TestTopic', queueId=0}
08:38:55.908 [main] DEBUG com.zephyr.storage.index.SparseIndex - Index hit for logical offset 3688: IndexEntry{logical=3600, physical=361000, timestamp=4600000, size=100, topic='TestTopic', queueId=0}
08:38:55.908 [main] DEBUG com.zephyr.storage.index.SparseIndex - Index hit for logical offset 4318: IndexEntry{logical=4300, physical=431000, timestamp=5300000, size=100, topic='TestTopic', queueId=0}
08:38:55.908 [main] DEBUG com.zephyr.storage.index.SparseIndex - Index hit for logical offset 1983: IndexEntry{logical=1900, physical=191000, timestamp=2900000, size=100, topic='TestTopic', queueId=0}
08:38:55.909 [main] DEBUG com.zephyr.storage.index.SparseIndex - Index hit for logical offset 3441: IndexEntry{logical=3400, physical=341000, timestamp=4400000, size=100, topic='TestTopic', queueId=0}
08:38:55.909 [main] DEBUG com.zephyr.storage.index.SparseIndex - Index hit for logical offset 7711: IndexEntry{logical=7700, physical=771000, timestamp=8700000, size=100, topic='TestTopic', queueId=0}
08:38:55.909 [main] DEBUG com.zephyr.storage.index.SparseIndex - Index hit for logical offset 4742: IndexEntry{logical=4700, physical=471000, timestamp=5700000, size=100, topic='TestTopic', queueId=0}
08:38:55.909 [main] DEBUG com.zephyr.storage.index.SparseIndex - Index hit for logical offset 4552: IndexEntry{logical=4500, physical=451000, timestamp=5500000, size=100, topic='TestTopic', queueId=0}
08:38:55.909 [main] DEBUG com.zephyr.storage.index.SparseIndex - Index hit for logical offset 2624: IndexEntry{logical=2600, physical=261000, timestamp=3600000, size=100, topic='TestTopic', queueId=0}
08:38:55.909 [main] DEBUG com.zephyr.storage.index.SparseIndex - Index hit for logical offset 2904: IndexEntry{logical=2900, physical=291000, timestamp=3900000, size=100, topic='TestTopic', queueId=0}
08:38:55.909 [main] DEBUG com.zephyr.storage.index.SparseIndex - Index hit for logical offset 6125: IndexEntry{logical=6100, physical=611000, timestamp=7100000, size=100, topic='TestTopic', queueId=0}
08:38:55.909 [main] DEBUG com.zephyr.storage.index.SparseIndex - Index hit for logical offset 8911: IndexEntry{logical=8900, physical=891000, timestamp=9900000, size=100, topic='TestTopic', queueId=0}
08:38:55.909 [main] DEBUG com.zephyr.storage.index.SparseIndex - Index hit for logical offset 2924: IndexEntry{logical=2900, physical=291000, timestamp=3900000, size=100, topic='TestTopic', queueId=0}
08:38:55.909 [main] DEBUG com.zephyr.storage.index.SparseIndex - Index hit for logical offset 9943: IndexEntry{logical=9900, physical=991000, timestamp=10900000, size=100, topic='TestTopic', queueId=0}
08:38:55.909 [main] DEBUG com.zephyr.storage.index.SparseIndex - Index hit for logical offset 1278: IndexEntry{logical=1200, physical=121000, timestamp=2200000, size=100, topic='TestTopic', queueId=0}
08:38:55.910 [main] DEBUG com.zephyr.storage.index.SparseIndex - Index hit for logical offset 3861: IndexEntry{logical=3800, physical=381000, timestamp=4800000, size=100, topic='TestTopic', queueId=0}
08:38:55.910 [main] DEBUG com.zephyr.storage.index.SparseIndex - Index hit for logical offset 7041: IndexEntry{logical=7000, physical=701000, timestamp=8000000, size=100, topic='TestTopic', queueId=0}
08:38:55.910 [main] DEBUG com.zephyr.storage.index.SparseIndex - Index hit for logical offset 8919: IndexEntry{logical=8900, physical=891000, timestamp=9900000, size=100, topic='TestTopic', queueId=0}
08:38:55.910 [main] DEBUG com.zephyr.storage.index.SparseIndex - Index hit for logical offset 6617: IndexEntry{logical=6600, physical=661000, timestamp=7600000, size=100, topic='TestTopic', queueId=0}
08:38:55.910 [main] DEBUG com.zephyr.storage.index.SparseIndex - Index hit for logical offset 6896: IndexEntry{logical=6800, physical=681000, timestamp=7800000, size=100, topic='TestTopic', queueId=0}
08:38:55.910 [main] DEBUG com.zephyr.storage.index.SparseIndex - Index hit for logical offset 7124: IndexEntry{logical=7100, physical=711000, timestamp=8100000, size=100, topic='TestTopic', queueId=0}
08:38:55.910 [main] DEBUG com.zephyr.storage.index.SparseIndex - Index hit for logical offset 8718: IndexEntry{logical=8700, physical=871000, timestamp=9700000, size=100, topic='TestTopic', queueId=0}
08:38:55.910 [main] DEBUG com.zephyr.storage.index.SparseIndex - Index hit for logical offset 8547: IndexEntry{logical=8500, physical=851000, timestamp=9500000, size=100, topic='TestTopic', queueId=0}
08:38:55.910 [main] DEBUG com.zephyr.storage.index.SparseIndex - Index hit for logical offset 8093: IndexEntry{logical=8000, physical=801000, timestamp=9000000, size=100, topic='TestTopic', queueId=0}
08:38:55.910 [main] DEBUG com.zephyr.storage.index.SparseIndex - Index hit for logical offset 5757: IndexEntry{logical=5700, physical=571000, timestamp=6700000, size=100, topic='TestTopic', queueId=0}
08:38:55.910 [main] DEBUG com.zephyr.storage.index.SparseIndex - Index hit for logical offset 9694: IndexEntry{logical=9600, physical=961000, timestamp=10600000, size=100, topic='TestTopic', queueId=0}
08:38:55.910 [main] DEBUG com.zephyr.storage.index.SparseIndex - Index hit for logical offset 310: IndexEntry{logical=300, physical=31000, timestamp=1300000, size=100, topic='TestTopic', queueId=0}
08:38:55.910 [main] DEBUG com.zephyr.storage.index.SparseIndex - Index hit for logical offset 8146: IndexEntry{logical=8100, physical=811000, timestamp=9100000, size=100, topic='TestTopic', queueId=0}
08:38:55.911 [main] DEBUG com.zephyr.storage.index.SparseIndex - Index hit for logical offset 7212: IndexEntry{logical=7200, physical=721000, timestamp=8200000, size=100, topic='TestTopic', queueId=0}
08:38:55.911 [main] DEBUG com.zephyr.storage.index.SparseIndex - Index hit for logical offset 7840: IndexEntry{logical=7800, physical=781000, timestamp=8800000, size=100, topic='TestTopic', queueId=0}
08:38:55.911 [main] DEBUG com.zephyr.storage.index.SparseIndex - Index hit for logical offset 2401: IndexEntry{logical=2400, physical=241000, timestamp=3400000, size=100, topic='TestTopic', queueId=0}
08:38:55.911 [main] DEBUG com.zephyr.storage.index.SparseIndex - Index hit for logical offset 894: IndexEntry{logical=800, physical=81000, timestamp=1800000, size=100, topic='TestTopic', queueId=0}
08:38:55.911 [main] DEBUG com.zephyr.storage.index.SparseIndex - Index hit for logical offset 4770: IndexEntry{logical=4700, physical=471000, timestamp=5700000, size=100, topic='TestTopic', queueId=0}
08:38:55.911 [main] DEBUG com.zephyr.storage.index.SparseIndex - Index hit for logical offset 6848: IndexEntry{logical=6800, physical=681000, timestamp=7800000, size=100, topic='TestTopic', queueId=0}
08:38:55.911 [main] DEBUG com.zephyr.storage.index.SparseIndex - Index hit for logical offset 7028: IndexEntry{logical=7000, physical=701000, timestamp=8000000, size=100, topic='TestTopic', queueId=0}
08:38:55.911 [main] DEBUG com.zephyr.storage.index.SparseIndex - Index hit for logical offset 7860: IndexEntry{logical=7800, physical=781000, timestamp=8800000, size=100, topic='TestTopic', queueId=0}
08:38:55.911 [main] DEBUG com.zephyr.storage.index.SparseIndex - Index hit for logical offset 2417: IndexEntry{logical=2400, physical=241000, timestamp=3400000, size=100, topic='TestTopic', queueId=0}
08:38:55.911 [main] DEBUG com.zephyr.storage.index.SparseIndex - Index hit for logical offset 2986: IndexEntry{logical=2900, physical=291000, timestamp=3900000, size=100, topic='TestTopic', queueId=0}
08:38:55.911 [main] DEBUG com.zephyr.storage.index.SparseIndex - Index hit for logical offset 7216: IndexEntry{logical=7200, physical=721000, timestamp=8200000, size=100, topic='TestTopic', queueId=0}
08:38:55.912 [main] DEBUG com.zephyr.storage.index.SparseIndex - Index hit for logical offset 4720: IndexEntry{logical=4700, physical=471000, timestamp=5700000, size=100, topic='TestTopic', queueId=0}
08:38:55.912 [main] DEBUG com.zephyr.storage.index.SparseIndex - Index hit for logical offset 9560: IndexEntry{logical=9500, physical=951000, timestamp=10500000, size=100, topic='TestTopic', queueId=0}
08:38:55.912 [main] DEBUG com.zephyr.storage.index.SparseIndex - Index hit for logical offset 6573: IndexEntry{logical=6500, physical=651000, timestamp=7500000, size=100, topic='TestTopic', queueId=0}
08:38:55.912 [main] DEBUG com.zephyr.storage.index.SparseIndex - Index hit for logical offset 4169: IndexEntry{logical=4100, physical=411000, timestamp=5100000, size=100, topic='TestTopic', queueId=0}
08:38:55.912 [main] DEBUG com.zephyr.storage.index.SparseIndex - Index hit for logical offset 7395: IndexEntry{logical=7300, physical=731000, timestamp=8300000, size=100, topic='TestTopic', queueId=0}
08:38:55.912 [main] DEBUG com.zephyr.storage.index.SparseIndex - Index hit for logical offset 5527: IndexEntry{logical=5500, physical=551000, timestamp=6500000, size=100, topic='TestTopic', queueId=0}
08:38:55.912 [main] DEBUG com.zephyr.storage.index.SparseIndex - Index hit for logical offset 2933: IndexEntry{logical=2900, physical=291000, timestamp=3900000, size=100, topic='TestTopic', queueId=0}
08:38:55.912 [main] DEBUG com.zephyr.storage.index.SparseIndex - Index hit for logical offset 2280: IndexEntry{logical=2200, physical=221000, timestamp=3200000, size=100, topic='TestTopic', queueId=0}
08:38:55.912 [main] DEBUG com.zephyr.storage.index.SparseIndex - Index hit for logical offset 8483: IndexEntry{logical=8400, physical=841000, timestamp=9400000, size=100, topic='TestTopic', queueId=0}
08:38:55.912 [main] DEBUG com.zephyr.storage.index.SparseIndex - Index hit for logical offset 6575: IndexEntry{logical=6500, physical=651000, timestamp=7500000, size=100, topic='TestTopic', queueId=0}
08:38:55.912 [main] DEBUG com.zephyr.storage.index.SparseIndex - Index hit for logical offset 5249: IndexEntry{logical=5200, physical=521000, timestamp=6200000, size=100, topic='TestTopic', queueId=0}
08:38:55.912 [main] DEBUG com.zephyr.storage.index.SparseIndex - Index hit for logical offset 9782: IndexEntry{logical=9700, physical=971000, timestamp=10700000, size=100, topic='TestTopic', queueId=0}
08:38:55.913 [main] DEBUG com.zephyr.storage.index.SparseIndex - Index hit for logical offset 3140: IndexEntry{logical=3100, physical=311000, timestamp=4100000, size=100, topic='TestTopic', queueId=0}
08:38:55.913 [main] DEBUG com.zephyr.storage.index.SparseIndex - Index hit for logical offset 1868: IndexEntry{logical=1800, physical=181000, timestamp=2800000, size=100, topic='TestTopic', queueId=0}
08:38:55.913 [main] DEBUG com.zephyr.storage.index.SparseIndex - Index hit for logical offset 1431: IndexEntry{logical=1400, physical=141000, timestamp=2400000, size=100, topic='TestTopic', queueId=0}
08:38:55.913 [main] DEBUG com.zephyr.storage.index.SparseIndex - Index hit for logical offset 4457: IndexEntry{logical=4400, physical=441000, timestamp=5400000, size=100, topic='TestTopic', queueId=0}
08:38:55.913 [main] DEBUG com.zephyr.storage.index.SparseIndex - Index hit for logical offset 7194: IndexEntry{logical=7100, physical=711000, timestamp=8100000, size=100, topic='TestTopic', queueId=0}
08:38:55.913 [main] DEBUG com.zephyr.storage.index.SparseIndex - Index hit for logical offset 6497: IndexEntry{logical=6400, physical=641000, timestamp=7400000, size=100, topic='TestTopic', queueId=0}
08:38:55.913 [main] DEBUG com.zephyr.storage.index.SparseIndex - Index hit for logical offset 7270: IndexEntry{logical=7200, physical=721000, timestamp=8200000, size=100, topic='TestTopic', queueId=0}
08:38:55.913 [main] DEBUG com.zephyr.storage.index.SparseIndex - Index hit for logical offset 8039: IndexEntry{logical=8000, physical=801000, timestamp=9000000, size=100, topic='TestTopic', queueId=0}
08:38:55.913 [main] DEBUG com.zephyr.storage.index.SparseIndex - Index hit for logical offset 9263: IndexEntry{logical=9200, physical=921000, timestamp=10200000, size=100, topic='TestTopic', queueId=0}
08:38:55.913 [main] DEBUG com.zephyr.storage.index.SparseIndex - Index hit for logical offset 8963: IndexEntry{logical=8900, physical=891000, timestamp=9900000, size=100, topic='TestTopic', queueId=0}
08:38:55.913 [main] DEBUG com.zephyr.storage.index.SparseIndex - Index hit for logical offset 8500: IndexEntry{logical=8500, physical=851000, timestamp=9500000, size=100, topic='TestTopic', queueId=0}
08:38:55.913 [main] DEBUG com.zephyr.storage.index.SparseIndex - Index hit for logical offset 9994: IndexEntry{logical=9900, physical=991000, timestamp=10900000, size=100, topic='TestTopic', queueId=0}
08:38:55.913 [main] DEBUG com.zephyr.storage.index.SparseIndex - Index hit for logical offset 2978: IndexEntry{logical=2900, physical=291000, timestamp=3900000, size=100, topic='TestTopic', queueId=0}
08:38:55.914 [main] DEBUG com.zephyr.storage.index.SparseIndex - Index hit for logical offset 7745: IndexEntry{logical=7700, physical=771000, timestamp=8700000, size=100, topic='TestTopic', queueId=0}
08:38:55.914 [main] DEBUG com.zephyr.storage.index.SparseIndex - Index hit for logical offset 5133: IndexEntry{logical=5100, physical=511000, timestamp=6100000, size=100, topic='TestTopic', queueId=0}
08:38:55.914 [main] DEBUG com.zephyr.storage.index.SparseIndex - Index hit for logical offset 1216: IndexEntry{logical=1200, physical=121000, timestamp=2200000, size=100, topic='TestTopic', queueId=0}
08:38:55.914 [main] DEBUG com.zephyr.storage.index.SparseIndex - Index hit for logical offset 4991: IndexEntry{logical=4900, physical=491000, timestamp=5900000, size=100, topic='TestTopic', queueId=0}
08:38:55.914 [main] DEBUG com.zephyr.storage.index.SparseIndex - Index hit for logical offset 6625: IndexEntry{logical=6600, physical=661000, timestamp=7600000, size=100, topic='TestTopic', queueId=0}
08:38:55.914 [main] DEBUG com.zephyr.storage.index.SparseIndex - Index hit for logical offset 2447: IndexEntry{logical=2400, physical=241000, timestamp=3400000, size=100, topic='TestTopic', queueId=0}
08:38:55.914 [main] DEBUG com.zephyr.storage.index.SparseIndex - Index hit for logical offset 827: IndexEntry{logical=800, physical=81000, timestamp=1800000, size=100, topic='TestTopic', queueId=0}
08:38:55.914 [main] DEBUG com.zephyr.storage.index.SparseIndex - Index hit for logical offset 9418: IndexEntry{logical=9400, physical=941000, timestamp=10400000, size=100, topic='TestTopic', queueId=0}
08:38:55.914 [main] DEBUG com.zephyr.storage.index.SparseIndex - Index hit for logical offset 1198: IndexEntry{logical=1100, physical=111000, timestamp=2100000, size=100, topic='TestTopic', queueId=0}
08:38:55.914 [main] DEBUG com.zephyr.storage.index.SparseIndex - Index hit for logical offset 4334: IndexEntry{logical=4300, physical=431000, timestamp=5300000, size=100, topic='TestTopic', queueId=0}
08:38:55.914 [main] DEBUG com.zephyr.storage.index.SparseIndex - Index hit for logical offset 4781: IndexEntry{logical=4700, physical=471000, timestamp=5700000, size=100, topic='TestTopic', queueId=0}
08:38:55.914 [main] DEBUG com.zephyr.storage.index.SparseIndex - Index hit for logical offset 9598: IndexEntry{logical=9500, physical=951000, timestamp=10500000, size=100, topic='TestTopic', queueId=0}
08:38:55.915 [main] DEBUG com.zephyr.storage.index.SparseIndex - Index hit for logical offset 9691: IndexEntry{logical=9600, physical=961000, timestamp=10600000, size=100, topic='TestTopic', queueId=0}
08:38:55.915 [main] DEBUG com.zephyr.storage.index.SparseIndex - Index hit for logical offset 6393: IndexEntry{logical=6300, physical=631000, timestamp=7300000, size=100, topic='TestTopic', queueId=0}
08:38:55.915 [main] DEBUG com.zephyr.storage.index.SparseIndex - Index hit for logical offset 3223: IndexEntry{logical=3200, physical=321000, timestamp=4200000, size=100, topic='TestTopic', queueId=0}
08:38:55.915 [main] DEBUG com.zephyr.storage.index.SparseIndex - Index hit for logical offset 3596: IndexEntry{logical=3500, physical=351000, timestamp=4500000, size=100, topic='TestTopic', queueId=0}
08:38:55.915 [main] DEBUG com.zephyr.storage.index.SparseIndex - Index hit for logical offset 9623: IndexEntry{logical=9600, physical=961000, timestamp=10600000, size=100, topic='TestTopic', queueId=0}
08:38:55.915 [main] DEBUG com.zephyr.storage.index.SparseIndex - Index hit for logical offset 8092: IndexEntry{logical=8000, physical=801000, timestamp=9000000, size=100, topic='TestTopic', queueId=0}
08:38:55.915 [main] DEBUG com.zephyr.storage.index.SparseIndex - Index hit for logical offset 4688: IndexEntry{logical=4600, physical=461000, timestamp=5600000, size=100, topic='TestTopic', queueId=0}
08:38:55.915 [main] DEBUG com.zephyr.storage.index.SparseIndex - Index hit for logical offset 754: IndexEntry{logical=700, physical=71000, timestamp=1700000, size=100, topic='TestTopic', queueId=0}
08:38:55.915 [main] DEBUG com.zephyr.storage.index.SparseIndex - Index hit for logical offset 8123: IndexEntry{logical=8100, physical=811000, timestamp=9100000, size=100, topic='TestTopic', queueId=0}
08:38:55.915 [main] DEBUG com.zephyr.storage.index.SparseIndex - Index hit for logical offset 5593: IndexEntry{logical=5500, physical=551000, timestamp=6500000, size=100, topic='TestTopic', queueId=0}
08:38:55.915 [main] DEBUG com.zephyr.storage.index.SparseIndex - Index hit for logical offset 9126: IndexEntry{logical=9100, physical=911000, timestamp=10100000, size=100, topic='TestTopic', queueId=0}
08:38:55.915 [main] DEBUG com.zephyr.storage.index.SparseIndex - Index hit for logical offset 2787: IndexEntry{logical=2700, physical=271000, timestamp=3700000, size=100, topic='TestTopic', queueId=0}
08:38:55.915 [main] DEBUG com.zephyr.storage.index.SparseIndex - Index hit for logical offset 7770: IndexEntry{logical=7700, physical=771000, timestamp=8700000, size=100, topic='TestTopic', queueId=0}
08:38:55.915 [main] DEBUG com.zephyr.storage.index.SparseIndex - Index hit for logical offset 9465: IndexEntry{logical=9400, physical=941000, timestamp=10400000, size=100, topic='TestTopic', queueId=0}
08:38:55.916 [main] DEBUG com.zephyr.storage.index.SparseIndex - Index hit for logical offset 8477: IndexEntry{logical=8400, physical=841000, timestamp=9400000, size=100, topic='TestTopic', queueId=0}
08:38:55.916 [main] DEBUG com.zephyr.storage.index.SparseIndex - Index hit for logical offset 4398: IndexEntry{logical=4300, physical=431000, timestamp=5300000, size=100, topic='TestTopic', queueId=0}
08:38:55.916 [main] DEBUG com.zephyr.storage.index.SparseIndex - Index hit for logical offset 1726: IndexEntry{logical=1700, physical=171000, timestamp=2700000, size=100, topic='TestTopic', queueId=0}
08:38:55.916 [main] DEBUG com.zephyr.storage.index.SparseIndex - Index hit for logical offset 4343: IndexEntry{logical=4300, physical=431000, timestamp=5300000, size=100, topic='TestTopic', queueId=0}
08:38:55.916 [main] DEBUG com.zephyr.storage.index.SparseIndex - Index hit for logical offset 3044: IndexEntry{logical=3000, physical=301000, timestamp=4000000, size=100, topic='TestTopic', queueId=0}
08:38:55.916 [main] DEBUG com.zephyr.storage.index.SparseIndex - Index hit for logical offset 5193: IndexEntry{logical=5100, physical=511000, timestamp=6100000, size=100, topic='TestTopic', queueId=0}
08:38:55.916 [main] DEBUG com.zephyr.storage.index.SparseIndex - Index hit for logical offset 1624: IndexEntry{logical=1600, physical=161000, timestamp=2600000, size=100, topic='TestTopic', queueId=0}
08:38:55.916 [main] DEBUG com.zephyr.storage.index.SparseIndex - Index hit for logical offset 874: IndexEntry{logical=800, physical=81000, timestamp=1800000, size=100, topic='TestTopic', queueId=0}
08:38:55.916 [main] DEBUG com.zephyr.storage.index.SparseIndex - Index hit for logical offset 4292: IndexEntry{logical=4200, physical=421000, timestamp=5200000, size=100, topic='TestTopic', queueId=0}
08:38:55.916 [main] DEBUG com.zephyr.storage.index.SparseIndex - Index hit for logical offset 6817: IndexEntry{logical=6800, physical=681000, timestamp=7800000, size=100, topic='TestTopic', queueId=0}
08:38:55.916 [main] DEBUG com.zephyr.storage.index.SparseIndex - Index hit for logical offset 9174: IndexEntry{logical=9100, physical=911000, timestamp=10100000, size=100, topic='TestTopic', queueId=0}
08:38:55.916 [main] DEBUG com.zephyr.storage.index.SparseIndex - Index hit for logical offset 3760: IndexEntry{logical=3700, physical=371000, timestamp=4700000, size=100, topic='TestTopic', queueId=0}
08:38:55.916 [main] DEBUG com.zephyr.storage.index.SparseIndex - Index hit for logical offset 9838: IndexEntry{logical=9800, physical=981000, timestamp=10800000, size=100, topic='TestTopic', queueId=0}
08:38:55.916 [main] DEBUG com.zephyr.storage.index.SparseIndex - Index hit for logical offset 6637: IndexEntry{logical=6600, physical=661000, timestamp=7600000, size=100, topic='TestTopic', queueId=0}
08:38:55.916 [main] DEBUG com.zephyr.storage.index.SparseIndex - Index hit for logical offset 7781: IndexEntry{logical=7700, physical=771000, timestamp=8700000, size=100, topic='TestTopic', queueId=0}
08:38:55.917 [main] DEBUG com.zephyr.storage.index.SparseIndex - Index hit for logical offset 3585: IndexEntry{logical=3500, physical=351000, timestamp=4500000, size=100, topic='TestTopic', queueId=0}
08:38:55.917 [main] DEBUG com.zephyr.storage.index.SparseIndex - Index hit for logical offset 4403: IndexEntry{logical=4400, physical=441000, timestamp=5400000, size=100, topic='TestTopic', queueId=0}
08:38:55.917 [main] DEBUG com.zephyr.storage.index.SparseIndex - Index hit for logical offset 2065: IndexEntry{logical=2000, physical=201000, timestamp=3000000, size=100, topic='TestTopic', queueId=0}
08:38:55.917 [main] DEBUG com.zephyr.storage.index.SparseIndex - Index hit for logical offset 3605: IndexEntry{logical=3600, physical=361000, timestamp=4600000, size=100, topic='TestTopic', queueId=0}
08:38:55.917 [main] DEBUG com.zephyr.storage.index.SparseIndex - Index hit for logical offset 4231: IndexEntry{logical=4200, physical=421000, timestamp=5200000, size=100, topic='TestTopic', queueId=0}
08:38:55.917 [main] DEBUG com.zephyr.storage.index.SparseIndex - Index hit for logical offset 1262: IndexEntry{logical=1200, physical=121000, timestamp=2200000, size=100, topic='TestTopic', queueId=0}
08:38:55.917 [main] DEBUG com.zephyr.storage.index.SparseIndex - Index hit for logical offset 7643: IndexEntry{logical=7600, physical=761000, timestamp=8600000, size=100, topic='TestTopic', queueId=0}
08:38:55.917 [main] DEBUG com.zephyr.storage.index.SparseIndex - Index hit for logical offset 6429: IndexEntry{logical=6400, physical=641000, timestamp=7400000, size=100, topic='TestTopic', queueId=0}
08:38:55.917 [main] DEBUG com.zephyr.storage.index.SparseIndex - Index hit for logical offset 2190: IndexEntry{logical=2100, physical=211000, timestamp=3100000, size=100, topic='TestTopic', queueId=0}
08:38:55.917 [main] DEBUG com.zephyr.storage.index.SparseIndex - Index hit for logical offset 2351: IndexEntry{logical=2300, physical=231000, timestamp=3300000, size=100, topic='TestTopic', queueId=0}
08:38:55.917 [main] DEBUG com.zephyr.storage.index.SparseIndex - Index hit for logical offset 421: IndexEntry{logical=400, physical=41000, timestamp=1400000, size=100, topic='TestTopic', queueId=0}
08:38:55.917 [main] DEBUG com.zephyr.storage.index.SparseIndex - Index hit for logical offset 9483: IndexEntry{logical=9400, physical=941000, timestamp=10400000, size=100, topic='TestTopic', queueId=0}
08:38:55.917 [main] DEBUG com.zephyr.storage.index.SparseIndex - Index hit for logical offset 8806: IndexEntry{logical=8800, physical=881000, timestamp=9800000, size=100, topic='TestTopic', queueId=0}
08:38:55.917 [main] DEBUG com.zephyr.storage.index.SparseIndex - Index hit for logical offset 1604: IndexEntry{logical=1600, physical=161000, timestamp=2600000, size=100, topic='TestTopic', queueId=0}
08:38:55.917 [main] DEBUG com.zephyr.storage.index.SparseIndex - Index hit for logical offset 7796: IndexEntry{logical=7700, physical=771000, timestamp=8700000, size=100, topic='TestTopic', queueId=0}
08:38:55.918 [main] DEBUG com.zephyr.storage.index.SparseIndex - Index hit for logical offset 3908: IndexEntry{logical=3900, physical=391000, timestamp=4900000, size=100, topic='TestTopic', queueId=0}
08:38:55.918 [main] DEBUG com.zephyr.storage.index.SparseIndex - Index hit for logical offset 1620: IndexEntry{logical=1600, physical=161000, timestamp=2600000, size=100, topic='TestTopic', queueId=0}
08:38:55.918 [main] DEBUG com.zephyr.storage.index.SparseIndex - Index hit for logical offset 5300: IndexEntry{logical=5300, physical=531000, timestamp=6300000, size=100, topic='TestTopic', queueId=0}
08:38:55.918 [main] DEBUG com.zephyr.storage.index.SparseIndex - Index hit for logical offset 6015: IndexEntry{logical=6000, physical=601000, timestamp=7000000, size=100, topic='TestTopic', queueId=0}
08:38:55.918 [main] DEBUG com.zephyr.storage.index.SparseIndex - Index hit for logical offset 7977: IndexEntry{logical=7900, physical=791000, timestamp=8900000, size=100, topic='TestTopic', queueId=0}
08:38:55.918 [main] DEBUG com.zephyr.storage.index.SparseIndex - Index hit for logical offset 6344: IndexEntry{logical=6300, physical=631000, timestamp=7300000, size=100, topic='TestTopic', queueId=0}
08:38:55.918 [main] DEBUG com.zephyr.storage.index.SparseIndex - Index hit for logical offset 5280: IndexEntry{logical=5200, physical=521000, timestamp=6200000, size=100, topic='TestTopic', queueId=0}
08:38:55.918 [main] DEBUG com.zephyr.storage.index.SparseIndex - Index hit for logical offset 6814: IndexEntry{logical=6800, physical=681000, timestamp=7800000, size=100, topic='TestTopic', queueId=0}
08:38:55.918 [main] DEBUG com.zephyr.storage.index.SparseIndex - Index hit for logical offset 3333: IndexEntry{logical=3300, physical=331000, timestamp=4300000, size=100, topic='TestTopic', queueId=0}
08:38:55.918 [main] DEBUG com.zephyr.storage.index.SparseIndex - Index hit for logical offset 6737: IndexEntry{logical=6700, physical=671000, timestamp=7700000, size=100, topic='TestTopic', queueId=0}
08:38:55.918 [main] DEBUG com.zephyr.storage.index.SparseIndex - Index hit for logical offset 5709: IndexEntry{logical=5700, physical=571000, timestamp=6700000, size=100, topic='TestTopic', queueId=0}
08:38:55.918 [main] DEBUG com.zephyr.storage.index.SparseIndex - Index hit for logical offset 4318: IndexEntry{logical=4300, physical=431000, timestamp=5300000, size=100, topic='TestTopic', queueId=0}
08:38:55.918 [main] DEBUG com.zephyr.storage.index.SparseIndex - Index hit for logical offset 568: IndexEntry{logical=500, physical=51000, timestamp=1500000, size=100, topic='TestTopic', queueId=0}
08:38:55.918 [main] DEBUG com.zephyr.storage.index.SparseIndex - Index hit for logical offset 5676: IndexEntry{logical=5600, physical=561000, timestamp=6600000, size=100, topic='TestTopic', queueId=0}
08:38:55.918 [main] DEBUG com.zephyr.storage.index.SparseIndex - Index hit for logical offset 1739: IndexEntry{logical=1700, physical=171000, timestamp=2700000, size=100, topic='TestTopic', queueId=0}
08:38:55.918 [main] DEBUG com.zephyr.storage.index.SparseIndex - Index hit for logical offset 4235: IndexEntry{logical=4200, physical=421000, timestamp=5200000, size=100, topic='TestTopic', queueId=0}
08:38:55.918 [main] DEBUG com.zephyr.storage.index.SparseIndex - Index hit for logical offset 4243: IndexEntry{logical=4200, physical=421000, timestamp=5200000, size=100, topic='TestTopic', queueId=0}
08:38:55.918 [main] DEBUG com.zephyr.storage.index.SparseIndex - Index hit for logical offset 7026: IndexEntry{logical=7000, physical=701000, timestamp=8000000, size=100, topic='TestTopic', queueId=0}
08:38:55.919 [main] DEBUG com.zephyr.storage.index.SparseIndex - Index hit for logical offset 8926: IndexEntry{logical=8900, physical=891000, timestamp=9900000, size=100, topic='TestTopic', queueId=0}
08:38:55.919 [main] DEBUG com.zephyr.storage.index.SparseIndex - Index hit for logical offset 2634: IndexEntry{logical=2600, physical=261000, timestamp=3600000, size=100, topic='TestTopic', queueId=0}
08:38:55.919 [main] DEBUG com.zephyr.storage.index.SparseIndex - Index hit for logical offset 3114: IndexEntry{logical=3100, physical=311000, timestamp=4100000, size=100, topic='TestTopic', queueId=0}
08:38:55.919 [main] DEBUG com.zephyr.storage.index.SparseIndex - Index hit for logical offset 4603: IndexEntry{logical=4600, physical=461000, timestamp=5600000, size=100, topic='TestTopic', queueId=0}
08:38:55.919 [main] DEBUG com.zephyr.storage.index.SparseIndex - Index hit for logical offset 5512: IndexEntry{logical=5500, physical=551000, timestamp=6500000, size=100, topic='TestTopic', queueId=0}
08:38:55.919 [main] DEBUG com.zephyr.storage.index.SparseIndex - Index hit for logical offset 2142: IndexEntry{logical=2100, physical=211000, timestamp=3100000, size=100, topic='TestTopic', queueId=0}
08:38:55.919 [main] DEBUG com.zephyr.storage.index.SparseIndex - Index hit for logical offset 4765: IndexEntry{logical=4700, physical=471000, timestamp=5700000, size=100, topic='TestTopic', queueId=0}
08:38:55.919 [main] DEBUG com.zephyr.storage.index.SparseIndex - Index hit for logical offset 1457: IndexEntry{logical=1400, physical=141000, timestamp=2400000, size=100, topic='TestTopic', queueId=0}
08:38:55.919 [main] DEBUG com.zephyr.storage.index.SparseIndex - Index hit for logical offset 5800: IndexEntry{logical=5800, physical=581000, timestamp=6800000, size=100, topic='TestTopic', queueId=0}
08:38:55.919 [main] DEBUG com.zephyr.storage.index.SparseIndex - Index hit for logical offset 9280: IndexEntry{logical=9200, physical=921000, timestamp=10200000, size=100, topic='TestTopic', queueId=0}
08:38:55.919 [main] DEBUG com.zephyr.storage.index.SparseIndex - Index hit for logical offset 5104: IndexEntry{logical=5100, physical=511000, timestamp=6100000, size=100, topic='TestTopic', queueId=0}
08:38:55.919 [main] DEBUG com.zephyr.storage.index.SparseIndex - Index hit for logical offset 9992: IndexEntry{logical=9900, physical=991000, timestamp=10900000, size=100, topic='TestTopic', queueId=0}
08:38:55.919 [main] DEBUG com.zephyr.storage.index.SparseIndex - Index hit for logical offset 1787: IndexEntry{logical=1700, physical=171000, timestamp=2700000, size=100, topic='TestTopic', queueId=0}
08:38:55.919 [main] DEBUG com.zephyr.storage.index.SparseIndex - Index hit for logical offset 7826: IndexEntry{logical=7800, physical=781000, timestamp=8800000, size=100, topic='TestTopic', queueId=0}
08:38:55.920 [main] DEBUG com.zephyr.storage.index.SparseIndex - Index hit for logical offset 2266: IndexEntry{logical=2200, physical=221000, timestamp=3200000, size=100, topic='TestTopic', queueId=0}
08:38:55.920 [main] DEBUG com.zephyr.storage.index.SparseIndex - Index hit for logical offset 1024: IndexEntry{logical=1000, physical=101000, timestamp=2000000, size=100, topic='TestTopic', queueId=0}
08:38:55.920 [main] DEBUG com.zephyr.storage.index.SparseIndex - Index hit for logical offset 1909: IndexEntry{logical=1900, physical=191000, timestamp=2900000, size=100, topic='TestTopic', queueId=0}
08:38:55.920 [main] DEBUG com.zephyr.storage.index.SparseIndex - Index hit for logical offset 9594: IndexEntry{logical=9500, physical=951000, timestamp=10500000, size=100, topic='TestTopic', queueId=0}
08:38:55.920 [main] DEBUG com.zephyr.storage.index.SparseIndex - Index hit for logical offset 1327: IndexEntry{logical=1300, physical=131000, timestamp=2300000, size=100, topic='TestTopic', queueId=0}
08:38:55.920 [main] DEBUG com.zephyr.storage.index.SparseIndex - Index hit for logical offset 7774: IndexEntry{logical=7700, physical=771000, timestamp=8700000, size=100, topic='TestTopic', queueId=0}
08:38:55.920 [main] DEBUG com.zephyr.storage.index.SparseIndex - Index hit for logical offset 327: IndexEntry{logical=300, physical=31000, timestamp=1300000, size=100, topic='TestTopic', queueId=0}
08:38:55.920 [main] DEBUG com.zephyr.storage.index.SparseIndex - Index hit for logical offset 5819: IndexEntry{logical=5800, physical=581000, timestamp=6800000, size=100, topic='TestTopic', queueId=0}
08:38:55.920 [main] DEBUG com.zephyr.storage.index.SparseIndex - Index hit for logical offset 964: IndexEntry{logical=900, physical=91000, timestamp=1900000, size=100, topic='TestTopic', queueId=0}
08:38:55.920 [main] DEBUG com.zephyr.storage.index.SparseIndex - Index hit for logical offset 9019: IndexEntry{logical=9000, physical=901000, timestamp=10000000, size=100, topic='TestTopic', queueId=0}
08:38:55.920 [main] DEBUG com.zephyr.storage.index.SparseIndex - Index hit for logical offset 7520: IndexEntry{logical=7500, physical=751000, timestamp=8500000, size=100, topic='TestTopic', queueId=0}
08:38:55.920 [main] DEBUG com.zephyr.storage.index.SparseIndex - Index hit for logical offset 9463: IndexEntry{logical=9400, physical=941000, timestamp=10400000, size=100, topic='TestTopic', queueId=0}
08:38:55.921 [main] DEBUG com.zephyr.storage.index.SparseIndex - Index hit for logical offset 5672: IndexEntry{logical=5600, physical=561000, timestamp=6600000, size=100, topic='TestTopic', queueId=0}
08:38:55.921 [main] DEBUG com.zephyr.storage.index.SparseIndex - Index hit for logical offset 4128: IndexEntry{logical=4100, physical=411000, timestamp=5100000, size=100, topic='TestTopic', queueId=0}
08:38:55.921 [main] DEBUG com.zephyr.storage.index.SparseIndex - Index hit for logical offset 3114: IndexEntry{logical=3100, physical=311000, timestamp=4100000, size=100, topic='TestTopic', queueId=0}
08:38:55.921 [main] DEBUG com.zephyr.storage.index.SparseIndex - Index hit for logical offset 1195: IndexEntry{logical=1100, physical=111000, timestamp=2100000, size=100, topic='TestTopic', queueId=0}
08:38:55.921 [main] DEBUG com.zephyr.storage.index.SparseIndex - Index hit for logical offset 7485: IndexEntry{logical=7400, physical=741000, timestamp=8400000, size=100, topic='TestTopic', queueId=0}
08:38:55.921 [main] DEBUG com.zephyr.storage.index.SparseIndex - Index hit for logical offset 1575: IndexEntry{logical=1500, physical=151000, timestamp=2500000, size=100, topic='TestTopic', queueId=0}
08:38:55.921 [main] DEBUG com.zephyr.storage.index.SparseIndex - Index hit for logical offset 4872: IndexEntry{logical=4800, physical=481000, timestamp=5800000, size=100, topic='TestTopic', queueId=0}
08:38:55.921 [main] DEBUG com.zephyr.storage.index.SparseIndex - Index hit for logical offset 9510: IndexEntry{logical=9500, physical=951000, timestamp=10500000, size=100, topic='TestTopic', queueId=0}
08:38:55.921 [main] DEBUG com.zephyr.storage.index.SparseIndex - Index hit for logical offset 9303: IndexEntry{logical=9300, physical=931000, timestamp=10300000, size=100, topic='TestTopic', queueId=0}
08:38:55.921 [main] DEBUG com.zephyr.storage.index.SparseIndex - Index hit for logical offset 1644: IndexEntry{logical=1600, physical=161000, timestamp=2600000, size=100, topic='TestTopic', queueId=0}
08:38:55.921 [main] DEBUG com.zephyr.storage.index.SparseIndex - Index hit for logical offset 3543: IndexEntry{logical=3500, physical=351000, timestamp=4500000, size=100, topic='TestTopic', queueId=0}
08:38:55.921 [main] DEBUG com.zephyr.storage.index.SparseIndex - Index hit for logical offset 8566: IndexEntry{logical=8500, physical=851000, timestamp=9500000, size=100, topic='TestTopic', queueId=0}
08:38:55.921 [main] DEBUG com.zephyr.storage.index.SparseIndex - Index hit for logical offset 7829: IndexEntry{logical=7800, physical=781000, timestamp=8800000, size=100, topic='TestTopic', queueId=0}
08:38:55.921 [main] DEBUG com.zephyr.storage.index.SparseIndex - Index hit for logical offset 3522: IndexEntry{logical=3500, physical=351000, timestamp=4500000, size=100, topic='TestTopic', queueId=0}
08:38:55.922 [main] DEBUG com.zephyr.storage.index.SparseIndex - Index hit for logical offset 1878: IndexEntry{logical=1800, physical=181000, timestamp=2800000, size=100, topic='TestTopic', queueId=0}
08:38:55.922 [main] DEBUG com.zephyr.storage.index.SparseIndex - Index hit for logical offset 5619: IndexEntry{logical=5600, physical=561000, timestamp=6600000, size=100, topic='TestTopic', queueId=0}
08:38:55.922 [main] DEBUG com.zephyr.storage.index.SparseIndex - Index hit for logical offset 7924: IndexEntry{logical=7900, physical=791000, timestamp=8900000, size=100, topic='TestTopic', queueId=0}
08:38:55.922 [main] DEBUG com.zephyr.storage.index.SparseIndex - Index hit for logical offset 6749: IndexEntry{logical=6700, physical=671000, timestamp=7700000, size=100, topic='TestTopic', queueId=0}
08:38:55.922 [main] DEBUG com.zephyr.storage.index.SparseIndex - Index hit for logical offset 7542: IndexEntry{logical=7500, physical=751000, timestamp=8500000, size=100, topic='TestTopic', queueId=0}
08:38:55.922 [main] DEBUG com.zephyr.storage.index.SparseIndex - Index hit for logical offset 3679: IndexEntry{logical=3600, physical=361000, timestamp=4600000, size=100, topic='TestTopic', queueId=0}
08:38:55.922 [main] DEBUG com.zephyr.storage.index.SparseIndex - Index hit for logical offset 1737: IndexEntry{logical=1700, physical=171000, timestamp=2700000, size=100, topic='TestTopic', queueId=0}
08:38:55.922 [main] DEBUG com.zephyr.storage.index.SparseIndex - Index hit for logical offset 7077: IndexEntry{logical=7000, physical=701000, timestamp=8000000, size=100, topic='TestTopic', queueId=0}
08:38:55.922 [main] DEBUG com.zephyr.storage.index.SparseIndex - Index hit for logical offset 3866: IndexEntry{logical=3800, physical=381000, timestamp=4800000, size=100, topic='TestTopic', queueId=0}
08:38:55.922 [main] DEBUG com.zephyr.storage.index.SparseIndex - Index hit for logical offset 3958: IndexEntry{logical=3900, physical=391000, timestamp=4900000, size=100, topic='TestTopic', queueId=0}
08:38:55.922 [main] DEBUG com.zephyr.storage.index.SparseIndex - Index hit for logical offset 5356: IndexEntry{logical=5300, physical=531000, timestamp=6300000, size=100, topic='TestTopic', queueId=0}
08:38:55.922 [main] DEBUG com.zephyr.storage.index.SparseIndex - Index hit for logical offset 7186: IndexEntry{logical=7100, physical=711000, timestamp=8100000, size=100, topic='TestTopic', queueId=0}
08:38:55.922 [main] DEBUG com.zephyr.storage.index.SparseIndex - Index hit for logical offset 9449: IndexEntry{logical=9400, physical=941000, timestamp=10400000, size=100, topic='TestTopic', queueId=0}
08:38:55.922 [main] DEBUG com.zephyr.storage.index.SparseIndex - Index hit for logical offset 7024: IndexEntry{logical=7000, physical=701000, timestamp=8000000, size=100, topic='TestTopic', queueId=0}
08:38:55.922 [main] DEBUG com.zephyr.storage.index.SparseIndex - Index hit for logical offset 2923: IndexEntry{logical=2900, physical=291000, timestamp=3900000, size=100, topic='TestTopic', queueId=0}
08:38:55.922 [main] DEBUG com.zephyr.storage.index.SparseIndex - Index hit for logical offset 3437: IndexEntry{logical=3400, physical=341000, timestamp=4400000, size=100, topic='TestTopic', queueId=0}
08:38:55.923 [main] DEBUG com.zephyr.storage.index.SparseIndex - Index hit for logical offset 7438: IndexEntry{logical=7400, physical=741000, timestamp=8400000, size=100, topic='TestTopic', queueId=0}
08:38:55.923 [main] DEBUG com.zephyr.storage.index.SparseIndex - Index hit for logical offset 1160: IndexEntry{logical=1100, physical=111000, timestamp=2100000, size=100, topic='TestTopic', queueId=0}
08:38:55.923 [main] DEBUG com.zephyr.storage.index.SparseIndex - Index hit for logical offset 3170: IndexEntry{logical=3100, physical=311000, timestamp=4100000, size=100, topic='TestTopic', queueId=0}
08:38:55.923 [main] DEBUG com.zephyr.storage.index.SparseIndex - Index hit for logical offset 840: IndexEntry{logical=800, physical=81000, timestamp=1800000, size=100, topic='TestTopic', queueId=0}
08:38:55.923 [main] DEBUG com.zephyr.storage.index.SparseIndex - Index hit for logical offset 8016: IndexEntry{logical=8000, physical=801000, timestamp=9000000, size=100, topic='TestTopic', queueId=0}
08:38:55.923 [main] DEBUG com.zephyr.storage.index.SparseIndex - Index hit for logical offset 1386: IndexEntry{logical=1300, physical=131000, timestamp=2300000, size=100, topic='TestTopic', queueId=0}
08:38:55.923 [main] DEBUG com.zephyr.storage.index.SparseIndex - Index hit for logical offset 6153: IndexEntry{logical=6100, physical=611000, timestamp=7100000, size=100, topic='TestTopic', queueId=0}
08:38:55.923 [main] DEBUG com.zephyr.storage.index.SparseIndex - Index hit for logical offset 9784: IndexEntry{logical=9700, physical=971000, timestamp=10700000, size=100, topic='TestTopic', queueId=0}
08:38:55.923 [main] DEBUG com.zephyr.storage.index.SparseIndex - Index hit for logical offset 3074: IndexEntry{logical=3000, physical=301000, timestamp=4000000, size=100, topic='TestTopic', queueId=0}
08:38:55.923 [main] DEBUG com.zephyr.storage.index.SparseIndex - Index hit for logical offset 2836: IndexEntry{logical=2800, physical=281000, timestamp=3800000, size=100, topic='TestTopic', queueId=0}
08:38:55.923 [main] DEBUG com.zephyr.storage.index.SparseIndex - Index hit for logical offset 8585: IndexEntry{logical=8500, physical=851000, timestamp=9500000, size=100, topic='TestTopic', queueId=0}
08:38:55.923 [main] DEBUG com.zephyr.storage.index.SparseIndex - Index hit for logical offset 9693: IndexEntry{logical=9600, physical=961000, timestamp=10600000, size=100, topic='TestTopic', queueId=0}
08:38:55.923 [main] DEBUG com.zephyr.storage.index.SparseIndex - Index hit for logical offset 373: IndexEntry{logical=300, physical=31000, timestamp=1300000, size=100, topic='TestTopic', queueId=0}
08:38:55.923 [main] DEBUG com.zephyr.storage.index.SparseIndex - Index hit for logical offset 7731: IndexEntry{logical=7700, physical=771000, timestamp=8700000, size=100, topic='TestTopic', queueId=0}
08:38:55.923 [main] DEBUG com.zephyr.storage.index.SparseIndex - Index hit for logical offset 4648: IndexEntry{logical=4600, physical=461000, timestamp=5600000, size=100, topic='TestTopic', queueId=0}
08:38:55.923 [main] DEBUG com.zephyr.storage.index.SparseIndex - Index hit for logical offset 6763: IndexEntry{logical=6700, physical=671000, timestamp=7700000, size=100, topic='TestTopic', queueId=0}
08:38:55.924 [main] DEBUG com.zephyr.storage.index.SparseIndex - Index hit for logical offset 5554: IndexEntry{logical=5500, physical=551000, timestamp=6500000, size=100, topic='TestTopic', queueId=0}
08:38:55.924 [main] DEBUG com.zephyr.storage.index.SparseIndex - Index hit for logical offset 6074: IndexEntry{logical=6000, physical=601000, timestamp=7000000, size=100, topic='TestTopic', queueId=0}
08:38:55.924 [main] DEBUG com.zephyr.storage.index.SparseIndex - Index hit for logical offset 5368: IndexEntry{logical=5300, physical=531000, timestamp=6300000, size=100, topic='TestTopic', queueId=0}
08:38:55.924 [main] DEBUG com.zephyr.storage.index.SparseIndex - Index hit for logical offset 5202: IndexEntry{logical=5200, physical=521000, timestamp=6200000, size=100, topic='TestTopic', queueId=0}
08:38:55.924 [main] DEBUG com.zephyr.storage.index.SparseIndex - Index hit for logical offset 4321: IndexEntry{logical=4300, physical=431000, timestamp=5300000, size=100, topic='TestTopic', queueId=0}
08:38:55.924 [main] DEBUG com.zephyr.storage.index.SparseIndex - Index hit for logical offset 6357: IndexEntry{logical=6300, physical=631000, timestamp=7300000, size=100, topic='TestTopic', queueId=0}
08:38:55.924 [main] DEBUG com.zephyr.storage.index.SparseIndex - Index hit for logical offset 3786: IndexEntry{logical=3700, physical=371000, timestamp=4700000, size=100, topic='TestTopic', queueId=0}
08:38:55.924 [main] DEBUG com.zephyr.storage.index.SparseIndex - Index hit for logical offset 3960: IndexEntry{logical=3900, physical=391000, timestamp=4900000, size=100, topic='TestTopic', queueId=0}
08:38:55.924 [main] DEBUG com.zephyr.storage.index.SparseIndex - Index hit for logical offset 3822: IndexEntry{logical=3800, physical=381000, timestamp=4800000, size=100, topic='TestTopic', queueId=0}
08:38:55.924 [main] DEBUG com.zephyr.storage.index.SparseIndex - Index hit for logical offset 4088: IndexEntry{logical=4000, physical=401000, timestamp=5000000, size=100, topic='TestTopic', queueId=0}
08:38:55.924 [main] DEBUG com.zephyr.storage.index.SparseIndex - Index hit for logical offset 4956: IndexEntry{logical=4900, physical=491000, timestamp=5900000, size=100, topic='TestTopic', queueId=0}
08:38:55.924 [main] DEBUG com.zephyr.storage.index.SparseIndex - Index hit for logical offset 3889: IndexEntry{logical=3800, physical=381000, timestamp=4800000, size=100, topic='TestTopic', queueId=0}
08:38:55.924 [main] DEBUG com.zephyr.storage.index.SparseIndex - Index hit for logical offset 1790: IndexEntry{logical=1700, physical=171000, timestamp=2700000, size=100, topic='TestTopic', queueId=0}
08:38:55.924 [main] DEBUG com.zephyr.storage.index.SparseIndex - Index hit for logical offset 2716: IndexEntry{logical=2700, physical=271000, timestamp=3700000, size=100, topic='TestTopic', queueId=0}
08:38:55.924 [main] DEBUG com.zephyr.storage.index.SparseIndex - Index hit for logical offset 9581: IndexEntry{logical=9500, physical=951000, timestamp=10500000, size=100, topic='TestTopic', queueId=0}
08:38:55.924 [main] DEBUG com.zephyr.storage.index.SparseIndex - Index hit for logical offset 3420: IndexEntry{logical=3400, physical=341000, timestamp=4400000, size=100, topic='TestTopic', queueId=0}
08:38:55.924 [main] DEBUG com.zephyr.storage.index.SparseIndex - Index hit for logical offset 4387: IndexEntry{logical=4300, physical=431000, timestamp=5300000, size=100, topic='TestTopic', queueId=0}
08:38:55.925 [main] DEBUG com.zephyr.storage.index.SparseIndex - Index hit for logical offset 3695: IndexEntry{logical=3600, physical=361000, timestamp=4600000, size=100, topic='TestTopic', queueId=0}
08:38:55.925 [main] DEBUG com.zephyr.storage.index.SparseIndex - Index hit for logical offset 7535: IndexEntry{logical=7500, physical=751000, timestamp=8500000, size=100, topic='TestTopic', queueId=0}
08:38:55.925 [main] DEBUG com.zephyr.storage.index.SparseIndex - Index hit for logical offset 4428: IndexEntry{logical=4400, physical=441000, timestamp=5400000, size=100, topic='TestTopic', queueId=0}
08:38:55.925 [main] DEBUG com.zephyr.storage.index.SparseIndex - Index hit for logical offset 8828: IndexEntry{logical=8800, physical=881000, timestamp=9800000, size=100, topic='TestTopic', queueId=0}
08:38:55.925 [main] DEBUG com.zephyr.storage.index.SparseIndex - Index hit for logical offset 9824: IndexEntry{logical=9800, physical=981000, timestamp=10800000, size=100, topic='TestTopic', queueId=0}
08:38:55.925 [main] DEBUG com.zephyr.storage.index.SparseIndex - Index hit for logical offset 2909: IndexEntry{logical=2900, physical=291000, timestamp=3900000, size=100, topic='TestTopic', queueId=0}
08:38:55.925 [main] DEBUG com.zephyr.storage.index.SparseIndex - Index hit for logical offset 3754: IndexEntry{logical=3700, physical=371000, timestamp=4700000, size=100, topic='TestTopic', queueId=0}
08:38:55.925 [main] DEBUG com.zephyr.storage.index.SparseIndex - Index hit for logical offset 4860: IndexEntry{logical=4800, physical=481000, timestamp=5800000, size=100, topic='TestTopic', queueId=0}
08:38:55.925 [main] DEBUG com.zephyr.storage.index.SparseIndex - Index hit for logical offset 8765: IndexEntry{logical=8700, physical=871000, timestamp=9700000, size=100, topic='TestTopic', queueId=0}
08:38:55.926 [main] DEBUG com.zephyr.storage.index.SparseIndex - Index hit for logical offset 5290: IndexEntry{logical=5200, physical=521000, timestamp=6200000, size=100, topic='TestTopic', queueId=0}
08:38:55.926 [main] DEBUG com.zephyr.storage.index.SparseIndex - Index hit for logical offset 22: IndexEntry{logical=0, physical=1000, timestamp=1000000, size=100, topic='TestTopic', queueId=0}
08:38:55.926 [main] DEBUG com.zephyr.storage.index.SparseIndex - Index hit for logical offset 9962: IndexEntry{logical=9900, physical=991000, timestamp=10900000, size=100, topic='TestTopic', queueId=0}
08:38:55.926 [main] DEBUG com.zephyr.storage.index.SparseIndex - Index hit for logical offset 1679: IndexEntry{logical=1600, physical=161000, timestamp=2600000, size=100, topic='TestTopic', queueId=0}
08:38:55.926 [main] DEBUG com.zephyr.storage.index.SparseIndex - Index hit for logical offset 2975: IndexEntry{logical=2900, physical=291000, timestamp=3900000, size=100, topic='TestTopic', queueId=0}
08:38:55.926 [main] DEBUG com.zephyr.storage.index.SparseIndex - Index hit for logical offset 9858: IndexEntry{logical=9800, physical=981000, timestamp=10800000, size=100, topic='TestTopic', queueId=0}
08:38:55.926 [main] DEBUG com.zephyr.storage.index.SparseIndex - Index hit for logical offset 6723: IndexEntry{logical=6700, physical=671000, timestamp=7700000, size=100, topic='TestTopic', queueId=0}
08:38:55.926 [main] DEBUG com.zephyr.storage.index.SparseIndex - Index hit for logical offset 5321: IndexEntry{logical=5300, physical=531000, timestamp=6300000, size=100, topic='TestTopic', queueId=0}
08:38:55.926 [main] DEBUG com.zephyr.storage.index.SparseIndex - Index hit for logical offset 2568: IndexEntry{logical=2500, physical=251000, timestamp=3500000, size=100, topic='TestTopic', queueId=0}
08:38:55.926 [main] DEBUG com.zephyr.storage.index.SparseIndex - Index hit for logical offset 2358: IndexEntry{logical=2300, physical=231000, timestamp=3300000, size=100, topic='TestTopic', queueId=0}
08:38:55.926 [main] DEBUG com.zephyr.storage.index.SparseIndex - Index hit for logical offset 7285: IndexEntry{logical=7200, physical=721000, timestamp=8200000, size=100, topic='TestTopic', queueId=0}
08:38:55.926 [main] DEBUG com.zephyr.storage.index.SparseIndex - Index hit for logical offset 4579: IndexEntry{logical=4500, physical=451000, timestamp=5500000, size=100, topic='TestTopic', queueId=0}
08:38:55.926 [main] DEBUG com.zephyr.storage.index.SparseIndex - Index hit for logical offset 5970: IndexEntry{logical=5900, physical=591000, timestamp=6900000, size=100, topic='TestTopic', queueId=0}
08:38:55.926 [main] DEBUG com.zephyr.storage.index.SparseIndex - Index hit for logical offset 5800: IndexEntry{logical=5800, physical=581000, timestamp=6800000, size=100, topic='TestTopic', queueId=0}
08:38:55.926 [main] DEBUG com.zephyr.storage.index.SparseIndex - Index hit for logical offset 8951: IndexEntry{logical=8900, physical=891000, timestamp=9900000, size=100, topic='TestTopic', queueId=0}
08:38:55.926 [main] DEBUG com.zephyr.storage.index.SparseIndex - Index hit for logical offset 6451: IndexEntry{logical=6400, physical=641000, timestamp=7400000, size=100, topic='TestTopic', queueId=0}
08:38:55.926 [main] DEBUG com.zephyr.storage.index.SparseIndex - Index hit for logical offset 167: IndexEntry{logical=100, physical=11000, timestamp=1100000, size=100, topic='TestTopic', queueId=0}
08:38:55.927 [main] DEBUG com.zephyr.storage.index.SparseIndex - Index hit for logical offset 5927: IndexEntry{logical=5900, physical=591000, timestamp=6900000, size=100, topic='TestTopic', queueId=0}
08:38:55.927 [main] DEBUG com.zephyr.storage.index.SparseIndex - Index hit for logical offset 7124: IndexEntry{logical=7100, physical=711000, timestamp=8100000, size=100, topic='TestTopic', queueId=0}
08:38:55.927 [main] DEBUG com.zephyr.storage.index.SparseIndex - Index hit for logical offset 5787: IndexEntry{logical=5700, physical=571000, timestamp=6700000, size=100, topic='TestTopic', queueId=0}
08:38:55.927 [main] DEBUG com.zephyr.storage.index.SparseIndex - Index hit for logical offset 7425: IndexEntry{logical=7400, physical=741000, timestamp=8400000, size=100, topic='TestTopic', queueId=0}
08:38:55.927 [main] DEBUG com.zephyr.storage.index.SparseIndex - Index hit for logical offset 900: IndexEntry{logical=900, physical=91000, timestamp=1900000, size=100, topic='TestTopic', queueId=0}
08:38:55.927 [main] DEBUG com.zephyr.storage.index.SparseIndex - Index hit for logical offset 6564: IndexEntry{logical=6500, physical=651000, timestamp=7500000, size=100, topic='TestTopic', queueId=0}
08:38:55.927 [main] DEBUG com.zephyr.storage.index.SparseIndex - Index hit for logical offset 7687: IndexEntry{logical=7600, physical=761000, timestamp=8600000, size=100, topic='TestTopic', queueId=0}
08:38:55.927 [main] DEBUG com.zephyr.storage.index.SparseIndex - Index hit for logical offset 3485: IndexEntry{logical=3400, physical=341000, timestamp=4400000, size=100, topic='TestTopic', queueId=0}
08:38:55.927 [main] DEBUG com.zephyr.storage.index.SparseIndex - Index hit for logical offset 4004: IndexEntry{logical=4000, physical=401000, timestamp=5000000, size=100, topic='TestTopic', queueId=0}
08:38:55.927 [main] DEBUG com.zephyr.storage.index.SparseIndex - Index hit for logical offset 9641: IndexEntry{logical=9600, physical=961000, timestamp=10600000, size=100, topic='TestTopic', queueId=0}
08:38:55.927 [main] DEBUG com.zephyr.storage.index.SparseIndex - Index hit for logical offset 1431: IndexEntry{logical=1400, physical=141000, timestamp=2400000, size=100, topic='TestTopic', queueId=0}
08:38:55.927 [main] DEBUG com.zephyr.storage.index.SparseIndex - Index hit for logical offset 9213: IndexEntry{logical=9200, physical=921000, timestamp=10200000, size=100, topic='TestTopic', queueId=0}
08:38:55.927 [main] DEBUG com.zephyr.storage.index.SparseIndex - Index hit for logical offset 1551: IndexEntry{logical=1500, physical=151000, timestamp=2500000, size=100, topic='TestTopic', queueId=0}
08:38:55.927 [main] DEBUG com.zephyr.storage.index.SparseIndex - Index hit for logical offset 733: IndexEntry{logical=700, physical=71000, timestamp=1700000, size=100, topic='TestTopic', queueId=0}
08:38:55.927 [main] DEBUG com.zephyr.storage.index.SparseIndex - Index hit for logical offset 6032: IndexEntry{logical=6000, physical=601000, timestamp=7000000, size=100, topic='TestTopic', queueId=0}
08:38:55.927 [main] DEBUG com.zephyr.storage.index.SparseIndex - Index hit for logical offset 6750: IndexEntry{logical=6700, physical=671000, timestamp=7700000, size=100, topic='TestTopic', queueId=0}
08:38:55.927 [main] DEBUG com.zephyr.storage.index.SparseIndex - Index hit for logical offset 68: IndexEntry{logical=0, physical=1000, timestamp=1000000, size=100, topic='TestTopic', queueId=0}
08:38:55.927 [main] DEBUG com.zephyr.storage.index.SparseIndex - Index hit for logical offset 9206: IndexEntry{logical=9200, physical=921000, timestamp=10200000, size=100, topic='TestTopic', queueId=0}
08:38:55.927 [main] DEBUG com.zephyr.storage.index.SparseIndex - Index hit for logical offset 8062: IndexEntry{logical=8000, physical=801000, timestamp=9000000, size=100, topic='TestTopic', queueId=0}
08:38:55.927 [main] DEBUG com.zephyr.storage.index.SparseIndex - Index hit for logical offset 4694: IndexEntry{logical=4600, physical=461000, timestamp=5600000, size=100, topic='TestTopic', queueId=0}
08:38:55.927 [main] DEBUG com.zephyr.storage.index.SparseIndex - Index hit for logical offset 3815: IndexEntry{logical=3800, physical=381000, timestamp=4800000, size=100, topic='TestTopic', queueId=0}
08:38:55.928 [main] DEBUG com.zephyr.storage.index.SparseIndex - Index hit for logical offset 9521: IndexEntry{logical=9500, physical=951000, timestamp=10500000, size=100, topic='TestTopic', queueId=0}
08:38:55.928 [main] DEBUG com.zephyr.storage.index.SparseIndex - Index hit for logical offset 8283: IndexEntry{logical=8200, physical=821000, timestamp=9200000, size=100, topic='TestTopic', queueId=0}
08:38:55.928 [main] DEBUG com.zephyr.storage.index.SparseIndex - Index hit for logical offset 8071: IndexEntry{logical=8000, physical=801000, timestamp=9000000, size=100, topic='TestTopic', queueId=0}
08:38:55.928 [main] DEBUG com.zephyr.storage.index.SparseIndex - Index hit for logical offset 960: IndexEntry{logical=900, physical=91000, timestamp=1900000, size=100, topic='TestTopic', queueId=0}
08:38:55.928 [main] DEBUG com.zephyr.storage.index.SparseIndex - Index hit for logical offset 5918: IndexEntry{logical=5900, physical=591000, timestamp=6900000, size=100, topic='TestTopic', queueId=0}
08:38:55.928 [main] DEBUG com.zephyr.storage.index.SparseIndex - Index hit for logical offset 4784: IndexEntry{logical=4700, physical=471000, timestamp=5700000, size=100, topic='TestTopic', queueId=0}
08:38:55.928 [main] DEBUG com.zephyr.storage.index.SparseIndex - Index hit for logical offset 7966: IndexEntry{logical=7900, physical=791000, timestamp=8900000, size=100, topic='TestTopic', queueId=0}
08:38:55.928 [main] DEBUG com.zephyr.storage.index.SparseIndex - Index hit for logical offset 4333: IndexEntry{logical=4300, physical=431000, timestamp=5300000, size=100, topic='TestTopic', queueId=0}
08:38:55.928 [main] DEBUG com.zephyr.storage.index.SparseIndex - Index hit for logical offset 880: IndexEntry{logical=800, physical=81000, timestamp=1800000, size=100, topic='TestTopic', queueId=0}
08:38:55.928 [main] DEBUG com.zephyr.storage.index.SparseIndex - Index hit for logical offset 6821: IndexEntry{logical=6800, physical=681000, timestamp=7800000, size=100, topic='TestTopic', queueId=0}
08:38:55.928 [main] DEBUG com.zephyr.storage.index.SparseIndex - Index hit for logical offset 2514: IndexEntry{logical=2500, physical=251000, timestamp=3500000, size=100, topic='TestTopic', queueId=0}
08:38:55.928 [main] DEBUG com.zephyr.storage.index.SparseIndex - Index hit for logical offset 559: IndexEntry{logical=500, physical=51000, timestamp=1500000, size=100, topic='TestTopic', queueId=0}
08:38:55.928 [main] DEBUG com.zephyr.storage.index.SparseIndex - Index hit for logical offset 1095: IndexEntry{logical=1000, physical=101000, timestamp=2000000, size=100, topic='TestTopic', queueId=0}
08:38:55.928 [main] DEBUG com.zephyr.storage.index.SparseIndex - Index hit for logical offset 5373: IndexEntry{logical=5300, physical=531000, timestamp=6300000, size=100, topic='TestTopic', queueId=0}
08:38:55.928 [main] DEBUG com.zephyr.storage.index.SparseIndex - Index hit for logical offset 5709: IndexEntry{logical=5700, physical=571000, timestamp=6700000, size=100, topic='TestTopic', queueId=0}
08:38:55.928 [main] DEBUG com.zephyr.storage.index.SparseIndex - Index hit for logical offset 9602: IndexEntry{logical=9600, physical=961000, timestamp=10600000, size=100, topic='TestTopic', queueId=0}
08:38:55.928 [main] DEBUG com.zephyr.storage.index.SparseIndex - Index hit for logical offset 1991: IndexEntry{logical=1900, physical=191000, timestamp=2900000, size=100, topic='TestTopic', queueId=0}
08:38:55.928 [main] DEBUG com.zephyr.storage.index.SparseIndex - Index hit for logical offset 3533: IndexEntry{logical=3500, physical=351000, timestamp=4500000, size=100, topic='TestTopic', queueId=0}
08:38:55.928 [main] DEBUG com.zephyr.storage.index.SparseIndex - Index hit for logical offset 2949: IndexEntry{logical=2900, physical=291000, timestamp=3900000, size=100, topic='TestTopic', queueId=0}
08:38:55.928 [main] DEBUG com.zephyr.storage.index.SparseIndex - Index hit for logical offset 5279: IndexEntry{logical=5200, physical=521000, timestamp=6200000, size=100, topic='TestTopic', queueId=0}
08:38:55.929 [main] DEBUG com.zephyr.storage.index.SparseIndex - Index hit for logical offset 2114: IndexEntry{logical=2100, physical=211000, timestamp=3100000, size=100, topic='TestTopic', queueId=0}
08:38:55.929 [main] DEBUG com.zephyr.storage.index.SparseIndex - Index hit for logical offset 2294: IndexEntry{logical=2200, physical=221000, timestamp=3200000, size=100, topic='TestTopic', queueId=0}
08:38:55.929 [main] DEBUG com.zephyr.storage.index.SparseIndex - Index hit for logical offset 2590: IndexEntry{logical=2500, physical=251000, timestamp=3500000, size=100, topic='TestTopic', queueId=0}
08:38:55.929 [main] DEBUG com.zephyr.storage.index.SparseIndex - Index hit for logical offset 6127: IndexEntry{logical=6100, physical=611000, timestamp=7100000, size=100, topic='TestTopic', queueId=0}
08:38:55.929 [main] DEBUG com.zephyr.storage.index.SparseIndex - Index hit for logical offset 1552: IndexEntry{logical=1500, physical=151000, timestamp=2500000, size=100, topic='TestTopic', queueId=0}
08:38:55.929 [main] DEBUG com.zephyr.storage.index.SparseIndex - Index hit for logical offset 5030: IndexEntry{logical=5000, physical=501000, timestamp=6000000, size=100, topic='TestTopic', queueId=0}
08:38:55.929 [main] DEBUG com.zephyr.storage.index.SparseIndex - Index hit for logical offset 893: IndexEntry{logical=800, physical=81000, timestamp=1800000, size=100, topic='TestTopic', queueId=0}
08:38:55.929 [main] DEBUG com.zephyr.storage.index.SparseIndex - Index hit for logical offset 5158: IndexEntry{logical=5100, physical=511000, timestamp=6100000, size=100, topic='TestTopic', queueId=0}
08:38:55.929 [main] DEBUG com.zephyr.storage.index.SparseIndex - Index hit for logical offset 4433: IndexEntry{logical=4400, physical=441000, timestamp=5400000, size=100, topic='TestTopic', queueId=0}
08:38:55.929 [main] DEBUG com.zephyr.storage.index.SparseIndex - Index hit for logical offset 7031: IndexEntry{logical=7000, physical=701000, timestamp=8000000, size=100, topic='TestTopic', queueId=0}
08:38:55.929 [main] DEBUG com.zephyr.storage.index.SparseIndex - Index hit for logical offset 3716: IndexEntry{logical=3700, physical=371000, timestamp=4700000, size=100, topic='TestTopic', queueId=0}
08:38:55.929 [main] DEBUG com.zephyr.storage.index.SparseIndex - Index hit for logical offset 6522: IndexEntry{logical=6500, physical=651000, timestamp=7500000, size=100, topic='TestTopic', queueId=0}
08:38:55.929 [main] DEBUG com.zephyr.storage.index.SparseIndex - Index hit for logical offset 4123: IndexEntry{logical=4100, physical=411000, timestamp=5100000, size=100, topic='TestTopic', queueId=0}
08:38:55.929 [main] DEBUG com.zephyr.storage.index.SparseIndex - Index hit for logical offset 4818: IndexEntry{logical=4800, physical=481000, timestamp=5800000, size=100, topic='TestTopic', queueId=0}
08:38:55.929 [main] DEBUG com.zephyr.storage.index.SparseIndex - Index hit for logical offset 2055: IndexEntry{logical=2000, physical=201000, timestamp=3000000, size=100, topic='TestTopic', queueId=0}
08:38:55.929 [main] DEBUG com.zephyr.storage.index.SparseIndex - Index hit for logical offset 6839: IndexEntry{logical=6800, physical=681000, timestamp=7800000, size=100, topic='TestTopic', queueId=0}
08:38:55.929 [main] DEBUG com.zephyr.storage.index.SparseIndex - Index hit for logical offset 1150: IndexEntry{logical=1100, physical=111000, timestamp=2100000, size=100, topic='TestTopic', queueId=0}
08:38:55.929 [main] DEBUG com.zephyr.storage.index.SparseIndex - Index hit for logical offset 3646: IndexEntry{logical=3600, physical=361000, timestamp=4600000, size=100, topic='TestTopic', queueId=0}
08:38:55.929 [main] DEBUG com.zephyr.storage.index.SparseIndex - Index hit for logical offset 95: IndexEntry{logical=0, physical=1000, timestamp=1000000, size=100, topic='TestTopic', queueId=0}
08:38:55.929 [main] DEBUG com.zephyr.storage.index.SparseIndex - Index hit for logical offset 9076: IndexEntry{logical=9000, physical=901000, timestamp=10000000, size=100, topic='TestTopic', queueId=0}
08:38:55.930 [main] DEBUG com.zephyr.storage.index.SparseIndex - Index hit for logical offset 8123: IndexEntry{logical=8100, physical=811000, timestamp=9100000, size=100, topic='TestTopic', queueId=0}
08:38:55.930 [main] DEBUG com.zephyr.storage.index.SparseIndex - Index hit for logical offset 599: IndexEntry{logical=500, physical=51000, timestamp=1500000, size=100, topic='TestTopic', queueId=0}
08:38:55.930 [main] DEBUG com.zephyr.storage.index.SparseIndex - Index hit for logical offset 3844: IndexEntry{logical=3800, physical=381000, timestamp=4800000, size=100, topic='TestTopic', queueId=0}
08:38:55.930 [main] DEBUG com.zephyr.storage.index.SparseIndex - Index hit for logical offset 7237: IndexEntry{logical=7200, physical=721000, timestamp=8200000, size=100, topic='TestTopic', queueId=0}
08:38:55.930 [main] DEBUG com.zephyr.storage.index.SparseIndex - Index hit for logical offset 2961: IndexEntry{logical=2900, physical=291000, timestamp=3900000, size=100, topic='TestTopic', queueId=0}
08:38:55.930 [main] DEBUG com.zephyr.storage.index.SparseIndex - Index hit for logical offset 4984: IndexEntry{logical=4900, physical=491000, timestamp=5900000, size=100, topic='TestTopic', queueId=0}
08:38:55.930 [main] DEBUG com.zephyr.storage.index.SparseIndex - Index hit for logical offset 5602: IndexEntry{logical=5600, physical=561000, timestamp=6600000, size=100, topic='TestTopic', queueId=0}
08:38:55.930 [main] DEBUG com.zephyr.storage.index.SparseIndex - Index hit for logical offset 835: IndexEntry{logical=800, physical=81000, timestamp=1800000, size=100, topic='TestTopic', queueId=0}
08:38:55.930 [main] DEBUG com.zephyr.storage.index.SparseIndex - Index hit for logical offset 1576: IndexEntry{logical=1500, physical=151000, timestamp=2500000, size=100, topic='TestTopic', queueId=0}
08:38:55.930 [main] DEBUG com.zephyr.storage.index.SparseIndex - Index hit for logical offset 7354: IndexEntry{logical=7300, physical=731000, timestamp=8300000, size=100, topic='TestTopic', queueId=0}
08:38:55.930 [main] DEBUG com.zephyr.storage.index.SparseIndex - Index hit for logical offset 4532: IndexEntry{logical=4500, physical=451000, timestamp=5500000, size=100, topic='TestTopic', queueId=0}
08:38:55.930 [main] DEBUG com.zephyr.storage.index.SparseIndex - Index hit for logical offset 9168: IndexEntry{logical=9100, physical=911000, timestamp=10100000, size=100, topic='TestTopic', queueId=0}
08:38:55.930 [main] DEBUG com.zephyr.storage.index.SparseIndex - Index hit for logical offset 3852: IndexEntry{logical=3800, physical=381000, timestamp=4800000, size=100, topic='TestTopic', queueId=0}
08:38:55.930 [main] DEBUG com.zephyr.storage.index.SparseIndex - Index hit for logical offset 3424: IndexEntry{logical=3400, physical=341000, timestamp=4400000, size=100, topic='TestTopic', queueId=0}
08:38:55.930 [main] DEBUG com.zephyr.storage.index.SparseIndex - Index hit for logical offset 6413: IndexEntry{logical=6400, physical=641000, timestamp=7400000, size=100, topic='TestTopic', queueId=0}
08:38:55.930 [main] DEBUG com.zephyr.storage.index.SparseIndex - Index hit for logical offset 6727: IndexEntry{logical=6700, physical=671000, timestamp=7700000, size=100, topic='TestTopic', queueId=0}
08:38:55.930 [main] DEBUG com.zephyr.storage.index.SparseIndex - Index hit for logical offset 2216: IndexEntry{logical=2200, physical=221000, timestamp=3200000, size=100, topic='TestTopic', queueId=0}
08:38:55.930 [main] DEBUG com.zephyr.storage.index.SparseIndex - Index hit for logical offset 9375: IndexEntry{logical=9300, physical=931000, timestamp=10300000, size=100, topic='TestTopic', queueId=0}
08:38:55.930 [main] DEBUG com.zephyr.storage.index.SparseIndex - Index hit for logical offset 6322: IndexEntry{logical=6300, physical=631000, timestamp=7300000, size=100, topic='TestTopic', queueId=0}
08:38:55.930 [main] DEBUG com.zephyr.storage.index.SparseIndex - Index hit for logical offset 2736: IndexEntry{logical=2700, physical=271000, timestamp=3700000, size=100, topic='TestTopic', queueId=0}
08:38:55.930 [main] DEBUG com.zephyr.storage.index.SparseIndex - Index hit for logical offset 394: IndexEntry{logical=300, physical=31000, timestamp=1300000, size=100, topic='TestTopic', queueId=0}
08:38:55.930 [main] DEBUG com.zephyr.storage.index.SparseIndex - Index hit for logical offset 615: IndexEntry{logical=600, physical=61000, timestamp=1600000, size=100, topic='TestTopic', queueId=0}
08:38:55.930 [main] DEBUG com.zephyr.storage.index.SparseIndex - Index hit for logical offset 6382: IndexEntry{logical=6300, physical=631000, timestamp=7300000, size=100, topic='TestTopic', queueId=0}
08:38:55.930 [main] DEBUG com.zephyr.storage.index.SparseIndex - Index hit for logical offset 9783: IndexEntry{logical=9700, physical=971000, timestamp=10700000, size=100, topic='TestTopic', queueId=0}
08:38:55.931 [main] DEBUG com.zephyr.storage.index.SparseIndex - Index hit for logical offset 1058: IndexEntry{logical=1000, physical=101000, timestamp=2000000, size=100, topic='TestTopic', queueId=0}
08:38:55.931 [main] DEBUG com.zephyr.storage.index.SparseIndex - Index hit for logical offset 6920: IndexEntry{logical=6900, physical=691000, timestamp=7900000, size=100, topic='TestTopic', queueId=0}
08:38:55.931 [main] DEBUG com.zephyr.storage.index.SparseIndex - Index hit for logical offset 7039: IndexEntry{logical=7000, physical=701000, timestamp=8000000, size=100, topic='TestTopic', queueId=0}
08:38:55.931 [main] DEBUG com.zephyr.storage.index.SparseIndex - Index hit for logical offset 8768: IndexEntry{logical=8700, physical=871000, timestamp=9700000, size=100, topic='TestTopic', queueId=0}
08:38:55.931 [main] DEBUG com.zephyr.storage.index.SparseIndex - Index hit for logical offset 4976: IndexEntry{logical=4900, physical=491000, timestamp=5900000, size=100, topic='TestTopic', queueId=0}
08:38:55.931 [main] DEBUG com.zephyr.storage.index.SparseIndex - Index hit for logical offset 3081: IndexEntry{logical=3000, physical=301000, timestamp=4000000, size=100, topic='TestTopic', queueId=0}
08:38:55.931 [main] DEBUG com.zephyr.storage.index.SparseIndex - Index hit for logical offset 4348: IndexEntry{logical=4300, physical=431000, timestamp=5300000, size=100, topic='TestTopic', queueId=0}
08:38:55.931 [main] DEBUG com.zephyr.storage.index.SparseIndex - Index hit for logical offset 9986: IndexEntry{logical=9900, physical=991000, timestamp=10900000, size=100, topic='TestTopic', queueId=0}
08:38:55.931 [main] DEBUG com.zephyr.storage.index.SparseIndex - Index hit for logical offset 1010: IndexEntry{logical=1000, physical=101000, timestamp=2000000, size=100, topic='TestTopic', queueId=0}
08:38:55.931 [main] DEBUG com.zephyr.storage.index.SparseIndex - Index hit for logical offset 5639: IndexEntry{logical=5600, physical=561000, timestamp=6600000, size=100, topic='TestTopic', queueId=0}
08:38:55.931 [main] DEBUG com.zephyr.storage.index.SparseIndex - Index hit for logical offset 7668: IndexEntry{logical=7600, physical=761000, timestamp=8600000, size=100, topic='TestTopic', queueId=0}
08:38:55.931 [main] DEBUG com.zephyr.storage.index.SparseIndex - Index hit for logical offset 3083: IndexEntry{logical=3000, physical=301000, timestamp=4000000, size=100, topic='TestTopic', queueId=0}
08:38:55.931 [main] DEBUG com.zephyr.storage.index.SparseIndex - Index hit for logical offset 5841: IndexEntry{logical=5800, physical=581000, timestamp=6800000, size=100, topic='TestTopic', queueId=0}
08:38:55.931 [main] DEBUG com.zephyr.storage.index.SparseIndex - Index hit for logical offset 3140: IndexEntry{logical=3100, physical=311000, timestamp=4100000, size=100, topic='TestTopic', queueId=0}
08:38:55.931 [main] DEBUG com.zephyr.storage.index.SparseIndex - Index hit for logical offset 1843: IndexEntry{logical=1800, physical=181000, timestamp=2800000, size=100, topic='TestTopic', queueId=0}
08:38:55.931 [main] DEBUG com.zephyr.storage.index.SparseIndex - Index hit for logical offset 1785: IndexEntry{logical=1700, physical=171000, timestamp=2700000, size=100, topic='TestTopic', queueId=0}
08:38:55.931 [main] DEBUG com.zephyr.storage.index.SparseIndex - Index hit for logical offset 4666: IndexEntry{logical=4600, physical=461000, timestamp=5600000, size=100, topic='TestTopic', queueId=0}
08:38:55.931 [main] DEBUG com.zephyr.storage.index.SparseIndex - Index hit for logical offset 9442: IndexEntry{logical=9400, physical=941000, timestamp=10400000, size=100, topic='TestTopic', queueId=0}
08:38:55.931 [main] DEBUG com.zephyr.storage.index.SparseIndex - Index hit for logical offset 5472: IndexEntry{logical=5400, physical=541000, timestamp=6400000, size=100, topic='TestTopic', queueId=0}
08:38:55.931 [main] DEBUG com.zephyr.storage.index.SparseIndex - Index hit for logical offset 2891: IndexEntry{logical=2800, physical=281000, timestamp=3800000, size=100, topic='TestTopic', queueId=0}
08:38:55.931 [main] DEBUG com.zephyr.storage.index.SparseIndex - Index hit for logical offset 9269: IndexEntry{logical=9200, physical=921000, timestamp=10200000, size=100, topic='TestTopic', queueId=0}
08:38:55.931 [main] DEBUG com.zephyr.storage.index.SparseIndex - Index hit for logical offset 7019: IndexEntry{logical=7000, physical=701000, timestamp=8000000, size=100, topic='TestTopic', queueId=0}
08:38:55.931 [main] DEBUG com.zephyr.storage.index.SparseIndex - Index hit for logical offset 2174: IndexEntry{logical=2100, physical=211000, timestamp=3100000, size=100, topic='TestTopic', queueId=0}
08:38:55.931 [main] DEBUG com.zephyr.storage.index.SparseIndex - Index hit for logical offset 2813: IndexEntry{logical=2800, physical=281000, timestamp=3800000, size=100, topic='TestTopic', queueId=0}
08:38:55.931 [main] DEBUG com.zephyr.storage.index.SparseIndex - Index hit for logical offset 7846: IndexEntry{logical=7800, physical=781000, timestamp=8800000, size=100, topic='TestTopic', queueId=0}
08:38:55.931 [main] DEBUG com.zephyr.storage.index.SparseIndex - Index hit for logical offset 9986: IndexEntry{logical=9900, physical=991000, timestamp=10900000, size=100, topic='TestTopic', queueId=0}
08:38:55.932 [main] DEBUG com.zephyr.storage.index.SparseIndex - Index hit for logical offset 4912: IndexEntry{logical=4900, physical=491000, timestamp=5900000, size=100, topic='TestTopic', queueId=0}
08:38:55.932 [main] DEBUG com.zephyr.storage.index.SparseIndex - Index hit for logical offset 9098: IndexEntry{logical=9000, physical=901000, timestamp=10000000, size=100, topic='TestTopic', queueId=0}
08:38:55.932 [main] DEBUG com.zephyr.storage.index.SparseIndex - Index hit for logical offset 1760: IndexEntry{logical=1700, physical=171000, timestamp=2700000, size=100, topic='TestTopic', queueId=0}
08:38:55.932 [main] DEBUG com.zephyr.storage.index.SparseIndex - Index hit for logical offset 4610: IndexEntry{logical=4600, physical=461000, timestamp=5600000, size=100, topic='TestTopic', queueId=0}
08:38:55.932 [main] DEBUG com.zephyr.storage.index.SparseIndex - Index hit for logical offset 4362: IndexEntry{logical=4300, physical=431000, timestamp=5300000, size=100, topic='TestTopic', queueId=0}
08:38:55.932 [main] DEBUG com.zephyr.storage.index.SparseIndex - Index hit for logical offset 8863: IndexEntry{logical=8800, physical=881000, timestamp=9800000, size=100, topic='TestTopic', queueId=0}
08:38:55.932 [main] DEBUG com.zephyr.storage.index.SparseIndex - Index hit for logical offset 8007: IndexEntry{logical=8000, physical=801000, timestamp=9000000, size=100, topic='TestTopic', queueId=0}
08:38:55.932 [main] DEBUG com.zephyr.storage.index.SparseIndex - Index hit for logical offset 8419: IndexEntry{logical=8400, physical=841000, timestamp=9400000, size=100, topic='TestTopic', queueId=0}
08:38:55.932 [main] DEBUG com.zephyr.storage.index.SparseIndex - Index hit for logical offset 1098: IndexEntry{logical=1000, physical=101000, timestamp=2000000, size=100, topic='TestTopic', queueId=0}
08:38:55.932 [main] DEBUG com.zephyr.storage.index.SparseIndex - Index hit for logical offset 816: IndexEntry{logical=800, physical=81000, timestamp=1800000, size=100, topic='TestTopic', queueId=0}
08:38:55.932 [main] DEBUG com.zephyr.storage.index.SparseIndex - Index hit for logical offset 2572: IndexEntry{logical=2500, physical=251000, timestamp=3500000, size=100, topic='TestTopic', queueId=0}
08:38:55.932 [main] DEBUG com.zephyr.storage.index.SparseIndex - Index hit for logical offset 7758: IndexEntry{logical=7700, physical=771000, timestamp=8700000, size=100, topic='TestTopic', queueId=0}
08:38:55.932 [main] DEBUG com.zephyr.storage.index.SparseIndex - Index hit for logical offset 7912: IndexEntry{logical=7900, physical=791000, timestamp=8900000, size=100, topic='TestTopic', queueId=0}
08:38:55.932 [main] DEBUG com.zephyr.storage.index.SparseIndex - Index hit for logical offset 2632: IndexEntry{logical=2600, physical=261000, timestamp=3600000, size=100, topic='TestTopic', queueId=0}
08:38:55.932 [main] DEBUG com.zephyr.storage.index.SparseIndex - Index hit for logical offset 9119: IndexEntry{logical=9100, physical=911000, timestamp=10100000, size=100, topic='TestTopic', queueId=0}
08:38:55.932 [main] DEBUG com.zephyr.storage.index.SparseIndex - Index hit for logical offset 7565: IndexEntry{logical=7500, physical=751000, timestamp=8500000, size=100, topic='TestTopic', queueId=0}
08:38:55.932 [main] DEBUG com.zephyr.storage.index.SparseIndex - Index hit for logical offset 2994: IndexEntry{logical=2900, physical=291000, timestamp=3900000, size=100, topic='TestTopic', queueId=0}
08:38:55.932 [main] DEBUG com.zephyr.storage.index.SparseIndex - Index hit for logical offset 870: IndexEntry{logical=800, physical=81000, timestamp=1800000, size=100, topic='TestTopic', queueId=0}
08:38:55.932 [main] DEBUG com.zephyr.storage.index.SparseIndex - Index hit for logical offset 9456: IndexEntry{logical=9400, physical=941000, timestamp=10400000, size=100, topic='TestTopic', queueId=0}
08:38:55.932 [main] DEBUG com.zephyr.storage.index.SparseIndex - Index hit for logical offset 6509: IndexEntry{logical=6500, physical=651000, timestamp=7500000, size=100, topic='TestTopic', queueId=0}
08:38:55.932 [main] DEBUG com.zephyr.storage.index.SparseIndex - Index hit for logical offset 6884: IndexEntry{logical=6800, physical=681000, timestamp=7800000, size=100, topic='TestTopic', queueId=0}
08:38:55.932 [main] DEBUG com.zephyr.storage.index.SparseIndex - Index hit for logical offset 6302: IndexEntry{logical=6300, physical=631000, timestamp=7300000, size=100, topic='TestTopic', queueId=0}
08:38:55.932 [main] DEBUG com.zephyr.storage.index.SparseIndex - Index hit for logical offset 7107: IndexEntry{logical=7100, physical=711000, timestamp=8100000, size=100, topic='TestTopic', queueId=0}
08:38:55.933 [main] DEBUG com.zephyr.storage.index.SparseIndex - Index hit for logical offset 5211: IndexEntry{logical=5200, physical=521000, timestamp=6200000, size=100, topic='TestTopic', queueId=0}
08:38:55.933 [main] DEBUG com.zephyr.storage.index.SparseIndex - Index hit for logical offset 6108: IndexEntry{logical=6100, physical=611000, timestamp=7100000, size=100, topic='TestTopic', queueId=0}
08:38:55.933 [main] DEBUG com.zephyr.storage.index.SparseIndex - Index hit for logical offset 3580: IndexEntry{logical=3500, physical=351000, timestamp=4500000, size=100, topic='TestTopic', queueId=0}
08:38:55.933 [main] DEBUG com.zephyr.storage.index.SparseIndex - Index hit for logical offset 2958: IndexEntry{logical=2900, physical=291000, timestamp=3900000, size=100, topic='TestTopic', queueId=0}
08:38:55.933 [main] DEBUG com.zephyr.storage.index.SparseIndex - Index hit for logical offset 5221: IndexEntry{logical=5200, physical=521000, timestamp=6200000, size=100, topic='TestTopic', queueId=0}
08:38:55.933 [main] DEBUG com.zephyr.storage.index.SparseIndex - Index hit for logical offset 4260: IndexEntry{logical=4200, physical=421000, timestamp=5200000, size=100, topic='TestTopic', queueId=0}
08:38:55.933 [main] DEBUG com.zephyr.storage.index.SparseIndex - Index hit for logical offset 477: IndexEntry{logical=400, physical=41000, timestamp=1400000, size=100, topic='TestTopic', queueId=0}
08:38:55.933 [main] DEBUG com.zephyr.storage.index.SparseIndex - Index hit for logical offset 2461: IndexEntry{logical=2400, physical=241000, timestamp=3400000, size=100, topic='TestTopic', queueId=0}
08:38:55.933 [main] DEBUG com.zephyr.storage.index.SparseIndex - Index hit for logical offset 1653: IndexEntry{logical=1600, physical=161000, timestamp=2600000, size=100, topic='TestTopic', queueId=0}
08:38:55.933 [main] DEBUG com.zephyr.storage.index.SparseIndex - Index hit for logical offset 6892: IndexEntry{logical=6800, physical=681000, timestamp=7800000, size=100, topic='TestTopic', queueId=0}
08:38:55.933 [main] DEBUG com.zephyr.storage.index.SparseIndex - Index hit for logical offset 8614: IndexEntry{logical=8600, physical=861000, timestamp=9600000, size=100, topic='TestTopic', queueId=0}
08:38:55.933 [main] DEBUG com.zephyr.storage.index.SparseIndex - Index hit for logical offset 7115: IndexEntry{logical=7100, physical=711000, timestamp=8100000, size=100, topic='TestTopic', queueId=0}
08:38:55.933 [main] DEBUG com.zephyr.storage.index.SparseIndex - Index hit for logical offset 2962: IndexEntry{logical=2900, physical=291000, timestamp=3900000, size=100, topic='TestTopic', queueId=0}
08:38:55.933 [main] DEBUG com.zephyr.storage.index.SparseIndex - Index hit for logical offset 58: IndexEntry{logical=0, physical=1000, timestamp=1000000, size=100, topic='TestTopic', queueId=0}
08:38:55.933 [main] DEBUG com.zephyr.storage.index.SparseIndex - Index hit for logical offset 4524: IndexEntry{logical=4500, physical=451000, timestamp=5500000, size=100, topic='TestTopic', queueId=0}
08:38:55.933 [main] DEBUG com.zephyr.storage.index.SparseIndex - Index hit for logical offset 9116: IndexEntry{logical=9100, physical=911000, timestamp=10100000, size=100, topic='TestTopic', queueId=0}
08:38:55.933 [main] DEBUG com.zephyr.storage.index.SparseIndex - Index hit for logical offset 7173: IndexEntry{logical=7100, physical=711000, timestamp=8100000, size=100, topic='TestTopic', queueId=0}
08:38:55.933 [main] DEBUG com.zephyr.storage.index.SparseIndex - Index hit for logical offset 3577: IndexEntry{logical=3500, physical=351000, timestamp=4500000, size=100, topic='TestTopic', queueId=0}
08:38:55.933 [main] DEBUG com.zephyr.storage.index.SparseIndex - Index hit for logical offset 7202: IndexEntry{logical=7200, physical=721000, timestamp=8200000, size=100, topic='TestTopic', queueId=0}
08:38:55.933 [main] DEBUG com.zephyr.storage.index.SparseIndex - Index hit for logical offset 6916: IndexEntry{logical=6900, physical=691000, timestamp=7900000, size=100, topic='TestTopic', queueId=0}
08:38:55.933 [main] DEBUG com.zephyr.storage.index.SparseIndex - Index hit for logical offset 5107: IndexEntry{logical=5100, physical=511000, timestamp=6100000, size=100, topic='TestTopic', queueId=0}
08:38:55.933 [main] DEBUG com.zephyr.storage.index.SparseIndex - Index hit for logical offset 9194: IndexEntry{logical=9100, physical=911000, timestamp=10100000, size=100, topic='TestTopic', queueId=0}
08:38:55.934 [main] DEBUG com.zephyr.storage.index.SparseIndex - Index hit for logical offset 5857: IndexEntry{logical=5800, physical=581000, timestamp=6800000, size=100, topic='TestTopic', queueId=0}
08:38:55.934 [main] DEBUG com.zephyr.storage.index.SparseIndex - Index hit for logical offset 1209: IndexEntry{logical=1200, physical=121000, timestamp=2200000, size=100, topic='TestTopic', queueId=0}
08:38:55.934 [main] DEBUG com.zephyr.storage.index.SparseIndex - Index hit for logical offset 7600: IndexEntry{logical=7600, physical=761000, timestamp=8600000, size=100, topic='TestTopic', queueId=0}
08:38:55.934 [main] DEBUG com.zephyr.storage.index.SparseIndex - Index hit for logical offset 670: IndexEntry{logical=600, physical=61000, timestamp=1600000, size=100, topic='TestTopic', queueId=0}
08:38:55.934 [main] DEBUG com.zephyr.storage.index.SparseIndex - Index hit for logical offset 9499: IndexEntry{logical=9400, physical=941000, timestamp=10400000, size=100, topic='TestTopic', queueId=0}
08:38:55.934 [main] DEBUG com.zephyr.storage.index.SparseIndex - Index hit for logical offset 5376: IndexEntry{logical=5300, physical=531000, timestamp=6300000, size=100, topic='TestTopic', queueId=0}
08:38:55.934 [main] DEBUG com.zephyr.storage.index.SparseIndex - Index hit for logical offset 5537: IndexEntry{logical=5500, physical=551000, timestamp=6500000, size=100, topic='TestTopic', queueId=0}
08:38:55.934 [main] DEBUG com.zephyr.storage.index.SparseIndex - Index hit for logical offset 7548: IndexEntry{logical=7500, physical=751000, timestamp=8500000, size=100, topic='TestTopic', queueId=0}
08:38:55.934 [main] DEBUG com.zephyr.storage.index.SparseIndex - Index hit for logical offset 8197: IndexEntry{logical=8100, physical=811000, timestamp=9100000, size=100, topic='TestTopic', queueId=0}
08:38:55.934 [main] DEBUG com.zephyr.storage.index.SparseIndex - Index hit for logical offset 1797: IndexEntry{logical=1700, physical=171000, timestamp=2700000, size=100, topic='TestTopic', queueId=0}
08:38:55.934 [main] DEBUG com.zephyr.storage.index.SparseIndex - Index hit for logical offset 8640: IndexEntry{logical=8600, physical=861000, timestamp=9600000, size=100, topic='TestTopic', queueId=0}
08:38:55.934 [main] DEBUG com.zephyr.storage.index.SparseIndex - Index hit for logical offset 6843: IndexEntry{logical=6800, physical=681000, timestamp=7800000, size=100, topic='TestTopic', queueId=0}
08:38:55.934 [main] DEBUG com.zephyr.storage.index.SparseIndex - Index hit for logical offset 4378: IndexEntry{logical=4300, physical=431000, timestamp=5300000, size=100, topic='TestTopic', queueId=0}
08:38:55.934 [main] DEBUG com.zephyr.storage.index.SparseIndex - Index hit for logical offset 5564: IndexEntry{logical=5500, physical=551000, timestamp=6500000, size=100, topic='TestTopic', queueId=0}
08:38:55.934 [main] DEBUG com.zephyr.storage.index.SparseIndex - Index hit for logical offset 1376: IndexEntry{logical=1300, physical=131000, timestamp=2300000, size=100, topic='TestTopic', queueId=0}
08:38:55.934 [main] DEBUG com.zephyr.storage.index.SparseIndex - Index hit for logical offset 7229: IndexEntry{logical=7200, physical=721000, timestamp=8200000, size=100, topic='TestTopic', queueId=0}
08:38:55.934 [main] DEBUG com.zephyr.storage.index.SparseIndex - Index hit for logical offset 1355: IndexEntry{logical=1300, physical=131000, timestamp=2300000, size=100, topic='TestTopic', queueId=0}
08:38:55.934 [main] DEBUG com.zephyr.storage.index.SparseIndex - Index hit for logical offset 166: IndexEntry{logical=100, physical=11000, timestamp=1100000, size=100, topic='TestTopic', queueId=0}
08:38:55.934 [main] DEBUG com.zephyr.storage.index.SparseIndex - Index hit for logical offset 2110: IndexEntry{logical=2100, physical=211000, timestamp=3100000, size=100, topic='TestTopic', queueId=0}
08:38:55.934 [main] DEBUG com.zephyr.storage.index.SparseIndex - Index hit for logical offset 8435: IndexEntry{logical=8400, physical=841000, timestamp=9400000, size=100, topic='TestTopic', queueId=0}
08:38:55.934 [main] DEBUG com.zephyr.storage.index.SparseIndex - Index hit for logical offset 5459: IndexEntry{logical=5400, physical=541000, timestamp=6400000, size=100, topic='TestTopic', queueId=0}
08:38:55.934 [main] DEBUG com.zephyr.storage.index.SparseIndex - Index hit for logical offset 5449: IndexEntry{logical=5400, physical=541000, timestamp=6400000, size=100, topic='TestTopic', queueId=0}
08:38:55.934 [main] DEBUG com.zephyr.storage.index.SparseIndex - Index hit for logical offset 4653: IndexEntry{logical=4600, physical=461000, timestamp=5600000, size=100, topic='TestTopic', queueId=0}
08:38:55.934 [main] DEBUG com.zephyr.storage.index.SparseIndex - Index hit for logical offset 4499: IndexEntry{logical=4400, physical=441000, timestamp=5400000, size=100, topic='TestTopic', queueId=0}
08:38:55.935 [main] DEBUG com.zephyr.storage.index.SparseIndex - Index hit for logical offset 7569: IndexEntry{logical=7500, physical=751000, timestamp=8500000, size=100, topic='TestTopic', queueId=0}
08:38:55.935 [main] DEBUG com.zephyr.storage.index.SparseIndex - Index hit for logical offset 6802: IndexEntry{logical=6800, physical=681000, timestamp=7800000, size=100, topic='TestTopic', queueId=0}
08:38:55.935 [main] DEBUG com.zephyr.storage.index.SparseIndex - Index hit for logical offset 9767: IndexEntry{logical=9700, physical=971000, timestamp=10700000, size=100, topic='TestTopic', queueId=0}
08:38:55.935 [main] DEBUG com.zephyr.storage.index.SparseIndex - Index hit for logical offset 3299: IndexEntry{logical=3200, physical=321000, timestamp=4200000, size=100, topic='TestTopic', queueId=0}
08:38:55.935 [main] DEBUG com.zephyr.storage.index.SparseIndex - Index hit for logical offset 9647: IndexEntry{logical=9600, physical=961000, timestamp=10600000, size=100, topic='TestTopic', queueId=0}
08:38:55.935 [main] DEBUG com.zephyr.storage.index.SparseIndex - Index hit for logical offset 5910: IndexEntry{logical=5900, physical=591000, timestamp=6900000, size=100, topic='TestTopic', queueId=0}
08:38:55.935 [main] DEBUG com.zephyr.storage.index.SparseIndex - Index hit for logical offset 7830: IndexEntry{logical=7800, physical=781000, timestamp=8800000, size=100, topic='TestTopic', queueId=0}
08:38:55.935 [main] DEBUG com.zephyr.storage.index.SparseIndex - Index hit for logical offset 6347: IndexEntry{logical=6300, physical=631000, timestamp=7300000, size=100, topic='TestTopic', queueId=0}
08:38:55.935 [main] DEBUG com.zephyr.storage.index.SparseIndex - Index hit for logical offset 1946: IndexEntry{logical=1900, physical=191000, timestamp=2900000, size=100, topic='TestTopic', queueId=0}
08:38:55.935 [main] DEBUG com.zephyr.storage.index.SparseIndex - Index hit for logical offset 7651: IndexEntry{logical=7600, physical=761000, timestamp=8600000, size=100, topic='TestTopic', queueId=0}
08:38:55.935 [main] DEBUG com.zephyr.storage.index.SparseIndex - Index hit for logical offset 2882: IndexEntry{logical=2800, physical=281000, timestamp=3800000, size=100, topic='TestTopic', queueId=0}
08:38:55.935 [main] DEBUG com.zephyr.storage.index.SparseIndex - Index hit for logical offset 2216: IndexEntry{logical=2200, physical=221000, timestamp=3200000, size=100, topic='TestTopic', queueId=0}
08:38:55.935 [main] DEBUG com.zephyr.storage.index.SparseIndex - Index hit for logical offset 6977: IndexEntry{logical=6900, physical=691000, timestamp=7900000, size=100, topic='TestTopic', queueId=0}
08:38:55.935 [main] DEBUG com.zephyr.storage.index.SparseIndex - Index hit for logical offset 4762: IndexEntry{logical=4700, physical=471000, timestamp=5700000, size=100, topic='TestTopic', queueId=0}
08:38:55.935 [main] DEBUG com.zephyr.storage.index.SparseIndex - Index hit for logical offset 2587: IndexEntry{logical=2500, physical=251000, timestamp=3500000, size=100, topic='TestTopic', queueId=0}
08:38:55.935 [main] DEBUG com.zephyr.storage.index.SparseIndex - Index hit for logical offset 4174: IndexEntry{logical=4100, physical=411000, timestamp=5100000, size=100, topic='TestTopic', queueId=0}
08:38:55.935 [main] DEBUG com.zephyr.storage.index.SparseIndex - Index hit for logical offset 7028: IndexEntry{logical=7000, physical=701000, timestamp=8000000, size=100, topic='TestTopic', queueId=0}
08:38:55.935 [main] DEBUG com.zephyr.storage.index.SparseIndex - Index hit for logical offset 1746: IndexEntry{logical=1700, physical=171000, timestamp=2700000, size=100, topic='TestTopic', queueId=0}
08:38:55.935 [main] DEBUG com.zephyr.storage.index.SparseIndex - Index hit for logical offset 8221: IndexEntry{logical=8200, physical=821000, timestamp=9200000, size=100, topic='TestTopic', queueId=0}
08:38:55.935 [main] DEBUG com.zephyr.storage.index.SparseIndex - Index hit for logical offset 7602: IndexEntry{logical=7600, physical=761000, timestamp=8600000, size=100, topic='TestTopic', queueId=0}
08:38:55.935 [main] DEBUG com.zephyr.storage.index.SparseIndex - Index hit for logical offset 3047: IndexEntry{logical=3000, physical=301000, timestamp=4000000, size=100, topic='TestTopic', queueId=0}
08:38:55.935 [main] DEBUG com.zephyr.storage.index.SparseIndex - Index hit for logical offset 2148: IndexEntry{logical=2100, physical=211000, timestamp=3100000, size=100, topic='TestTopic', queueId=0}
08:38:55.935 [main] DEBUG com.zephyr.storage.index.SparseIndex - Index hit for logical offset 3795: IndexEntry{logical=3700, physical=371000, timestamp=4700000, size=100, topic='TestTopic', queueId=0}
08:38:55.935 [main] DEBUG com.zephyr.storage.index.SparseIndex - Index hit for logical offset 5586: IndexEntry{logical=5500, physical=551000, timestamp=6500000, size=100, topic='TestTopic', queueId=0}
08:38:55.935 [main] DEBUG com.zephyr.storage.index.SparseIndex - Index hit for logical offset 4047: IndexEntry{logical=4000, physical=401000, timestamp=5000000, size=100, topic='TestTopic', queueId=0}
08:38:55.936 [main] DEBUG com.zephyr.storage.index.SparseIndex - Index hit for logical offset 8832: IndexEntry{logical=8800, physical=881000, timestamp=9800000, size=100, topic='TestTopic', queueId=0}
08:38:55.936 [main] DEBUG com.zephyr.storage.index.SparseIndex - Index hit for logical offset 3605: IndexEntry{logical=3600, physical=361000, timestamp=4600000, size=100, topic='TestTopic', queueId=0}
08:38:55.936 [main] DEBUG com.zephyr.storage.index.SparseIndex - Index hit for logical offset 1745: IndexEntry{logical=1700, physical=171000, timestamp=2700000, size=100, topic='TestTopic', queueId=0}
08:38:55.936 [main] DEBUG com.zephyr.storage.index.SparseIndex - Index hit for logical offset 7843: IndexEntry{logical=7800, physical=781000, timestamp=8800000, size=100, topic='TestTopic', queueId=0}
08:38:55.936 [main] DEBUG com.zephyr.storage.index.SparseIndex - Index hit for logical offset 5155: IndexEntry{logical=5100, physical=511000, timestamp=6100000, size=100, topic='TestTopic', queueId=0}
08:38:55.936 [main] DEBUG com.zephyr.storage.index.SparseIndex - Index hit for logical offset 3084: IndexEntry{logical=3000, physical=301000, timestamp=4000000, size=100, topic='TestTopic', queueId=0}
08:38:55.936 [main] DEBUG com.zephyr.storage.index.SparseIndex - Index hit for logical offset 7748: IndexEntry{logical=7700, physical=771000, timestamp=8700000, size=100, topic='TestTopic', queueId=0}
08:38:55.936 [main] DEBUG com.zephyr.storage.index.SparseIndex - Index hit for logical offset 5885: IndexEntry{logical=5800, physical=581000, timestamp=6800000, size=100, topic='TestTopic', queueId=0}
08:38:55.936 [main] DEBUG com.zephyr.storage.index.SparseIndex - Index hit for logical offset 6058: IndexEntry{logical=6000, physical=601000, timestamp=7000000, size=100, topic='TestTopic', queueId=0}
08:38:55.936 [main] DEBUG com.zephyr.storage.index.SparseIndex - Index hit for logical offset 8715: IndexEntry{logical=8700, physical=871000, timestamp=9700000, size=100, topic='TestTopic', queueId=0}
08:38:55.936 [main] DEBUG com.zephyr.storage.index.SparseIndex - Index hit for logical offset 9285: IndexEntry{logical=9200, physical=921000, timestamp=10200000, size=100, topic='TestTopic', queueId=0}
08:38:55.936 [main] DEBUG com.zephyr.storage.index.SparseIndex - Index hit for logical offset 7229: IndexEntry{logical=7200, physical=721000, timestamp=8200000, size=100, topic='TestTopic', queueId=0}
08:38:55.936 [main] DEBUG com.zephyr.storage.index.SparseIndex - Index hit for logical offset 1994: IndexEntry{logical=1900, physical=191000, timestamp=2900000, size=100, topic='TestTopic', queueId=0}
08:38:55.936 [main] DEBUG com.zephyr.storage.index.SparseIndex - Index hit for logical offset 8911: IndexEntry{logical=8900, physical=891000, timestamp=9900000, size=100, topic='TestTopic', queueId=0}
08:38:55.936 [main] DEBUG com.zephyr.storage.index.SparseIndex - Index hit for logical offset 8297: IndexEntry{logical=8200, physical=821000, timestamp=9200000, size=100, topic='TestTopic', queueId=0}
08:38:55.936 [main] DEBUG com.zephyr.storage.index.SparseIndex - Index hit for logical offset 9291: IndexEntry{logical=9200, physical=921000, timestamp=10200000, size=100, topic='TestTopic', queueId=0}
08:38:55.936 [main] DEBUG com.zephyr.storage.index.SparseIndex - Index hit for logical offset 5359: IndexEntry{logical=5300, physical=531000, timestamp=6300000, size=100, topic='TestTopic', queueId=0}
08:38:55.936 [main] DEBUG com.zephyr.storage.index.SparseIndex - Index hit for logical offset 9291: IndexEntry{logical=9200, physical=921000, timestamp=10200000, size=100, topic='TestTopic', queueId=0}
08:38:55.936 [main] DEBUG com.zephyr.storage.index.SparseIndex - Index hit for logical offset 1167: IndexEntry{logical=1100, physical=111000, timestamp=2100000, size=100, topic='TestTopic', queueId=0}
08:38:55.936 [main] DEBUG com.zephyr.storage.index.SparseIndex - Index hit for logical offset 5897: IndexEntry{logical=5800, physical=581000, timestamp=6800000, size=100, topic='TestTopic', queueId=0}
08:38:55.936 [main] DEBUG com.zephyr.storage.index.SparseIndex - Index hit for logical offset 8610: IndexEntry{logical=8600, physical=861000, timestamp=9600000, size=100, topic='TestTopic', queueId=0}
08:38:55.936 [main] DEBUG com.zephyr.storage.index.SparseIndex - Index hit for logical offset 2569: IndexEntry{logical=2500, physical=251000, timestamp=3500000, size=100, topic='TestTopic', queueId=0}
08:38:55.936 [main] DEBUG com.zephyr.storage.index.SparseIndex - Index hit for logical offset 2272: IndexEntry{logical=2200, physical=221000, timestamp=3200000, size=100, topic='TestTopic', queueId=0}
08:38:55.936 [main] DEBUG com.zephyr.storage.index.SparseIndex - Index hit for logical offset 6391: IndexEntry{logical=6300, physical=631000, timestamp=7300000, size=100, topic='TestTopic', queueId=0}
08:38:55.936 [main] DEBUG com.zephyr.storage.index.SparseIndex - Index hit for logical offset 5630: IndexEntry{logical=5600, physical=561000, timestamp=6600000, size=100, topic='TestTopic', queueId=0}
08:38:55.936 [main] DEBUG com.zephyr.storage.index.SparseIndex - Index hit for logical offset 5409: IndexEntry{logical=5400, physical=541000, timestamp=6400000, size=100, topic='TestTopic', queueId=0}
08:38:55.936 [main] DEBUG com.zephyr.storage.index.SparseIndex - Index hit for logical offset 9800: IndexEntry{logical=9800, physical=981000, timestamp=10800000, size=100, topic='TestTopic', queueId=0}
08:38:55.937 [main] DEBUG com.zephyr.storage.index.SparseIndex - Index hit for logical offset 3068: IndexEntry{logical=3000, physical=301000, timestamp=4000000, size=100, topic='TestTopic', queueId=0}
08:38:55.937 [main] DEBUG com.zephyr.storage.index.SparseIndex - Index hit for logical offset 3060: IndexEntry{logical=3000, physical=301000, timestamp=4000000, size=100, topic='TestTopic', queueId=0}
08:38:55.937 [main] DEBUG com.zephyr.storage.index.SparseIndex - Index hit for logical offset 2014: IndexEntry{logical=2000, physical=201000, timestamp=3000000, size=100, topic='TestTopic', queueId=0}
08:38:55.937 [main] DEBUG com.zephyr.storage.index.SparseIndex - Index hit for logical offset 6058: IndexEntry{logical=6000, physical=601000, timestamp=7000000, size=100, topic='TestTopic', queueId=0}
08:38:55.937 [main] DEBUG com.zephyr.storage.index.SparseIndex - Index hit for logical offset 8029: IndexEntry{logical=8000, physical=801000, timestamp=9000000, size=100, topic='TestTopic', queueId=0}
08:38:55.937 [main] DEBUG com.zephyr.storage.index.SparseIndex - Index hit for logical offset 6276: IndexEntry{logical=6200, physical=621000, timestamp=7200000, size=100, topic='TestTopic', queueId=0}
08:38:55.937 [main] DEBUG com.zephyr.storage.index.SparseIndex - Index hit for logical offset 6978: IndexEntry{logical=6900, physical=691000, timestamp=7900000, size=100, topic='TestTopic', queueId=0}
08:38:55.937 [main] DEBUG com.zephyr.storage.index.SparseIndex - Index hit for logical offset 7647: IndexEntry{logical=7600, physical=761000, timestamp=8600000, size=100, topic='TestTopic', queueId=0}
08:38:55.937 [main] DEBUG com.zephyr.storage.index.SparseIndex - Index hit for logical offset 4737: IndexEntry{logical=4700, physical=471000, timestamp=5700000, size=100, topic='TestTopic', queueId=0}
08:38:55.937 [main] DEBUG com.zephyr.storage.index.SparseIndex - Index hit for logical offset 5520: IndexEntry{logical=5500, physical=551000, timestamp=6500000, size=100, topic='TestTopic', queueId=0}
08:38:55.937 [main] DEBUG com.zephyr.storage.index.SparseIndex - Index hit for logical offset 7960: IndexEntry{logical=7900, physical=791000, timestamp=8900000, size=100, topic='TestTopic', queueId=0}
08:38:55.937 [main] DEBUG com.zephyr.storage.index.SparseIndex - Index hit for logical offset 1798: IndexEntry{logical=1700, physical=171000, timestamp=2700000, size=100, topic='TestTopic', queueId=0}
08:38:55.937 [main] DEBUG com.zephyr.storage.index.SparseIndex - Index hit for logical offset 3978: IndexEntry{logical=3900, physical=391000, timestamp=4900000, size=100, topic='TestTopic', queueId=0}
08:38:55.937 [main] DEBUG com.zephyr.storage.index.SparseIndex - Index hit for logical offset 1256: IndexEntry{logical=1200, physical=121000, timestamp=2200000, size=100, topic='TestTopic', queueId=0}
08:38:55.937 [main] DEBUG com.zephyr.storage.index.SparseIndex - Index hit for logical offset 2149: IndexEntry{logical=2100, physical=211000, timestamp=3100000, size=100, topic='TestTopic', queueId=0}
08:38:55.937 [main] DEBUG com.zephyr.storage.index.SparseIndex - Index hit for logical offset 3960: IndexEntry{logical=3900, physical=391000, timestamp=4900000, size=100, topic='TestTopic', queueId=0}
08:38:55.937 [main] DEBUG com.zephyr.storage.index.SparseIndex - Index hit for logical offset 8735: IndexEntry{logical=8700, physical=871000, timestamp=9700000, size=100, topic='TestTopic', queueId=0}
08:38:55.937 [main] DEBUG com.zephyr.storage.index.SparseIndex - Index hit for logical offset 4268: IndexEntry{logical=4200, physical=421000, timestamp=5200000, size=100, topic='TestTopic', queueId=0}
08:38:55.937 [main] DEBUG com.zephyr.storage.index.SparseIndex - Index hit for logical offset 9127: IndexEntry{logical=9100, physical=911000, timestamp=10100000, size=100, topic='TestTopic', queueId=0}
08:38:55.937 [main] DEBUG com.zephyr.storage.index.SparseIndex - Index hit for logical offset 8265: IndexEntry{logical=8200, physical=821000, timestamp=9200000, size=100, topic='TestTopic', queueId=0}
08:38:55.937 [main] DEBUG com.zephyr.storage.index.SparseIndex - Index hit for logical offset 7559: IndexEntry{logical=7500, physical=751000, timestamp=8500000, size=100, topic='TestTopic', queueId=0}
08:38:55.937 [main] DEBUG com.zephyr.storage.index.SparseIndex - Index hit for logical offset 5225: IndexEntry{logical=5200, physical=521000, timestamp=6200000, size=100, topic='TestTopic', queueId=0}
08:38:55.937 [main] DEBUG com.zephyr.storage.index.SparseIndex - Index hit for logical offset 6768: IndexEntry{logical=6700, physical=671000, timestamp=7700000, size=100, topic='TestTopic', queueId=0}
08:38:55.937 [main] DEBUG com.zephyr.storage.index.SparseIndex - Index hit for logical offset 6908: IndexEntry{logical=6900, physical=691000, timestamp=7900000, size=100, topic='TestTopic', queueId=0}
08:38:55.937 [main] DEBUG com.zephyr.storage.index.SparseIndex - Index hit for logical offset 1416: IndexEntry{logical=1400, physical=141000, timestamp=2400000, size=100, topic='TestTopic', queueId=0}
08:38:55.937 [main] DEBUG com.zephyr.storage.index.SparseIndex - Index hit for logical offset 497: IndexEntry{logical=400, physical=41000, timestamp=1400000, size=100, topic='TestTopic', queueId=0}
08:38:55.938 [main] DEBUG com.zephyr.storage.index.SparseIndex - Index hit for logical offset 6080: IndexEntry{logical=6000, physical=601000, timestamp=7000000, size=100, topic='TestTopic', queueId=0}
08:38:55.938 [main] DEBUG com.zephyr.storage.index.SparseIndex - Index hit for logical offset 6669: IndexEntry{logical=6600, physical=661000, timestamp=7600000, size=100, topic='TestTopic', queueId=0}
08:38:55.938 [main] DEBUG com.zephyr.storage.index.SparseIndex - Index hit for logical offset 4717: IndexEntry{logical=4700, physical=471000, timestamp=5700000, size=100, topic='TestTopic', queueId=0}
08:38:55.938 [main] DEBUG com.zephyr.storage.index.SparseIndex - Index hit for logical offset 5851: IndexEntry{logical=5800, physical=581000, timestamp=6800000, size=100, topic='TestTopic', queueId=0}
08:38:55.938 [main] DEBUG com.zephyr.storage.index.SparseIndex - Index hit for logical offset 5566: IndexEntry{logical=5500, physical=551000, timestamp=6500000, size=100, topic='TestTopic', queueId=0}
08:38:55.938 [main] DEBUG com.zephyr.storage.index.SparseIndex - Index hit for logical offset 803: IndexEntry{logical=800, physical=81000, timestamp=1800000, size=100, topic='TestTopic', queueId=0}
08:38:55.938 [main] DEBUG com.zephyr.storage.index.SparseIndex - Index hit for logical offset 7249: IndexEntry{logical=7200, physical=721000, timestamp=8200000, size=100, topic='TestTopic', queueId=0}
08:38:55.938 [main] DEBUG com.zephyr.storage.index.SparseIndex - Index hit for logical offset 7305: IndexEntry{logical=7300, physical=731000, timestamp=8300000, size=100, topic='TestTopic', queueId=0}
08:38:55.938 [main] DEBUG com.zephyr.storage.index.SparseIndex - Index hit for logical offset 5551: IndexEntry{logical=5500, physical=551000, timestamp=6500000, size=100, topic='TestTopic', queueId=0}
08:38:55.938 [main] DEBUG com.zephyr.storage.index.SparseIndex - Index hit for logical offset 2369: IndexEntry{logical=2300, physical=231000, timestamp=3300000, size=100, topic='TestTopic', queueId=0}
08:38:55.938 [main] DEBUG com.zephyr.storage.index.SparseIndex - Index hit for logical offset 75: IndexEntry{logical=0, physical=1000, timestamp=1000000, size=100, topic='TestTopic', queueId=0}
08:38:55.938 [main] DEBUG com.zephyr.storage.index.SparseIndex - Index hit for logical offset 8943: IndexEntry{logical=8900, physical=891000, timestamp=9900000, size=100, topic='TestTopic', queueId=0}
08:38:55.938 [main] DEBUG com.zephyr.storage.index.SparseIndex - Index hit for logical offset 8228: IndexEntry{logical=8200, physical=821000, timestamp=9200000, size=100, topic='TestTopic', queueId=0}
08:38:55.938 [main] DEBUG com.zephyr.storage.index.SparseIndex - Index hit for logical offset 670: IndexEntry{logical=600, physical=61000, timestamp=1600000, size=100, topic='TestTopic', queueId=0}
08:38:55.938 [main] DEBUG com.zephyr.storage.index.SparseIndex - Index hit for logical offset 5103: IndexEntry{logical=5100, physical=511000, timestamp=6100000, size=100, topic='TestTopic', queueId=0}
08:38:55.938 [main] DEBUG com.zephyr.storage.index.SparseIndex - Index hit for logical offset 721: IndexEntry{logical=700, physical=71000, timestamp=1700000, size=100, topic='TestTopic', queueId=0}
08:38:55.938 [main] DEBUG com.zephyr.storage.index.SparseIndex - Index hit for logical offset 9677: IndexEntry{logical=9600, physical=961000, timestamp=10600000, size=100, topic='TestTopic', queueId=0}
08:38:55.938 [main] DEBUG com.zephyr.storage.index.SparseIndex - Index hit for logical offset 5972: IndexEntry{logical=5900, physical=591000, timestamp=6900000, size=100, topic='TestTopic', queueId=0}
08:38:55.938 [main] DEBUG com.zephyr.storage.index.SparseIndex - Index hit for logical offset 5020: IndexEntry{logical=5000, physical=501000, timestamp=6000000, size=100, topic='TestTopic', queueId=0}
08:38:55.938 [main] DEBUG com.zephyr.storage.index.SparseIndex - Index hit for logical offset 5464: IndexEntry{logical=5400, physical=541000, timestamp=6400000, size=100, topic='TestTopic', queueId=0}
08:38:55.938 [main] DEBUG com.zephyr.storage.index.SparseIndex - Index hit for logical offset 6022: IndexEntry{logical=6000, physical=601000, timestamp=7000000, size=100, topic='TestTopic', queueId=0}
08:38:55.938 [main] DEBUG com.zephyr.storage.index.SparseIndex - Index hit for logical offset 8870: IndexEntry{logical=8800, physical=881000, timestamp=9800000, size=100, topic='TestTopic', queueId=0}
08:38:55.938 [main] DEBUG com.zephyr.storage.index.SparseIndex - Index hit for logical offset 7514: IndexEntry{logical=7500, physical=751000, timestamp=8500000, size=100, topic='TestTopic', queueId=0}
08:38:55.938 [main] DEBUG com.zephyr.storage.index.SparseIndex - Index hit for logical offset 3112: IndexEntry{logical=3100, physical=311000, timestamp=4100000, size=100, topic='TestTopic', queueId=0}
08:38:55.938 [main] DEBUG com.zephyr.storage.index.SparseIndex - Index hit for logical offset 7055: IndexEntry{logical=7000, physical=701000, timestamp=8000000, size=100, topic='TestTopic', queueId=0}
08:38:55.938 [main] DEBUG com.zephyr.storage.index.SparseIndex - Index hit for logical offset 9795: IndexEntry{logical=9700, physical=971000, timestamp=10700000, size=100, topic='TestTopic', queueId=0}
08:38:55.938 [main] DEBUG com.zephyr.storage.index.SparseIndex - Index hit for logical offset 5354: IndexEntry{logical=5300, physical=531000, timestamp=6300000, size=100, topic='TestTopic', queueId=0}
08:38:55.938 [main] DEBUG com.zephyr.storage.index.SparseIndex - Index hit for logical offset 2043: IndexEntry{logical=2000, physical=201000, timestamp=3000000, size=100, topic='TestTopic', queueId=0}
08:38:55.938 [main] DEBUG com.zephyr.storage.index.SparseIndex - Index hit for logical offset 7138: IndexEntry{logical=7100, physical=711000, timestamp=8100000, size=100, topic='TestTopic', queueId=0}
08:38:55.938 [main] DEBUG com.zephyr.storage.index.SparseIndex - Index hit for logical offset 1013: IndexEntry{logical=1000, physical=101000, timestamp=2000000, size=100, topic='TestTopic', queueId=0}
08:38:55.938 [main] DEBUG com.zephyr.storage.index.SparseIndex - Index hit for logical offset 1733: IndexEntry{logical=1700, physical=171000, timestamp=2700000, size=100, topic='TestTopic', queueId=0}
08:38:55.938 [main] DEBUG com.zephyr.storage.index.SparseIndex - Index hit for logical offset 1825: IndexEntry{logical=1800, physical=181000, timestamp=2800000, size=100, topic='TestTopic', queueId=0}
08:38:55.938 [main] DEBUG com.zephyr.storage.index.SparseIndex - Index hit for logical offset 5036: IndexEntry{logical=5000, physical=501000, timestamp=6000000, size=100, topic='TestTopic', queueId=0}
08:38:55.938 [main] DEBUG com.zephyr.storage.index.SparseIndex - Index hit for logical offset 8160: IndexEntry{logical=8100, physical=811000, timestamp=9100000, size=100, topic='TestTopic', queueId=0}
08:38:55.938 [main] DEBUG com.zephyr.storage.index.SparseIndex - Index hit for logical offset 8553: IndexEntry{logical=8500, physical=851000, timestamp=9500000, size=100, topic='TestTopic', queueId=0}
08:38:55.939 [main] DEBUG com.zephyr.storage.index.SparseIndex - Index hit for logical offset 9087: IndexEntry{logical=9000, physical=901000, timestamp=10000000, size=100, topic='TestTopic', queueId=0}
08:38:55.939 [main] DEBUG com.zephyr.storage.index.SparseIndex - Index hit for logical offset 1411: IndexEntry{logical=1400, physical=141000, timestamp=2400000, size=100, topic='TestTopic', queueId=0}
08:38:55.939 [main] DEBUG com.zephyr.storage.index.SparseIndex - Index hit for logical offset 891: IndexEntry{logical=800, physical=81000, timestamp=1800000, size=100, topic='TestTopic', queueId=0}
08:38:55.939 [main] DEBUG com.zephyr.storage.index.SparseIndex - Index hit for logical offset 3822: IndexEntry{logical=3800, physical=381000, timestamp=4800000, size=100, topic='TestTopic', queueId=0}
08:38:55.939 [main] DEBUG com.zephyr.storage.index.SparseIndex - Index hit for logical offset 8416: IndexEntry{logical=8400, physical=841000, timestamp=9400000, size=100, topic='TestTopic', queueId=0}
08:38:55.939 [main] DEBUG com.zephyr.storage.index.SparseIndex - Index hit for logical offset 5169: IndexEntry{logical=5100, physical=511000, timestamp=6100000, size=100, topic='TestTopic', queueId=0}
08:38:55.939 [main] DEBUG com.zephyr.storage.index.SparseIndex - Index hit for logical offset 2513: IndexEntry{logical=2500, physical=251000, timestamp=3500000, size=100, topic='TestTopic', queueId=0}
08:38:55.939 [main] DEBUG com.zephyr.storage.index.SparseIndex - Index hit for logical offset 3163: IndexEntry{logical=3100, physical=311000, timestamp=4100000, size=100, topic='TestTopic', queueId=0}
08:38:55.939 [main] DEBUG com.zephyr.storage.index.SparseIndex - Index hit for logical offset 3089: IndexEntry{logical=3000, physical=301000, timestamp=4000000, size=100, topic='TestTopic', queueId=0}
08:38:55.939 [main] DEBUG com.zephyr.storage.index.SparseIndex - Index hit for logical offset 7589: IndexEntry{logical=7500, physical=751000, timestamp=8500000, size=100, topic='TestTopic', queueId=0}
08:38:55.939 [main] DEBUG com.zephyr.storage.index.SparseIndex - Index hit for logical offset 6643: IndexEntry{logical=6600, physical=661000, timestamp=7600000, size=100, topic='TestTopic', queueId=0}
08:38:55.939 [main] DEBUG com.zephyr.storage.index.SparseIndex - Index hit for logical offset 9621: IndexEntry{logical=9600, physical=961000, timestamp=10600000, size=100, topic='TestTopic', queueId=0}
08:38:55.939 [main] DEBUG com.zephyr.storage.index.SparseIndex - Index hit for logical offset 6319: IndexEntry{logical=6300, physical=631000, timestamp=7300000, size=100, topic='TestTopic', queueId=0}
08:38:55.939 [main] DEBUG com.zephyr.storage.index.SparseIndex - Index hit for logical offset 6204: IndexEntry{logical=6200, physical=621000, timestamp=7200000, size=100, topic='TestTopic', queueId=0}
08:38:55.939 [main] DEBUG com.zephyr.storage.index.SparseIndex - Index hit for logical offset 4828: IndexEntry{logical=4800, physical=481000, timestamp=5800000, size=100, topic='TestTopic', queueId=0}
08:38:55.939 [main] DEBUG com.zephyr.storage.index.SparseIndex - Index hit for logical offset 5387: IndexEntry{logical=5300, physical=531000, timestamp=6300000, size=100, topic='TestTopic', queueId=0}
08:38:55.939 [main] DEBUG com.zephyr.storage.index.SparseIndex - Index hit for logical offset 2241: IndexEntry{logical=2200, physical=221000, timestamp=3200000, size=100, topic='TestTopic', queueId=0}
08:38:55.939 [main] DEBUG com.zephyr.storage.index.SparseIndex - Index hit for logical offset 8806: IndexEntry{logical=8800, physical=881000, timestamp=9800000, size=100, topic='TestTopic', queueId=0}
08:38:55.939 [main] DEBUG com.zephyr.storage.index.SparseIndex - Index hit for logical offset 2893: IndexEntry{logical=2800, physical=281000, timestamp=3800000, size=100, topic='TestTopic', queueId=0}
08:38:55.939 [main] DEBUG com.zephyr.storage.index.SparseIndex - Index hit for logical offset 8836: IndexEntry{logical=8800, physical=881000, timestamp=9800000, size=100, topic='TestTopic', queueId=0}
08:38:55.939 [main] DEBUG com.zephyr.storage.index.SparseIndex - Index hit for logical offset 7302: IndexEntry{logical=7300, physical=731000, timestamp=8300000, size=100, topic='TestTopic', queueId=0}
08:38:55.939 [main] DEBUG com.zephyr.storage.index.SparseIndex - Index hit for logical offset 1582: IndexEntry{logical=1500, physical=151000, timestamp=2500000, size=100, topic='TestTopic', queueId=0}
08:38:55.939 [main] DEBUG com.zephyr.storage.index.SparseIndex - Index hit for logical offset 5280: IndexEntry{logical=5200, physical=521000, timestamp=6200000, size=100, topic='TestTopic', queueId=0}
08:38:55.939 [main] DEBUG com.zephyr.storage.index.SparseIndex - Index hit for logical offset 389: IndexEntry{logical=300, physical=31000, timestamp=1300000, size=100, topic='TestTopic', queueId=0}
08:38:55.939 [main] DEBUG com.zephyr.storage.index.SparseIndex - Index hit for logical offset 6951: IndexEntry{logical=6900, physical=691000, timestamp=7900000, size=100, topic='TestTopic', queueId=0}
08:38:55.939 [main] DEBUG com.zephyr.storage.index.SparseIndex - Index hit for logical offset 4434: IndexEntry{logical=4400, physical=441000, timestamp=5400000, size=100, topic='TestTopic', queueId=0}
08:38:55.939 [main] DEBUG com.zephyr.storage.index.SparseIndex - Index hit for logical offset 6083: IndexEntry{logical=6000, physical=601000, timestamp=7000000, size=100, topic='TestTopic', queueId=0}
08:38:55.939 [main] DEBUG com.zephyr.storage.index.SparseIndex - Index hit for logical offset 1067: IndexEntry{logical=1000, physical=101000, timestamp=2000000, size=100, topic='TestTopic', queueId=0}
08:38:55.939 [main] DEBUG com.zephyr.storage.index.SparseIndex - Index hit for logical offset 9561: IndexEntry{logical=9500, physical=951000, timestamp=10500000, size=100, topic='TestTopic', queueId=0}
08:38:55.939 [main] DEBUG com.zephyr.storage.index.SparseIndex - Index hit for logical offset 807: IndexEntry{logical=800, physical=81000, timestamp=1800000, size=100, topic='TestTopic', queueId=0}
08:38:55.939 [main] DEBUG com.zephyr.storage.index.SparseIndex - Index hit for logical offset 2663: IndexEntry{logical=2600, physical=261000, timestamp=3600000, size=100, topic='TestTopic', queueId=0}
08:38:55.939 [main] DEBUG com.zephyr.storage.index.SparseIndex - Index hit for logical offset 8364: IndexEntry{logical=8300, physical=831000, timestamp=9300000, size=100, topic='TestTopic', queueId=0}
08:38:55.939 [main] DEBUG com.zephyr.storage.index.SparseIndex - Index hit for logical offset 9358: IndexEntry{logical=9300, physical=931000, timestamp=10300000, size=100, topic='TestTopic', queueId=0}
08:38:55.939 [main] DEBUG com.zephyr.storage.index.SparseIndex - Index hit for logical offset 8965: IndexEntry{logical=8900, physical=891000, timestamp=9900000, size=100, topic='TestTopic', queueId=0}
08:38:55.939 [main] DEBUG com.zephyr.storage.index.SparseIndex - Index hit for logical offset 2719: IndexEntry{logical=2700, physical=271000, timestamp=3700000, size=100, topic='TestTopic', queueId=0}
08:38:55.939 [main] DEBUG com.zephyr.storage.index.SparseIndex - Index hit for logical offset 5053: IndexEntry{logical=5000, physical=501000, timestamp=6000000, size=100, topic='TestTopic', queueId=0}
08:38:55.940 [main] DEBUG com.zephyr.storage.index.SparseIndex - Index hit for logical offset 2819: IndexEntry{logical=2800, physical=281000, timestamp=3800000, size=100, topic='TestTopic', queueId=0}
08:38:55.940 [main] DEBUG com.zephyr.storage.index.SparseIndex - Index hit for logical offset 6634: IndexEntry{logical=6600, physical=661000, timestamp=7600000, size=100, topic='TestTopic', queueId=0}
08:38:55.940 [main] DEBUG com.zephyr.storage.index.SparseIndex - Index hit for logical offset 8537: IndexEntry{logical=8500, physical=851000, timestamp=9500000, size=100, topic='TestTopic', queueId=0}
08:38:55.940 [main] DEBUG com.zephyr.storage.index.SparseIndex - Index hit for logical offset 7903: IndexEntry{logical=7900, physical=791000, timestamp=8900000, size=100, topic='TestTopic', queueId=0}
08:38:55.940 [main] DEBUG com.zephyr.storage.index.SparseIndex - Index hit for logical offset 8462: IndexEntry{logical=8400, physical=841000, timestamp=9400000, size=100, topic='TestTopic', queueId=0}
08:38:55.940 [main] DEBUG com.zephyr.storage.index.SparseIndex - Index hit for logical offset 1097: IndexEntry{logical=1000, physical=101000, timestamp=2000000, size=100, topic='TestTopic', queueId=0}
08:38:55.940 [main] DEBUG com.zephyr.storage.index.SparseIndex - Index hit for logical offset 2773: IndexEntry{logical=2700, physical=271000, timestamp=3700000, size=100, topic='TestTopic', queueId=0}
08:38:55.940 [main] DEBUG com.zephyr.storage.index.SparseIndex - Index hit for logical offset 4921: IndexEntry{logical=4900, physical=491000, timestamp=5900000, size=100, topic='TestTopic', queueId=0}
08:38:55.940 [main] DEBUG com.zephyr.storage.index.SparseIndex - Index hit for logical offset 8253: IndexEntry{logical=8200, physical=821000, timestamp=9200000, size=100, topic='TestTopic', queueId=0}
08:38:55.940 [main] DEBUG com.zephyr.storage.index.SparseIndex - Index hit for logical offset 2470: IndexEntry{logical=2400, physical=241000, timestamp=3400000, size=100, topic='TestTopic', queueId=0}
08:38:55.940 [main] DEBUG com.zephyr.storage.index.SparseIndex - Index hit for logical offset 8554: IndexEntry{logical=8500, physical=851000, timestamp=9500000, size=100, topic='TestTopic', queueId=0}
08:38:55.940 [main] DEBUG com.zephyr.storage.index.SparseIndex - Index hit for logical offset 1702: IndexEntry{logical=1700, physical=171000, timestamp=2700000, size=100, topic='TestTopic', queueId=0}
08:38:55.940 [main] DEBUG com.zephyr.storage.index.SparseIndex - Index hit for logical offset 9952: IndexEntry{logical=9900, physical=991000, timestamp=10900000, size=100, topic='TestTopic', queueId=0}
08:38:55.940 [main] DEBUG com.zephyr.storage.index.SparseIndex - Index hit for logical offset 8684: IndexEntry{logical=8600, physical=861000, timestamp=9600000, size=100, topic='TestTopic', queueId=0}
08:38:55.940 [main] DEBUG com.zephyr.storage.index.SparseIndex - Index hit for logical offset 2955: IndexEntry{logical=2900, physical=291000, timestamp=3900000, size=100, topic='TestTopic', queueId=0}
08:38:55.940 [main] DEBUG com.zephyr.storage.index.SparseIndex - Index hit for logical offset 9738: IndexEntry{logical=9700, physical=971000, timestamp=10700000, size=100, topic='TestTopic', queueId=0}
08:38:55.940 [main] DEBUG com.zephyr.storage.index.SparseIndex - Index hit for logical offset 3632: IndexEntry{logical=3600, physical=361000, timestamp=4600000, size=100, topic='TestTopic', queueId=0}
08:38:55.940 [main] DEBUG com.zephyr.storage.index.SparseIndex - Index hit for logical offset 6917: IndexEntry{logical=6900, physical=691000, timestamp=7900000, size=100, topic='TestTopic', queueId=0}
08:38:55.940 [main] DEBUG com.zephyr.storage.index.SparseIndex - Index hit for logical offset 6983: IndexEntry{logical=6900, physical=691000, timestamp=7900000, size=100, topic='TestTopic', queueId=0}
08:38:55.940 [main] DEBUG com.zephyr.storage.index.SparseIndex - Index hit for logical offset 2146: IndexEntry{logical=2100, physical=211000, timestamp=3100000, size=100, topic='TestTopic', queueId=0}
08:38:55.940 [main] DEBUG com.zephyr.storage.index.SparseIndex - Index hit for logical offset 2353: IndexEntry{logical=2300, physical=231000, timestamp=3300000, size=100, topic='TestTopic', queueId=0}
08:38:55.940 [main] DEBUG com.zephyr.storage.index.SparseIndex - Index hit for logical offset 7718: IndexEntry{logical=7700, physical=771000, timestamp=8700000, size=100, topic='TestTopic', queueId=0}
08:38:55.940 [main] DEBUG com.zephyr.storage.index.SparseIndex - Index hit for logical offset 7083: IndexEntry{logical=7000, physical=701000, timestamp=8000000, size=100, topic='TestTopic', queueId=0}
08:38:55.940 [main] DEBUG com.zephyr.storage.index.SparseIndex - Index hit for logical offset 5139: IndexEntry{logical=5100, physical=511000, timestamp=6100000, size=100, topic='TestTopic', queueId=0}
08:38:55.940 [main] DEBUG com.zephyr.storage.index.SparseIndex - Index hit for logical offset 6489: IndexEntry{logical=6400, physical=641000, timestamp=7400000, size=100, topic='TestTopic', queueId=0}
08:38:55.940 [main] DEBUG com.zephyr.storage.index.SparseIndex - Index hit for logical offset 4849: IndexEntry{logical=4800, physical=481000, timestamp=5800000, size=100, topic='TestTopic', queueId=0}
08:38:55.940 [main] DEBUG com.zephyr.storage.index.SparseIndex - Index hit for logical offset 2865: IndexEntry{logical=2800, physical=281000, timestamp=3800000, size=100, topic='TestTopic', queueId=0}
08:38:55.940 [main] DEBUG com.zephyr.storage.index.SparseIndex - Index hit for logical offset 6815: IndexEntry{logical=6800, physical=681000, timestamp=7800000, size=100, topic='TestTopic', queueId=0}
08:38:55.940 [main] DEBUG com.zephyr.storage.index.SparseIndex - Index hit for logical offset 3575: IndexEntry{logical=3500, physical=351000, timestamp=4500000, size=100, topic='TestTopic', queueId=0}
08:38:55.940 [main] DEBUG com.zephyr.storage.index.SparseIndex - Index hit for logical offset 6000: IndexEntry{logical=6000, physical=601000, timestamp=7000000, size=100, topic='TestTopic', queueId=0}
08:38:55.940 [main] DEBUG com.zephyr.storage.index.SparseIndex - Index hit for logical offset 3283: IndexEntry{logical=3200, physical=321000, timestamp=4200000, size=100, topic='TestTopic', queueId=0}
08:38:55.940 [main] DEBUG com.zephyr.storage.index.SparseIndex - Index hit for logical offset 8340: IndexEntry{logical=8300, physical=831000, timestamp=9300000, size=100, topic='TestTopic', queueId=0}
08:38:55.940 [main] DEBUG com.zephyr.storage.index.SparseIndex - Index hit for logical offset 705: IndexEntry{logical=700, physical=71000, timestamp=1700000, size=100, topic='TestTopic', queueId=0}
08:38:55.940 [main] DEBUG com.zephyr.storage.index.SparseIndex - Index hit for logical offset 6974: IndexEntry{logical=6900, physical=691000, timestamp=7900000, size=100, topic='TestTopic', queueId=0}
08:38:55.940 [main] DEBUG com.zephyr.storage.index.SparseIndex - Index hit for logical offset 8805: IndexEntry{logical=8800, physical=881000, timestamp=9800000, size=100, topic='TestTopic', queueId=0}
08:38:55.941 [main] DEBUG com.zephyr.storage.index.SparseIndex - Index hit for logical offset 6443: IndexEntry{logical=6400, physical=641000, timestamp=7400000, size=100, topic='TestTopic', queueId=0}
08:38:55.941 [main] DEBUG com.zephyr.storage.index.SparseIndex - Index hit for logical offset 4483: IndexEntry{logical=4400, physical=441000, timestamp=5400000, size=100, topic='TestTopic', queueId=0}
08:38:55.941 [main] DEBUG com.zephyr.storage.index.SparseIndex - Index hit for logical offset 4668: IndexEntry{logical=4600, physical=461000, timestamp=5600000, size=100, topic='TestTopic', queueId=0}
08:38:55.941 [main] DEBUG com.zephyr.storage.index.SparseIndex - Index hit for logical offset 242: IndexEntry{logical=200, physical=21000, timestamp=1200000, size=100, topic='TestTopic', queueId=0}
08:38:55.941 [main] DEBUG com.zephyr.storage.index.SparseIndex - Index hit for logical offset 307: IndexEntry{logical=300, physical=31000, timestamp=1300000, size=100, topic='TestTopic', queueId=0}
08:38:55.941 [main] DEBUG com.zephyr.storage.index.SparseIndex - Index hit for logical offset 4334: IndexEntry{logical=4300, physical=431000, timestamp=5300000, size=100, topic='TestTopic', queueId=0}
08:38:55.941 [main] DEBUG com.zephyr.storage.index.SparseIndex - Index hit for logical offset 2247: IndexEntry{logical=2200, physical=221000, timestamp=3200000, size=100, topic='TestTopic', queueId=0}
08:38:55.941 [main] DEBUG com.zephyr.storage.index.SparseIndex - Index hit for logical offset 5872: IndexEntry{logical=5800, physical=581000, timestamp=6800000, size=100, topic='TestTopic', queueId=0}
08:38:55.941 [main] DEBUG com.zephyr.storage.index.SparseIndex - Index hit for logical offset 372: IndexEntry{logical=300, physical=31000, timestamp=1300000, size=100, topic='TestTopic', queueId=0}
08:38:55.941 [main] DEBUG com.zephyr.storage.index.SparseIndex - Index hit for logical offset 8569: IndexEntry{logical=8500, physical=851000, timestamp=9500000, size=100, topic='TestTopic', queueId=0}
08:38:55.941 [main] DEBUG com.zephyr.storage.index.SparseIndex - Index hit for logical offset 3252: IndexEntry{logical=3200, physical=321000, timestamp=4200000, size=100, topic='TestTopic', queueId=0}
08:38:55.941 [main] DEBUG com.zephyr.storage.index.SparseIndex - Index hit for logical offset 7238: IndexEntry{logical=7200, physical=721000, timestamp=8200000, size=100, topic='TestTopic', queueId=0}
08:38:55.941 [main] DEBUG com.zephyr.storage.index.SparseIndex - Index hit for logical offset 1381: IndexEntry{logical=1300, physical=131000, timestamp=2300000, size=100, topic='TestTopic', queueId=0}
08:38:55.941 [main] DEBUG com.zephyr.storage.index.SparseIndex - Index hit for logical offset 9032: IndexEntry{logical=9000, physical=901000, timestamp=10000000, size=100, topic='TestTopic', queueId=0}
08:38:55.941 [main] DEBUG com.zephyr.storage.index.SparseIndex - Index hit for logical offset 99: IndexEntry{logical=0, physical=1000, timestamp=1000000, size=100, topic='TestTopic', queueId=0}
08:38:55.941 [main] DEBUG com.zephyr.storage.index.SparseIndex - Index hit for logical offset 570: IndexEntry{logical=500, physical=51000, timestamp=1500000, size=100, topic='TestTopic', queueId=0}
08:38:55.941 [main] DEBUG com.zephyr.storage.index.SparseIndex - Index hit for logical offset 7045: IndexEntry{logical=7000, physical=701000, timestamp=8000000, size=100, topic='TestTopic', queueId=0}
08:38:55.941 [main] DEBUG com.zephyr.storage.index.SparseIndex - Index hit for logical offset 9356: IndexEntry{logical=9300, physical=931000, timestamp=10300000, size=100, topic='TestTopic', queueId=0}
08:38:55.941 [main] DEBUG com.zephyr.storage.index.SparseIndex - Index hit for logical offset 6402: IndexEntry{logical=6400, physical=641000, timestamp=7400000, size=100, topic='TestTopic', queueId=0}
08:38:55.941 [main] DEBUG com.zephyr.storage.index.SparseIndex - Index hit for logical offset 5181: IndexEntry{logical=5100, physical=511000, timestamp=6100000, size=100, topic='TestTopic', queueId=0}
08:38:55.941 [main] DEBUG com.zephyr.storage.index.SparseIndex - Index hit for logical offset 9145: IndexEntry{logical=9100, physical=911000, timestamp=10100000, size=100, topic='TestTopic', queueId=0}
08:38:55.941 [main] DEBUG com.zephyr.storage.index.SparseIndex - Index hit for logical offset 3946: IndexEntry{logical=3900, physical=391000, timestamp=4900000, size=100, topic='TestTopic', queueId=0}
08:38:55.941 [main] DEBUG com.zephyr.storage.index.SparseIndex - Index hit for logical offset 1847: IndexEntry{logical=1800, physical=181000, timestamp=2800000, size=100, topic='TestTopic', queueId=0}
08:38:55.941 [main] DEBUG com.zephyr.storage.index.SparseIndex - Index hit for logical offset 2371: IndexEntry{logical=2300, physical=231000, timestamp=3300000, size=100, topic='TestTopic', queueId=0}
08:38:55.941 [main] DEBUG com.zephyr.storage.index.SparseIndex - Index hit for logical offset 9568: IndexEntry{logical=9500, physical=951000, timestamp=10500000, size=100, topic='TestTopic', queueId=0}
08:38:55.941 [main] DEBUG com.zephyr.storage.index.SparseIndex - Index hit for logical offset 9600: IndexEntry{logical=9600, physical=961000, timestamp=10600000, size=100, topic='TestTopic', queueId=0}
08:38:55.941 [main] DEBUG com.zephyr.storage.index.SparseIndex - Index hit for logical offset 2984: IndexEntry{logical=2900, physical=291000, timestamp=3900000, size=100, topic='TestTopic', queueId=0}
08:38:55.941 [main] DEBUG com.zephyr.storage.index.SparseIndex - Index hit for logical offset 8382: IndexEntry{logical=8300, physical=831000, timestamp=9300000, size=100, topic='TestTopic', queueId=0}
08:38:55.941 [main] DEBUG com.zephyr.storage.index.SparseIndex - Index hit for logical offset 9821: IndexEntry{logical=9800, physical=981000, timestamp=10800000, size=100, topic='TestTopic', queueId=0}
08:38:55.942 [main] DEBUG com.zephyr.storage.index.SparseIndex - Index hit for logical offset 9398: IndexEntry{logical=9300, physical=931000, timestamp=10300000, size=100, topic='TestTopic', queueId=0}
08:38:55.942 [main] DEBUG com.zephyr.storage.index.SparseIndex - Index hit for logical offset 3241: IndexEntry{logical=3200, physical=321000, timestamp=4200000, size=100, topic='TestTopic', queueId=0}
08:38:55.942 [main] DEBUG com.zephyr.storage.index.SparseIndex - Index hit for logical offset 2785: IndexEntry{logical=2700, physical=271000, timestamp=3700000, size=100, topic='TestTopic', queueId=0}
08:38:55.942 [main] DEBUG com.zephyr.storage.index.SparseIndex - Index hit for logical offset 8892: IndexEntry{logical=8800, physical=881000, timestamp=9800000, size=100, topic='TestTopic', queueId=0}
08:38:55.942 [main] DEBUG com.zephyr.storage.index.SparseIndex - Index hit for logical offset 8928: IndexEntry{logical=8900, physical=891000, timestamp=9900000, size=100, topic='TestTopic', queueId=0}
08:38:55.942 [main] DEBUG com.zephyr.storage.index.SparseIndex - Index hit for logical offset 669: IndexEntry{logical=600, physical=61000, timestamp=1600000, size=100, topic='TestTopic', queueId=0}
08:38:55.942 [main] DEBUG com.zephyr.storage.index.SparseIndex - Index hit for logical offset 9289: IndexEntry{logical=9200, physical=921000, timestamp=10200000, size=100, topic='TestTopic', queueId=0}
08:38:55.942 [main] DEBUG com.zephyr.storage.index.SparseIndex - Index hit for logical offset 6988: IndexEntry{logical=6900, physical=691000, timestamp=7900000, size=100, topic='TestTopic', queueId=0}
08:38:55.942 [main] DEBUG com.zephyr.storage.index.SparseIndex - Index hit for logical offset 8237: IndexEntry{logical=8200, physical=821000, timestamp=9200000, size=100, topic='TestTopic', queueId=0}
08:38:55.942 [main] DEBUG com.zephyr.storage.index.SparseIndex - Index hit for logical offset 2536: IndexEntry{logical=2500, physical=251000, timestamp=3500000, size=100, topic='TestTopic', queueId=0}
08:38:55.942 [main] DEBUG com.zephyr.storage.index.SparseIndex - Index hit for logical offset 9437: IndexEntry{logical=9400, physical=941000, timestamp=10400000, size=100, topic='TestTopic', queueId=0}
08:38:55.942 [main] DEBUG com.zephyr.storage.index.SparseIndex - Index hit for logical offset 9635: IndexEntry{logical=9600, physical=961000, timestamp=10600000, size=100, topic='TestTopic', queueId=0}
08:38:55.942 [main] DEBUG com.zephyr.storage.index.SparseIndex - Index hit for logical offset 8984: IndexEntry{logical=8900, physical=891000, timestamp=9900000, size=100, topic='TestTopic', queueId=0}
08:38:55.942 [main] DEBUG com.zephyr.storage.index.SparseIndex - Index hit for logical offset 1713: IndexEntry{logical=1700, physical=171000, timestamp=2700000, size=100, topic='TestTopic', queueId=0}
08:38:55.942 [main] DEBUG com.zephyr.storage.index.SparseIndex - Index hit for logical offset 897: IndexEntry{logical=800, physical=81000, timestamp=1800000, size=100, topic='TestTopic', queueId=0}
08:38:55.942 [main] DEBUG com.zephyr.storage.index.SparseIndex - Index hit for logical offset 3904: IndexEntry{logical=3900, physical=391000, timestamp=4900000, size=100, topic='TestTopic', queueId=0}
08:38:55.942 [main] DEBUG com.zephyr.storage.index.SparseIndex - Index hit for logical offset 5188: IndexEntry{logical=5100, physical=511000, timestamp=6100000, size=100, topic='TestTopic', queueId=0}
08:38:55.942 [main] DEBUG com.zephyr.storage.index.SparseIndex - Index hit for logical offset 1008: IndexEntry{logical=1000, physical=101000, timestamp=2000000, size=100, topic='TestTopic', queueId=0}
08:38:55.942 [main] DEBUG com.zephyr.storage.index.SparseIndex - Index hit for logical offset 1126: IndexEntry{logical=1100, physical=111000, timestamp=2100000, size=100, topic='TestTopic', queueId=0}
08:38:55.942 [main] DEBUG com.zephyr.storage.index.SparseIndex - Index hit for logical offset 6110: IndexEntry{logical=6100, physical=611000, timestamp=7100000, size=100, topic='TestTopic', queueId=0}
08:38:55.942 [main] DEBUG com.zephyr.storage.index.SparseIndex - Index hit for logical offset 7701: IndexEntry{logical=7700, physical=771000, timestamp=8700000, size=100, topic='TestTopic', queueId=0}
08:38:55.942 [main] DEBUG com.zephyr.storage.index.SparseIndex - Index hit for logical offset 8073: IndexEntry{logical=8000, physical=801000, timestamp=9000000, size=100, topic='TestTopic', queueId=0}
08:38:55.942 [main] DEBUG com.zephyr.storage.index.SparseIndex - Index hit for logical offset 4084: IndexEntry{logical=4000, physical=401000, timestamp=5000000, size=100, topic='TestTopic', queueId=0}
08:38:55.942 [main] DEBUG com.zephyr.storage.index.SparseIndex - Index hit for logical offset 8239: IndexEntry{logical=8200, physical=821000, timestamp=9200000, size=100, topic='TestTopic', queueId=0}
08:38:55.942 [main] DEBUG com.zephyr.storage.index.SparseIndex - Index hit for logical offset 7070: IndexEntry{logical=7000, physical=701000, timestamp=8000000, size=100, topic='TestTopic', queueId=0}
08:38:55.942 [main] DEBUG com.zephyr.storage.index.SparseIndex - Index hit for logical offset 5339: IndexEntry{logical=5300, physical=531000, timestamp=6300000, size=100, topic='TestTopic', queueId=0}
08:38:55.942 [main] DEBUG com.zephyr.storage.index.SparseIndex - Index hit for logical offset 2359: IndexEntry{logical=2300, physical=231000, timestamp=3300000, size=100, topic='TestTopic', queueId=0}
08:38:55.942 [main] DEBUG com.zephyr.storage.index.SparseIndex - Index hit for logical offset 8570: IndexEntry{logical=8500, physical=851000, timestamp=9500000, size=100, topic='TestTopic', queueId=0}
08:38:55.942 [main] DEBUG com.zephyr.storage.index.SparseIndex - Index hit for logical offset 6802: IndexEntry{logical=6800, physical=681000, timestamp=7800000, size=100, topic='TestTopic', queueId=0}
08:38:55.942 [main] DEBUG com.zephyr.storage.index.SparseIndex - Index hit for logical offset 6532: IndexEntry{logical=6500, physical=651000, timestamp=7500000, size=100, topic='TestTopic', queueId=0}
08:38:55.942 [main] DEBUG com.zephyr.storage.index.SparseIndex - Index hit for logical offset 9580: IndexEntry{logical=9500, physical=951000, timestamp=10500000, size=100, topic='TestTopic', queueId=0}
08:38:55.942 [main] DEBUG com.zephyr.storage.index.SparseIndex - Index hit for logical offset 476: IndexEntry{logical=400, physical=41000, timestamp=1400000, size=100, topic='TestTopic', queueId=0}
08:38:55.942 [main] DEBUG com.zephyr.storage.index.SparseIndex - Index hit for logical offset 9225: IndexEntry{logical=9200, physical=921000, timestamp=10200000, size=100, topic='TestTopic', queueId=0}
08:38:55.942 [main] DEBUG com.zephyr.storage.index.SparseIndex - Index hit for logical offset 3771: IndexEntry{logical=3700, physical=371000, timestamp=4700000, size=100, topic='TestTopic', queueId=0}
08:38:55.942 [main] DEBUG com.zephyr.storage.index.SparseIndex - Index hit for logical offset 8317: IndexEntry{logical=8300, physical=831000, timestamp=9300000, size=100, topic='TestTopic', queueId=0}
08:38:55.942 [main] DEBUG com.zephyr.storage.index.SparseIndex - Index hit for logical offset 2230: IndexEntry{logical=2200, physical=221000, timestamp=3200000, size=100, topic='TestTopic', queueId=0}
08:38:55.942 [main] DEBUG com.zephyr.storage.index.SparseIndex - Index hit for logical offset 9111: IndexEntry{logical=9100, physical=911000, timestamp=10100000, size=100, topic='TestTopic', queueId=0}
08:38:55.942 [main] DEBUG com.zephyr.storage.index.SparseIndex - Index hit for logical offset 6987: IndexEntry{logical=6900, physical=691000, timestamp=7900000, size=100, topic='TestTopic', queueId=0}
08:38:55.942 [main] DEBUG com.zephyr.storage.index.SparseIndex - Index hit for logical offset 6799: IndexEntry{logical=6700, physical=671000, timestamp=7700000, size=100, topic='TestTopic', queueId=0}
08:38:55.942 [main] DEBUG com.zephyr.storage.index.SparseIndex - Index hit for logical offset 9806: IndexEntry{logical=9800, physical=981000, timestamp=10800000, size=100, topic='TestTopic', queueId=0}
08:38:55.942 [main] DEBUG com.zephyr.storage.index.SparseIndex - Index hit for logical offset 6000: IndexEntry{logical=6000, physical=601000, timestamp=7000000, size=100, topic='TestTopic', queueId=0}
08:38:55.942 [main] DEBUG com.zephyr.storage.index.SparseIndex - Index hit for logical offset 450: IndexEntry{logical=400, physical=41000, timestamp=1400000, size=100, topic='TestTopic', queueId=0}
08:38:55.942 [main] DEBUG com.zephyr.storage.index.SparseIndex - Index hit for logical offset 3736: IndexEntry{logical=3700, physical=371000, timestamp=4700000, size=100, topic='TestTopic', queueId=0}
08:38:55.942 [main] DEBUG com.zephyr.storage.index.SparseIndex - Index hit for logical offset 4096: IndexEntry{logical=4000, physical=401000, timestamp=5000000, size=100, topic='TestTopic', queueId=0}
08:38:55.942 [main] DEBUG com.zephyr.storage.index.SparseIndex - Index hit for logical offset 4807: IndexEntry{logical=4800, physical=481000, timestamp=5800000, size=100, topic='TestTopic', queueId=0}
08:38:55.942 [main] DEBUG com.zephyr.storage.index.SparseIndex - Index hit for logical offset 9579: IndexEntry{logical=9500, physical=951000, timestamp=10500000, size=100, topic='TestTopic', queueId=0}
08:38:55.942 [main] DEBUG com.zephyr.storage.index.SparseIndex - Index hit for logical offset 4270: IndexEntry{logical=4200, physical=421000, timestamp=5200000, size=100, topic='TestTopic', queueId=0}
08:38:55.942 [main] DEBUG com.zephyr.storage.index.SparseIndex - Index hit for logical offset 3779: IndexEntry{logical=3700, physical=371000, timestamp=4700000, size=100, topic='TestTopic', queueId=0}
08:38:55.942 [main] DEBUG com.zephyr.storage.index.SparseIndex - Index hit for logical offset 5659: IndexEntry{logical=5600, physical=561000, timestamp=6600000, size=100, topic='TestTopic', queueId=0}
08:38:55.942 [main] DEBUG com.zephyr.storage.index.SparseIndex - Index hit for logical offset 4874: IndexEntry{logical=4800, physical=481000, timestamp=5800000, size=100, topic='TestTopic', queueId=0}
08:38:55.942 [main] DEBUG com.zephyr.storage.index.SparseIndex - Index hit for logical offset 1688: IndexEntry{logical=1600, physical=161000, timestamp=2600000, size=100, topic='TestTopic', queueId=0}
08:38:55.942 [main] DEBUG com.zephyr.storage.index.SparseIndex - Index hit for logical offset 5135: IndexEntry{logical=5100, physical=511000, timestamp=6100000, size=100, topic='TestTopic', queueId=0}
08:38:55.942 [main] DEBUG com.zephyr.storage.index.SparseIndex - Index hit for logical offset 8195: IndexEntry{logical=8100, physical=811000, timestamp=9100000, size=100, topic='TestTopic', queueId=0}
08:38:55.942 [main] DEBUG com.zephyr.storage.index.SparseIndex - Index hit for logical offset 8814: IndexEntry{logical=8800, physical=881000, timestamp=9800000, size=100, topic='TestTopic', queueId=0}
08:38:55.942 [main] DEBUG com.zephyr.storage.index.SparseIndex - Index hit for logical offset 8879: IndexEntry{logical=8800, physical=881000, timestamp=9800000, size=100, topic='TestTopic', queueId=0}
08:38:55.942 [main] DEBUG com.zephyr.storage.index.SparseIndex - Index hit for logical offset 509: IndexEntry{logical=500, physical=51000, timestamp=1500000, size=100, topic='TestTopic', queueId=0}
08:38:55.942 [main] DEBUG com.zephyr.storage.index.SparseIndex - Index hit for logical offset 2547: IndexEntry{logical=2500, physical=251000, timestamp=3500000, size=100, topic='TestTopic', queueId=0}
08:38:55.942 [main] DEBUG com.zephyr.storage.index.SparseIndex - Index hit for logical offset 5861: IndexEntry{logical=5800, physical=581000, timestamp=6800000, size=100, topic='TestTopic', queueId=0}
08:38:55.942 [main] DEBUG com.zephyr.storage.index.SparseIndex - Index hit for logical offset 729: IndexEntry{logical=700, physical=71000, timestamp=1700000, size=100, topic='TestTopic', queueId=0}
08:38:55.942 [main] DEBUG com.zephyr.storage.index.SparseIndex - Index hit for logical offset 7844: IndexEntry{logical=7800, physical=781000, timestamp=8800000, size=100, topic='TestTopic', queueId=0}
08:38:55.942 [main] DEBUG com.zephyr.storage.index.SparseIndex - Index hit for logical offset 9113: IndexEntry{logical=9100, physical=911000, timestamp=10100000, size=100, topic='TestTopic', queueId=0}
08:38:55.942 [main] DEBUG com.zephyr.storage.index.SparseIndex - Index hit for logical offset 5349: IndexEntry{logical=5300, physical=531000, timestamp=6300000, size=100, topic='TestTopic', queueId=0}
08:38:55.942 [main] DEBUG com.zephyr.storage.index.SparseIndex - Index hit for logical offset 3669: IndexEntry{logical=3600, physical=361000, timestamp=4600000, size=100, topic='TestTopic', queueId=0}
08:38:55.942 [main] DEBUG com.zephyr.storage.index.SparseIndex - Index hit for logical offset 4728: IndexEntry{logical=4700, physical=471000, timestamp=5700000, size=100, topic='TestTopic', queueId=0}
08:38:55.942 [main] DEBUG com.zephyr.storage.index.SparseIndex - Index hit for logical offset 1883: IndexEntry{logical=1800, physical=181000, timestamp=2800000, size=100, topic='TestTopic', queueId=0}
08:38:55.942 [main] DEBUG com.zephyr.storage.index.SparseIndex - Index hit for logical offset 1941: IndexEntry{logical=1900, physical=191000, timestamp=2900000, size=100, topic='TestTopic', queueId=0}
08:38:55.942 [main] DEBUG com.zephyr.storage.index.SparseIndex - Index hit for logical offset 1389: IndexEntry{logical=1300, physical=131000, timestamp=2300000, size=100, topic='TestTopic', queueId=0}
08:38:55.942 [main] DEBUG com.zephyr.storage.index.SparseIndex - Index hit for logical offset 1731: IndexEntry{logical=1700, physical=171000, timestamp=2700000, size=100, topic='TestTopic', queueId=0}
08:38:55.942 [main] DEBUG com.zephyr.storage.index.SparseIndex - Index hit for logical offset 5562: IndexEntry{logical=5500, physical=551000, timestamp=6500000, size=100, topic='TestTopic', queueId=0}
08:38:55.942 [main] DEBUG com.zephyr.storage.index.SparseIndex - Index hit for logical offset 8604: IndexEntry{logical=8600, physical=861000, timestamp=9600000, size=100, topic='TestTopic', queueId=0}
08:38:55.942 [main] DEBUG com.zephyr.storage.index.SparseIndex - Index hit for logical offset 6395: IndexEntry{logical=6300, physical=631000, timestamp=7300000, size=100, topic='TestTopic', queueId=0}
08:38:55.942 [main] DEBUG com.zephyr.storage.index.SparseIndex - Index hit for logical offset 1466: IndexEntry{logical=1400, physical=141000, timestamp=2400000, size=100, topic='TestTopic', queueId=0}
08:38:55.942 [main] DEBUG com.zephyr.storage.index.SparseIndex - Index hit for logical offset 5015: IndexEntry{logical=5000, physical=501000, timestamp=6000000, size=100, topic='TestTopic', queueId=0}
08:38:55.942 [main] DEBUG com.zephyr.storage.index.SparseIndex - Index hit for logical offset 2601: IndexEntry{logical=2600, physical=261000, timestamp=3600000, size=100, topic='TestTopic', queueId=0}
08:38:55.942 [main] DEBUG com.zephyr.storage.index.SparseIndex - Index hit for logical offset 5492: IndexEntry{logical=5400, physical=541000, timestamp=6400000, size=100, topic='TestTopic', queueId=0}
08:38:55.942 [main] DEBUG com.zephyr.storage.index.SparseIndex - Index hit for logical offset 1768: IndexEntry{logical=1700, physical=171000, timestamp=2700000, size=100, topic='TestTopic', queueId=0}
08:38:55.942 [main] DEBUG com.zephyr.storage.index.SparseIndex - Index hit for logical offset 6680: IndexEntry{logical=6600, physical=661000, timestamp=7600000, size=100, topic='TestTopic', queueId=0}
08:38:55.942 [main] DEBUG com.zephyr.storage.index.SparseIndex - Index hit for logical offset 5862: IndexEntry{logical=5800, physical=581000, timestamp=6800000, size=100, topic='TestTopic', queueId=0}
08:38:55.942 [main] DEBUG com.zephyr.storage.index.SparseIndex - Index hit for logical offset 3593: IndexEntry{logical=3500, physical=351000, timestamp=4500000, size=100, topic='TestTopic', queueId=0}
08:38:55.942 [main] DEBUG com.zephyr.storage.index.SparseIndex - Index hit for logical offset 3658: IndexEntry{logical=3600, physical=361000, timestamp=4600000, size=100, topic='TestTopic', queueId=0}
08:38:55.942 [main] DEBUG com.zephyr.storage.index.SparseIndex - Index hit for logical offset 5499: IndexEntry{logical=5400, physical=541000, timestamp=6400000, size=100, topic='TestTopic', queueId=0}
08:38:55.942 [main] DEBUG com.zephyr.storage.index.SparseIndex - Index hit for logical offset 7286: IndexEntry{logical=7200, physical=721000, timestamp=8200000, size=100, topic='TestTopic', queueId=0}
08:38:55.942 [main] DEBUG com.zephyr.storage.index.SparseIndex - Index hit for logical offset 4268: IndexEntry{logical=4200, physical=421000, timestamp=5200000, size=100, topic='TestTopic', queueId=0}
08:38:55.942 [main] DEBUG com.zephyr.storage.index.SparseIndex - Index hit for logical offset 7349: IndexEntry{logical=7300, physical=731000, timestamp=8300000, size=100, topic='TestTopic', queueId=0}
08:38:55.943 [main] DEBUG com.zephyr.storage.index.SparseIndex - Index hit for logical offset 7639: IndexEntry{logical=7600, physical=761000, timestamp=8600000, size=100, topic='TestTopic', queueId=0}
08:38:55.943 [main] DEBUG com.zephyr.storage.index.SparseIndex - Index hit for logical offset 6023: IndexEntry{logical=6000, physical=601000, timestamp=7000000, size=100, topic='TestTopic', queueId=0}
08:38:55.943 [main] DEBUG com.zephyr.storage.index.SparseIndex - Index hit for logical offset 7369: IndexEntry{logical=7300, physical=731000, timestamp=8300000, size=100, topic='TestTopic', queueId=0}
08:38:55.943 [main] DEBUG com.zephyr.storage.index.SparseIndex - Index hit for logical offset 2457: IndexEntry{logical=2400, physical=241000, timestamp=3400000, size=100, topic='TestTopic', queueId=0}
08:38:55.943 [main] DEBUG com.zephyr.storage.index.SparseIndex - Index hit for logical offset 8848: IndexEntry{logical=8800, physical=881000, timestamp=9800000, size=100, topic='TestTopic', queueId=0}
08:38:55.943 [main] DEBUG com.zephyr.storage.index.SparseIndex - Index hit for logical offset 1572: IndexEntry{logical=1500, physical=151000, timestamp=2500000, size=100, topic='TestTopic', queueId=0}
08:38:55.943 [main] DEBUG com.zephyr.storage.index.SparseIndex - Index hit for logical offset 3751: IndexEntry{logical=3700, physical=371000, timestamp=4700000, size=100, topic='TestTopic', queueId=0}
08:38:55.943 [main] DEBUG com.zephyr.storage.index.SparseIndex - Index hit for logical offset 1781: IndexEntry{logical=1700, physical=171000, timestamp=2700000, size=100, topic='TestTopic', queueId=0}
08:38:55.943 [main] DEBUG com.zephyr.storage.index.SparseIndex - Index hit for logical offset 586: IndexEntry{logical=500, physical=51000, timestamp=1500000, size=100, topic='TestTopic', queueId=0}
08:38:55.943 [main] DEBUG com.zephyr.storage.index.SparseIndex - Index hit for logical offset 8680: IndexEntry{logical=8600, physical=861000, timestamp=9600000, size=100, topic='TestTopic', queueId=0}
08:38:55.943 [main] DEBUG com.zephyr.storage.index.SparseIndex - Index hit for logical offset 4631: IndexEntry{logical=4600, physical=461000, timestamp=5600000, size=100, topic='TestTopic', queueId=0}
08:38:55.943 [main] DEBUG com.zephyr.storage.index.SparseIndex - Index hit for logical offset 1550: IndexEntry{logical=1500, physical=151000, timestamp=2500000, size=100, topic='TestTopic', queueId=0}
08:38:55.943 [main] DEBUG com.zephyr.storage.index.SparseIndex - Index hit for logical offset 1311: IndexEntry{logical=1300, physical=131000, timestamp=2300000, size=100, topic='TestTopic', queueId=0}
08:38:55.943 [main] DEBUG com.zephyr.storage.index.SparseIndex - Index hit for logical offset 2429: IndexEntry{logical=2400, physical=241000, timestamp=3400000, size=100, topic='TestTopic', queueId=0}
08:38:55.943 [main] DEBUG com.zephyr.storage.index.SparseIndex - Index hit for logical offset 8417: IndexEntry{logical=8400, physical=841000, timestamp=9400000, size=100, topic='TestTopic', queueId=0}
08:38:55.943 [main] DEBUG com.zephyr.storage.index.SparseIndex - Index hit for logical offset 4871: IndexEntry{logical=4800, physical=481000, timestamp=5800000, size=100, topic='TestTopic', queueId=0}
08:38:55.943 [main] DEBUG com.zephyr.storage.index.SparseIndex - Index hit for logical offset 8214: IndexEntry{logical=8200, physical=821000, timestamp=9200000, size=100, topic='TestTopic', queueId=0}
08:38:55.943 [main] DEBUG com.zephyr.storage.index.SparseIndex - Index hit for logical offset 1669: IndexEntry{logical=1600, physical=161000, timestamp=2600000, size=100, topic='TestTopic', queueId=0}
08:38:55.943 [main] DEBUG com.zephyr.storage.index.SparseIndex - Index hit for logical offset 1018: IndexEntry{logical=1000, physical=101000, timestamp=2000000, size=100, topic='TestTopic', queueId=0}
08:38:55.943 [main] DEBUG com.zephyr.storage.index.SparseIndex - Index hit for logical offset 9262: IndexEntry{logical=9200, physical=921000, timestamp=10200000, size=100, topic='TestTopic', queueId=0}
08:38:55.943 [main] DEBUG com.zephyr.storage.index.SparseIndex - Index hit for logical offset 5522: IndexEntry{logical=5500, physical=551000, timestamp=6500000, size=100, topic='TestTopic', queueId=0}
08:38:55.943 [main] DEBUG com.zephyr.storage.index.SparseIndex - Index hit for logical offset 6985: IndexEntry{logical=6900, physical=691000, timestamp=7900000, size=100, topic='TestTopic', queueId=0}
08:38:55.943 [main] DEBUG com.zephyr.storage.index.SparseIndex - Index hit for logical offset 6561: IndexEntry{logical=6500, physical=651000, timestamp=7500000, size=100, topic='TestTopic', queueId=0}
08:38:55.943 [main] DEBUG com.zephyr.storage.index.SparseIndex - Index hit for logical offset 3619: IndexEntry{logical=3600, physical=361000, timestamp=4600000, size=100, topic='TestTopic', queueId=0}
08:38:55.943 [main] DEBUG com.zephyr.storage.index.SparseIndex - Index hit for logical offset 9083: IndexEntry{logical=9000, physical=901000, timestamp=10000000, size=100, topic='TestTopic', queueId=0}
08:38:55.943 [main] DEBUG com.zephyr.storage.index.SparseIndex - Index hit for logical offset 2776: IndexEntry{logical=2700, physical=271000, timestamp=3700000, size=100, topic='TestTopic', queueId=0}
08:38:55.943 [main] DEBUG com.zephyr.storage.index.SparseIndex - Index hit for logical offset 4214: IndexEntry{logical=4200, physical=421000, timestamp=5200000, size=100, topic='TestTopic', queueId=0}
08:38:55.943 [main] DEBUG com.zephyr.storage.index.SparseIndex - Index hit for logical offset 4735: IndexEntry{logical=4700, physical=471000, timestamp=5700000, size=100, topic='TestTopic', queueId=0}
08:38:55.943 [main] DEBUG com.zephyr.storage.index.SparseIndex - Index hit for logical offset 3373: IndexEntry{logical=3300, physical=331000, timestamp=4300000, size=100, topic='TestTopic', queueId=0}
08:38:55.943 [main] DEBUG com.zephyr.storage.index.SparseIndex - Index hit for logical offset 1704: IndexEntry{logical=1700, physical=171000, timestamp=2700000, size=100, topic='TestTopic', queueId=0}
08:38:55.943 [main] DEBUG com.zephyr.storage.index.SparseIndex - Index hit for logical offset 3377: IndexEntry{logical=3300, physical=331000, timestamp=4300000, size=100, topic='TestTopic', queueId=0}
08:38:55.943 [main] DEBUG com.zephyr.storage.index.SparseIndex - Index hit for logical offset 8582: IndexEntry{logical=8500, physical=851000, timestamp=9500000, size=100, topic='TestTopic', queueId=0}
08:38:55.943 [main] DEBUG com.zephyr.storage.index.SparseIndex - Index hit for logical offset 6266: IndexEntry{logical=6200, physical=621000, timestamp=7200000, size=100, topic='TestTopic', queueId=0}
08:38:55.943 [main] DEBUG com.zephyr.storage.index.SparseIndex - Index hit for logical offset 3743: IndexEntry{logical=3700, physical=371000, timestamp=4700000, size=100, topic='TestTopic', queueId=0}
08:38:55.943 [main] DEBUG com.zephyr.storage.index.SparseIndex - Index hit for logical offset 3908: IndexEntry{logical=3900, physical=391000, timestamp=4900000, size=100, topic='TestTopic', queueId=0}
08:38:55.943 [main] DEBUG com.zephyr.storage.index.SparseIndex - Index hit for logical offset 6977: IndexEntry{logical=6900, physical=691000, timestamp=7900000, size=100, topic='TestTopic', queueId=0}
08:38:55.943 [main] DEBUG com.zephyr.storage.index.SparseIndex - Index hit for logical offset 8979: IndexEntry{logical=8900, physical=891000, timestamp=9900000, size=100, topic='TestTopic', queueId=0}
08:38:55.943 [main] DEBUG com.zephyr.storage.index.SparseIndex - Index hit for logical offset 1398: IndexEntry{logical=1300, physical=131000, timestamp=2300000, size=100, topic='TestTopic', queueId=0}
08:38:55.943 [main] DEBUG com.zephyr.storage.index.SparseIndex - Index hit for logical offset 218: IndexEntry{logical=200, physical=21000, timestamp=1200000, size=100, topic='TestTopic', queueId=0}
08:38:55.943 [main] DEBUG com.zephyr.storage.index.SparseIndex - Index hit for logical offset 5933: IndexEntry{logical=5900, physical=591000, timestamp=6900000, size=100, topic='TestTopic', queueId=0}
08:38:55.943 [main] DEBUG com.zephyr.storage.index.SparseIndex - Index hit for logical offset 3451: IndexEntry{logical=3400, physical=341000, timestamp=4400000, size=100, topic='TestTopic', queueId=0}
08:38:55.943 [main] DEBUG com.zephyr.storage.index.SparseIndex - Index hit for logical offset 7256: IndexEntry{logical=7200, physical=721000, timestamp=8200000, size=100, topic='TestTopic', queueId=0}
08:38:55.943 [main] DEBUG com.zephyr.storage.index.SparseIndex - Index hit for logical offset 8105: IndexEntry{logical=8100, physical=811000, timestamp=9100000, size=100, topic='TestTopic', queueId=0}
08:38:55.943 [main] DEBUG com.zephyr.storage.index.SparseIndex - Index hit for logical offset 8069: IndexEntry{logical=8000, physical=801000, timestamp=9000000, size=100, topic='TestTopic', queueId=0}
08:38:55.943 [main] DEBUG com.zephyr.storage.index.SparseIndex - Index hit for logical offset 7058: IndexEntry{logical=7000, physical=701000, timestamp=8000000, size=100, topic='TestTopic', queueId=0}
08:38:55.943 [main] DEBUG com.zephyr.storage.index.SparseIndex - Index hit for logical offset 9977: IndexEntry{logical=9900, physical=991000, timestamp=10900000, size=100, topic='TestTopic', queueId=0}
08:38:55.943 [main] DEBUG com.zephyr.storage.index.SparseIndex - Index hit for logical offset 1014: IndexEntry{logical=1000, physical=101000, timestamp=2000000, size=100, topic='TestTopic', queueId=0}
08:38:55.943 [main] DEBUG com.zephyr.storage.index.SparseIndex - Index hit for logical offset 7751: IndexEntry{logical=7700, physical=771000, timestamp=8700000, size=100, topic='TestTopic', queueId=0}
08:38:55.943 [main] DEBUG com.zephyr.storage.index.SparseIndex - Index hit for logical offset 5081: IndexEntry{logical=5000, physical=501000, timestamp=6000000, size=100, topic='TestTopic', queueId=0}
08:38:55.943 [main] DEBUG com.zephyr.storage.index.SparseIndex - Index hit for logical offset 70: IndexEntry{logical=0, physical=1000, timestamp=1000000, size=100, topic='TestTopic', queueId=0}
08:38:55.943 [main] DEBUG com.zephyr.storage.index.SparseIndex - Index hit for logical offset 8023: IndexEntry{logical=8000, physical=801000, timestamp=9000000, size=100, topic='TestTopic', queueId=0}
08:38:55.943 [main] DEBUG com.zephyr.storage.index.SparseIndex - Index hit for logical offset 4307: IndexEntry{logical=4300, physical=431000, timestamp=5300000, size=100, topic='TestTopic', queueId=0}
08:38:55.943 [main] DEBUG com.zephyr.storage.index.SparseIndex - Index hit for logical offset 4602: IndexEntry{logical=4600, physical=461000, timestamp=5600000, size=100, topic='TestTopic', queueId=0}
08:38:55.943 [main] DEBUG com.zephyr.storage.index.SparseIndex - Index hit for logical offset 7362: IndexEntry{logical=7300, physical=731000, timestamp=8300000, size=100, topic='TestTopic', queueId=0}
08:38:55.943 [main] DEBUG com.zephyr.storage.index.SparseIndex - Index hit for logical offset 9335: IndexEntry{logical=9300, physical=931000, timestamp=10300000, size=100, topic='TestTopic', queueId=0}
08:38:55.943 [main] DEBUG com.zephyr.storage.index.SparseIndex - Index hit for logical offset 5605: IndexEntry{logical=5600, physical=561000, timestamp=6600000, size=100, topic='TestTopic', queueId=0}
08:38:55.943 [main] DEBUG com.zephyr.storage.index.SparseIndex - Index hit for logical offset 9635: IndexEntry{logical=9600, physical=961000, timestamp=10600000, size=100, topic='TestTopic', queueId=0}
08:38:55.943 [main] DEBUG com.zephyr.storage.index.SparseIndex - Index hit for logical offset 7932: IndexEntry{logical=7900, physical=791000, timestamp=8900000, size=100, topic='TestTopic', queueId=0}
08:38:55.943 [main] DEBUG com.zephyr.storage.index.SparseIndex - Index hit for logical offset 6301: IndexEntry{logical=6300, physical=631000, timestamp=7300000, size=100, topic='TestTopic', queueId=0}
08:38:55.943 [main] DEBUG com.zephyr.storage.index.SparseIndex - Index hit for logical offset 1593: IndexEntry{logical=1500, physical=151000, timestamp=2500000, size=100, topic='TestTopic', queueId=0}
08:38:55.943 [main] DEBUG com.zephyr.storage.index.SparseIndex - Index hit for logical offset 6180: IndexEntry{logical=6100, physical=611000, timestamp=7100000, size=100, topic='TestTopic', queueId=0}
08:38:55.943 [main] DEBUG com.zephyr.storage.index.SparseIndex - Index hit for logical offset 9465: IndexEntry{logical=9400, physical=941000, timestamp=10400000, size=100, topic='TestTopic', queueId=0}
08:38:55.943 [main] DEBUG com.zephyr.storage.index.SparseIndex - Index hit for logical offset 2052: IndexEntry{logical=2000, physical=201000, timestamp=3000000, size=100, topic='TestTopic', queueId=0}
08:38:55.943 [main] DEBUG com.zephyr.storage.index.SparseIndex - Index hit for logical offset 4935: IndexEntry{logical=4900, physical=491000, timestamp=5900000, size=100, topic='TestTopic', queueId=0}
08:38:55.943 [main] DEBUG com.zephyr.storage.index.SparseIndex - Index hit for logical offset 7665: IndexEntry{logical=7600, physical=761000, timestamp=8600000, size=100, topic='TestTopic', queueId=0}
08:38:55.943 [main] DEBUG com.zephyr.storage.index.SparseIndex - Index hit for logical offset 476: IndexEntry{logical=400, physical=41000, timestamp=1400000, size=100, topic='TestTopic', queueId=0}
08:38:55.943 [main] DEBUG com.zephyr.storage.index.SparseIndex - Index hit for logical offset 5746: IndexEntry{logical=5700, physical=571000, timestamp=6700000, size=100, topic='TestTopic', queueId=0}
08:38:55.943 [main] DEBUG com.zephyr.storage.index.SparseIndex - Index hit for logical offset 3834: IndexEntry{logical=3800, physical=381000, timestamp=4800000, size=100, topic='TestTopic', queueId=0}
08:38:55.943 [main] DEBUG com.zephyr.storage.index.SparseIndex - Index hit for logical offset 5723: IndexEntry{logical=5700, physical=571000, timestamp=6700000, size=100, topic='TestTopic', queueId=0}
08:38:55.943 [main] DEBUG com.zephyr.storage.index.SparseIndex - Index hit for logical offset 660: IndexEntry{logical=600, physical=61000, timestamp=1600000, size=100, topic='TestTopic', queueId=0}
08:38:55.943 [main] DEBUG com.zephyr.storage.index.SparseIndex - Index hit for logical offset 8093: IndexEntry{logical=8000, physical=801000, timestamp=9000000, size=100, topic='TestTopic', queueId=0}
08:38:55.943 [main] DEBUG com.zephyr.storage.index.SparseIndex - Index hit for logical offset 298: IndexEntry{logical=200, physical=21000, timestamp=1200000, size=100, topic='TestTopic', queueId=0}
08:38:55.943 [main] DEBUG com.zephyr.storage.index.SparseIndex - Index hit for logical offset 8671: IndexEntry{logical=8600, physical=861000, timestamp=9600000, size=100, topic='TestTopic', queueId=0}
08:38:55.943 [main] DEBUG com.zephyr.storage.index.SparseIndex - Index hit for logical offset 6744: IndexEntry{logical=6700, physical=671000, timestamp=7700000, size=100, topic='TestTopic', queueId=0}
08:38:55.943 [main] DEBUG com.zephyr.storage.index.SparseIndex - Index hit for logical offset 8345: IndexEntry{logical=8300, physical=831000, timestamp=9300000, size=100, topic='TestTopic', queueId=0}
08:38:55.943 [main] DEBUG com.zephyr.storage.index.SparseIndex - Index hit for logical offset 5663: IndexEntry{logical=5600, physical=561000, timestamp=6600000, size=100, topic='TestTopic', queueId=0}
08:38:55.943 [main] DEBUG com.zephyr.storage.index.SparseIndex - Index hit for logical offset 150: IndexEntry{logical=100, physical=11000, timestamp=1100000, size=100, topic='TestTopic', queueId=0}
08:38:55.944 [main] DEBUG com.zephyr.storage.index.SparseIndex - Index hit for logical offset 649: IndexEntry{logical=600, physical=61000, timestamp=1600000, size=100, topic='TestTopic', queueId=0}
08:38:55.944 [main] DEBUG com.zephyr.storage.index.SparseIndex - Index hit for logical offset 3271: IndexEntry{logical=3200, physical=321000, timestamp=4200000, size=100, topic='TestTopic', queueId=0}
08:38:55.944 [main] DEBUG com.zephyr.storage.index.SparseIndex - Index hit for logical offset 4010: IndexEntry{logical=4000, physical=401000, timestamp=5000000, size=100, topic='TestTopic', queueId=0}
08:38:55.944 [main] DEBUG com.zephyr.storage.index.SparseIndex - Index hit for logical offset 3437: IndexEntry{logical=3400, physical=341000, timestamp=4400000, size=100, topic='TestTopic', queueId=0}
08:38:55.944 [main] DEBUG com.zephyr.storage.index.SparseIndex - Index hit for logical offset 4507: IndexEntry{logical=4500, physical=451000, timestamp=5500000, size=100, topic='TestTopic', queueId=0}
08:38:55.944 [main] DEBUG com.zephyr.storage.index.SparseIndex - Index hit for logical offset 6761: IndexEntry{logical=6700, physical=671000, timestamp=7700000, size=100, topic='TestTopic', queueId=0}
08:38:55.944 [main] DEBUG com.zephyr.storage.index.SparseIndex - Index hit for logical offset 3261: IndexEntry{logical=3200, physical=321000, timestamp=4200000, size=100, topic='TestTopic', queueId=0}
08:38:55.944 [main] DEBUG com.zephyr.storage.index.SparseIndex - Index hit for logical offset 2676: IndexEntry{logical=2600, physical=261000, timestamp=3600000, size=100, topic='TestTopic', queueId=0}
08:38:55.944 [main] DEBUG com.zephyr.storage.index.SparseIndex - Index hit for logical offset 149: IndexEntry{logical=100, physical=11000, timestamp=1100000, size=100, topic='TestTopic', queueId=0}
08:38:55.944 [main] DEBUG com.zephyr.storage.index.SparseIndex - Index hit for logical offset 4640: IndexEntry{logical=4600, physical=461000, timestamp=5600000, size=100, topic='TestTopic', queueId=0}
08:38:55.944 [main] DEBUG com.zephyr.storage.index.SparseIndex - Index hit for logical offset 3217: IndexEntry{logical=3200, physical=321000, timestamp=4200000, size=100, topic='TestTopic', queueId=0}
08:38:55.944 [main] DEBUG com.zephyr.storage.index.SparseIndex - Index hit for logical offset 906: IndexEntry{logical=900, physical=91000, timestamp=1900000, size=100, topic='TestTopic', queueId=0}
08:38:55.944 [main] DEBUG com.zephyr.storage.index.SparseIndex - Index hit for logical offset 9037: IndexEntry{logical=9000, physical=901000, timestamp=10000000, size=100, topic='TestTopic', queueId=0}
08:38:55.944 [main] DEBUG com.zephyr.storage.index.SparseIndex - Index hit for logical offset 3059: IndexEntry{logical=3000, physical=301000, timestamp=4000000, size=100, topic='TestTopic', queueId=0}
08:38:55.944 [main] DEBUG com.zephyr.storage.index.SparseIndex - Index hit for logical offset 9561: IndexEntry{logical=9500, physical=951000, timestamp=10500000, size=100, topic='TestTopic', queueId=0}
08:38:55.944 [main] DEBUG com.zephyr.storage.index.SparseIndex - Index hit for logical offset 6169: IndexEntry{logical=6100, physical=611000, timestamp=7100000, size=100, topic='TestTopic', queueId=0}
08:38:55.944 [main] DEBUG com.zephyr.storage.index.SparseIndex - Index hit for logical offset 2298: IndexEntry{logical=2200, physical=221000, timestamp=3200000, size=100, topic='TestTopic', queueId=0}
08:38:55.944 [main] DEBUG com.zephyr.storage.index.SparseIndex - Index hit for logical offset 379: IndexEntry{logical=300, physical=31000, timestamp=1300000, size=100, topic='TestTopic', queueId=0}
08:38:55.944 [main] DEBUG com.zephyr.storage.index.SparseIndex - Index hit for logical offset 2937: IndexEntry{logical=2900, physical=291000, timestamp=3900000, size=100, topic='TestTopic', queueId=0}
08:38:55.944 [main] DEBUG com.zephyr.storage.index.SparseIndex - Index hit for logical offset 1219: IndexEntry{logical=1200, physical=121000, timestamp=2200000, size=100, topic='TestTopic', queueId=0}
08:38:55.944 [main] DEBUG com.zephyr.storage.index.SparseIndex - Index hit for logical offset 9510: IndexEntry{logical=9500, physical=951000, timestamp=10500000, size=100, topic='TestTopic', queueId=0}
08:38:55.944 [main] DEBUG com.zephyr.storage.index.SparseIndex - Index hit for logical offset 1861: IndexEntry{logical=1800, physical=181000, timestamp=2800000, size=100, topic='TestTopic', queueId=0}
08:38:55.944 [main] DEBUG com.zephyr.storage.index.SparseIndex - Index hit for logical offset 2639: IndexEntry{logical=2600, physical=261000, timestamp=3600000, size=100, topic='TestTopic', queueId=0}
08:38:55.944 [main] DEBUG com.zephyr.storage.index.SparseIndex - Index hit for logical offset 9386: IndexEntry{logical=9300, physical=931000, timestamp=10300000, size=100, topic='TestTopic', queueId=0}
08:38:55.944 [main] DEBUG com.zephyr.storage.index.SparseIndex - Index hit for logical offset 9211: IndexEntry{logical=9200, physical=921000, timestamp=10200000, size=100, topic='TestTopic', queueId=0}
08:38:55.944 [main] DEBUG com.zephyr.storage.index.SparseIndex - Index hit for logical offset 3666: IndexEntry{logical=3600, physical=361000, timestamp=4600000, size=100, topic='TestTopic', queueId=0}
08:38:55.944 [main] DEBUG com.zephyr.storage.index.SparseIndex - Index hit for logical offset 5117: IndexEntry{logical=5100, physical=511000, timestamp=6100000, size=100, topic='TestTopic', queueId=0}
08:38:55.944 [main] DEBUG com.zephyr.storage.index.SparseIndex - Index hit for logical offset 9000: IndexEntry{logical=9000, physical=901000, timestamp=10000000, size=100, topic='TestTopic', queueId=0}
08:38:55.944 [main] DEBUG com.zephyr.storage.index.SparseIndex - Index hit for logical offset 3689: IndexEntry{logical=3600, physical=361000, timestamp=4600000, size=100, topic='TestTopic', queueId=0}
08:38:55.944 [main] DEBUG com.zephyr.storage.index.SparseIndex - Index hit for logical offset 7685: IndexEntry{logical=7600, physical=761000, timestamp=8600000, size=100, topic='TestTopic', queueId=0}
08:38:55.944 [main] DEBUG com.zephyr.storage.index.SparseIndex - Index hit for logical offset 8575: IndexEntry{logical=8500, physical=851000, timestamp=9500000, size=100, topic='TestTopic', queueId=0}
08:38:55.944 [main] DEBUG com.zephyr.storage.index.SparseIndex - Index hit for logical offset 1463: IndexEntry{logical=1400, physical=141000, timestamp=2400000, size=100, topic='TestTopic', queueId=0}
08:38:55.944 [main] DEBUG com.zephyr.storage.index.SparseIndex - Index hit for logical offset 5588: IndexEntry{logical=5500, physical=551000, timestamp=6500000, size=100, topic='TestTopic', queueId=0}
08:38:55.944 [main] DEBUG com.zephyr.storage.index.SparseIndex - Index hit for logical offset 1530: IndexEntry{logical=1500, physical=151000, timestamp=2500000, size=100, topic='TestTopic', queueId=0}
08:38:55.944 [main] DEBUG com.zephyr.storage.index.SparseIndex - Index hit for logical offset 6240: IndexEntry{logical=6200, physical=621000, timestamp=7200000, size=100, topic='TestTopic', queueId=0}
08:38:55.944 [main] DEBUG com.zephyr.storage.index.SparseIndex - Index hit for logical offset 3506: IndexEntry{logical=3500, physical=351000, timestamp=4500000, size=100, topic='TestTopic', queueId=0}
08:38:55.944 [main] DEBUG com.zephyr.storage.index.SparseIndex - Index hit for logical offset 4061: IndexEntry{logical=4000, physical=401000, timestamp=5000000, size=100, topic='TestTopic', queueId=0}
08:38:55.944 [main] DEBUG com.zephyr.storage.index.SparseIndex - Index hit for logical offset 8672: IndexEntry{logical=8600, physical=861000, timestamp=9600000, size=100, topic='TestTopic', queueId=0}
08:38:55.944 [main] DEBUG com.zephyr.storage.index.SparseIndex - Index hit for logical offset 2561: IndexEntry{logical=2500, physical=251000, timestamp=3500000, size=100, topic='TestTopic', queueId=0}
08:38:55.944 [main] DEBUG com.zephyr.storage.index.SparseIndex - Index hit for logical offset 2495: IndexEntry{logical=2400, physical=241000, timestamp=3400000, size=100, topic='TestTopic', queueId=0}
08:38:55.944 [main] DEBUG com.zephyr.storage.index.SparseIndex - Index hit for logical offset 3796: IndexEntry{logical=3700, physical=371000, timestamp=4700000, size=100, topic='TestTopic', queueId=0}
08:38:55.944 [main] DEBUG com.zephyr.storage.index.SparseIndex - Index hit for logical offset 2138: IndexEntry{logical=2100, physical=211000, timestamp=3100000, size=100, topic='TestTopic', queueId=0}
08:38:55.944 [main] DEBUG com.zephyr.storage.index.SparseIndex - Index hit for logical offset 8519: IndexEntry{logical=8500, physical=851000, timestamp=9500000, size=100, topic='TestTopic', queueId=0}
08:38:55.944 [main] DEBUG com.zephyr.storage.index.SparseIndex - Index hit for logical offset 4723: IndexEntry{logical=4700, physical=471000, timestamp=5700000, size=100, topic='TestTopic', queueId=0}
08:38:55.944 [main] DEBUG com.zephyr.storage.index.SparseIndex - Index hit for logical offset 1089: IndexEntry{logical=1000, physical=101000, timestamp=2000000, size=100, topic='TestTopic', queueId=0}
08:38:55.944 [main] DEBUG com.zephyr.storage.index.SparseIndex - Index hit for logical offset 1442: IndexEntry{logical=1400, physical=141000, timestamp=2400000, size=100, topic='TestTopic', queueId=0}
08:38:55.944 [main] DEBUG com.zephyr.storage.index.SparseIndex - Index hit for logical offset 4566: IndexEntry{logical=4500, physical=451000, timestamp=5500000, size=100, topic='TestTopic', queueId=0}
08:38:55.944 [main] DEBUG com.zephyr.storage.index.SparseIndex - Index hit for logical offset 558: IndexEntry{logical=500, physical=51000, timestamp=1500000, size=100, topic='TestTopic', queueId=0}
08:38:55.944 [main] DEBUG com.zephyr.storage.index.SparseIndex - Index hit for logical offset 7329: IndexEntry{logical=7300, physical=731000, timestamp=8300000, size=100, topic='TestTopic', queueId=0}
08:38:55.944 [main] DEBUG com.zephyr.storage.index.SparseIndex - Index hit for logical offset 6523: IndexEntry{logical=6500, physical=651000, timestamp=7500000, size=100, topic='TestTopic', queueId=0}
08:38:55.944 [main] DEBUG com.zephyr.storage.index.SparseIndex - Index hit for logical offset 2223: IndexEntry{logical=2200, physical=221000, timestamp=3200000, size=100, topic='TestTopic', queueId=0}
08:38:55.944 [main] DEBUG com.zephyr.storage.index.SparseIndex - Index hit for logical offset 7035: IndexEntry{logical=7000, physical=701000, timestamp=8000000, size=100, topic='TestTopic', queueId=0}
08:38:55.944 [main] DEBUG com.zephyr.storage.index.SparseIndex - Index hit for logical offset 1742: IndexEntry{logical=1700, physical=171000, timestamp=2700000, size=100, topic='TestTopic', queueId=0}
08:38:55.944 [main] DEBUG com.zephyr.storage.index.SparseIndex - Index hit for logical offset 4297: IndexEntry{logical=4200, physical=421000, timestamp=5200000, size=100, topic='TestTopic', queueId=0}
08:38:55.944 [main] DEBUG com.zephyr.storage.index.SparseIndex - Index hit for logical offset 8336: IndexEntry{logical=8300, physical=831000, timestamp=9300000, size=100, topic='TestTopic', queueId=0}
08:38:55.944 [main] DEBUG com.zephyr.storage.index.SparseIndex - Index hit for logical offset 8036: IndexEntry{logical=8000, physical=801000, timestamp=9000000, size=100, topic='TestTopic', queueId=0}
08:38:55.944 [main] DEBUG com.zephyr.storage.index.SparseIndex - Index hit for logical offset 2073: IndexEntry{logical=2000, physical=201000, timestamp=3000000, size=100, topic='TestTopic', queueId=0}
08:38:55.944 [main] DEBUG com.zephyr.storage.index.SparseIndex - Index hit for logical offset 3197: IndexEntry{logical=3100, physical=311000, timestamp=4100000, size=100, topic='TestTopic', queueId=0}
08:38:55.944 [main] DEBUG com.zephyr.storage.index.SparseIndex - Index hit for logical offset 9165: IndexEntry{logical=9100, physical=911000, timestamp=10100000, size=100, topic='TestTopic', queueId=0}
08:38:55.944 [main] DEBUG com.zephyr.storage.index.SparseIndex - Index hit for logical offset 4539: IndexEntry{logical=4500, physical=451000, timestamp=5500000, size=100, topic='TestTopic', queueId=0}
08:38:55.944 [main] DEBUG com.zephyr.storage.index.SparseIndex - Index hit for logical offset 3967: IndexEntry{logical=3900, physical=391000, timestamp=4900000, size=100, topic='TestTopic', queueId=0}
08:38:55.944 [main] DEBUG com.zephyr.storage.index.SparseIndex - Index hit for logical offset 8502: IndexEntry{logical=8500, physical=851000, timestamp=9500000, size=100, topic='TestTopic', queueId=0}
08:38:55.944 [main] DEBUG com.zephyr.storage.index.SparseIndex - Index hit for logical offset 5006: IndexEntry{logical=5000, physical=501000, timestamp=6000000, size=100, topic='TestTopic', queueId=0}
08:38:55.944 [main] DEBUG com.zephyr.storage.index.SparseIndex - Index hit for logical offset 2590: IndexEntry{logical=2500, physical=251000, timestamp=3500000, size=100, topic='TestTopic', queueId=0}
08:38:55.944 [main] DEBUG com.zephyr.storage.index.SparseIndex - Index hit for logical offset 7282: IndexEntry{logical=7200, physical=721000, timestamp=8200000, size=100, topic='TestTopic', queueId=0}
08:38:55.944 [main] DEBUG com.zephyr.storage.index.SparseIndex - Index hit for logical offset 6656: IndexEntry{logical=6600, physical=661000, timestamp=7600000, size=100, topic='TestTopic', queueId=0}
08:38:55.944 [main] DEBUG com.zephyr.storage.index.SparseIndex - Index hit for logical offset 9904: IndexEntry{logical=9900, physical=991000, timestamp=10900000, size=100, topic='TestTopic', queueId=0}
08:38:55.944 [main] DEBUG com.zephyr.storage.index.SparseIndex - Index hit for logical offset 4635: IndexEntry{logical=4600, physical=461000, timestamp=5600000, size=100, topic='TestTopic', queueId=0}
08:38:55.944 [main] DEBUG com.zephyr.storage.index.SparseIndex - Index hit for logical offset 272: IndexEntry{logical=200, physical=21000, timestamp=1200000, size=100, topic='TestTopic', queueId=0}
08:38:55.944 [main] DEBUG com.zephyr.storage.index.SparseIndex - Index hit for logical offset 9867: IndexEntry{logical=9800, physical=981000, timestamp=10800000, size=100, topic='TestTopic', queueId=0}
08:38:55.944 [main] DEBUG com.zephyr.storage.index.SparseIndex - Index hit for logical offset 5145: IndexEntry{logical=5100, physical=511000, timestamp=6100000, size=100, topic='TestTopic', queueId=0}
08:38:55.944 [main] DEBUG com.zephyr.storage.index.SparseIndex - Index hit for logical offset 633: IndexEntry{logical=600, physical=61000, timestamp=1600000, size=100, topic='TestTopic', queueId=0}
08:38:55.944 [main] DEBUG com.zephyr.storage.index.SparseIndex - Index hit for logical offset 677: IndexEntry{logical=600, physical=61000, timestamp=1600000, size=100, topic='TestTopic', queueId=0}
08:38:55.944 [main] DEBUG com.zephyr.storage.index.SparseIndex - Index hit for logical offset 3226: IndexEntry{logical=3200, physical=321000, timestamp=4200000, size=100, topic='TestTopic', queueId=0}
08:38:55.944 [main] DEBUG com.zephyr.storage.index.SparseIndex - Index hit for logical offset 9690: IndexEntry{logical=9600, physical=961000, timestamp=10600000, size=100, topic='TestTopic', queueId=0}
08:38:55.944 [main] DEBUG com.zephyr.storage.index.SparseIndex - Index hit for logical offset 8975: IndexEntry{logical=8900, physical=891000, timestamp=9900000, size=100, topic='TestTopic', queueId=0}
08:38:55.944 [main] DEBUG com.zephyr.storage.index.SparseIndex - Index hit for logical offset 6076: IndexEntry{logical=6000, physical=601000, timestamp=7000000, size=100, topic='TestTopic', queueId=0}
08:38:55.944 [main] DEBUG com.zephyr.storage.index.SparseIndex - Index hit for logical offset 5367: IndexEntry{logical=5300, physical=531000, timestamp=6300000, size=100, topic='TestTopic', queueId=0}
08:38:55.944 [main] DEBUG com.zephyr.storage.index.SparseIndex - Index hit for logical offset 5489: IndexEntry{logical=5400, physical=541000, timestamp=6400000, size=100, topic='TestTopic', queueId=0}
08:38:55.944 [main] DEBUG com.zephyr.storage.index.SparseIndex - Index hit for logical offset 3656: IndexEntry{logical=3600, physical=361000, timestamp=4600000, size=100, topic='TestTopic', queueId=0}
08:38:55.944 [main] DEBUG com.zephyr.storage.index.SparseIndex - Index hit for logical offset 4593: IndexEntry{logical=4500, physical=451000, timestamp=5500000, size=100, topic='TestTopic', queueId=0}
08:38:55.944 [main] DEBUG com.zephyr.storage.index.SparseIndex - Index hit for logical offset 248: IndexEntry{logical=200, physical=21000, timestamp=1200000, size=100, topic='TestTopic', queueId=0}
08:38:55.945 [main] DEBUG com.zephyr.storage.index.SparseIndex - Index hit for logical offset 688: IndexEntry{logical=600, physical=61000, timestamp=1600000, size=100, topic='TestTopic', queueId=0}
08:38:55.945 [main] DEBUG com.zephyr.storage.index.SparseIndex - Index hit for logical offset 3373: IndexEntry{logical=3300, physical=331000, timestamp=4300000, size=100, topic='TestTopic', queueId=0}
08:38:55.945 [main] DEBUG com.zephyr.storage.index.SparseIndex - Index hit for logical offset 995: IndexEntry{logical=900, physical=91000, timestamp=1900000, size=100, topic='TestTopic', queueId=0}
08:38:55.945 [main] DEBUG com.zephyr.storage.index.SparseIndex - Index hit for logical offset 2007: IndexEntry{logical=2000, physical=201000, timestamp=3000000, size=100, topic='TestTopic', queueId=0}
08:38:55.945 [main] DEBUG com.zephyr.storage.index.SparseIndex - Index hit for logical offset 9169: IndexEntry{logical=9100, physical=911000, timestamp=10100000, size=100, topic='TestTopic', queueId=0}
08:38:55.945 [main] DEBUG com.zephyr.storage.index.SparseIndex - Index hit for logical offset 253: IndexEntry{logical=200, physical=21000, timestamp=1200000, size=100, topic='TestTopic', queueId=0}
08:38:55.945 [main] DEBUG com.zephyr.storage.index.SparseIndex - Index hit for logical offset 2567: IndexEntry{logical=2500, physical=251000, timestamp=3500000, size=100, topic='TestTopic', queueId=0}
08:38:55.945 [main] DEBUG com.zephyr.storage.index.SparseIndex - Index hit for logical offset 7071: IndexEntry{logical=7000, physical=701000, timestamp=8000000, size=100, topic='TestTopic', queueId=0}
08:38:55.945 [main] DEBUG com.zephyr.storage.index.SparseIndex - Index hit for logical offset 535: IndexEntry{logical=500, physical=51000, timestamp=1500000, size=100, topic='TestTopic', queueId=0}
08:38:55.945 [main] DEBUG com.zephyr.storage.index.SparseIndex - Index hit for logical offset 790: IndexEntry{logical=700, physical=71000, timestamp=1700000, size=100, topic='TestTopic', queueId=0}
08:38:55.945 [main] DEBUG com.zephyr.storage.index.SparseIndex - Index hit for logical offset 3728: IndexEntry{logical=3700, physical=371000, timestamp=4700000, size=100, topic='TestTopic', queueId=0}
08:38:55.945 [main] DEBUG com.zephyr.storage.index.SparseIndex - Index hit for logical offset 7678: IndexEntry{logical=7600, physical=761000, timestamp=8600000, size=100, topic='TestTopic', queueId=0}
08:38:55.945 [main] DEBUG com.zephyr.storage.index.SparseIndex - Index hit for logical offset 726: IndexEntry{logical=700, physical=71000, timestamp=1700000, size=100, topic='TestTopic', queueId=0}
08:38:55.945 [main] DEBUG com.zephyr.storage.index.SparseIndex - Index hit for logical offset 9208: IndexEntry{logical=9200, physical=921000, timestamp=10200000, size=100, topic='TestTopic', queueId=0}
08:38:55.945 [main] DEBUG com.zephyr.storage.index.SparseIndex - Index hit for logical offset 8316: IndexEntry{logical=8300, physical=831000, timestamp=9300000, size=100, topic='TestTopic', queueId=0}
08:38:55.945 [main] DEBUG com.zephyr.storage.index.SparseIndex - Index hit for logical offset 8821: IndexEntry{logical=8800, physical=881000, timestamp=9800000, size=100, topic='TestTopic', queueId=0}
08:38:55.945 [main] DEBUG com.zephyr.storage.index.SparseIndex - Index hit for logical offset 9751: IndexEntry{logical=9700, physical=971000, timestamp=10700000, size=100, topic='TestTopic', queueId=0}
08:38:55.945 [main] DEBUG com.zephyr.storage.index.SparseIndex - Index hit for logical offset 3981: IndexEntry{logical=3900, physical=391000, timestamp=4900000, size=100, topic='TestTopic', queueId=0}
08:38:55.945 [main] DEBUG com.zephyr.storage.index.SparseIndex - Index hit for logical offset 3707: IndexEntry{logical=3700, physical=371000, timestamp=4700000, size=100, topic='TestTopic', queueId=0}
08:38:55.945 [main] DEBUG com.zephyr.storage.index.SparseIndex - Index hit for logical offset 6221: IndexEntry{logical=6200, physical=621000, timestamp=7200000, size=100, topic='TestTopic', queueId=0}
08:38:55.945 [main] DEBUG com.zephyr.storage.index.SparseIndex - Index hit for logical offset 9688: IndexEntry{logical=9600, physical=961000, timestamp=10600000, size=100, topic='TestTopic', queueId=0}
08:38:55.945 [main] DEBUG com.zephyr.storage.index.SparseIndex - Index hit for logical offset 1486: IndexEntry{logical=1400, physical=141000, timestamp=2400000, size=100, topic='TestTopic', queueId=0}
08:38:55.945 [main] DEBUG com.zephyr.storage.index.SparseIndex - Index hit for logical offset 1473: IndexEntry{logical=1400, physical=141000, timestamp=2400000, size=100, topic='TestTopic', queueId=0}
08:38:55.945 [main] DEBUG com.zephyr.storage.index.SparseIndex - Index hit for logical offset 6438: IndexEntry{logical=6400, physical=641000, timestamp=7400000, size=100, topic='TestTopic', queueId=0}
08:38:55.945 [main] DEBUG com.zephyr.storage.index.SparseIndex - Index hit for logical offset 3065: IndexEntry{logical=3000, physical=301000, timestamp=4000000, size=100, topic='TestTopic', queueId=0}
08:38:55.945 [main] DEBUG com.zephyr.storage.index.SparseIndex - Index hit for logical offset 6919: IndexEntry{logical=6900, physical=691000, timestamp=7900000, size=100, topic='TestTopic', queueId=0}
08:38:55.945 [main] DEBUG com.zephyr.storage.index.SparseIndex - Index hit for logical offset 5173: IndexEntry{logical=5100, physical=511000, timestamp=6100000, size=100, topic='TestTopic', queueId=0}
08:38:55.945 [main] DEBUG com.zephyr.storage.index.SparseIndex - Index hit for logical offset 1423: IndexEntry{logical=1400, physical=141000, timestamp=2400000, size=100, topic='TestTopic', queueId=0}
08:38:55.945 [main] DEBUG com.zephyr.storage.index.SparseIndex - Index hit for logical offset 9013: IndexEntry{logical=9000, physical=901000, timestamp=10000000, size=100, topic='TestTopic', queueId=0}
08:38:55.945 [main] DEBUG com.zephyr.storage.index.SparseIndex - Index hit for logical offset 1480: IndexEntry{logical=1400, physical=141000, timestamp=2400000, size=100, topic='TestTopic', queueId=0}
08:38:55.945 [main] DEBUG com.zephyr.storage.index.SparseIndex - Index hit for logical offset 7043: IndexEntry{logical=7000, physical=701000, timestamp=8000000, size=100, topic='TestTopic', queueId=0}
08:38:55.945 [main] DEBUG com.zephyr.storage.index.SparseIndex - Index hit for logical offset 8948: IndexEntry{logical=8900, physical=891000, timestamp=9900000, size=100, topic='TestTopic', queueId=0}
08:38:55.945 [main] DEBUG com.zephyr.storage.index.SparseIndex - Index hit for logical offset 2164: IndexEntry{logical=2100, physical=211000, timestamp=3100000, size=100, topic='TestTopic', queueId=0}
08:38:55.945 [main] DEBUG com.zephyr.storage.index.SparseIndex - Index hit for logical offset 6581: IndexEntry{logical=6500, physical=651000, timestamp=7500000, size=100, topic='TestTopic', queueId=0}
08:38:55.945 [main] DEBUG com.zephyr.storage.index.SparseIndex - Index hit for logical offset 1846: IndexEntry{logical=1800, physical=181000, timestamp=2800000, size=100, topic='TestTopic', queueId=0}
08:38:55.945 [main] DEBUG com.zephyr.storage.index.SparseIndex - Index hit for logical offset 7185: IndexEntry{logical=7100, physical=711000, timestamp=8100000, size=100, topic='TestTopic', queueId=0}
08:38:55.945 [main] DEBUG com.zephyr.storage.index.SparseIndex - Index hit for logical offset 7171: IndexEntry{logical=7100, physical=711000, timestamp=8100000, size=100, topic='TestTopic', queueId=0}
08:38:55.945 [main] DEBUG com.zephyr.storage.index.SparseIndex - Index hit for logical offset 372: IndexEntry{logical=300, physical=31000, timestamp=1300000, size=100, topic='TestTopic', queueId=0}
08:38:55.945 [main] DEBUG com.zephyr.storage.index.SparseIndex - Index hit for logical offset 7954: IndexEntry{logical=7900, physical=791000, timestamp=8900000, size=100, topic='TestTopic', queueId=0}
08:38:55.945 [main] DEBUG com.zephyr.storage.index.SparseIndex - Index hit for logical offset 6445: IndexEntry{logical=6400, physical=641000, timestamp=7400000, size=100, topic='TestTopic', queueId=0}
08:38:55.945 [main] DEBUG com.zephyr.storage.index.SparseIndex - Index hit for logical offset 9937: IndexEntry{logical=9900, physical=991000, timestamp=10900000, size=100, topic='TestTopic', queueId=0}
08:38:55.945 [main] DEBUG com.zephyr.storage.index.SparseIndex - Index hit for logical offset 9218: IndexEntry{logical=9200, physical=921000, timestamp=10200000, size=100, topic='TestTopic', queueId=0}
08:38:55.945 [main] DEBUG com.zephyr.storage.index.SparseIndex - Index hit for logical offset 2845: IndexEntry{logical=2800, physical=281000, timestamp=3800000, size=100, topic='TestTopic', queueId=0}
08:38:55.945 [main] DEBUG com.zephyr.storage.index.SparseIndex - Index hit for logical offset 3566: IndexEntry{logical=3500, physical=351000, timestamp=4500000, size=100, topic='TestTopic', queueId=0}
08:38:55.945 [main] DEBUG com.zephyr.storage.index.SparseIndex - Index hit for logical offset 5173: IndexEntry{logical=5100, physical=511000, timestamp=6100000, size=100, topic='TestTopic', queueId=0}
08:38:55.945 [main] DEBUG com.zephyr.storage.index.SparseIndex - Index hit for logical offset 6954: IndexEntry{logical=6900, physical=691000, timestamp=7900000, size=100, topic='TestTopic', queueId=0}
08:38:55.945 [main] DEBUG com.zephyr.storage.index.SparseIndex - Index hit for logical offset 2638: IndexEntry{logical=2600, physical=261000, timestamp=3600000, size=100, topic='TestTopic', queueId=0}
08:38:55.945 [main] DEBUG com.zephyr.storage.index.SparseIndex - Index hit for logical offset 4769: IndexEntry{logical=4700, physical=471000, timestamp=5700000, size=100, topic='TestTopic', queueId=0}
08:38:55.945 [main] DEBUG com.zephyr.storage.index.SparseIndex - Index hit for logical offset 8733: IndexEntry{logical=8700, physical=871000, timestamp=9700000, size=100, topic='TestTopic', queueId=0}
08:38:55.945 [main] DEBUG com.zephyr.storage.index.SparseIndex - Index hit for logical offset 7691: IndexEntry{logical=7600, physical=761000, timestamp=8600000, size=100, topic='TestTopic', queueId=0}
08:38:55.945 [main] DEBUG com.zephyr.storage.index.SparseIndex - Index hit for logical offset 3031: IndexEntry{logical=3000, physical=301000, timestamp=4000000, size=100, topic='TestTopic', queueId=0}
08:38:55.945 [main] DEBUG com.zephyr.storage.index.SparseIndex - Index hit for logical offset 958: IndexEntry{logical=900, physical=91000, timestamp=1900000, size=100, topic='TestTopic', queueId=0}
08:38:55.945 [main] DEBUG com.zephyr.storage.index.SparseIndex - Index hit for logical offset 2324: IndexEntry{logical=2300, physical=231000, timestamp=3300000, size=100, topic='TestTopic', queueId=0}
08:38:55.945 [main] DEBUG com.zephyr.storage.index.SparseIndex - Index hit for logical offset 3762: IndexEntry{logical=3700, physical=371000, timestamp=4700000, size=100, topic='TestTopic', queueId=0}
08:38:55.945 [main] DEBUG com.zephyr.storage.index.SparseIndex - Index hit for logical offset 2055: IndexEntry{logical=2000, physical=201000, timestamp=3000000, size=100, topic='TestTopic', queueId=0}
08:38:55.945 [main] DEBUG com.zephyr.storage.index.SparseIndex - Index hit for logical offset 5345: IndexEntry{logical=5300, physical=531000, timestamp=6300000, size=100, topic='TestTopic', queueId=0}
08:38:55.945 [main] DEBUG com.zephyr.storage.index.SparseIndex - Index hit for logical offset 7675: IndexEntry{logical=7600, physical=761000, timestamp=8600000, size=100, topic='TestTopic', queueId=0}
08:38:55.945 [main] DEBUG com.zephyr.storage.index.SparseIndex - Index hit for logical offset 8989: IndexEntry{logical=8900, physical=891000, timestamp=9900000, size=100, topic='TestTopic', queueId=0}
08:38:55.945 [main] DEBUG com.zephyr.storage.index.SparseIndex - Index hit for logical offset 3439: IndexEntry{logical=3400, physical=341000, timestamp=4400000, size=100, topic='TestTopic', queueId=0}
08:38:55.945 [main] DEBUG com.zephyr.storage.index.SparseIndex - Index hit for logical offset 7089: IndexEntry{logical=7000, physical=701000, timestamp=8000000, size=100, topic='TestTopic', queueId=0}
08:38:55.945 [main] DEBUG com.zephyr.storage.index.SparseIndex - Index hit for logical offset 6982: IndexEntry{logical=6900, physical=691000, timestamp=7900000, size=100, topic='TestTopic', queueId=0}
08:38:55.945 [main] DEBUG com.zephyr.storage.index.SparseIndex - Index hit for logical offset 8873: IndexEntry{logical=8800, physical=881000, timestamp=9800000, size=100, topic='TestTopic', queueId=0}
08:38:55.945 [main] DEBUG com.zephyr.storage.index.SparseIndex - Index hit for logical offset 3063: IndexEntry{logical=3000, physical=301000, timestamp=4000000, size=100, topic='TestTopic', queueId=0}
08:38:55.945 [main] DEBUG com.zephyr.storage.index.SparseIndex - Index hit for logical offset 6166: IndexEntry{logical=6100, physical=611000, timestamp=7100000, size=100, topic='TestTopic', queueId=0}
08:38:55.945 [main] DEBUG com.zephyr.storage.index.SparseIndex - Index hit for logical offset 6576: IndexEntry{logical=6500, physical=651000, timestamp=7500000, size=100, topic='TestTopic', queueId=0}
08:38:55.945 [main] DEBUG com.zephyr.storage.index.SparseIndex - Index hit for logical offset 3525: IndexEntry{logical=3500, physical=351000, timestamp=4500000, size=100, topic='TestTopic', queueId=0}
08:38:55.945 [main] DEBUG com.zephyr.storage.index.SparseIndex - Index hit for logical offset 9946: IndexEntry{logical=9900, physical=991000, timestamp=10900000, size=100, topic='TestTopic', queueId=0}
08:38:55.945 [main] DEBUG com.zephyr.storage.index.SparseIndex - Index hit for logical offset 4106: IndexEntry{logical=4100, physical=411000, timestamp=5100000, size=100, topic='TestTopic', queueId=0}
08:38:55.945 [main] DEBUG com.zephyr.storage.index.SparseIndex - Index hit for logical offset 1135: IndexEntry{logical=1100, physical=111000, timestamp=2100000, size=100, topic='TestTopic', queueId=0}
08:38:55.945 [main] DEBUG com.zephyr.storage.index.SparseIndex - Index hit for logical offset 6222: IndexEntry{logical=6200, physical=621000, timestamp=7200000, size=100, topic='TestTopic', queueId=0}
08:38:55.945 [main] DEBUG com.zephyr.storage.index.SparseIndex - Index hit for logical offset 7563: IndexEntry{logical=7500, physical=751000, timestamp=8500000, size=100, topic='TestTopic', queueId=0}
08:38:55.945 [main] DEBUG com.zephyr.storage.index.SparseIndex - Index hit for logical offset 2404: IndexEntry{logical=2400, physical=241000, timestamp=3400000, size=100, topic='TestTopic', queueId=0}
08:38:55.945 [main] DEBUG com.zephyr.storage.index.SparseIndex - Index hit for logical offset 6486: IndexEntry{logical=6400, physical=641000, timestamp=7400000, size=100, topic='TestTopic', queueId=0}
08:38:55.945 [main] DEBUG com.zephyr.storage.index.SparseIndex - Index hit for logical offset 303: IndexEntry{logical=300, physical=31000, timestamp=1300000, size=100, topic='TestTopic', queueId=0}
08:38:55.945 [main] DEBUG com.zephyr.storage.index.SparseIndex - Index hit for logical offset 861: IndexEntry{logical=800, physical=81000, timestamp=1800000, size=100, topic='TestTopic', queueId=0}
08:38:55.945 [main] DEBUG com.zephyr.storage.index.SparseIndex - Index hit for logical offset 5447: IndexEntry{logical=5400, physical=541000, timestamp=6400000, size=100, topic='TestTopic', queueId=0}
08:38:55.945 [main] DEBUG com.zephyr.storage.index.SparseIndex - Index hit for logical offset 61: IndexEntry{logical=0, physical=1000, timestamp=1000000, size=100, topic='TestTopic', queueId=0}
08:38:55.945 [main] DEBUG com.zephyr.storage.index.SparseIndex - Index hit for logical offset 9785: IndexEntry{logical=9700, physical=971000, timestamp=10700000, size=100, topic='TestTopic', queueId=0}
08:38:55.945 [main] DEBUG com.zephyr.storage.index.SparseIndex - Index hit for logical offset 9317: IndexEntry{logical=9300, physical=931000, timestamp=10300000, size=100, topic='TestTopic', queueId=0}
08:38:55.945 [main] DEBUG com.zephyr.storage.index.SparseIndex - Index hit for logical offset 7602: IndexEntry{logical=7600, physical=761000, timestamp=8600000, size=100, topic='TestTopic', queueId=0}
08:38:55.945 [main] DEBUG com.zephyr.storage.index.SparseIndex - Index hit for logical offset 9418: IndexEntry{logical=9400, physical=941000, timestamp=10400000, size=100, topic='TestTopic', queueId=0}
08:38:55.945 [main] DEBUG com.zephyr.storage.index.SparseIndex - Index hit for logical offset 4581: IndexEntry{logical=4500, physical=451000, timestamp=5500000, size=100, topic='TestTopic', queueId=0}
08:38:55.945 [main] DEBUG com.zephyr.storage.index.SparseIndex - Index hit for logical offset 6585: IndexEntry{logical=6500, physical=651000, timestamp=7500000, size=100, topic='TestTopic', queueId=0}
08:38:55.945 [main] DEBUG com.zephyr.storage.index.SparseIndex - Index hit for logical offset 4740: IndexEntry{logical=4700, physical=471000, timestamp=5700000, size=100, topic='TestTopic', queueId=0}
08:38:55.945 [main] DEBUG com.zephyr.storage.index.SparseIndex - Index hit for logical offset 876: IndexEntry{logical=800, physical=81000, timestamp=1800000, size=100, topic='TestTopic', queueId=0}
08:38:55.945 [main] DEBUG com.zephyr.storage.index.SparseIndex - Index hit for logical offset 9476: IndexEntry{logical=9400, physical=941000, timestamp=10400000, size=100, topic='TestTopic', queueId=0}
08:38:55.945 [main] DEBUG com.zephyr.storage.index.SparseIndex - Index hit for logical offset 2870: IndexEntry{logical=2800, physical=281000, timestamp=3800000, size=100, topic='TestTopic', queueId=0}
08:38:55.945 [main] DEBUG com.zephyr.storage.index.SparseIndex - Index hit for logical offset 8954: IndexEntry{logical=8900, physical=891000, timestamp=9900000, size=100, topic='TestTopic', queueId=0}
08:38:55.945 [main] DEBUG com.zephyr.storage.index.SparseIndex - Index hit for logical offset 2290: IndexEntry{logical=2200, physical=221000, timestamp=3200000, size=100, topic='TestTopic', queueId=0}
08:38:55.946 [main] DEBUG com.zephyr.storage.index.SparseIndex - Index hit for logical offset 7103: IndexEntry{logical=7100, physical=711000, timestamp=8100000, size=100, topic='TestTopic', queueId=0}
08:38:55.946 [main] DEBUG com.zephyr.storage.index.SparseIndex - Index hit for logical offset 7013: IndexEntry{logical=7000, physical=701000, timestamp=8000000, size=100, topic='TestTopic', queueId=0}
08:38:55.946 [main] DEBUG com.zephyr.storage.index.SparseIndex - Index hit for logical offset 1442: IndexEntry{logical=1400, physical=141000, timestamp=2400000, size=100, topic='TestTopic', queueId=0}
08:38:55.946 [main] DEBUG com.zephyr.storage.index.SparseIndex - Index hit for logical offset 6253: IndexEntry{logical=6200, physical=621000, timestamp=7200000, size=100, topic='TestTopic', queueId=0}
08:38:55.946 [main] DEBUG com.zephyr.storage.index.SparseIndex - Index hit for logical offset 9127: IndexEntry{logical=9100, physical=911000, timestamp=10100000, size=100, topic='TestTopic', queueId=0}
08:38:55.946 [main] DEBUG com.zephyr.storage.index.SparseIndex - Index hit for logical offset 1471: IndexEntry{logical=1400, physical=141000, timestamp=2400000, size=100, topic='TestTopic', queueId=0}
08:38:55.946 [main] DEBUG com.zephyr.storage.index.SparseIndex - Index hit for logical offset 2626: IndexEntry{logical=2600, physical=261000, timestamp=3600000, size=100, topic='TestTopic', queueId=0}
08:38:55.946 [main] DEBUG com.zephyr.storage.index.SparseIndex - Index hit for logical offset 2616: IndexEntry{logical=2600, physical=261000, timestamp=3600000, size=100, topic='TestTopic', queueId=0}
08:38:55.946 [main] DEBUG com.zephyr.storage.index.SparseIndex - Index hit for logical offset 6520: IndexEntry{logical=6500, physical=651000, timestamp=7500000, size=100, topic='TestTopic', queueId=0}
08:38:55.946 [main] DEBUG com.zephyr.storage.index.SparseIndex - Index hit for logical offset 4841: IndexEntry{logical=4800, physical=481000, timestamp=5800000, size=100, topic='TestTopic', queueId=0}
08:38:55.946 [main] DEBUG com.zephyr.storage.index.SparseIndex - Index hit for logical offset 466: IndexEntry{logical=400, physical=41000, timestamp=1400000, size=100, topic='TestTopic', queueId=0}
08:38:55.946 [main] DEBUG com.zephyr.storage.index.SparseIndex - Index hit for logical offset 2098: IndexEntry{logical=2000, physical=201000, timestamp=3000000, size=100, topic='TestTopic', queueId=0}
08:38:55.946 [main] DEBUG com.zephyr.storage.index.SparseIndex - Index hit for logical offset 9379: IndexEntry{logical=9300, physical=931000, timestamp=10300000, size=100, topic='TestTopic', queueId=0}
08:38:55.946 [main] DEBUG com.zephyr.storage.index.SparseIndex - Index hit for logical offset 3430: IndexEntry{logical=3400, physical=341000, timestamp=4400000, size=100, topic='TestTopic', queueId=0}
08:38:55.946 [main] DEBUG com.zephyr.storage.index.SparseIndex - Index hit for logical offset 7603: IndexEntry{logical=7600, physical=761000, timestamp=8600000, size=100, topic='TestTopic', queueId=0}
08:38:55.946 [main] DEBUG com.zephyr.storage.index.SparseIndex - Index hit for logical offset 5991: IndexEntry{logical=5900, physical=591000, timestamp=6900000, size=100, topic='TestTopic', queueId=0}
08:38:55.946 [main] DEBUG com.zephyr.storage.index.SparseIndex - Index hit for logical offset 9101: IndexEntry{logical=9100, physical=911000, timestamp=10100000, size=100, topic='TestTopic', queueId=0}
08:38:55.946 [main] DEBUG com.zephyr.storage.index.SparseIndex - Index hit for logical offset 5438: IndexEntry{logical=5400, physical=541000, timestamp=6400000, size=100, topic='TestTopic', queueId=0}
08:38:55.946 [main] DEBUG com.zephyr.storage.index.SparseIndex - Index hit for logical offset 5499: IndexEntry{logical=5400, physical=541000, timestamp=6400000, size=100, topic='TestTopic', queueId=0}
Large data test: 100 entries added in 14ms, 1000 queries in 38ms, hit ratio: 100.00%
]]></system-out>
  </testcase>
  <testcase name="testIndexEntryToString" classname="com.zephyr.storage.index.SparseIndexTest" time="0.0">
    <system-out><![CDATA[08:38:55.951 [main] INFO com.zephyr.storage.index.SparseIndex - SparseIndex initialized: interval=10, maxEntries=1000
]]></system-out>
  </testcase>
  <testcase name="testTimeRangeQuery" classname="com.zephyr.storage.index.SparseIndexTest" time="0.001">
    <system-out><![CDATA[08:38:55.952 [main] INFO com.zephyr.storage.index.SparseIndex - SparseIndex initialized: interval=10, maxEntries=1000
08:38:55.952 [main] DEBUG com.zephyr.storage.index.SparseIndex - Added index entry: IndexEntry{logical=0, physical=1000, timestamp=1000000, size=100, topic='TestTopic', queueId=0}
08:38:55.952 [main] DEBUG com.zephyr.storage.index.SparseIndex - Added index entry: IndexEntry{logical=10, physical=2000, timestamp=1010000, size=100, topic='TestTopic', queueId=0}
08:38:55.952 [main] DEBUG com.zephyr.storage.index.SparseIndex - Added index entry: IndexEntry{logical=20, physical=3000, timestamp=1020000, size=100, topic='TestTopic', queueId=0}
08:38:55.952 [main] DEBUG com.zephyr.storage.index.SparseIndex - Added index entry: IndexEntry{logical=30, physical=4000, timestamp=1030000, size=100, topic='TestTopic', queueId=0}
08:38:55.952 [main] DEBUG com.zephyr.storage.index.SparseIndex - Index hit for timestamp 1005000: IndexEntry{logical=0, physical=1000, timestamp=1000000, size=100, topic='TestTopic', queueId=0}
08:38:55.953 [main] DEBUG com.zephyr.storage.index.SparseIndex - Time range query [1005000, 1025000]: QueryRange{start=1000, end=4000, entries=[IndexEntry{logical=0, physical=1000, timestamp=1000000, size=100, topic='TestTopic', queueId=0}, IndexEntry{logical=30, physical=4000, timestamp=1030000, size=100, topic='TestTopic', queueId=0}]}
]]></system-out>
  </testcase>
  <testcase name="testSparseIndexInterval" classname="com.zephyr.storage.index.SparseIndexTest" time="0.0">
    <system-out><![CDATA[08:38:55.954 [main] INFO com.zephyr.storage.index.SparseIndex - SparseIndex initialized: interval=10, maxEntries=1000
08:38:55.954 [main] DEBUG com.zephyr.storage.index.SparseIndex - Added index entry: IndexEntry{logical=0, physical=1000, timestamp=1000000, size=100, topic='TestTopic', queueId=0}
08:38:55.954 [main] DEBUG com.zephyr.storage.index.SparseIndex - Added index entry: IndexEntry{logical=10, physical=2000, timestamp=1010000, size=100, topic='TestTopic', queueId=0}
08:38:55.954 [main] DEBUG com.zephyr.storage.index.SparseIndex - Added index entry: IndexEntry{logical=20, physical=3000, timestamp=1020000, size=100, topic='TestTopic', queueId=0}
08:38:55.954 [main] DEBUG com.zephyr.storage.index.SparseIndex - Added index entry: IndexEntry{logical=30, physical=4000, timestamp=1030000, size=100, topic='TestTopic', queueId=0}
08:38:55.954 [main] DEBUG com.zephyr.storage.index.SparseIndex - Added index entry: IndexEntry{logical=40, physical=5000, timestamp=1040000, size=100, topic='TestTopic', queueId=0}
08:38:55.954 [main] DEBUG com.zephyr.storage.index.SparseIndex - Index hit for logical offset 25: IndexEntry{logical=20, physical=3000, timestamp=1020000, size=100, topic='TestTopic', queueId=0}
08:38:55.954 [main] DEBUG com.zephyr.storage.index.SparseIndex - Index hit for logical offset 35: IndexEntry{logical=30, physical=4000, timestamp=1030000, size=100, topic='TestTopic', queueId=0}
]]></system-out>
  </testcase>
  <testcase name="testIndexNotFound" classname="com.zephyr.storage.index.SparseIndexTest" time="0.0">
    <system-out><![CDATA[08:38:55.955 [main] INFO com.zephyr.storage.index.SparseIndex - SparseIndex initialized: interval=10, maxEntries=1000
08:38:55.955 [main] DEBUG com.zephyr.storage.index.SparseIndex - No index found for logical offset: 100
08:38:55.955 [main] DEBUG com.zephyr.storage.index.SparseIndex - No index found for physical offset: 5000
08:38:55.955 [main] DEBUG com.zephyr.storage.index.SparseIndex - No index found for timestamp: 2000000
08:38:55.955 [main] DEBUG com.zephyr.storage.index.SparseIndex - Added index entry: IndexEntry{logical=100, physical=10000, timestamp=2000000, size=100, topic='TestTopic', queueId=0}
08:38:55.955 [main] DEBUG com.zephyr.storage.index.SparseIndex - No index found for logical offset: 50
08:38:55.955 [main] DEBUG com.zephyr.storage.index.SparseIndex - No index found for physical offset: 5000
08:38:55.955 [main] DEBUG com.zephyr.storage.index.SparseIndex - No index found for timestamp: 1500000
]]></system-out>
  </testcase>
  <testcase name="testPhysicalRangeQuery" classname="com.zephyr.storage.index.SparseIndexTest" time="0.0">
    <system-out><![CDATA[08:38:55.956 [main] INFO com.zephyr.storage.index.SparseIndex - SparseIndex initialized: interval=10, maxEntries=1000
08:38:55.956 [main] DEBUG com.zephyr.storage.index.SparseIndex - Added index entry: IndexEntry{logical=0, physical=1000, timestamp=1000000, size=100, topic='TestTopic', queueId=0}
08:38:55.956 [main] DEBUG com.zephyr.storage.index.SparseIndex - Added index entry: IndexEntry{logical=10, physical=2000, timestamp=1001000, size=100, topic='TestTopic', queueId=0}
08:38:55.956 [main] DEBUG com.zephyr.storage.index.SparseIndex - Added index entry: IndexEntry{logical=20, physical=3000, timestamp=1002000, size=100, topic='TestTopic', queueId=0}
08:38:55.956 [main] DEBUG com.zephyr.storage.index.SparseIndex - Added index entry: IndexEntry{logical=30, physical=4000, timestamp=1003000, size=100, topic='TestTopic', queueId=0}
08:38:55.956 [main] DEBUG com.zephyr.storage.index.SparseIndex - Index hit for physical offset 1500: IndexEntry{logical=0, physical=1000, timestamp=1000000, size=100, topic='TestTopic', queueId=0}
08:38:55.956 [main] DEBUG com.zephyr.storage.index.SparseIndex - Physical range query [1500, 3500]: QueryRange{start=1000, end=4000, entries=[IndexEntry{logical=0, physical=1000, timestamp=1000000, size=100, topic='TestTopic', queueId=0}, IndexEntry{logical=30, physical=4000, timestamp=1003000, size=100, topic='TestTopic', queueId=0}]}
]]></system-out>
  </testcase>
  <testcase name="testEarliestAndLatestEntries" classname="com.zephyr.storage.index.SparseIndexTest" time="0.0">
    <system-out><![CDATA[08:38:55.957 [main] INFO com.zephyr.storage.index.SparseIndex - SparseIndex initialized: interval=10, maxEntries=1000
08:38:55.957 [main] DEBUG com.zephyr.storage.index.SparseIndex - Added index entry: IndexEntry{logical=10, physical=2000, timestamp=1001000, size=100, topic='TestTopic', queueId=0}
08:38:55.957 [main] DEBUG com.zephyr.storage.index.SparseIndex - Added index entry: IndexEntry{logical=0, physical=1000, timestamp=1000000, size=100, topic='TestTopic', queueId=0}
08:38:55.957 [main] DEBUG com.zephyr.storage.index.SparseIndex - Added index entry: IndexEntry{logical=20, physical=3000, timestamp=1002000, size=100, topic='TestTopic', queueId=0}
]]></system-out>
  </testcase>
  <testcase name="testLogicalRangeQuery" classname="com.zephyr.storage.index.SparseIndexTest" time="0.005">
    <system-out><![CDATA[08:38:55.962 [main] INFO com.zephyr.storage.index.SparseIndex - SparseIndex initialized: interval=10, maxEntries=1000
08:38:55.962 [main] DEBUG com.zephyr.storage.index.SparseIndex - Added index entry: IndexEntry{logical=0, physical=1000, timestamp=1000000, size=100, topic='TestTopic', queueId=0}
08:38:55.963 [main] DEBUG com.zephyr.storage.index.SparseIndex - Added index entry: IndexEntry{logical=10, physical=2000, timestamp=1001000, size=100, topic='TestTopic', queueId=0}
08:38:55.963 [main] DEBUG com.zephyr.storage.index.SparseIndex - Added index entry: IndexEntry{logical=20, physical=3000, timestamp=1002000, size=100, topic='TestTopic', queueId=0}
08:38:55.963 [main] DEBUG com.zephyr.storage.index.SparseIndex - Added index entry: IndexEntry{logical=30, physical=4000, timestamp=1003000, size=100, topic='TestTopic', queueId=0}
08:38:55.963 [main] DEBUG com.zephyr.storage.index.SparseIndex - Index hit for logical offset 5: IndexEntry{logical=0, physical=1000, timestamp=1000000, size=100, topic='TestTopic', queueId=0}
08:38:55.963 [main] DEBUG com.zephyr.storage.index.SparseIndex - Logical range query [5, 25]: QueryRange{start=1000, end=4000, entries=[IndexEntry{logical=0, physical=1000, timestamp=1000000, size=100, topic='TestTopic', queueId=0}, IndexEntry{logical=30, physical=4000, timestamp=1003000, size=100, topic='TestTopic', queueId=0}]}
]]></system-out>
  </testcase>
  <testcase name="testQueryRangeOperations" classname="com.zephyr.storage.index.SparseIndexTest" time="0.001">
    <system-out><![CDATA[08:38:55.964 [main] INFO com.zephyr.storage.index.SparseIndex - SparseIndex initialized: interval=10, maxEntries=1000
]]></system-out>
  </testcase>
  <testcase name="testIndexStatistics" classname="com.zephyr.storage.index.SparseIndexTest" time="0.001">
    <system-out><![CDATA[08:38:55.965 [main] INFO com.zephyr.storage.index.SparseIndex - SparseIndex initialized: interval=10, maxEntries=1000
08:38:55.965 [main] DEBUG com.zephyr.storage.index.SparseIndex - Added index entry: IndexEntry{logical=0, physical=1000, timestamp=1000000, size=100, topic='TestTopic', queueId=0}
08:38:55.965 [main] DEBUG com.zephyr.storage.index.SparseIndex - Added index entry: IndexEntry{logical=10, physical=2000, timestamp=1001000, size=100, topic='TestTopic', queueId=0}
08:38:55.965 [main] DEBUG com.zephyr.storage.index.SparseIndex - Index hit for logical offset 5: IndexEntry{logical=0, physical=1000, timestamp=1000000, size=100, topic='TestTopic', queueId=0}
08:38:55.965 [main] DEBUG com.zephyr.storage.index.SparseIndex - Index hit for logical offset 15: IndexEntry{logical=10, physical=2000, timestamp=1001000, size=100, topic='TestTopic', queueId=0}
08:38:55.965 [main] DEBUG com.zephyr.storage.index.SparseIndex - Index hit for logical offset 50: IndexEntry{logical=10, physical=2000, timestamp=1001000, size=100, topic='TestTopic', queueId=0}
]]></system-out>
  </testcase>
</testsuite>