<?xml version="1.0" encoding="UTF-8"?>
<testsuite xmlns:xsi="http://www.w3.org/2001/XMLSchema-instance" xsi:noNamespaceSchemaLocation="https://maven.apache.org/surefire/maven-surefire-plugin/xsd/surefire-test-report-3.0.xsd" version="3.0" name="com.zephyr.broker.topic.TopicServiceTest" time="0.225" tests="7" errors="0" skipped="0" failures="0">
  <properties>
    <property name="java.specification.version" value="17"/>
    <property name="sun.jnu.encoding" value="UTF-8"/>
    <property name="java.class.path" value="/home/wuqisen/DevelopMaterial/ZephyrMQ/zephyr-broker/target/test-classes:/home/wuqisen/DevelopMaterial/ZephyrMQ/zephyr-broker/target/classes:/home/wuqisen/DevelopMaterial/ZephyrMQ/zephyr-common/target/classes:/home/wuqisen/.m2/repository/org/slf4j/slf4j-api/1.7.36/slf4j-api-1.7.36.jar:/home/wuqisen/.m2/repository/ch/qos/logback/logback-classic/1.2.12/logback-classic-1.2.12.jar:/home/wuqisen/.m2/repository/ch/qos/logback/logback-core/1.2.12/logback-core-1.2.12.jar:/home/wuqisen/.m2/repository/com/google/guava/guava/32.1.3-jre/guava-32.1.3-jre.jar:/home/wuqisen/.m2/repository/com/google/guava/failureaccess/1.0.1/failureaccess-1.0.1.jar:/home/wuqisen/.m2/repository/com/google/guava/listenablefuture/9999.0-empty-to-avoid-conflict-with-guava/listenablefuture-9999.0-empty-to-avoid-conflict-with-guava.jar:/home/wuqisen/.m2/repository/com/google/code/findbugs/jsr305/3.0.2/jsr305-3.0.2.jar:/home/wuqisen/.m2/repository/org/checkerframework/checker-qual/3.37.0/checker-qual-3.37.0.jar:/home/wuqisen/.m2/repository/com/google/errorprone/error_prone_annotations/2.21.1/error_prone_annotations-2.21.1.jar:/home/wuqisen/.m2/repository/com/google/j2objc/j2objc-annotations/2.8/j2objc-annotations-2.8.jar:/home/wuqisen/.m2/repository/org/apache/commons/commons-lang3/3.13.0/commons-lang3-3.13.0.jar:/home/wuqisen/DevelopMaterial/ZephyrMQ/zephyr-protocol/target/classes:/home/wuqisen/.m2/repository/com/google/protobuf/protobuf-java/3.25.1/protobuf-java-3.25.1.jar:/home/wuqisen/.m2/repository/com/fasterxml/jackson/core/jackson-databind/2.16.0/jackson-databind-2.16.0.jar:/home/wuqisen/.m2/repository/com/fasterxml/jackson/core/jackson-core/2.16.0/jackson-core-2.16.0.jar:/home/wuqisen/.m2/repository/com/fasterxml/jackson/core/jackson-annotations/2.16.0/jackson-annotations-2.16.0.jar:/home/wuqisen/DevelopMaterial/ZephyrMQ/zephyr-storage/target/classes:/home/wuqisen/.m2/repository/org/lz4/lz4-java/1.8.0/lz4-java-1.8.0.jar:/home/wuqisen/.m2/repository/org/xerial/snappy/snappy-java/1.1.10.4/snappy-java-1.1.10.4.jar:/home/wuqisen/.m2/repository/io/netty/netty-all/4.1.104.Final/netty-all-4.1.104.Final.jar:/home/wuqisen/.m2/repository/io/netty/netty-buffer/4.1.104.Final/netty-buffer-4.1.104.Final.jar:/home/wuqisen/.m2/repository/io/netty/netty-codec/4.1.104.Final/netty-codec-4.1.104.Final.jar:/home/wuqisen/.m2/repository/io/netty/netty-codec-dns/4.1.104.Final/netty-codec-dns-4.1.104.Final.jar:/home/wuqisen/.m2/repository/io/netty/netty-codec-haproxy/4.1.104.Final/netty-codec-haproxy-4.1.104.Final.jar:/home/wuqisen/.m2/repository/io/netty/netty-codec-http/4.1.104.Final/netty-codec-http-4.1.104.Final.jar:/home/wuqisen/.m2/repository/io/netty/netty-codec-http2/4.1.104.Final/netty-codec-http2-4.1.104.Final.jar:/home/wuqisen/.m2/repository/io/netty/netty-codec-memcache/4.1.104.Final/netty-codec-memcache-4.1.104.Final.jar:/home/wuqisen/.m2/repository/io/netty/netty-codec-mqtt/4.1.104.Final/netty-codec-mqtt-4.1.104.Final.jar:/home/wuqisen/.m2/repository/io/netty/netty-codec-redis/4.1.104.Final/netty-codec-redis-4.1.104.Final.jar:/home/wuqisen/.m2/repository/io/netty/netty-codec-smtp/4.1.104.Final/netty-codec-smtp-4.1.104.Final.jar:/home/wuqisen/.m2/repository/io/netty/netty-codec-socks/4.1.104.Final/netty-codec-socks-4.1.104.Final.jar:/home/wuqisen/.m2/repository/io/netty/netty-codec-stomp/4.1.104.Final/netty-codec-stomp-4.1.104.Final.jar:/home/wuqisen/.m2/repository/io/netty/netty-codec-xml/4.1.104.Final/netty-codec-xml-4.1.104.Final.jar:/home/wuqisen/.m2/repository/io/netty/netty-common/4.1.104.Final/netty-common-4.1.104.Final.jar:/home/wuqisen/.m2/repository/io/netty/netty-handler/4.1.104.Final/netty-handler-4.1.104.Final.jar:/home/wuqisen/.m2/repository/io/netty/netty-transport-native-unix-common/4.1.104.Final/netty-transport-native-unix-common-4.1.104.Final.jar:/home/wuqisen/.m2/repository/io/netty/netty-handler-proxy/4.1.104.Final/netty-handler-proxy-4.1.104.Final.jar:/home/wuqisen/.m2/repository/io/netty/netty-handler-ssl-ocsp/4.1.104.Final/netty-handler-ssl-ocsp-4.1.104.Final.jar:/home/wuqisen/.m2/repository/io/netty/netty-resolver/4.1.104.Final/netty-resolver-4.1.104.Final.jar:/home/wuqisen/.m2/repository/io/netty/netty-resolver-dns/4.1.104.Final/netty-resolver-dns-4.1.104.Final.jar:/home/wuqisen/.m2/repository/io/netty/netty-transport/4.1.104.Final/netty-transport-4.1.104.Final.jar:/home/wuqisen/.m2/repository/io/netty/netty-transport-rxtx/4.1.104.Final/netty-transport-rxtx-4.1.104.Final.jar:/home/wuqisen/.m2/repository/io/netty/netty-transport-sctp/4.1.104.Final/netty-transport-sctp-4.1.104.Final.jar:/home/wuqisen/.m2/repository/io/netty/netty-transport-udt/4.1.104.Final/netty-transport-udt-4.1.104.Final.jar:/home/wuqisen/.m2/repository/io/netty/netty-transport-classes-epoll/4.1.104.Final/netty-transport-classes-epoll-4.1.104.Final.jar:/home/wuqisen/.m2/repository/io/netty/netty-transport-classes-kqueue/4.1.104.Final/netty-transport-classes-kqueue-4.1.104.Final.jar:/home/wuqisen/.m2/repository/io/netty/netty-resolver-dns-classes-macos/4.1.104.Final/netty-resolver-dns-classes-macos-4.1.104.Final.jar:/home/wuqisen/.m2/repository/io/netty/netty-transport-native-epoll/4.1.104.Final/netty-transport-native-epoll-4.1.104.Final-linux-x86_64.jar:/home/wuqisen/.m2/repository/io/netty/netty-transport-native-epoll/4.1.104.Final/netty-transport-native-epoll-4.1.104.Final-linux-aarch_64.jar:/home/wuqisen/.m2/repository/io/netty/netty-transport-native-epoll/4.1.104.Final/netty-transport-native-epoll-4.1.104.Final-linux-riscv64.jar:/home/wuqisen/.m2/repository/io/netty/netty-transport-native-kqueue/4.1.104.Final/netty-transport-native-kqueue-4.1.104.Final-osx-x86_64.jar:/home/wuqisen/.m2/repository/io/netty/netty-transport-native-kqueue/4.1.104.Final/netty-transport-native-kqueue-4.1.104.Final-osx-aarch_64.jar:/home/wuqisen/.m2/repository/io/netty/netty-resolver-dns-native-macos/4.1.104.Final/netty-resolver-dns-native-macos-4.1.104.Final-osx-x86_64.jar:/home/wuqisen/.m2/repository/io/netty/netty-resolver-dns-native-macos/4.1.104.Final/netty-resolver-dns-native-macos-4.1.104.Final-osx-aarch_64.jar:/home/wuqisen/.m2/repository/org/junit/jupiter/junit-jupiter/5.10.1/junit-jupiter-5.10.1.jar:/home/wuqisen/.m2/repository/org/junit/jupiter/junit-jupiter-api/5.10.1/junit-jupiter-api-5.10.1.jar:/home/wuqisen/.m2/repository/org/opentest4j/opentest4j/1.3.0/opentest4j-1.3.0.jar:/home/wuqisen/.m2/repository/org/junit/platform/junit-platform-commons/1.10.1/junit-platform-commons-1.10.1.jar:/home/wuqisen/.m2/repository/org/apiguardian/apiguardian-api/1.1.2/apiguardian-api-1.1.2.jar:/home/wuqisen/.m2/repository/org/junit/jupiter/junit-jupiter-params/5.10.1/junit-jupiter-params-5.10.1.jar:/home/wuqisen/.m2/repository/org/junit/jupiter/junit-jupiter-engine/5.10.1/junit-jupiter-engine-5.10.1.jar:/home/wuqisen/.m2/repository/org/junit/platform/junit-platform-engine/1.10.1/junit-platform-engine-1.10.1.jar:/home/wuqisen/.m2/repository/org/mockito/mockito-core/5.7.0/mockito-core-5.7.0.jar:/home/wuqisen/.m2/repository/net/bytebuddy/byte-buddy/1.14.9/byte-buddy-1.14.9.jar:/home/wuqisen/.m2/repository/net/bytebuddy/byte-buddy-agent/1.14.9/byte-buddy-agent-1.14.9.jar:/home/wuqisen/.m2/repository/org/objenesis/objenesis/3.3/objenesis-3.3.jar:"/>
    <property name="java.vm.vendor" value="Ubuntu"/>
    <property name="sun.arch.data.model" value="64"/>
    <property name="java.vendor.url" value="https://ubuntu.com/"/>
    <property name="user.timezone" value="Asia/Shanghai"/>
    <property name="os.name" value="Linux"/>
    <property name="java.vm.specification.version" value="17"/>
    <property name="user.country" value="CN"/>
    <property name="sun.java.launcher" value="SUN_STANDARD"/>
    <property name="sun.boot.library.path" value="/usr/lib/jvm/java-17-openjdk-amd64/lib"/>
    <property name="sun.java.command" value="/home/wuqisen/DevelopMaterial/ZephyrMQ/zephyr-broker/target/surefire/surefirebooter-20250926083856679_44.jar /home/wuqisen/DevelopMaterial/ZephyrMQ/zephyr-broker/target/surefire 2025-09-26T08-38-52_801-jvmRun1 surefire-20250926083856679_42tmp surefire_1-20250926083856679_43tmp"/>
    <property name="jdk.debug" value="release"/>
    <property name="surefire.test.class.path" value="/home/wuqisen/DevelopMaterial/ZephyrMQ/zephyr-broker/target/test-classes:/home/wuqisen/DevelopMaterial/ZephyrMQ/zephyr-broker/target/classes:/home/wuqisen/DevelopMaterial/ZephyrMQ/zephyr-common/target/classes:/home/wuqisen/.m2/repository/org/slf4j/slf4j-api/1.7.36/slf4j-api-1.7.36.jar:/home/wuqisen/.m2/repository/ch/qos/logback/logback-classic/1.2.12/logback-classic-1.2.12.jar:/home/wuqisen/.m2/repository/ch/qos/logback/logback-core/1.2.12/logback-core-1.2.12.jar:/home/wuqisen/.m2/repository/com/google/guava/guava/32.1.3-jre/guava-32.1.3-jre.jar:/home/wuqisen/.m2/repository/com/google/guava/failureaccess/1.0.1/failureaccess-1.0.1.jar:/home/wuqisen/.m2/repository/com/google/guava/listenablefuture/9999.0-empty-to-avoid-conflict-with-guava/listenablefuture-9999.0-empty-to-avoid-conflict-with-guava.jar:/home/wuqisen/.m2/repository/com/google/code/findbugs/jsr305/3.0.2/jsr305-3.0.2.jar:/home/wuqisen/.m2/repository/org/checkerframework/checker-qual/3.37.0/checker-qual-3.37.0.jar:/home/wuqisen/.m2/repository/com/google/errorprone/error_prone_annotations/2.21.1/error_prone_annotations-2.21.1.jar:/home/wuqisen/.m2/repository/com/google/j2objc/j2objc-annotations/2.8/j2objc-annotations-2.8.jar:/home/wuqisen/.m2/repository/org/apache/commons/commons-lang3/3.13.0/commons-lang3-3.13.0.jar:/home/wuqisen/DevelopMaterial/ZephyrMQ/zephyr-protocol/target/classes:/home/wuqisen/.m2/repository/com/google/protobuf/protobuf-java/3.25.1/protobuf-java-3.25.1.jar:/home/wuqisen/.m2/repository/com/fasterxml/jackson/core/jackson-databind/2.16.0/jackson-databind-2.16.0.jar:/home/wuqisen/.m2/repository/com/fasterxml/jackson/core/jackson-core/2.16.0/jackson-core-2.16.0.jar:/home/wuqisen/.m2/repository/com/fasterxml/jackson/core/jackson-annotations/2.16.0/jackson-annotations-2.16.0.jar:/home/wuqisen/DevelopMaterial/ZephyrMQ/zephyr-storage/target/classes:/home/wuqisen/.m2/repository/org/lz4/lz4-java/1.8.0/lz4-java-1.8.0.jar:/home/wuqisen/.m2/repository/org/xerial/snappy/snappy-java/1.1.10.4/snappy-java-1.1.10.4.jar:/home/wuqisen/.m2/repository/io/netty/netty-all/4.1.104.Final/netty-all-4.1.104.Final.jar:/home/wuqisen/.m2/repository/io/netty/netty-buffer/4.1.104.Final/netty-buffer-4.1.104.Final.jar:/home/wuqisen/.m2/repository/io/netty/netty-codec/4.1.104.Final/netty-codec-4.1.104.Final.jar:/home/wuqisen/.m2/repository/io/netty/netty-codec-dns/4.1.104.Final/netty-codec-dns-4.1.104.Final.jar:/home/wuqisen/.m2/repository/io/netty/netty-codec-haproxy/4.1.104.Final/netty-codec-haproxy-4.1.104.Final.jar:/home/wuqisen/.m2/repository/io/netty/netty-codec-http/4.1.104.Final/netty-codec-http-4.1.104.Final.jar:/home/wuqisen/.m2/repository/io/netty/netty-codec-http2/4.1.104.Final/netty-codec-http2-4.1.104.Final.jar:/home/wuqisen/.m2/repository/io/netty/netty-codec-memcache/4.1.104.Final/netty-codec-memcache-4.1.104.Final.jar:/home/wuqisen/.m2/repository/io/netty/netty-codec-mqtt/4.1.104.Final/netty-codec-mqtt-4.1.104.Final.jar:/home/wuqisen/.m2/repository/io/netty/netty-codec-redis/4.1.104.Final/netty-codec-redis-4.1.104.Final.jar:/home/wuqisen/.m2/repository/io/netty/netty-codec-smtp/4.1.104.Final/netty-codec-smtp-4.1.104.Final.jar:/home/wuqisen/.m2/repository/io/netty/netty-codec-socks/4.1.104.Final/netty-codec-socks-4.1.104.Final.jar:/home/wuqisen/.m2/repository/io/netty/netty-codec-stomp/4.1.104.Final/netty-codec-stomp-4.1.104.Final.jar:/home/wuqisen/.m2/repository/io/netty/netty-codec-xml/4.1.104.Final/netty-codec-xml-4.1.104.Final.jar:/home/wuqisen/.m2/repository/io/netty/netty-common/4.1.104.Final/netty-common-4.1.104.Final.jar:/home/wuqisen/.m2/repository/io/netty/netty-handler/4.1.104.Final/netty-handler-4.1.104.Final.jar:/home/wuqisen/.m2/repository/io/netty/netty-transport-native-unix-common/4.1.104.Final/netty-transport-native-unix-common-4.1.104.Final.jar:/home/wuqisen/.m2/repository/io/netty/netty-handler-proxy/4.1.104.Final/netty-handler-proxy-4.1.104.Final.jar:/home/wuqisen/.m2/repository/io/netty/netty-handler-ssl-ocsp/4.1.104.Final/netty-handler-ssl-ocsp-4.1.104.Final.jar:/home/wuqisen/.m2/repository/io/netty/netty-resolver/4.1.104.Final/netty-resolver-4.1.104.Final.jar:/home/wuqisen/.m2/repository/io/netty/netty-resolver-dns/4.1.104.Final/netty-resolver-dns-4.1.104.Final.jar:/home/wuqisen/.m2/repository/io/netty/netty-transport/4.1.104.Final/netty-transport-4.1.104.Final.jar:/home/wuqisen/.m2/repository/io/netty/netty-transport-rxtx/4.1.104.Final/netty-transport-rxtx-4.1.104.Final.jar:/home/wuqisen/.m2/repository/io/netty/netty-transport-sctp/4.1.104.Final/netty-transport-sctp-4.1.104.Final.jar:/home/wuqisen/.m2/repository/io/netty/netty-transport-udt/4.1.104.Final/netty-transport-udt-4.1.104.Final.jar:/home/wuqisen/.m2/repository/io/netty/netty-transport-classes-epoll/4.1.104.Final/netty-transport-classes-epoll-4.1.104.Final.jar:/home/wuqisen/.m2/repository/io/netty/netty-transport-classes-kqueue/4.1.104.Final/netty-transport-classes-kqueue-4.1.104.Final.jar:/home/wuqisen/.m2/repository/io/netty/netty-resolver-dns-classes-macos/4.1.104.Final/netty-resolver-dns-classes-macos-4.1.104.Final.jar:/home/wuqisen/.m2/repository/io/netty/netty-transport-native-epoll/4.1.104.Final/netty-transport-native-epoll-4.1.104.Final-linux-x86_64.jar:/home/wuqisen/.m2/repository/io/netty/netty-transport-native-epoll/4.1.104.Final/netty-transport-native-epoll-4.1.104.Final-linux-aarch_64.jar:/home/wuqisen/.m2/repository/io/netty/netty-transport-native-epoll/4.1.104.Final/netty-transport-native-epoll-4.1.104.Final-linux-riscv64.jar:/home/wuqisen/.m2/repository/io/netty/netty-transport-native-kqueue/4.1.104.Final/netty-transport-native-kqueue-4.1.104.Final-osx-x86_64.jar:/home/wuqisen/.m2/repository/io/netty/netty-transport-native-kqueue/4.1.104.Final/netty-transport-native-kqueue-4.1.104.Final-osx-aarch_64.jar:/home/wuqisen/.m2/repository/io/netty/netty-resolver-dns-native-macos/4.1.104.Final/netty-resolver-dns-native-macos-4.1.104.Final-osx-x86_64.jar:/home/wuqisen/.m2/repository/io/netty/netty-resolver-dns-native-macos/4.1.104.Final/netty-resolver-dns-native-macos-4.1.104.Final-osx-aarch_64.jar:/home/wuqisen/.m2/repository/org/junit/jupiter/junit-jupiter/5.10.1/junit-jupiter-5.10.1.jar:/home/wuqisen/.m2/repository/org/junit/jupiter/junit-jupiter-api/5.10.1/junit-jupiter-api-5.10.1.jar:/home/wuqisen/.m2/repository/org/opentest4j/opentest4j/1.3.0/opentest4j-1.3.0.jar:/home/wuqisen/.m2/repository/org/junit/platform/junit-platform-commons/1.10.1/junit-platform-commons-1.10.1.jar:/home/wuqisen/.m2/repository/org/apiguardian/apiguardian-api/1.1.2/apiguardian-api-1.1.2.jar:/home/wuqisen/.m2/repository/org/junit/jupiter/junit-jupiter-params/5.10.1/junit-jupiter-params-5.10.1.jar:/home/wuqisen/.m2/repository/org/junit/jupiter/junit-jupiter-engine/5.10.1/junit-jupiter-engine-5.10.1.jar:/home/wuqisen/.m2/repository/org/junit/platform/junit-platform-engine/1.10.1/junit-platform-engine-1.10.1.jar:/home/wuqisen/.m2/repository/org/mockito/mockito-core/5.7.0/mockito-core-5.7.0.jar:/home/wuqisen/.m2/repository/net/bytebuddy/byte-buddy/1.14.9/byte-buddy-1.14.9.jar:/home/wuqisen/.m2/repository/net/bytebuddy/byte-buddy-agent/1.14.9/byte-buddy-agent-1.14.9.jar:/home/wuqisen/.m2/repository/org/objenesis/objenesis/3.3/objenesis-3.3.jar:"/>
    <property name="sun.cpu.endian" value="little"/>
    <property name="user.home" value="/home/wuqisen"/>
    <property name="user.language" value="zh"/>
    <property name="java.specification.vendor" value="Oracle Corporation"/>
    <property name="java.version.date" value="2025-07-15"/>
    <property name="java.home" value="/usr/lib/jvm/java-17-openjdk-amd64"/>
    <property name="file.separator" value="/"/>
    <property name="style.color" value="always"/>
    <property name="basedir" value="/home/wuqisen/DevelopMaterial/ZephyrMQ/zephyr-broker"/>
    <property name="java.vm.compressedOopsMode" value="Zero based"/>
    <property name="line.separator" value="&#10;"/>
    <property name="java.specification.name" value="Java Platform API Specification"/>
    <property name="java.vm.specification.vendor" value="Oracle Corporation"/>
    <property name="surefire.real.class.path" value="/home/wuqisen/DevelopMaterial/ZephyrMQ/zephyr-broker/target/surefire/surefirebooter-20250926083856679_44.jar"/>
    <property name="sun.management.compiler" value="HotSpot 64-Bit Tiered Compilers"/>
    <property name="java.runtime.version" value="17.0.16+8-Ubuntu-0ubuntu124.04.1"/>
    <property name="user.name" value="wuqisen"/>
    <property name="path.separator" value=":"/>
    <property name="os.version" value="6.14.0-29-generic"/>
    <property name="java.runtime.name" value="OpenJDK Runtime Environment"/>
    <property name="file.encoding" value="UTF-8"/>
    <property name="java.vm.name" value="OpenJDK 64-Bit Server VM"/>
    <property name="maven.ext.class.path" value="/snap/intellij-idea-ultimate/658/plugins/maven/lib/maven-event-listener.jar"/>
    <property name="localRepository" value="/home/wuqisen/.m2/repository"/>
    <property name="java.vendor.url.bug" value="https://bugs.launchpad.net/ubuntu/+source/openjdk-17"/>
    <property name="java.io.tmpdir" value="/tmp"/>
    <property name="idea.version" value="2025.2.2"/>
    <property name="java.version" value="17.0.16"/>
    <property name="user.dir" value="/home/wuqisen/DevelopMaterial/ZephyrMQ/zephyr-broker"/>
    <property name="os.arch" value="amd64"/>
    <property name="jansi.passthrough" value="true"/>
    <property name="java.vm.specification.name" value="Java Virtual Machine Specification"/>
    <property name="native.encoding" value="UTF-8"/>
    <property name="java.library.path" value="/usr/java/packages/lib:/usr/lib/x86_64-linux-gnu/jni:/lib/x86_64-linux-gnu:/usr/lib/x86_64-linux-gnu:/usr/lib/jni:/lib:/usr/lib"/>
    <property name="java.vm.info" value="mixed mode, sharing"/>
    <property name="java.vendor" value="Ubuntu"/>
    <property name="java.vm.version" value="17.0.16+8-Ubuntu-0ubuntu124.04.1"/>
    <property name="java.specification.maintenance.version" value="1"/>
    <property name="sun.io.unicode.encoding" value="UnicodeLittle"/>
    <property name="maven.repo.local" value="/home/wuqisen/.m2/repository"/>
    <property name="java.class.version" value="61.0"/>
  </properties>
  <testcase name="testGetTopicRouteInfo" classname="com.zephyr.broker.topic.TopicServiceTest" time="0.146">
    <system-out><![CDATA[08:38:57.419 [main] INFO com.zephyr.broker.topic.TopicConfigManager - TopicConfigManager starting...
08:38:57.419 [main] INFO com.zephyr.broker.topic.TopicMetadataPersistence - Starting TopicMetadataPersistence...
08:38:57.419 [main] INFO com.zephyr.broker.topic.TopicMetadataPersistence - Created config directory: /tmp/junit15389173597290527363/config
08:38:57.420 [main] INFO com.zephyr.broker.topic.TopicMetadataPersistence - Auto flush enabled with interval: 10000ms
08:38:57.420 [main] INFO com.zephyr.broker.topic.TopicMetadataPersistence - TopicMetadataPersistence started successfully
08:38:57.420 [main] INFO com.zephyr.broker.topic.TopicMetadataPersistence - Topic config file does not exist, starting with empty configuration
08:38:57.421 [main] INFO com.zephyr.broker.topic.TopicConfigManager - Created new topic: DefaultTopic with 4 queues
08:38:57.422 [main] INFO com.zephyr.broker.topic.TopicConfigManager - Created new topic: TestTopic with 4 queues
08:38:57.422 [main] INFO com.zephyr.broker.topic.TopicConfigManager - Loaded 2 topic configs
08:38:57.422 [main] INFO com.zephyr.broker.topic.TopicConfigManager - TopicConfigManager started successfully
08:38:57.422 [main] INFO com.zephyr.broker.topic.TopicMetadataPersistence - Topic config file does not exist, starting with empty configuration
08:38:57.466 [main] DEBUG com.zephyr.broker.topic.TopicMetadataPersistence - Saved 1 topic configurations to disk
08:38:57.466 [main] INFO com.zephyr.broker.topic.TopicConfigManager - Updated topic config: routeTestTopic
08:38:57.466 [main] INFO com.zephyr.broker.topic.TopicService - Topic created successfully: routeTestTopic
]]></system-out>
  </testcase>
  <testcase name="testDeleteTopic" classname="com.zephyr.broker.topic.TopicServiceTest" time="0.041">
    <system-out><![CDATA[08:38:57.473 [main] INFO com.zephyr.broker.topic.TopicConfigManager - TopicConfigManager starting...
08:38:57.473 [main] INFO com.zephyr.broker.topic.TopicMetadataPersistence - Starting TopicMetadataPersistence...
08:38:57.473 [main] INFO com.zephyr.broker.topic.TopicMetadataPersistence - Created config directory: /tmp/junit8997519335136443491/config
08:38:57.474 [main] INFO com.zephyr.broker.topic.TopicMetadataPersistence - Auto flush enabled with interval: 10000ms
08:38:57.474 [main] INFO com.zephyr.broker.topic.TopicMetadataPersistence - TopicMetadataPersistence started successfully
08:38:57.474 [main] INFO com.zephyr.broker.topic.TopicMetadataPersistence - Topic config file does not exist, starting with empty configuration
08:38:57.474 [main] INFO com.zephyr.broker.topic.TopicConfigManager - Created new topic: DefaultTopic with 4 queues
08:38:57.474 [main] INFO com.zephyr.broker.topic.TopicConfigManager - Created new topic: TestTopic with 4 queues
08:38:57.474 [main] INFO com.zephyr.broker.topic.TopicConfigManager - Loaded 2 topic configs
08:38:57.474 [main] INFO com.zephyr.broker.topic.TopicConfigManager - TopicConfigManager started successfully
08:38:57.475 [main] INFO com.zephyr.broker.topic.TopicMetadataPersistence - Topic config file does not exist, starting with empty configuration
08:38:57.479 [main] DEBUG com.zephyr.broker.topic.TopicMetadataPersistence - Saved 1 topic configurations to disk
08:38:57.480 [main] INFO com.zephyr.broker.topic.TopicConfigManager - Updated topic config: deleteTestTopic
08:38:57.480 [main] INFO com.zephyr.broker.topic.TopicService - Topic created successfully: deleteTestTopic
08:38:57.510 [main] INFO com.zephyr.broker.topic.TopicMetadataPersistence - Loaded 1 topic configurations from disk
08:38:57.511 [main] DEBUG com.zephyr.broker.topic.TopicMetadataPersistence - No topic configs to save
08:38:57.511 [main] INFO com.zephyr.broker.topic.TopicMetadataPersistence - Deleted topic config from disk: deleteTestTopic
08:38:57.511 [main] INFO com.zephyr.broker.topic.TopicConfigManager - Deleted topic config: deleteTestTopic
08:38:57.511 [main] INFO com.zephyr.broker.topic.TopicService - Topic deleted successfully: deleteTestTopic
]]></system-out>
  </testcase>
  <testcase name="testCreateTopicWithInvalidName" classname="com.zephyr.broker.topic.TopicServiceTest" time="0.002">
    <system-out><![CDATA[08:38:57.515 [main] INFO com.zephyr.broker.topic.TopicConfigManager - TopicConfigManager starting...
08:38:57.515 [main] INFO com.zephyr.broker.topic.TopicMetadataPersistence - Starting TopicMetadataPersistence...
08:38:57.515 [main] INFO com.zephyr.broker.topic.TopicMetadataPersistence - Created config directory: /tmp/junit13118603999817543611/config
08:38:57.515 [main] INFO com.zephyr.broker.topic.TopicMetadataPersistence - Auto flush enabled with interval: 10000ms
08:38:57.515 [main] INFO com.zephyr.broker.topic.TopicMetadataPersistence - TopicMetadataPersistence started successfully
08:38:57.515 [main] INFO com.zephyr.broker.topic.TopicMetadataPersistence - Topic config file does not exist, starting with empty configuration
08:38:57.515 [main] INFO com.zephyr.broker.topic.TopicConfigManager - Created new topic: DefaultTopic with 4 queues
08:38:57.515 [main] INFO com.zephyr.broker.topic.TopicConfigManager - Created new topic: TestTopic with 4 queues
08:38:57.515 [main] INFO com.zephyr.broker.topic.TopicConfigManager - Loaded 2 topic configs
08:38:57.515 [main] INFO com.zephyr.broker.topic.TopicConfigManager - TopicConfigManager started successfully
]]></system-out>
  </testcase>
  <testcase name="testUpdateTopic" classname="com.zephyr.broker.topic.TopicServiceTest" time="0.011">
    <system-out><![CDATA[08:38:57.517 [main] INFO com.zephyr.broker.topic.TopicConfigManager - TopicConfigManager starting...
08:38:57.517 [main] INFO com.zephyr.broker.topic.TopicMetadataPersistence - Starting TopicMetadataPersistence...
08:38:57.517 [main] INFO com.zephyr.broker.topic.TopicMetadataPersistence - Created config directory: /tmp/junit15897560896534800368/config
08:38:57.518 [main] INFO com.zephyr.broker.topic.TopicMetadataPersistence - Auto flush enabled with interval: 10000ms
08:38:57.518 [main] INFO com.zephyr.broker.topic.TopicMetadataPersistence - TopicMetadataPersistence started successfully
08:38:57.518 [main] INFO com.zephyr.broker.topic.TopicMetadataPersistence - Topic config file does not exist, starting with empty configuration
08:38:57.518 [main] INFO com.zephyr.broker.topic.TopicConfigManager - Created new topic: DefaultTopic with 4 queues
08:38:57.518 [main] INFO com.zephyr.broker.topic.TopicConfigManager - Created new topic: TestTopic with 4 queues
08:38:57.518 [main] INFO com.zephyr.broker.topic.TopicConfigManager - Loaded 2 topic configs
08:38:57.518 [main] INFO com.zephyr.broker.topic.TopicConfigManager - TopicConfigManager started successfully
08:38:57.518 [main] INFO com.zephyr.broker.topic.TopicMetadataPersistence - Topic config file does not exist, starting with empty configuration
08:38:57.521 [main] DEBUG com.zephyr.broker.topic.TopicMetadataPersistence - Saved 1 topic configurations to disk
08:38:57.521 [main] INFO com.zephyr.broker.topic.TopicConfigManager - Updated topic config: updateTestTopic
08:38:57.521 [main] INFO com.zephyr.broker.topic.TopicService - Topic created successfully: updateTestTopic
08:38:57.524 [main] INFO com.zephyr.broker.topic.TopicMetadataPersistence - Loaded 1 topic configurations from disk
08:38:57.527 [main] ERROR com.zephyr.broker.topic.TopicMetadataPersistence - Failed to save topic configurations to disk
java.nio.file.FileAlreadyExistsException: /tmp/junit15897560896534800368/config/topics.json
	at java.base/sun.nio.fs.UnixCopyFile.move(UnixCopyFile.java:449)
	at java.base/sun.nio.fs.UnixFileSystemProvider.move(UnixFileSystemProvider.java:266)
	at java.base/java.nio.file.Files.move(Files.java:1432)
	at com.zephyr.broker.topic.TopicMetadataPersistence.saveTopicConfigs(TopicMetadataPersistence.java:175)
	at com.zephyr.broker.topic.TopicMetadataPersistence.saveTopicConfig(TopicMetadataPersistence.java:225)
	at com.zephyr.broker.topic.TopicConfigManager.updateTopicConfig(TopicConfigManager.java:56)
	at com.zephyr.broker.topic.TopicService.updateTopic(TopicService.java:185)
	at com.zephyr.broker.topic.TopicServiceTest.testUpdateTopic(TopicServiceTest.java:137)
	at java.base/jdk.internal.reflect.NativeMethodAccessorImpl.invoke0(Native Method)
	at java.base/jdk.internal.reflect.NativeMethodAccessorImpl.invoke(NativeMethodAccessorImpl.java:77)
	at java.base/jdk.internal.reflect.DelegatingMethodAccessorImpl.invoke(DelegatingMethodAccessorImpl.java:43)
	at java.base/java.lang.reflect.Method.invoke(Method.java:569)
	at org.junit.platform.commons.util.ReflectionUtils.invokeMethod(ReflectionUtils.java:728)
	at org.junit.jupiter.engine.execution.MethodInvocation.proceed(MethodInvocation.java:60)
	at org.junit.jupiter.engine.execution.InvocationInterceptorChain$ValidatingInvocation.proceed(InvocationInterceptorChain.java:131)
	at org.junit.jupiter.engine.extension.TimeoutExtension.intercept(TimeoutExtension.java:156)
	at org.junit.jupiter.engine.extension.TimeoutExtension.interceptTestableMethod(TimeoutExtension.java:147)
	at org.junit.jupiter.engine.extension.TimeoutExtension.interceptTestMethod(TimeoutExtension.java:86)
	at org.junit.jupiter.engine.execution.InterceptingExecutableInvoker$ReflectiveInterceptorCall.lambda$ofVoidMethod$0(InterceptingExecutableInvoker.java:103)
	at org.junit.jupiter.engine.execution.InterceptingExecutableInvoker.lambda$invoke$0(InterceptingExecutableInvoker.java:93)
	at org.junit.jupiter.engine.execution.InvocationInterceptorChain$InterceptedInvocation.proceed(InvocationInterceptorChain.java:106)
	at org.junit.jupiter.engine.execution.InvocationInterceptorChain.proceed(InvocationInterceptorChain.java:64)
	at org.junit.jupiter.engine.execution.InvocationInterceptorChain.chainAndInvoke(InvocationInterceptorChain.java:45)
	at org.junit.jupiter.engine.execution.InvocationInterceptorChain.invoke(InvocationInterceptorChain.java:37)
	at org.junit.jupiter.engine.execution.InterceptingExecutableInvoker.invoke(InterceptingExecutableInvoker.java:92)
	at org.junit.jupiter.engine.execution.InterceptingExecutableInvoker.invoke(InterceptingExecutableInvoker.java:86)
	at org.junit.jupiter.engine.descriptor.TestMethodTestDescriptor.lambda$invokeTestMethod$7(TestMethodTestDescriptor.java:218)
	at org.junit.platform.engine.support.hierarchical.ThrowableCollector.execute(ThrowableCollector.java:73)
	at org.junit.jupiter.engine.descriptor.TestMethodTestDescriptor.invokeTestMethod(TestMethodTestDescriptor.java:214)
	at org.junit.jupiter.engine.descriptor.TestMethodTestDescriptor.execute(TestMethodTestDescriptor.java:139)
	at org.junit.jupiter.engine.descriptor.TestMethodTestDescriptor.execute(TestMethodTestDescriptor.java:69)
	at org.junit.platform.engine.support.hierarchical.NodeTestTask.lambda$executeRecursively$6(NodeTestTask.java:151)
	at org.junit.platform.engine.support.hierarchical.ThrowableCollector.execute(ThrowableCollector.java:73)
	at org.junit.platform.engine.support.hierarchical.NodeTestTask.lambda$executeRecursively$8(NodeTestTask.java:141)
	at org.junit.platform.engine.support.hierarchical.Node.around(Node.java:137)
	at org.junit.platform.engine.support.hierarchical.NodeTestTask.lambda$executeRecursively$9(NodeTestTask.java:139)
	at org.junit.platform.engine.support.hierarchical.ThrowableCollector.execute(ThrowableCollector.java:73)
	at org.junit.platform.engine.support.hierarchical.NodeTestTask.executeRecursively(NodeTestTask.java:138)
	at org.junit.platform.engine.support.hierarchical.NodeTestTask.execute(NodeTestTask.java:95)
	at java.base/java.util.ArrayList.forEach(ArrayList.java:1511)
	at org.junit.platform.engine.support.hierarchical.SameThreadHierarchicalTestExecutorService.invokeAll(SameThreadHierarchicalTestExecutorService.java:41)
	at org.junit.platform.engine.support.hierarchical.NodeTestTask.lambda$executeRecursively$6(NodeTestTask.java:155)
	at org.junit.platform.engine.support.hierarchical.ThrowableCollector.execute(ThrowableCollector.java:73)
	at org.junit.platform.engine.support.hierarchical.NodeTestTask.lambda$executeRecursively$8(NodeTestTask.java:141)
	at org.junit.platform.engine.support.hierarchical.Node.around(Node.java:137)
	at org.junit.platform.engine.support.hierarchical.NodeTestTask.lambda$executeRecursively$9(NodeTestTask.java:139)
	at org.junit.platform.engine.support.hierarchical.ThrowableCollector.execute(ThrowableCollector.java:73)
	at org.junit.platform.engine.support.hierarchical.NodeTestTask.executeRecursively(NodeTestTask.java:138)
	at org.junit.platform.engine.support.hierarchical.NodeTestTask.execute(NodeTestTask.java:95)
	at java.base/java.util.ArrayList.forEach(ArrayList.java:1511)
	at org.junit.platform.engine.support.hierarchical.SameThreadHierarchicalTestExecutorService.invokeAll(SameThreadHierarchicalTestExecutorService.java:41)
	at org.junit.platform.engine.support.hierarchical.NodeTestTask.lambda$executeRecursively$6(NodeTestTask.java:155)
	at org.junit.platform.engine.support.hierarchical.ThrowableCollector.execute(ThrowableCollector.java:73)
	at org.junit.platform.engine.support.hierarchical.NodeTestTask.lambda$executeRecursively$8(NodeTestTask.java:141)
	at org.junit.platform.engine.support.hierarchical.Node.around(Node.java:137)
	at org.junit.platform.engine.support.hierarchical.NodeTestTask.lambda$executeRecursively$9(NodeTestTask.java:139)
	at org.junit.platform.engine.support.hierarchical.ThrowableCollector.execute(ThrowableCollector.java:73)
	at org.junit.platform.engine.support.hierarchical.NodeTestTask.executeRecursively(NodeTestTask.java:138)
	at org.junit.platform.engine.support.hierarchical.NodeTestTask.execute(NodeTestTask.java:95)
	at org.junit.platform.engine.support.hierarchical.SameThreadHierarchicalTestExecutorService.submit(SameThreadHierarchicalTestExecutorService.java:35)
	at org.junit.platform.engine.support.hierarchical.HierarchicalTestExecutor.execute(HierarchicalTestExecutor.java:57)
	at org.junit.platform.engine.support.hierarchical.HierarchicalTestEngine.execute(HierarchicalTestEngine.java:54)
	at org.junit.platform.launcher.core.EngineExecutionOrchestrator.execute(EngineExecutionOrchestrator.java:198)
	at org.junit.platform.launcher.core.EngineExecutionOrchestrator.execute(EngineExecutionOrchestrator.java:169)
	at org.junit.platform.launcher.core.EngineExecutionOrchestrator.execute(EngineExecutionOrchestrator.java:93)
	at org.junit.platform.launcher.core.EngineExecutionOrchestrator.lambda$execute$0(EngineExecutionOrchestrator.java:58)
	at org.junit.platform.launcher.core.EngineExecutionOrchestrator.withInterceptedStreams(EngineExecutionOrchestrator.java:141)
	at org.junit.platform.launcher.core.EngineExecutionOrchestrator.execute(EngineExecutionOrchestrator.java:57)
	at org.junit.platform.launcher.core.DefaultLauncher.execute(DefaultLauncher.java:103)
	at org.junit.platform.launcher.core.DefaultLauncher.execute(DefaultLauncher.java:85)
	at org.junit.platform.launcher.core.DelegatingLauncher.execute(DelegatingLauncher.java:47)
	at org.apache.maven.surefire.junitplatform.LazyLauncher.execute(LazyLauncher.java:56)
	at org.apache.maven.surefire.junitplatform.JUnitPlatformProvider.execute(JUnitPlatformProvider.java:184)
	at org.apache.maven.surefire.junitplatform.JUnitPlatformProvider.invokeAllTests(JUnitPlatformProvider.java:148)
	at org.apache.maven.surefire.junitplatform.JUnitPlatformProvider.invoke(JUnitPlatformProvider.java:122)
	at org.apache.maven.surefire.booter.ForkedBooter.runSuitesInProcess(ForkedBooter.java:385)
	at org.apache.maven.surefire.booter.ForkedBooter.execute(ForkedBooter.java:162)
	at org.apache.maven.surefire.booter.ForkedBooter.run(ForkedBooter.java:507)
	at org.apache.maven.surefire.booter.ForkedBooter.main(ForkedBooter.java:495)
08:38:57.527 [main] INFO com.zephyr.broker.topic.TopicConfigManager - Updated topic config: updateTestTopic
08:38:57.527 [main] INFO com.zephyr.broker.topic.TopicService - Topic updated successfully: updateTestTopic
]]></system-out>
  </testcase>
  <testcase name="testCreateTopic" classname="com.zephyr.broker.topic.TopicServiceTest" time="0.005">
    <system-out><![CDATA[08:38:57.530 [main] INFO com.zephyr.broker.topic.TopicConfigManager - TopicConfigManager starting...
08:38:57.530 [main] INFO com.zephyr.broker.topic.TopicMetadataPersistence - Starting TopicMetadataPersistence...
08:38:57.530 [main] INFO com.zephyr.broker.topic.TopicMetadataPersistence - Created config directory: /tmp/junit7777031274795270994/config
08:38:57.531 [main] INFO com.zephyr.broker.topic.TopicMetadataPersistence - Auto flush enabled with interval: 10000ms
08:38:57.531 [main] INFO com.zephyr.broker.topic.TopicMetadataPersistence - TopicMetadataPersistence started successfully
08:38:57.531 [main] INFO com.zephyr.broker.topic.TopicMetadataPersistence - Topic config file does not exist, starting with empty configuration
08:38:57.531 [main] INFO com.zephyr.broker.topic.TopicConfigManager - Created new topic: DefaultTopic with 4 queues
08:38:57.531 [main] INFO com.zephyr.broker.topic.TopicConfigManager - Created new topic: TestTopic with 4 queues
08:38:57.531 [main] INFO com.zephyr.broker.topic.TopicConfigManager - Loaded 2 topic configs
08:38:57.531 [main] INFO com.zephyr.broker.topic.TopicConfigManager - TopicConfigManager started successfully
08:38:57.531 [main] INFO com.zephyr.broker.topic.TopicMetadataPersistence - Topic config file does not exist, starting with empty configuration
08:38:57.533 [main] DEBUG com.zephyr.broker.topic.TopicMetadataPersistence - Saved 1 topic configurations to disk
08:38:57.533 [main] INFO com.zephyr.broker.topic.TopicConfigManager - Updated topic config: testTopic
08:38:57.533 [main] INFO com.zephyr.broker.topic.TopicService - Topic created successfully: testTopic
]]></system-out>
  </testcase>
  <testcase name="testQueryTopic" classname="com.zephyr.broker.topic.TopicServiceTest" time="0.004">
    <system-out><![CDATA[08:38:57.535 [main] INFO com.zephyr.broker.topic.TopicConfigManager - TopicConfigManager starting...
08:38:57.535 [main] INFO com.zephyr.broker.topic.TopicMetadataPersistence - Starting TopicMetadataPersistence...
08:38:57.535 [main] INFO com.zephyr.broker.topic.TopicMetadataPersistence - Created config directory: /tmp/junit12907792534538923235/config
08:38:57.536 [main] INFO com.zephyr.broker.topic.TopicMetadataPersistence - Auto flush enabled with interval: 10000ms
08:38:57.536 [main] INFO com.zephyr.broker.topic.TopicMetadataPersistence - TopicMetadataPersistence started successfully
08:38:57.536 [main] INFO com.zephyr.broker.topic.TopicMetadataPersistence - Topic config file does not exist, starting with empty configuration
08:38:57.536 [main] INFO com.zephyr.broker.topic.TopicConfigManager - Created new topic: DefaultTopic with 4 queues
08:38:57.536 [main] INFO com.zephyr.broker.topic.TopicConfigManager - Created new topic: TestTopic with 4 queues
08:38:57.536 [main] INFO com.zephyr.broker.topic.TopicConfigManager - Loaded 2 topic configs
08:38:57.536 [main] INFO com.zephyr.broker.topic.TopicConfigManager - TopicConfigManager started successfully
08:38:57.536 [main] INFO com.zephyr.broker.topic.TopicMetadataPersistence - Topic config file does not exist, starting with empty configuration
08:38:57.538 [main] DEBUG com.zephyr.broker.topic.TopicMetadataPersistence - Saved 1 topic configurations to disk
08:38:57.538 [main] INFO com.zephyr.broker.topic.TopicConfigManager - Updated topic config: queryTestTopic
08:38:57.538 [main] INFO com.zephyr.broker.topic.TopicService - Topic created successfully: queryTestTopic
]]></system-out>
  </testcase>
  <testcase name="testListTopics" classname="com.zephyr.broker.topic.TopicServiceTest" time="0.009">
    <system-out><![CDATA[08:38:57.540 [main] INFO com.zephyr.broker.topic.TopicConfigManager - TopicConfigManager starting...
08:38:57.540 [main] INFO com.zephyr.broker.topic.TopicMetadataPersistence - Starting TopicMetadataPersistence...
08:38:57.540 [main] INFO com.zephyr.broker.topic.TopicMetadataPersistence - Created config directory: /tmp/junit836171729446567446/config
08:38:57.540 [main] INFO com.zephyr.broker.topic.TopicMetadataPersistence - Auto flush enabled with interval: 10000ms
08:38:57.540 [main] INFO com.zephyr.broker.topic.TopicMetadataPersistence - TopicMetadataPersistence started successfully
08:38:57.540 [main] INFO com.zephyr.broker.topic.TopicMetadataPersistence - Topic config file does not exist, starting with empty configuration
08:38:57.540 [main] INFO com.zephyr.broker.topic.TopicConfigManager - Created new topic: DefaultTopic with 4 queues
08:38:57.540 [main] INFO com.zephyr.broker.topic.TopicConfigManager - Created new topic: TestTopic with 4 queues
08:38:57.540 [main] INFO com.zephyr.broker.topic.TopicConfigManager - Loaded 2 topic configs
08:38:57.540 [main] INFO com.zephyr.broker.topic.TopicConfigManager - TopicConfigManager started successfully
08:38:57.541 [main] INFO com.zephyr.broker.topic.TopicMetadataPersistence - Topic config file does not exist, starting with empty configuration
08:38:57.543 [main] DEBUG com.zephyr.broker.topic.TopicMetadataPersistence - Saved 1 topic configurations to disk
08:38:57.543 [main] INFO com.zephyr.broker.topic.TopicConfigManager - Updated topic config: listTest1
08:38:57.543 [main] INFO com.zephyr.broker.topic.TopicService - Topic created successfully: listTest1
08:38:57.545 [main] INFO com.zephyr.broker.topic.TopicMetadataPersistence - Loaded 1 topic configurations from disk
08:38:57.546 [main] ERROR com.zephyr.broker.topic.TopicMetadataPersistence - Failed to save topic configurations to disk
java.nio.file.FileAlreadyExistsException: /tmp/junit836171729446567446/config/topics.json
	at java.base/sun.nio.fs.UnixCopyFile.move(UnixCopyFile.java:449)
	at java.base/sun.nio.fs.UnixFileSystemProvider.move(UnixFileSystemProvider.java:266)
	at java.base/java.nio.file.Files.move(Files.java:1432)
	at com.zephyr.broker.topic.TopicMetadataPersistence.saveTopicConfigs(TopicMetadataPersistence.java:175)
	at com.zephyr.broker.topic.TopicMetadataPersistence.saveTopicConfig(TopicMetadataPersistence.java:225)
	at com.zephyr.broker.topic.TopicConfigManager.updateTopicConfig(TopicConfigManager.java:56)
	at com.zephyr.broker.topic.TopicService.createTopic(TopicService.java:67)
	at com.zephyr.broker.topic.TopicServiceTest.testListTopics(TopicServiceTest.java:166)
	at java.base/jdk.internal.reflect.NativeMethodAccessorImpl.invoke0(Native Method)
	at java.base/jdk.internal.reflect.NativeMethodAccessorImpl.invoke(NativeMethodAccessorImpl.java:77)
	at java.base/jdk.internal.reflect.DelegatingMethodAccessorImpl.invoke(DelegatingMethodAccessorImpl.java:43)
	at java.base/java.lang.reflect.Method.invoke(Method.java:569)
	at org.junit.platform.commons.util.ReflectionUtils.invokeMethod(ReflectionUtils.java:728)
	at org.junit.jupiter.engine.execution.MethodInvocation.proceed(MethodInvocation.java:60)
	at org.junit.jupiter.engine.execution.InvocationInterceptorChain$ValidatingInvocation.proceed(InvocationInterceptorChain.java:131)
	at org.junit.jupiter.engine.extension.TimeoutExtension.intercept(TimeoutExtension.java:156)
	at org.junit.jupiter.engine.extension.TimeoutExtension.interceptTestableMethod(TimeoutExtension.java:147)
	at org.junit.jupiter.engine.extension.TimeoutExtension.interceptTestMethod(TimeoutExtension.java:86)
	at org.junit.jupiter.engine.execution.InterceptingExecutableInvoker$ReflectiveInterceptorCall.lambda$ofVoidMethod$0(InterceptingExecutableInvoker.java:103)
	at org.junit.jupiter.engine.execution.InterceptingExecutableInvoker.lambda$invoke$0(InterceptingExecutableInvoker.java:93)
	at org.junit.jupiter.engine.execution.InvocationInterceptorChain$InterceptedInvocation.proceed(InvocationInterceptorChain.java:106)
	at org.junit.jupiter.engine.execution.InvocationInterceptorChain.proceed(InvocationInterceptorChain.java:64)
	at org.junit.jupiter.engine.execution.InvocationInterceptorChain.chainAndInvoke(InvocationInterceptorChain.java:45)
	at org.junit.jupiter.engine.execution.InvocationInterceptorChain.invoke(InvocationInterceptorChain.java:37)
	at org.junit.jupiter.engine.execution.InterceptingExecutableInvoker.invoke(InterceptingExecutableInvoker.java:92)
	at org.junit.jupiter.engine.execution.InterceptingExecutableInvoker.invoke(InterceptingExecutableInvoker.java:86)
	at org.junit.jupiter.engine.descriptor.TestMethodTestDescriptor.lambda$invokeTestMethod$7(TestMethodTestDescriptor.java:218)
	at org.junit.platform.engine.support.hierarchical.ThrowableCollector.execute(ThrowableCollector.java:73)
	at org.junit.jupiter.engine.descriptor.TestMethodTestDescriptor.invokeTestMethod(TestMethodTestDescriptor.java:214)
	at org.junit.jupiter.engine.descriptor.TestMethodTestDescriptor.execute(TestMethodTestDescriptor.java:139)
	at org.junit.jupiter.engine.descriptor.TestMethodTestDescriptor.execute(TestMethodTestDescriptor.java:69)
	at org.junit.platform.engine.support.hierarchical.NodeTestTask.lambda$executeRecursively$6(NodeTestTask.java:151)
	at org.junit.platform.engine.support.hierarchical.ThrowableCollector.execute(ThrowableCollector.java:73)
	at org.junit.platform.engine.support.hierarchical.NodeTestTask.lambda$executeRecursively$8(NodeTestTask.java:141)
	at org.junit.platform.engine.support.hierarchical.Node.around(Node.java:137)
	at org.junit.platform.engine.support.hierarchical.NodeTestTask.lambda$executeRecursively$9(NodeTestTask.java:139)
	at org.junit.platform.engine.support.hierarchical.ThrowableCollector.execute(ThrowableCollector.java:73)
	at org.junit.platform.engine.support.hierarchical.NodeTestTask.executeRecursively(NodeTestTask.java:138)
	at org.junit.platform.engine.support.hierarchical.NodeTestTask.execute(NodeTestTask.java:95)
	at java.base/java.util.ArrayList.forEach(ArrayList.java:1511)
	at org.junit.platform.engine.support.hierarchical.SameThreadHierarchicalTestExecutorService.invokeAll(SameThreadHierarchicalTestExecutorService.java:41)
	at org.junit.platform.engine.support.hierarchical.NodeTestTask.lambda$executeRecursively$6(NodeTestTask.java:155)
	at org.junit.platform.engine.support.hierarchical.ThrowableCollector.execute(ThrowableCollector.java:73)
	at org.junit.platform.engine.support.hierarchical.NodeTestTask.lambda$executeRecursively$8(NodeTestTask.java:141)
	at org.junit.platform.engine.support.hierarchical.Node.around(Node.java:137)
	at org.junit.platform.engine.support.hierarchical.NodeTestTask.lambda$executeRecursively$9(NodeTestTask.java:139)
	at org.junit.platform.engine.support.hierarchical.ThrowableCollector.execute(ThrowableCollector.java:73)
	at org.junit.platform.engine.support.hierarchical.NodeTestTask.executeRecursively(NodeTestTask.java:138)
	at org.junit.platform.engine.support.hierarchical.NodeTestTask.execute(NodeTestTask.java:95)
	at java.base/java.util.ArrayList.forEach(ArrayList.java:1511)
	at org.junit.platform.engine.support.hierarchical.SameThreadHierarchicalTestExecutorService.invokeAll(SameThreadHierarchicalTestExecutorService.java:41)
	at org.junit.platform.engine.support.hierarchical.NodeTestTask.lambda$executeRecursively$6(NodeTestTask.java:155)
	at org.junit.platform.engine.support.hierarchical.ThrowableCollector.execute(ThrowableCollector.java:73)
	at org.junit.platform.engine.support.hierarchical.NodeTestTask.lambda$executeRecursively$8(NodeTestTask.java:141)
	at org.junit.platform.engine.support.hierarchical.Node.around(Node.java:137)
	at org.junit.platform.engine.support.hierarchical.NodeTestTask.lambda$executeRecursively$9(NodeTestTask.java:139)
	at org.junit.platform.engine.support.hierarchical.ThrowableCollector.execute(ThrowableCollector.java:73)
	at org.junit.platform.engine.support.hierarchical.NodeTestTask.executeRecursively(NodeTestTask.java:138)
	at org.junit.platform.engine.support.hierarchical.NodeTestTask.execute(NodeTestTask.java:95)
	at org.junit.platform.engine.support.hierarchical.SameThreadHierarchicalTestExecutorService.submit(SameThreadHierarchicalTestExecutorService.java:35)
	at org.junit.platform.engine.support.hierarchical.HierarchicalTestExecutor.execute(HierarchicalTestExecutor.java:57)
	at org.junit.platform.engine.support.hierarchical.HierarchicalTestEngine.execute(HierarchicalTestEngine.java:54)
	at org.junit.platform.launcher.core.EngineExecutionOrchestrator.execute(EngineExecutionOrchestrator.java:198)
	at org.junit.platform.launcher.core.EngineExecutionOrchestrator.execute(EngineExecutionOrchestrator.java:169)
	at org.junit.platform.launcher.core.EngineExecutionOrchestrator.execute(EngineExecutionOrchestrator.java:93)
	at org.junit.platform.launcher.core.EngineExecutionOrchestrator.lambda$execute$0(EngineExecutionOrchestrator.java:58)
	at org.junit.platform.launcher.core.EngineExecutionOrchestrator.withInterceptedStreams(EngineExecutionOrchestrator.java:141)
	at org.junit.platform.launcher.core.EngineExecutionOrchestrator.execute(EngineExecutionOrchestrator.java:57)
	at org.junit.platform.launcher.core.DefaultLauncher.execute(DefaultLauncher.java:103)
	at org.junit.platform.launcher.core.DefaultLauncher.execute(DefaultLauncher.java:85)
	at org.junit.platform.launcher.core.DelegatingLauncher.execute(DelegatingLauncher.java:47)
	at org.apache.maven.surefire.junitplatform.LazyLauncher.execute(LazyLauncher.java:56)
	at org.apache.maven.surefire.junitplatform.JUnitPlatformProvider.execute(JUnitPlatformProvider.java:184)
	at org.apache.maven.surefire.junitplatform.JUnitPlatformProvider.invokeAllTests(JUnitPlatformProvider.java:148)
	at org.apache.maven.surefire.junitplatform.JUnitPlatformProvider.invoke(JUnitPlatformProvider.java:122)
	at org.apache.maven.surefire.booter.ForkedBooter.runSuitesInProcess(ForkedBooter.java:385)
	at org.apache.maven.surefire.booter.ForkedBooter.execute(ForkedBooter.java:162)
	at org.apache.maven.surefire.booter.ForkedBooter.run(ForkedBooter.java:507)
	at org.apache.maven.surefire.booter.ForkedBooter.main(ForkedBooter.java:495)
08:38:57.547 [main] INFO com.zephyr.broker.topic.TopicConfigManager - Updated topic config: listTest2
08:38:57.547 [main] INFO com.zephyr.broker.topic.TopicService - Topic created successfully: listTest2
]]></system-out>
  </testcase>
</testsuite>